IDL Version 7.1 (linux x86_64 m64). (c) 2009, ITT Visual Information Solutions
Installation number: .
Licensed for use by: IA-BAS

% Compiled module: WRAPPER.
% Compiled module: EXP_CONTRL_V2.
Minimization of cost_function_cs

Polak-Ribiere method
cp phi2.pro phi.pro
cp gradphi2.pro gradphi.pro

% Compiled module: MAKE_GRID.
Created  Ln-Uniform Grid NTe x NNe = :      50    x      50

% Compiled module: XREAD.
% Compiled module: SET_TOMROOT.
% Compiled module: LOAD_TABLES.
% Compiled module: LOAD_G_TABLE.
% Compiled module: MAKE_SK_OVER_FIP_FACTOR.
% Compiled module: S_FUNCTION.
% Compiled module: G_FUNCTION.
% Compiled module: FINDVAL3D_FUNCTION.
% Compiled module: FINDVAL2D_FUNCTION.
% Compiled module: INTERPOL.
% Compiled module: LOAD_UNITS.
% Compiled module: CHANGE_UNITS_GRID.
% Compiled module: MAKE_GUESS_INI_WITH_DEMT.
calculating initial guess...
% Compiled module: COST_FUNCTION_CS.
% Compiled module: E_FUNCTION_CS.
% Compiled module: P_FUNCTION_CS.
% Compiled module: ARRAY_INDICES.
Elapsed time:     0.015205860
Minimization...
% Compiled module: MINIMIZADOR.
% Compiled module: PR_MIN.
% Compiled module: FRPRMN.
% Compiled module: PHI.
% Compiled module: GRADPHI.
% Compiled module: GRAD_E_FUNCTION_CS.
% Compiled module: GRAD_P_FUNCTION_CS.
% Compiled module: LINMIN.
% Compiled module: MNBRAK.
% Compiled module: F1DIM.
% Compiled module: DBRENT.
% Compiled module: DF1DIM.
FRPRMN maximum iterations exceeded
Elapsed time:       26.709721
% Compiled module: SYNTH_Y_VALUES_CS.
% Compiled module: MEAN.
% Compiled module: MOMENT.
Score R:     0.021194088
R_k    :   0.00055724826     0.023859618     0.056848245    0.0040648784
     0.013176507     0.028658032

in:      0.61315012      0.25000000       1.4769326      0.14769327
     0.061315015      0.25000000
(out-in)/in:      0.26547296     -0.73967534      0.13690422      0.49171557
       14.307594      -2.5889174
calculating initial guess...
Elapsed time:     0.014921188
Minimization...
FRPRMN maximum iterations exceeded
Elapsed time:       26.884894
Score R:   1.1154491e-07
R_k    :   6.4674867e-09   8.0292972e-08   3.0619305e-07   2.3172855e-08
   8.3104697e-08   1.7003841e-07

in:      0.61315012      0.25000000       1.4769326      0.14769327
      0.15328753      0.25000000
(out-in)/in:     -0.15091887      0.25252618    -0.057074692       1.2115997
     0.062672140       2.8369908
calculating initial guess...
Elapsed time:     0.014999151
Minimization...
Elapsed time:       5.7754350
Score R:     0.023152121
R_k    :   0.00030877463    0.0083523601     0.029619014    0.0077723574
     0.036953800     0.055906420

in:      0.61315012      0.25000000       1.4769326      0.14769327
      0.30657506      0.25000000
(out-in)/in:     -0.36933174       1.1204144    -0.027718858     -0.83208194
      0.25236552     -0.51557961
calculating initial guess...
Elapsed time:     0.014842033
Minimization...
Elapsed time:       6.1099200
Score R:     0.039724883
R_k    :   0.00050080459     0.030908092     0.096293574     0.013552842
    0.0092456983     0.087848290

in:      0.61315012      0.25000000       1.4769326      0.36923316
     0.061315015      0.25000000
(out-in)/in:     -0.23058787      0.68275693    -0.062279597     -0.45009498
     -0.58294687     -0.91498705
calculating initial guess...
Elapsed time:     0.015126944
Minimization...
Elapsed time:       16.912655
Score R:     0.013604567
R_k    :    0.0025046511     0.014702502     0.035163118   0.00048373408
     0.015194421     0.013578976

in:      0.61315012      0.25000000       1.4769326      0.36923316
      0.15328753      0.25000000
(out-in)/in:      0.12891848     -0.49010734     -0.23331611      0.18627578
       3.7695672       2.9731216
calculating initial guess...
Elapsed time:     0.014833927
Minimization...
Elapsed time:       2.9469059
Score R:     0.055217833
R_k    :    0.0013286798     0.054403682      0.15625640    0.0098610655
     0.038768671     0.070688497

in:      0.61315012      0.25000000       1.4769326      0.36923316
      0.30657506      0.25000000
(out-in)/in:     -0.33898354       1.3463524     -0.14687662     -0.17308690
     -0.52928351       2.9883802
calculating initial guess...
Elapsed time:     0.014842987
Minimization...
Elapsed time:       21.774941
Score R:     0.076997329
R_k    :     0.072502974     0.015279050      0.16060709     0.041665728
     0.049292379      0.12263676

in:      0.61315012      0.25000000       1.4769326      0.73846631
     0.061315015      0.25000000
(out-in)/in:     -0.19258374       5.3459149    -0.021952035     -0.41640203
     -0.76693660     -0.27187041
calculating initial guess...
Elapsed time:     0.014805079
Minimization...
Elapsed time:       6.8330119
Score R:    0.0038045881
R_k    :   0.00010120785    0.0027887170    0.0092928465    0.0019993112
    0.0059154480    0.0027299983

in:      0.61315012      0.25000000       1.4769326      0.73846631
      0.15328753      0.25000000
(out-in)/in:    -0.097427650      0.13402437      0.30635330      0.67193285
       2.2165774      -1.0026369
calculating initial guess...
Elapsed time:     0.014723063
Minimization...
Elapsed time:       14.098270
Score R:    0.0028933571
R_k    :    0.0027530040    0.0069098162    0.0040666442   0.00042850516
   0.00071391175    0.0024882616

in:      0.61315012      0.25000000       1.4769326      0.73846631
      0.30657506      0.25000000
(out-in)/in:     0.053815278      0.59366149      0.41640546      0.46063641
     -0.66577482       2.6471566
calculating initial guess...
Elapsed time:     0.014658928
Minimization...
Elapsed time:       1.0315230
Score R:     0.098869770
R_k    :     0.011424837      0.10896517      0.17882610     0.074042528
      0.11712815      0.10283184

in:      0.61315012      0.25000000       1.4769326      0.14769327
     0.061315015      0.50000000
(out-in)/in:      0.15615319       2.1013211    0.0043167142     -0.98203444
       9.0717134     -0.77370838
calculating initial guess...
Elapsed time:     0.014819145
Minimization...
Elapsed time:       6.2171681
Score R:    0.0016133265
R_k    :   3.1490597e-05    0.0015085841    0.0045098114   0.00032870745
    0.0011114593    0.0021899058

in:      0.61315012      0.25000000       1.4769326      0.14769327
      0.15328753      0.50000000
(out-in)/in:     -0.15292027     -0.38462487    -0.074812699      0.28623121
       3.3134141      0.93021487
calculating initial guess...
Elapsed time:     0.014801979
Minimization...
Elapsed time:       19.768831
Score R:      0.12808627
R_k    :     0.069341842     0.027477702      0.38049082     0.035214564
     0.069975764      0.18601695

in:      0.61315012      0.25000000       1.4769326      0.14769327
      0.30657506      0.50000000
(out-in)/in:    -0.051817149       1.1850724     0.050494344      0.22795902
     -0.93548351     -0.67716515
calculating initial guess...
Elapsed time:     0.014756918
Minimization...
FRPRMN maximum iterations exceeded
Elapsed time:       31.237841
Score R:      0.10443492
R_k    :     0.067700978      0.17216093      0.21539234     0.017923726
     0.032697435      0.12073409

in:      0.61315012      0.25000000       1.4769326      0.36923316
     0.061315015      0.50000000
(out-in)/in:      0.13449695       1.5536598    -0.066273803     -0.30484559
     -0.61877581      -1.2602666
calculating initial guess...
Elapsed time:     0.014786005
Minimization...
Elapsed time:       6.4389830
Score R:     0.043854644
R_k    :    0.0038976235     0.034522846      0.10675338     0.012507767
     0.018197410     0.087248839

in:      0.61315012      0.25000000       1.4769326      0.36923316
      0.15328753      0.50000000
(out-in)/in:     -0.13686387      0.35127385     0.044813244     -0.42113503
      0.23175766      -2.4813757
calculating initial guess...
Elapsed time:     0.014835119
Minimization...
Elapsed time:       5.5773752
Score R:     0.070932703
R_k    :    0.0017529066     0.051143492      0.24383032     0.014871229
     0.034317610     0.079680667

in:      0.61315012      0.25000000       1.4769326      0.36923316
      0.30657506      0.50000000
(out-in)/in:      0.45485309     -0.48245833    -0.068209032     -0.48494245
      0.31391071      0.97709407
calculating initial guess...
Elapsed time:     0.014853954
Minimization...
Elapsed time:       9.7466040
Score R:    0.0015575796
R_k    :   0.00018325940    0.0011908038    0.0040343776   0.00053471601
    0.0013656906    0.0020366301

in:      0.61315012      0.25000000       1.4769326      0.73846631
     0.061315015      0.50000000
(out-in)/in:     -0.14393358      0.19394727      0.12785397     -0.23810782
      0.73363134      -2.2756227
calculating initial guess...
Elapsed time:     0.014775991
Minimization...
Elapsed time:       17.065767
Score R:     0.084321168
R_k    :     0.022203890      0.10016133      0.20070199   5.5924408e-05
     0.021795003      0.16100887

in:      0.61315012      0.25000000       1.4769326      0.73846631
      0.15328753      0.50000000
(out-in)/in:     0.057014531      0.25676094      0.95772223       1.2134635
     -0.98908168     -0.66141632
calculating initial guess...
Elapsed time:     0.014854908
Minimization...
Elapsed time:       3.3719001
Score R:     0.024207420
R_k    :   0.00049959300     0.016724132     0.059744136    0.0097249573
     0.037988339     0.020563360

in:      0.61315012      0.25000000       1.4769326      0.73846631
      0.30657506      0.50000000
(out-in)/in:     -0.36929608       1.2051228      0.36675508      0.13321858
      0.18038667     -0.51360770
calculating initial guess...
Elapsed time:     0.014726162
Minimization...
Elapsed time:       28.442557
Score R:     0.041397972
R_k    :     0.035701821     0.044000489     0.056655464     0.011420854
     0.030743698     0.069865506

in:      0.61315012      0.25000000       1.4769326      0.14769327
     0.061315015      0.75000000
(out-in)/in:      0.12881033       1.2945782     0.052458707      0.63003001
     -0.63055676     -0.98948550
calculating initial guess...
Elapsed time:     0.015017986
Minimization...
Elapsed time:       3.8893409
Score R:     0.068617165
R_k    :    0.0049474713     0.039760359      0.21668435     0.016949764
     0.029413334      0.10394771

in:      0.61315012      0.25000000       1.4769326      0.14769327
      0.15328753      0.75000000
(out-in)/in:     -0.34005074       1.1921059    -0.023894743      0.18147294
     -0.66474677      0.27245476
calculating initial guess...
Elapsed time:     0.014791965
Minimization...
Elapsed time:       3.2434151
Score R:     0.031438597
R_k    :    0.0019898703     0.023103759     0.092475079    0.0065514817
     0.022191572     0.042319821

in:      0.61315012      0.25000000       1.4769326      0.14769327
      0.30657506      0.75000000
(out-in)/in:     0.067639469    -0.082268698    0.0033980103      0.39068691
     -0.35148569      0.27291950
calculating initial guess...
Elapsed time:     0.014845133
Minimization...
Elapsed time:       8.3354192
Score R:    0.0074583288
R_k    :   0.00086089715    0.0074357523     0.023915775    0.0047368510
    0.0038059599    0.0039947371

in:      0.61315012      0.25000000       1.4769326      0.36923316
     0.061315015      0.75000000
(out-in)/in:     -0.20155687      0.11472220     -0.22608252     0.054159970
       6.1941223      0.32772165
calculating initial guess...
Elapsed time:     0.014936924
Minimization...
Elapsed time:       4.0874529
Score R:    0.0070260451
R_k    :   0.00093665623    0.0080067609     0.018220312   0.00010432077
    0.0040983764     0.010789844

in:      0.61315012      0.25000000       1.4769326      0.36923316
      0.15328753      0.75000000
(out-in)/in:    -0.014270591     -0.36313151     -0.19294428     -0.24990833
       2.4142321      0.32490637
calculating initial guess...
Elapsed time:     0.014879942
Minimization...
Elapsed time:       19.974212
Score R:     0.086315605
R_k    :     0.026522780      0.20603067      0.19516234    0.0082478708
     0.028653668     0.053276302

in:      0.61315012      0.25000000       1.4769326      0.36923316
      0.30657506      0.75000000
(out-in)/in:      0.12489814       1.0604069     0.062342550     -0.58472420
     -0.93074003     -0.98630023
calculating initial guess...
Elapsed time:     0.014710903
Minimization...
Elapsed time:       30.362806
Score R:      0.16403425
R_k    :      0.17943909      0.20095827      0.16545793      0.10518599
      0.19687787      0.13628632

in:      0.61315012      0.25000000       1.4769326      0.73846631
     0.061315015      0.75000000
(out-in)/in:     -0.19996131       2.3119178    -0.027232191      0.51502098
     -0.71036183      -1.0811584
calculating initial guess...
Elapsed time:     0.014744043
Minimization...
Elapsed time:       3.3408959
Score R:     0.021737350
R_k    :   0.00022729360     0.013348377     0.059163568    0.0061929338
     0.019295793     0.032196134

in:      0.61315012      0.25000000       1.4769326      0.73846631
      0.15328753      0.75000000
(out-in)/in:     -0.29910415      0.79728622     -0.18474506     -0.17831543
     -0.16335994      0.32614521
calculating initial guess...
Elapsed time:     0.014838934
Minimization...
FRPRMN maximum iterations exceeded
Elapsed time:       31.750903
Score R:      0.10978238
R_k    :   0.00059480335     0.092681890      0.23120186     0.035935209
      0.22343499     0.074845536

in:      0.61315012      0.25000000       1.4769326      0.73846631
      0.30657506      0.75000000
(out-in)/in:     -0.33214694       33.852689       3.1653105       7.3088437
       3.1192010      0.10134804
calculating initial guess...
Elapsed time:     0.015212059
Minimization...
Elapsed time:       4.5731139
Score R:     0.061106567
R_k    :   0.00050505616     0.055845045      0.14753539     0.013607516
     0.026493543      0.12265285

in:      0.61315012      0.50000000       1.4769326      0.14769327
     0.061315015      0.25000000
(out-in)/in:      0.10658751     -0.37727561     0.079440042     -0.68468528
       6.4987246      -4.9548611
calculating initial guess...
Elapsed time:     0.014817953
Minimization...
FRPRMN maximum iterations exceeded
Elapsed time:       30.647994
Score R:   0.00019959670
R_k    :   0.00016962802   0.00030490897   0.00046767032   1.5580181e-05
   5.9781898e-05   0.00018001081

in:      0.61315012      0.50000000       1.4769326      0.14769327
      0.15328753      0.25000000
(out-in)/in:     0.032639934  -0.00024221966      0.17783042       2.5169476
     -0.53840866      -4.7987740
calculating initial guess...
Elapsed time:     0.014778852
Minimization...
Elapsed time:       18.361578
Score R:      0.14389555
R_k    :     0.056175053      0.23992123      0.28038104     0.027016423
     0.028587119      0.23129241

in:      0.61315012      0.50000000       1.4769326      0.14769327
      0.30657506      0.25000000
(out-in)/in:    -0.058201763      0.70795255    -0.036121735    0.0078331170
     -0.93016280      -1.0499249
calculating initial guess...
Elapsed time:     0.014744043
Minimization...
FRPRMN maximum iterations exceeded
Elapsed time:       32.065846
Score R:     0.065150688
R_k    :      0.10472992      0.14761749     0.062891333     0.010165041
     0.017719171     0.047781170

in:      0.61315012      0.50000000       1.4769326      0.36923316
     0.061315015      0.25000000
(out-in)/in:      0.13130075      0.77609462     0.027103226     -0.36125628
     -0.61085863      -1.2602526
calculating initial guess...
Elapsed time:     0.014789104
Minimization...
FRPRMN maximum iterations exceeded
Elapsed time:       32.130936
Score R:      0.13898524
R_k    :     0.099632998      0.28814951      0.25973175     0.023829584
     0.057810431      0.10475718

in:      0.61315012      0.50000000       1.4769326      0.36923316
      0.15328753      0.25000000
(out-in)/in:      0.13893309       5.2299470     -0.25709295      0.47224074
     -0.86867348      -2.4266990
calculating initial guess...
Elapsed time:     0.014832973
Minimization...
Elapsed time:       1.9540210
Score R:     0.048600237
R_k    :    0.0083577774     0.035678505      0.14229629    0.0078529494
     0.038817169     0.058598734

in:      0.61315012      0.50000000       1.4769326      0.36923316
      0.30657506      0.25000000
(out-in)/in:    -0.099931226      0.33235349     -0.20909127      0.34976757
    -0.031337445       2.9695757
calculating initial guess...
Elapsed time:     0.014911890
Minimization...
Elapsed time:       5.4545999
Score R:     0.086968711
R_k    :     0.065072046      0.14057279      0.23762311     0.032166105
     0.025709293     0.020668912

in:      0.61315012      0.50000000       1.4769326      0.73846631
     0.061315015      0.25000000
(out-in)/in:     0.039354362      0.55632025      -1.0697514       2.3770523
       4.8591815       2.9955006
calculating initial guess...
Elapsed time:     0.014616013
Minimization...
Elapsed time:       8.5849538
Score R:     0.098243090
R_k    :     0.014709245      0.15735763     0.052168173     0.095080043
      0.24115559     0.028987851

in:      0.61315012      0.50000000       1.4769326      0.73846631
      0.15328753      0.25000000
(out-in)/in:     0.037125057       20.140235       2.9947969       6.2524419
     -0.67051046       2.5371001
calculating initial guess...
Elapsed time:     0.014803171
Minimization...
Elapsed time:       19.773633
Score R:     0.031703049
R_k    :   0.00023457177    0.0082141106     0.043323140     0.027760436
     0.080932803     0.029753234

in:      0.61315012      0.50000000       1.4769326      0.73846631
      0.30657506      0.25000000
(out-in)/in:     0.012347062     -0.49040859      -1.9263130       5.7493868
       9.8115823       2.9952951
calculating initial guess...
Elapsed time:     0.014533043
Minimization...
Elapsed time:       1.0712779
Score R:     0.092540277
R_k    :   6.3863613e-05     0.032915632      0.18269155     0.096362633
      0.13165603      0.11155195

in:      0.61315012      0.50000000       1.4769326      0.14769327
     0.061315015      0.50000000
(out-in)/in:    0.0072064527     -0.79959036   0.00050818570     -0.98181537
       5.9368783      0.60008963
calculating initial guess...
Elapsed time:     0.014829874
Minimization...
Elapsed time:       19.693073
Score R:     0.058266899
R_k    :     0.041252761     0.053824988      0.12114835     0.019972071
     0.035143433     0.078259793

in:      0.61315012      0.50000000       1.4769326      0.14769327
      0.15328753      0.50000000
(out-in)/in:     0.022720897      0.16051635     0.049092588     -0.12555721
     -0.38596396      -2.9803583
calculating initial guess...
Elapsed time:     0.014913082
Minimization...
Elapsed time:       4.6384399
Score R:     0.021186370
R_k    :    0.0032511853     0.015341640     0.050063237     0.014582298
     0.024107693     0.019772168

in:      0.61315012      0.50000000       1.4769326      0.14769327
      0.30657506      0.50000000
(out-in)/in:     -0.32699527     0.041116857     -0.11111767      0.16356156
      0.97371090      0.98917692
calculating initial guess...
Elapsed time:     0.014716864
Minimization...
Elapsed time:       3.4171751
Score R:     0.046937979
R_k    :    0.0019205913     0.023428656      0.14123088     0.013000556
     0.042144802     0.059902390

in:      0.61315012      0.50000000       1.4769326      0.36923316
     0.061315015      0.50000000
(out-in)/in:     -0.28426988      0.14451928     -0.29152081      0.58168825
       7.1733804      0.98444513
calculating initial guess...
Elapsed time:     0.015216112
Minimization...
Elapsed time:       5.6871700
Score R:     0.025092696
R_k    :   0.00071934267     0.015449335     0.063034666    0.0082166209
    0.0084446126     0.054691599

in:      0.61315012      0.50000000       1.4769326      0.36923316
      0.15328753      0.50000000
(out-in)/in:    -0.026466271     0.057002926    -0.018360924     -0.77307182
     -0.73798028     -0.90312941
calculating initial guess...
Elapsed time:     0.014648199
Minimization...
Elapsed time:       3.3160901
Score R:     0.050144621
R_k    :   3.8215263e-05     0.023657704      0.14667641     0.011404862
     0.065223724     0.053866807

in:      0.61315012      0.50000000       1.4769326      0.36923316
      0.30657506      0.50000000
(out-in)/in:      0.10727132      0.26750691    -0.031001606      0.65990293
     -0.18337278      0.99228737
calculating initial guess...
Elapsed time:     0.014787912
Minimization...
Elapsed time:       2.4820440
Score R:      0.10052770
R_k    :    0.0049217830     0.069568159      0.19361424     0.035782105
    0.0044545691      0.29482533

in:      0.61315012      0.50000000       1.4769326      0.73846631
     0.061315015      0.50000000
(out-in)/in:    -0.022626333     -0.35220713    -0.016451529     -0.74934095
       4.2445283      -2.3809628
calculating initial guess...
Elapsed time:     0.014720917
Minimization...
Elapsed time:       4.4500821
Score R:     0.038014007
R_k    :     0.072822148     0.077462068     0.060990984    0.0044772132
    0.0017519329     0.010579700

in:      0.61315012      0.50000000       1.4769326      0.73846631
      0.15328753      0.50000000
(out-in)/in:    -0.040823260    -0.010665558     0.097672474     -0.36359141
     -0.51509430      -2.9919341
calculating initial guess...
Elapsed time:     0.014662981
Minimization...
Elapsed time:       12.829377
Score R:      0.15729019
R_k    :   0.00057801556      0.16787180      0.31058108     0.052607531
      0.16340213      0.24870057

in:      0.61315012      0.50000000       1.4769326      0.73846631
      0.30657506      0.50000000
(out-in)/in:     -0.28994406       16.815145      -5.0522146       13.154504
       4.2819356      -2.4487739
calculating initial guess...
Elapsed time:     0.015280962
Minimization...
Elapsed time:       4.2791629
Score R:     0.052980404
R_k    :    0.0044032957     0.042887188      0.16250176     0.011623463
     0.018923375     0.077543344

in:      0.61315012      0.50000000       1.4769326      0.14769327
     0.061315015      0.75000000
(out-in)/in:      0.32355190     -0.38287835    -0.032702845     -0.16726274
       2.6272839      0.26113863
calculating initial guess...
Elapsed time:     0.015184879
Minimization...
FRPRMN maximum iterations exceeded
Elapsed time:       33.285585
Score R:      0.24839078
R_k    :      0.23705899      0.34932773      0.41161843     0.075815229
     0.082085177      0.33443911

in:      0.61315012      0.50000000       1.4769326      0.14769327
      0.15328753      0.75000000
(out-in)/in:    -0.063798513      0.21374261      0.10068567      0.18989148
     -0.88193652    -0.093715702
calculating initial guess...
Elapsed time:     0.014852047
Minimization...
Elapsed time:       5.4222069
Score R:     0.034191284
R_k    :    0.0011233989     0.031326982     0.088101166    0.0079240354
     0.027472917     0.049199205

in:      0.61315012      0.50000000       1.4769326      0.14769327
      0.30657506      0.75000000
(out-in)/in:     0.039788520     -0.19322640      0.13227081     -0.14544429
      0.88337803      -1.6785946
calculating initial guess...
Elapsed time:     0.014894962
Minimization...
Elapsed time:       30.847591
Score R:     0.030154412
R_k    :    0.0023460102     0.020557630     0.073769219     0.011049129
     0.027660208     0.045544273

in:      0.61315012      0.50000000       1.4769326      0.36923316
     0.061315015      0.75000000
(out-in)/in:     -0.20353686       1.3257701   0.00049124238      0.40710644
     -0.59521463     -0.97850063
calculating initial guess...
Elapsed time:     0.014980793
Minimization...
Elapsed time:       4.4700220
Score R:     0.066373053
R_k    :     0.035260006     0.089137495      0.13871912     0.021683802
     0.046752471     0.066685428

in:      0.61315012      0.50000000       1.4769326      0.36923316
      0.15328753      0.75000000
(out-in)/in:      0.16137686     -0.26391548     0.091965790     -0.21885596
     -0.57596107      -2.3274335
calculating initial guess...
Elapsed time:     0.014891863
Minimization...
Elapsed time:       5.4009922
Score R:     0.028227291
R_k    :   0.00071192288     0.026209611     0.074563974    0.0055772536
     0.022499807     0.039801176

in:      0.61315012      0.50000000       1.4769326      0.36923316
      0.30657506      0.75000000
(out-in)/in:    -0.072754525     -0.33562716      0.16450274     -0.32034913
       1.0696307      -1.3263091
calculating initial guess...
Elapsed time:     0.015063047
Minimization...
Elapsed time:       2.6062040
Score R:     0.086957868
R_k    :    0.0083909851     0.069606642      0.24111013     0.025611666
     0.055363911      0.12166387

in:      0.61315012      0.50000000       1.4769326      0.73846631
     0.061315015      0.75000000
(out-in)/in:     -0.19602939    -0.055666174     -0.33835116    -0.036021793
       4.6934173      0.32566163
calculating initial guess...
Elapsed time:     0.014731169
Minimization...
FRPRMN maximum iterations exceeded
Elapsed time:       33.513040
Score R:    0.0057455470
R_k    :    0.0018505175    0.0071891120     0.015091940    0.0015799566
    0.0066299503    0.0021318058

in:      0.61315012      0.50000000       1.4769326      0.73846631
      0.15328753      0.75000000
(out-in)/in:      0.27124020      0.65786955      0.90668317      0.58001407
     -0.48719344      -1.9811696
calculating initial guess...
Elapsed time:     0.014887094
Minimization...
FRPRMN maximum iterations exceeded
Elapsed time:       28.301801
Score R:     0.077239190
R_k    :     0.015145327     0.062163206      0.17583300     0.021200402
     0.073869005      0.11522419

in:      0.61315012      0.50000000       1.4769326      0.73846631
      0.30657506      0.75000000
(out-in)/in:    -0.030550208      0.30377987     0.087086384     -0.40679913
     -0.89342936      -1.0968126
calculating initial guess...
Elapsed time:     0.015130997
Minimization...
Elapsed time:       26.082318
Score R:     0.029366482
R_k    :    0.0076296291     0.023146135     0.068984991     0.011312098
     0.021724505     0.043401532

in:      0.61315012       1.0000000       1.4769326      0.14769327
     0.061315015      0.25000000
(out-in)/in:     -0.11278885      0.30424588     0.014538585     -0.46493880
      0.70776158      -4.9822679
calculating initial guess...
Elapsed time:     0.015059948
Minimization...
Elapsed time:       24.552998
Score R:   3.7509203e-09
R_k    :   1.9919123e-10   3.3187695e-09   1.0163456e-08   1.0217934e-09
   7.8139790e-10   7.0209141e-09

in:      0.61315012       1.0000000       1.4769326      0.14769327
      0.15328753      0.25000000
(out-in)/in:      0.21807795     -0.32563179    -0.055727562     -0.38507101
      0.97934140       2.3471844
calculating initial guess...
Elapsed time:     0.014845133
Minimization...
Elapsed time:       3.5099831
Score R:      0.10909071
R_k    :     0.010144017     0.073278063      0.35306293     0.046623755
     0.045332448      0.12610305

in:      0.61315012       1.0000000       1.4769326      0.14769327
      0.30657506      0.25000000
(out-in)/in:    0.0028566321     0.053618497    -0.075214819     -0.11875959
     -0.27325673       2.9733506
calculating initial guess...
Elapsed time:     0.014683962
Minimization...
Elapsed time:       4.4378269
Score R:     0.052430764
R_k    :    0.0012821004     0.025410361      0.15439880     0.019650279
     0.014866791     0.098976257

in:      0.61315012       1.0000000       1.4769326      0.36923316
     0.061315015      0.25000000
(out-in)/in:     0.060458542     -0.37359239    -0.068166109     -0.36862128
     -0.38059608     -0.34979075
calculating initial guess...
Elapsed time:     0.014864922
Minimization...
Elapsed time:       13.797025
Score R:      0.10415964
R_k    :      0.12219759      0.20123425     0.066595724     0.017326599
     0.010759242      0.20684442

in:      0.61315012       1.0000000       1.4769326      0.36923316
      0.15328753      0.25000000
(out-in)/in:      0.35461634      0.31402758     -0.16688995     -0.55092913
     -0.79075769      -4.9410489
calculating initial guess...
Elapsed time:     0.014749050
Minimization...
FRPRMN maximum iterations exceeded
Elapsed time:       30.963780
Score R:     0.038309674
R_k    :     0.026917029     0.053348486     0.090061122    0.0046882950
     0.020194544     0.034648568

in:      0.61315012       1.0000000       1.4769326      0.36923316
      0.30657506      0.25000000
(out-in)/in:      0.31748975    -0.089339019      0.12371648      0.18412898
     -0.89436115     -0.82356459
calculating initial guess...
Elapsed time:     0.014621973
Minimization...
Elapsed time:       11.170253
Score R:     0.068256387
R_k    :     0.013868452     0.096743543      0.15518791     0.021301833
     0.040424804     0.082011775

in:      0.61315012       1.0000000       1.4769326      0.73846631
     0.061315015      0.25000000
(out-in)/in:      0.10389032     -0.37199841     -0.11886257     -0.32588858
     -0.61070157      -1.1636888
calculating initial guess...
Elapsed time:     0.014674902
Minimization...
Elapsed time:       4.5475659
Score R:     0.020309457
R_k    :   0.00028419467     0.012674004     0.056238307    0.0067887306
     0.017745045     0.028126459

in:      0.61315012       1.0000000       1.4769326      0.73846631
      0.15328753      0.25000000
(out-in)/in:     0.095622688     -0.22080824     0.018252406     -0.34276456
     -0.54119474      0.20940779
calculating initial guess...
Elapsed time:     0.014616966
Minimization...
FRPRMN maximum iterations exceeded
Elapsed time:       29.904752
Score R:    0.0066614749
R_k    :   0.00077390856     0.018611847     0.018985042   0.00011923130
   0.00072564291   0.00075317741

in:      0.61315012       1.0000000       1.4769326      0.73846631
      0.30657506      0.25000000
(out-in)/in:      0.14635771       2.2075138     -0.11549029       2.5304827
     -0.48003358      -4.9234234
calculating initial guess...
Elapsed time:     0.014479876
Minimization...
Elapsed time:       3.7690771
Score R:     0.056408398
R_k    :     0.019495745     0.031349082      0.11085409    0.0085992559
     0.027177881      0.14097433

in:      0.61315012       1.0000000       1.4769326      0.14769327
     0.061315015      0.50000000
(out-in)/in:     -0.21066536     -0.22444064    0.0016564242     -0.98915898
       5.6967324     -0.80200828
calculating initial guess...
Elapsed time:     0.014619827
Minimization...
Elapsed time:       5.4515891
Score R:     0.051858776
R_k    :    0.0029779228     0.047658579      0.12893517     0.011404238
     0.035059269     0.085117478

in:      0.61315012       1.0000000       1.4769326      0.14769327
      0.15328753      0.50000000
(out-in)/in:      0.18184240     -0.41580704      0.11606574      0.52512935
       1.9045634      -1.9145469
calculating initial guess...
Elapsed time:     0.014875174
Minimization...
Elapsed time:       18.154712
Score R:    0.0094272272
R_k    :   0.00044219128    0.0075450266     0.025612414    0.0019617246
    0.0065200415     0.014481965

in:      0.61315012       1.0000000       1.4769326      0.14769327
      0.30657506      0.50000000
(out-in)/in:      0.19489818     -0.38265527     0.097875675     -0.49580879
      0.65719572      -2.9715989
calculating initial guess...
Elapsed time:     0.014664173
Minimization...
Elapsed time:       3.2283711
Score R:    0.0034000218
R_k    :   9.1377083e-05    0.0026332899    0.0091472924   0.00094591602
    0.0026941407    0.0048881150

in:      0.61315012       1.0000000       1.4769326      0.36923316
     0.061315015      0.50000000
(out-in)/in:     -0.17999473    -0.066997314      0.13665341      0.11574891
       6.5743824      -1.5428182
calculating initial guess...
Elapsed time:     0.014658928
Minimization...
Elapsed time:       3.1482120
Score R:     0.028413609
R_k    :    0.0082275939     0.013128393     0.078228242    0.0060707859
     0.028839905     0.035986731

in:      0.61315012       1.0000000       1.4769326      0.36923316
      0.15328753      0.50000000
(out-in)/in:     0.081020227     -0.11888169      0.52487563      0.37196300
      0.69309881      -2.9843937
calculating initial guess...
Elapsed time:     0.014642000
Minimization...
Elapsed time:       4.1004949
Score R:     0.036570869
R_k    :    0.0017104141     0.032566678     0.092977079    0.0088677609
     0.021860997     0.061442283

in:      0.61315012       1.0000000       1.4769326      0.36923316
      0.30657506      0.50000000
(out-in)/in:      0.13644659     -0.43919116     0.094900387     -0.29899679
      0.59561046      -1.8731259
calculating initial guess...
Elapsed time:     0.014471054
Minimization...
Elapsed time:       25.278453
Score R:    0.0099500090
R_k    :   2.6637161e-05     0.028474818     0.030026508   6.5110854e-05
   0.00044630726   0.00066067302

in:      0.61315012       1.0000000       1.4769326      0.73846631
     0.061315015      0.50000000
(out-in)/in:      0.42760674    0.0055146521     0.019850758       2.2378550
       3.7918935      0.99716146
calculating initial guess...
Elapsed time:     0.014657974
Minimization...
Elapsed time:       2.8335171
Score R:     0.078752176
R_k    :    0.0010672154     0.069070216      0.17769665     0.029921742
     0.099509715     0.095247518

in:      0.61315012       1.0000000       1.4769326      0.73846631
      0.15328753      0.50000000
(out-in)/in:     -0.34789765     -0.12817049      0.20880834     0.060480063
       3.3591646      -1.1951614
calculating initial guess...
Elapsed time:     0.014632940
Minimization...
FRPRMN maximum iterations exceeded
Elapsed time:       29.739736
Score R:     0.012051983
R_k    :    0.0014045781     0.033975438     0.035872237   6.5143736e-05
   0.00063381649   0.00036068683

in:      0.61315012       1.0000000       1.4769326      0.73846631
      0.30657506      0.50000000
(out-in)/in:    -0.048360524       1.3488845      0.73679531       1.5883445
     -0.43847071      -2.9858167
calculating initial guess...
Elapsed time:     0.014365196
Minimization...
Elapsed time:      0.48063302
Score R:      0.17009238
R_k    :     0.086586377      0.34374736      0.14262739     0.091321379
      0.12353557      0.23273620

in:      0.61315012       1.0000000       1.4769326      0.14769327
     0.061315015      0.75000000
(out-in)/in:      0.26093119      0.31449155   0.00034872649       13.154223
       1.3926474      0.33327330
calculating initial guess...
Elapsed time:     0.014688015
Minimization...
Elapsed time:       3.2829759
Score R:     0.031044501
R_k    :    0.0027474225     0.026294874     0.080031836    0.0068088007
     0.024600697     0.045783377

in:      0.61315012       1.0000000       1.4769326      0.14769327
      0.15328753      0.75000000
(out-in)/in:     0.053188360     -0.16907758      0.15442419       1.1922280
      0.69736790      -1.4999680
calculating initial guess...
Elapsed time:     0.014524937
Minimization...
Elapsed time:      0.57224393
Score R:      0.31502342
R_k    :    0.0089664681      0.45774935      0.39441192     0.059823019
      0.58266168      0.38652807

in:      0.61315012       1.0000000       1.4769326      0.14769327
      0.30657506      0.75000000
(out-in)/in:     -0.18855304      0.55698097     -0.19813577       7.0131190
       1.4586932      0.33142545
calculating initial guess...
Elapsed time:     0.014759064
Minimization...
Elapsed time:       10.148160
Score R:     0.061651955
R_k    :    0.0044891793     0.049967086      0.13920862     0.013173209
    0.0058754790      0.15719815

in:      0.61315012       1.0000000       1.4769326      0.36923316
     0.061315015      0.75000000
(out-in)/in:    -0.021053996     0.020378514    -0.014417458     -0.93954827
       3.1140579      -2.3239767
calculating initial guess...
Elapsed time:     0.014580965
Minimization...
Elapsed time:       8.2706652
Score R:     0.024085259
R_k    :    0.0023082778     0.028952875     0.069846808    0.0056682916
     0.020765024     0.016970278

in:      0.61315012       1.0000000       1.4769326      0.36923316
      0.15328753      0.75000000
(out-in)/in:    -0.081950139     -0.68169442     -0.40430110       1.1137372
       9.0380469      0.32280101
calculating initial guess...
Elapsed time:     0.014698982
Minimization...
Elapsed time:       4.2024710
Score R:      0.13002042
R_k    :    0.0084813455      0.10794276      0.27143170     0.029194480
     0.085951406      0.27712082

in:      0.61315012       1.0000000       1.4769326      0.36923316
      0.30657506      0.75000000
(out-in)/in:    -0.085043421    0.0032818196     0.095834870     -0.39039759
     -0.16474962      -1.7037404
calculating initial guess...
Elapsed time:     0.014440060
Minimization...
Elapsed time:       17.262903
Score R:     0.017974941
R_k    :   0.00032738200    0.0094247081     0.046858671    0.0085445677
     0.024323769     0.018370547

in:      0.61315012       1.0000000       1.4769326      0.73846631
     0.061315015      0.75000000
(out-in)/in:     -0.13648546      0.76150257      0.57890535      0.33517383
       2.4059072      -2.2220477
calculating initial guess...
Elapsed time:     0.015052080
Minimization...
Elapsed time:       2.2350080
Score R:     0.025761263
R_k    :    0.0027654532     0.016987382     0.079292124     0.015682706
     0.018482479     0.021357435

in:      0.61315012       1.0000000       1.4769326      0.73846631
      0.15328753      0.75000000
(out-in)/in:     0.028660009     -0.11774113     -0.13304922     -0.12033038
      0.79247421      0.33053259
calculating initial guess...
Elapsed time:     0.014621019
Minimization...
Elapsed time:       8.2836730
Score R:     0.067189665
R_k    :    0.0085418886   0.00075872962      0.22064803     0.021651003
     0.069088788     0.082449550

in:      0.61315012       1.0000000       1.4769326      0.73846631
      0.30657506      0.75000000
(out-in)/in:     -0.15985508      0.47967940      0.65633578    -0.092451822
     -0.20859351      -2.3278281


Total elapsed time (whole experiment):       1022.0389
% Program caused arithmetic error: Floating underflow
% Program caused arithmetic error: Floating overflow
% Program caused arithmetic error: Floating illegal operand
