IDL Version 7.1 (linux x86_64 m64). (c) 2009, ITT Visual Information Solutions
Installation number: .
Licensed for use by: IA-BAS

% Compiled module: WRAPPER.
% Compiled module: EXP_CONTRL_V2.
Minimization of cost_function_cs

Polak-Ribiere method
cp phi2.pro phi.pro
cp gradphi2.pro gradphi.pro

% Compiled module: MAKE_GRID.
Created  Ln-Uniform Grid NTe x NNe = :      50    x      50

% Compiled module: XREAD.
% Compiled module: SET_TOMROOT.
% Compiled module: LOAD_TABLES.
% Compiled module: LOAD_G_TABLE.
% Compiled module: MAKE_SK_OVER_FIP_FACTOR.
% Compiled module: S_FUNCTION.
% Compiled module: G_FUNCTION.
% Compiled module: FINDVAL3D_FUNCTION.
% Compiled module: FINDVAL2D_FUNCTION.
% Compiled module: INTERPOL.
% Compiled module: LOAD_UNITS.
% Compiled module: CHANGE_UNITS_GRID.
% Compiled module: MAKE_GUESS_INI_WITH_DEMT.
calculating initial guess...
% Compiled module: COST_FUNCTION_CS.
% Compiled module: E_FUNCTION_CS.
% Compiled module: P_FUNCTION_CS.
% Compiled module: ARRAY_INDICES.
Elapsed time:     0.015229940
Minimization...
% Compiled module: MINIMIZADOR.
% Compiled module: PR_MIN.
% Compiled module: FRPRMN.
% Compiled module: PHI.
% Compiled module: GRADPHI.
% Compiled module: GRAD_E_FUNCTION_CS.
% Compiled module: GRAD_P_FUNCTION_CS.
% Compiled module: LINMIN.
% Compiled module: MNBRAK.
% Compiled module: F1DIM.
% Compiled module: DBRENT.
% Compiled module: DF1DIM.
Elapsed time:       6.7096529
% Compiled module: SYNTH_Y_VALUES_CS.
% Compiled module: MEAN.
% Compiled module: MOMENT.
Score R:   3.7752147e-09
R_k    :   6.6491600e-10   3.5215750e-09   1.0101328e-08   8.8622572e-10
   1.6519687e-09   5.8252745e-09

in:      0.61315012      0.25000000       1.4769326      0.14769327
     0.061315015      0.25000000
(out-in)/in:  -6.6491600e-10  -4.9396422e-07  -9.3678356e-08   1.3018151e-07
  -1.1784090e-05   1.8682112e-05
calculating initial guess...
Elapsed time:     0.015010118
Minimization...
Elapsed time:       12.050890
Score R:   2.1519998e-09
R_k    :   1.1452668e-10   1.6078922e-09   5.8246645e-09   5.4178590e-10
   1.1134864e-09   3.7096433e-09

in:      0.61315012      0.25000000       1.4769326      0.14769327
      0.15328753      0.25000000
(out-in)/in:   1.1452668e-10   6.6918224e-07  -3.4758253e-07   6.9047018e-08
  -5.5078330e-06   3.3412824e-05
calculating initial guess...
Elapsed time:     0.015275955
Minimization...
Elapsed time:       26.424055
Score R:   3.3946247e-10
R_k    :   5.7840227e-11   7.0184918e-11   8.3705886e-10   1.2731030e-10
   2.3720660e-10   7.0717393e-10

in:      0.61315012      0.25000000       1.4769326      0.14769327
      0.30657506      0.25000000
(out-in)/in:   5.7840227e-11   9.9990648e-08  -7.0056793e-08   4.2140991e-08
  -3.1760523e-07   3.5192044e-06
calculating initial guess...
Elapsed time:     0.014748812
Minimization...
FRPRMN maximum iterations exceeded
Elapsed time:       34.448871
Score R:   2.6741651e-05
R_k    :   1.3673936e-06   1.5103902e-05   7.1158986e-05   8.3747851e-06
   2.0696732e-05   4.3748109e-05

in:      0.61315012      0.25000000       1.4769326      0.36923316
     0.061315015      0.25000000
(out-in)/in:   1.3673936e-06     0.017428755    0.0091710367   -0.0027423784
     -0.34770869     -0.86160457
calculating initial guess...
Elapsed time:     0.014833927
Minimization...
FRPRMN maximum iterations exceeded
Elapsed time:       30.175155
Score R:   8.6269435e-07
R_k    :   9.3278342e-08   6.7479603e-07   2.3091767e-06   2.3166914e-07
   6.1745251e-07   1.2497934e-06

in:      0.61315012      0.25000000       1.4769326      0.36923316
      0.15328753      0.25000000
(out-in)/in:   9.3278342e-08  -5.4793104e-05   5.8693587e-05  -1.3022998e-05
   0.00047005296   -0.0023924624
calculating initial guess...
Elapsed time:     0.014839172
Minimization...
Elapsed time:       18.494697
Score R:   1.4579752e-09
R_k    :   1.5667115e-10   1.3394439e-09   3.9656185e-09   3.4526931e-10
   1.0064693e-09   1.9343793e-09

in:      0.61315012      0.25000000       1.4769326      0.36923316
      0.30657506      0.25000000
(out-in)/in:   1.5667115e-10  -1.9318186e-07   2.4256860e-07  -1.5255370e-07
   4.3670414e-07  -5.1454685e-06
calculating initial guess...
Elapsed time:     0.014978886
Minimization...
FRPRMN maximum iterations exceeded
Elapsed time:       29.955745
Score R:   8.7360700e-05
R_k    :   4.4773372e-06   6.2588679e-05   0.00022419674   3.5780953e-05
   9.1172915e-05   0.00010594758

in:      0.61315012      0.25000000       1.4769326      0.73846631
     0.061315015      0.25000000
(out-in)/in:   4.4773372e-06    0.0019899560     0.012026857   -0.0028272453
      0.21691386     -0.52556739
calculating initial guess...
Elapsed time:     0.014752150
Minimization...
Elapsed time:       14.840160
Score R:   3.6691381e-09
R_k    :   3.0386680e-10   2.6678298e-09   9.4110463e-09   1.4869923e-09
   3.9070701e-09   4.2380234e-09

in:      0.61315012      0.25000000       1.4769326      0.73846631
      0.15328753      0.25000000
(out-in)/in:   3.0386680e-10  -2.3162230e-07   8.4424635e-07  -6.8604679e-08
   2.1109685e-06  -1.6452087e-05
calculating initial guess...
Elapsed time:     0.014791012
Minimization...
FRPRMN maximum iterations exceeded
Elapsed time:       28.007969
Score R:   6.6372112e-08
R_k    :   6.2790360e-08   3.6479354e-08   7.6818468e-10   1.0964895e-07
   1.6507078e-07   2.3475044e-08

in:      0.61315012      0.25000000       1.4769326      0.73846631
      0.30657506      0.25000000
(out-in)/in:   6.2790360e-08   2.6298913e-06  -7.1237231e-06   1.9492828e-06
  -5.9351579e-06   7.4303932e-05
calculating initial guess...
Elapsed time:     0.015219927
Minimization...
FRPRMN maximum iterations exceeded
Elapsed time:       29.734479
Score R:   1.4126663e-08
R_k    :   4.1794974e-09   1.5889804e-08   3.7509311e-08   2.8856863e-09
   5.5738419e-09   1.8721836e-08

in:      0.61315012      0.25000000       1.4769326      0.14769327
     0.061315015      0.50000000
(out-in)/in:   4.1794974e-09  -1.4508057e-07   2.4314196e-08   2.0522616e-08
  -2.4479344e-06  -2.0754494e-06
calculating initial guess...
Elapsed time:     0.015219927
Minimization...
Elapsed time:       17.396967
Score R:   1.1764808e-08
R_k    :   9.2194919e-10   9.0574934e-09   3.1921362e-08   2.9233366e-09
   6.5711450e-09   1.9193564e-08

in:      0.61315012      0.25000000       1.4769326      0.14769327
      0.15328753      0.50000000
(out-in)/in:   9.2194919e-10  -1.6635727e-06   8.6034227e-07  -8.3216894e-07
   1.4204651e-05  -4.7822000e-05
calculating initial guess...
Elapsed time:     0.015362024
Minimization...
Elapsed time:       7.2427862
Score R:   7.3625921e-09
R_k    :   4.2076258e-10   5.9143588e-09   2.0188943e-08   1.6982081e-09
   4.5449161e-09   1.1408364e-08

in:      0.61315012      0.25000000       1.4769326      0.14769327
      0.30657506      0.50000000
(out-in)/in:  -4.2076258e-10   6.4217554e-07  -3.3784398e-07   6.1970358e-07
  -1.6740432e-06   8.7998090e-06
calculating initial guess...
Elapsed time:     0.015094995
Minimization...
FRPRMN maximum iterations exceeded
Elapsed time:       30.726417
Score R:   1.5340688e-07
R_k    :   9.5754629e-08   4.0383055e-07   2.0963517e-07   1.5756932e-08
   3.6892525e-08   1.5857149e-07

in:      0.61315012      0.25000000       1.4769326      0.36923316
     0.061315015      0.50000000
(out-in)/in:   9.5754629e-08  -3.6054348e-07   1.1787987e-06  -1.0994306e-06
  -3.6016218e-06  -4.1633264e-05
calculating initial guess...
Elapsed time:     0.015152931
Minimization...
Elapsed time:       18.787272
Score R:   2.6359051e-09
R_k    :   1.1719926e-10   2.0385529e-09   7.1796537e-09   6.6874537e-10
   2.1000605e-09   3.7112188e-09

in:      0.61315012      0.25000000       1.4769326      0.36923316
      0.15328753      0.50000000
(out-in)/in:  -1.1719926e-10   6.9829012e-07  -7.5626308e-07   3.8910865e-07
  -5.8189888e-06   1.7833838e-05
calculating initial guess...
Elapsed time:     0.015131950
Minimization...
Elapsed time:       11.718262
Score R:   5.9249607e-11
R_k    :   1.3035499e-11   5.9081344e-11   1.7192668e-10   3.9086815e-11
   2.0376998e-11   5.1990311e-11

in:      0.61315012      0.25000000       1.4769326      0.36923316
      0.30657506      0.50000000
(out-in)/in:   1.3035499e-11   1.6634281e-07  -1.1097746e-07   1.4211066e-07
  -3.8287208e-07   1.4286936e-06
calculating initial guess...
Elapsed time:     0.015032053
Minimization...
FRPRMN maximum iterations exceeded
Elapsed time:       30.757436
Score R:   0.00021948342
R_k    :   5.7522835e-06   6.6038244e-05   0.00049356063   0.00017793578
   0.00036908856   0.00020452504

in:      0.61315012      0.25000000       1.4769326      0.73846631
     0.061315015      0.50000000
(out-in)/in:  -5.7522835e-06    0.0010286162     0.012515613    -0.011456910
      0.15823844     -0.19364897
calculating initial guess...
Elapsed time:     0.015182018
Minimization...
FRPRMN maximum iterations exceeded
Elapsed time:       28.862046
Score R:   2.8049900e-05
R_k    :   1.5129650e-06   1.9527505e-05   7.2265868e-05   1.1069319e-05
   3.3028712e-05   3.0895029e-05

in:      0.61315012      0.25000000       1.4769326      0.73846631
      0.15328753      0.50000000
(out-in)/in:   1.5129650e-06   -0.0013718525    0.0039721683  -0.00094749982
     0.011467694    -0.043289766
calculating initial guess...
Elapsed time:     0.015151978
Minimization...
FRPRMN maximum iterations exceeded
Elapsed time:       26.898457
Score R:   3.1639620e-09
R_k    :   9.3821840e-10   2.5605109e-09   7.6001698e-09   1.2610434e-09
   3.3612577e-09   3.2625716e-09

in:      0.61315012      0.25000000       1.4769326      0.73846631
      0.30657506      0.50000000
(out-in)/in:   9.3821840e-10   2.8070003e-07  -1.0374950e-06   3.9914952e-07
  -6.7943484e-07   5.3737585e-06
calculating initial guess...
Elapsed time:     0.015362978
Minimization...
FRPRMN maximum iterations exceeded
Elapsed time:       29.389550
Score R:   2.6713178e-07
R_k    :   2.9759464e-08   4.2156375e-07   7.0126806e-07   5.8881941e-08
   6.5611992e-08   3.2570548e-07

in:      0.61315012      0.25000000       1.4769326      0.14769327
     0.061315015      0.75000000
(out-in)/in:  -2.9759464e-08   1.9918750e-06   1.6100987e-06  -3.9833514e-06
   2.9485182e-05  -9.8621171e-05
calculating initial guess...
Elapsed time:     0.015182972
Minimization...
FRPRMN maximum iterations exceeded
Elapsed time:       28.542774
Score R:   0.00010284817
R_k    :   1.1350611e-05   9.4092174e-05   0.00027500662   2.6396131e-05
   6.4703651e-05   0.00014553982

in:      0.61315012      0.25000000       1.4769326      0.14769327
      0.15328753      0.75000000
(out-in)/in:   1.1350611e-05   -0.0075057240    0.0039254994   -0.0066443405
     0.062320556     -0.15123599
calculating initial guess...
Elapsed time:     0.015256882
Minimization...
Elapsed time:       12.162546
Score R:   1.8356171e-09
R_k    :   3.1440047e-11   1.6181662e-09   5.0757438e-09   3.8258410e-10
   1.2702093e-09   2.6355594e-09

in:      0.61315012      0.25000000       1.4769326      0.14769327
      0.30657506      0.75000000
(out-in)/in:   3.1440047e-11   8.5436227e-07  -4.6699589e-07   1.3006644e-06
  -2.1750980e-06   7.9098563e-06
calculating initial guess...
Elapsed time:     0.015059948
Minimization...
FRPRMN maximum iterations exceeded
Elapsed time:       30.470653
Score R:   0.00014227723
R_k    :   0.00017440437   0.00034176476   0.00024836762   2.6373012e-07
   2.1487196e-05   6.7375727e-05

in:      0.61315012      0.25000000       1.4769326      0.36923316
     0.061315015      0.75000000
(out-in)/in:  -0.00017440437     0.027703595    -0.027269881    -0.054400262
     -0.37075663     -0.28419724
calculating initial guess...
Elapsed time:     0.015214920
Minimization...
FRPRMN maximum iterations exceeded
Elapsed time:       30.488685
Score R:   2.1377467e-06
R_k    :   1.2650747e-06   7.0861093e-07   5.3297843e-06   2.3070345e-07
   1.8415768e-06   3.4507302e-06

in:      0.61315012      0.25000000       1.4769326      0.36923316
      0.15328753      0.75000000
(out-in)/in:   1.2650747e-06   0.00013779729  -0.00014354310   0.00010760163
   -0.0011758780    0.0026069307
calculating initial guess...
Elapsed time:     0.015084028
Minimization...
FRPRMN maximum iterations exceeded
Elapsed time:       28.822562
Score R:   1.3613638e-07
R_k    :   8.2225089e-08   5.1982631e-08   2.4972224e-07   5.6370374e-08
   1.0935790e-07   2.6716003e-07

in:      0.61315012      0.25000000       1.4769326      0.36923316
      0.30657506      0.75000000
(out-in)/in:   8.2225089e-08  -1.1412059e-05   1.1359498e-05  -1.4504899e-05
   2.6180887e-05  -8.2444600e-05
calculating initial guess...
Elapsed time:     0.015057087
Minimization...
Elapsed time:       29.064342
Score R:    0.0025263916
R_k    :   4.4937176e-05    0.0014666393    0.0065649852    0.0010229704
    0.0030001528    0.0030586650

in:      0.61315012      0.25000000       1.4769326      0.73846631
     0.061315015      0.75000000
(out-in)/in:  -4.4937176e-05     0.086169500      0.11898191    -0.023844167
     -0.41878568     -0.95957086
calculating initial guess...
Elapsed time:     0.015134811
Minimization...
Elapsed time:       21.868033
Score R:   7.8481011e-09
R_k    :   4.7723665e-10   5.6051827e-09   2.0415855e-08   2.8720563e-09
   8.9270451e-09   8.7912315e-09

in:      0.61315012      0.25000000       1.4769326      0.73846631
      0.15328753      0.75000000
(out-in)/in:   4.7723665e-10  -3.4125338e-07   6.6362534e-07  -3.6985100e-07
   2.1159040e-06  -5.6558165e-06
calculating initial guess...
Elapsed time:     0.015011787
Minimization...
FRPRMN maximum iterations exceeded
Elapsed time:       29.479012
Score R:   2.1849535e-06
R_k    :   1.1408956e-06   9.1829846e-08   5.2509356e-06   5.6699467e-07
   2.7593533e-06   3.2997120e-06

in:      0.61315012      0.25000000       1.4769326      0.73846631
      0.30657506      0.75000000
(out-in)/in:   1.1408956e-06   0.00010444788  -0.00029116190   0.00018997457
  -0.00021021117    0.0010487245
calculating initial guess...
Elapsed time:     0.015353918
Minimization...
Elapsed time:       8.6160409
Score R:   3.2744640e-05
R_k    :   1.5674440e-07   2.0338420e-05   8.8838116e-05   9.3204409e-06
   1.7056743e-05   6.0757374e-05

in:      0.61315012      0.50000000       1.4769326      0.14769327
     0.061315015      0.25000000
(out-in)/in:   1.5674440e-07    0.0060312927    0.0035301648   -0.0026017659
     -0.31665046     -0.83377881
calculating initial guess...
Elapsed time:     0.015348196
Minimization...
Elapsed time:       14.580864
Score R:   3.2679052e-10
R_k    :   1.2120396e-10   5.0990936e-10   8.7947846e-10   5.2612644e-11
   1.1891571e-10   2.7862302e-10

in:      0.61315012      0.50000000       1.4769326      0.14769327
      0.15328753      0.25000000
(out-in)/in:   1.2120396e-10   8.0112645e-07  -4.1575423e-07   1.0368464e-07
  -6.6418704e-06   4.0131808e-05
calculating initial guess...
Elapsed time:     0.015311003
Minimization...
Elapsed time:       21.255360
Score R:   6.3210734e-09
R_k    :   3.3366690e-10   5.0474707e-09   1.7220886e-08   1.5826025e-09
   3.4536383e-09   1.0288176e-08

in:      0.61315012      0.50000000       1.4769326      0.14769327
      0.30657506      0.25000000
(out-in)/in:   3.3366690e-10  -5.2904556e-07   2.8781112e-07  -2.4173257e-07
   1.2996602e-06  -1.4954087e-05
calculating initial guess...
Elapsed time:     0.015197039
Minimization...
Elapsed time:       21.171971
Score R:   2.8203646e-09
R_k    :   4.2180916e-10   2.3201030e-09   7.4258397e-09   7.9145355e-10
   1.8569808e-09   4.1060016e-09

in:      0.61315012      0.50000000       1.4769326      0.36923316
     0.061315015      0.25000000
(out-in)/in:  -4.2180916e-10  -9.9356339e-07  -5.5835012e-07   4.2588354e-07
  -2.4306456e-05   4.3376600e-05
calculating initial guess...
Elapsed time:     0.015162230
Minimization...
Elapsed time:       6.5190670
Score R:   8.4853097e-11
R_k    :   6.9423555e-12   7.2767549e-11   1.9944553e-10   3.2068221e-11
   8.3657982e-11   1.1423694e-10

in:      0.61315012      0.50000000       1.4769326      0.36923316
      0.15328753      0.25000000
(out-in)/in:   6.9423555e-12   6.0871199e-07  -7.1814630e-07   5.6036958e-08
  -5.3407499e-06   2.8691505e-05
calculating initial guess...
Elapsed time:     0.015121937
Minimization...
Elapsed time:       5.7080998
Score R:   1.0476777e-09
R_k    :   9.9263679e-12   8.1672824e-10   2.8093489e-09   2.9203753e-10
   8.4974534e-10   1.5082799e-09

in:      0.61315012      0.50000000       1.4769326      0.36923316
      0.30657506      0.25000000
(out-in)/in:   9.9263679e-12   7.6450937e-09  -1.7960815e-09  -7.2069515e-08
  -7.9273935e-08  -2.7515909e-08
calculating initial guess...
Elapsed time:     0.015075922
Minimization...
Elapsed time:       25.506600
Score R:   3.1398831e-05
R_k    :   2.3067687e-07   1.8353371e-05   8.0239413e-05   1.3834014e-05
   3.5715812e-05   4.0019698e-05

in:      0.61315012      0.50000000       1.4769326      0.73846631
     0.061315015      0.25000000
(out-in)/in:   2.3067687e-07     0.010405420     0.028938135   -0.0029080569
     -0.33057602      -1.0620658
calculating initial guess...
Elapsed time:     0.015135050
Minimization...
FRPRMN maximum iterations exceeded
Elapsed time:       29.266575
Score R:   7.9791653e-08
R_k    :   1.1294395e-08   6.4363958e-08   2.0089378e-07   3.4613046e-08
   8.0280156e-08   8.7304589e-08

in:      0.61315012      0.50000000       1.4769326      0.73846631
      0.15328753      0.25000000
(out-in)/in:   1.1294395e-08  -4.4435733e-06   1.2855083e-05  -1.5321704e-06
   3.7619204e-05  -0.00025106479
calculating initial guess...
Elapsed time:     0.015091181
Minimization...
Elapsed time:       28.204941
Score R:   5.1605551e-09
R_k    :   2.9716798e-10   3.8344909e-09   1.3229008e-08   2.0911206e-09
   5.7774484e-09   5.7340947e-09

in:      0.61315012      0.50000000       1.4769326      0.73846631
      0.30657506      0.25000000
(out-in)/in:   2.9716798e-10   4.4741869e-07  -1.3427511e-06   3.1840667e-07
  -1.0378296e-06   1.3951238e-05
calculating initial guess...
Elapsed time:     0.015250921
Minimization...
Elapsed time:       28.821156
Score R:   4.2998010e-05
R_k    :   2.1216936e-06   2.5314582e-05   0.00011580055   1.2099538e-05
   2.3679601e-05   7.8972092e-05

in:      0.61315012      0.50000000       1.4769326      0.14769327
     0.061315015      0.50000000
(out-in)/in:  -2.1216936e-06     0.080580639    0.0073352509   -0.0099374136
     -0.43204397     -0.90327183
calculating initial guess...
Elapsed time:     0.015311003
Minimization...
FRPRMN maximum iterations exceeded
Elapsed time:       28.943736
Score R:   2.0481154e-07
R_k    :   8.2001232e-09   1.6397450e-07   5.5127366e-07   5.2043113e-08
   1.1865881e-07   3.3471905e-07

in:      0.61315012      0.50000000       1.4769326      0.14769327
      0.15328753      0.50000000
(out-in)/in:   8.2001232e-09  -1.5382517e-05   7.9718388e-06  -8.8626406e-06
   0.00013160236  -0.00044409379
calculating initial guess...
Elapsed time:     0.015246153
Minimization...
Elapsed time:       9.0103319
Score R:   1.6776411e-09
R_k    :   9.4762129e-11   1.4023139e-09   4.5964377e-09   3.9109819e-10
   1.0697204e-09   2.5115140e-09

in:      0.61315012      0.50000000       1.4769326      0.14769327
      0.30657506      0.50000000
(out-in)/in:   9.4762129e-11  -2.1536132e-07   1.5329810e-07  -2.2091176e-07
   5.1773257e-07  -3.9586685e-06
calculating initial guess...
Elapsed time:     0.015098095
Minimization...
Elapsed time:       29.853679
Score R:   3.0580431e-09
R_k    :   1.6172601e-09   4.6387515e-09   7.9081173e-09   4.8722520e-10
   1.3431709e-09   2.3537335e-09

in:      0.61315012      0.50000000       1.4769326      0.36923316
     0.061315015      0.50000000
(out-in)/in:  -1.6172601e-09  -1.7881472e-07  -1.8174321e-07   1.5502473e-07
  -2.7928530e-06   5.4596771e-06
calculating initial guess...
Elapsed time:     0.015300989
Minimization...
Elapsed time:       17.282927
Score R:   1.0904396e-10
R_k    :   6.5819382e-11   1.2419605e-11   2.5383739e-10   5.7021392e-12
   5.2251504e-12   3.1126008e-10

in:      0.61315012      0.50000000       1.4769326      0.36923316
      0.15328753      0.50000000
(out-in)/in:  -6.5819382e-11   5.2460840e-07  -5.7084245e-07   3.0277106e-07
  -4.3344001e-06   1.3433197e-05
calculating initial guess...
Elapsed time:     0.015193939
Minimization...
Elapsed time:       4.9616659
Score R:   3.8114680e-09
R_k    :   2.9517188e-10   2.9953609e-09   1.0447310e-08   8.3375943e-10
   3.0487120e-09   5.2484933e-09

in:      0.61315012      0.50000000       1.4769326      0.36923316
      0.30657506      0.50000000
(out-in)/in:   2.9517188e-10  -1.2323031e-07   2.3772021e-07  -1.1120546e-07
   3.4071287e-07  -2.3206342e-06
calculating initial guess...
Elapsed time:     0.015138149
Minimization...
FRPRMN maximum iterations exceeded
Elapsed time:       32.947367
Score R:   1.4267795e-05
R_k    :   6.7097139e-06   4.0217982e-05   9.3790161e-06   6.7423385e-07
   4.0506067e-06   2.4575220e-05

in:      0.61315012      0.50000000       1.4769326      0.73846631
     0.061315015      0.50000000
(out-in)/in:  -6.7097139e-06   0.00014366137  -0.00022711979   0.00019672447
    0.0012707761    0.0037955669
calculating initial guess...
Elapsed time:     0.015138149
Minimization...
Elapsed time:       22.101747
Score R:   3.8178849e-09
R_k    :   4.4226214e-10   2.5831125e-09   9.7817209e-09   1.4557056e-09
   4.3475565e-09   4.2969518e-09

in:      0.61315012      0.50000000       1.4769326      0.73846631
      0.15328753      0.50000000
(out-in)/in:   4.4226214e-10  -7.1798614e-07   1.9488436e-06  -5.5579989e-07
   5.8225279e-06  -2.1728185e-05
calculating initial guess...
Elapsed time:     0.015070915
Minimization...
FRPRMN maximum iterations exceeded
Elapsed time:       28.882641
Score R:   2.5162877e-07
R_k    :   2.2395739e-08   1.9575650e-07   6.5500883e-07   8.7597256e-08
   2.8643531e-07   2.6257899e-07

in:      0.61315012      0.50000000       1.4769326      0.73846631
      0.30657506      0.50000000
(out-in)/in:   2.2395739e-08  -1.1151401e-05   4.0502763e-05  -1.4953046e-05
   2.6460648e-05  -0.00021306226
calculating initial guess...
Elapsed time:     0.015239000
Minimization...
Elapsed time:       18.980729
Score R:   1.2413485e-09
R_k    :   5.8062507e-10   1.8742729e-09   3.2735757e-09   1.4656819e-10
   3.3910489e-10   1.2339442e-09

in:      0.61315012      0.50000000       1.4769326      0.14769327
     0.061315015      0.75000000
(out-in)/in:  -5.8062507e-10   9.5061779e-08  -4.6277059e-09  -1.0043550e-07
   1.4250556e-06   1.9500779e-07
calculating initial guess...
Elapsed time:     0.015262127
Minimization...
FRPRMN maximum iterations exceeded
Elapsed time:       28.679535
Score R:   6.6181158e-06
R_k    :   4.7045528e-07   4.9777898e-06   1.8081166e-05   1.5716985e-06
   4.0967470e-06   1.0510838e-05

in:      0.61315012      0.50000000       1.4769326      0.14769327
      0.15328753      0.75000000
(out-in)/in:   4.7045528e-07  -0.00050978883   0.00026151606  -0.00046693292
    0.0043269053    -0.010706111
calculating initial guess...
Elapsed time:     0.015281916
Minimization...
Elapsed time:       16.492361
Score R:   7.4901695e-09
R_k    :   4.7320914e-10   5.8749063e-09   2.0578139e-08   1.6732047e-09
   5.1942234e-09   1.1147334e-08

in:      0.61315012      0.50000000       1.4769326      0.14769327
      0.30657506      0.75000000
(out-in)/in:   4.7320914e-10   2.2702022e-07  -1.1690614e-07   3.3181494e-07
  -5.9273023e-07   2.0315288e-06
calculating initial guess...
Elapsed time:     0.015086174
Minimization...
FRPRMN maximum iterations exceeded
Elapsed time:       32.145699
Score R:    0.0022230526
R_k    :   0.00014753869    0.0014920372    0.0060124361   0.00061221193
    0.0016970194    0.0033770721

in:      0.61315012      0.50000000       1.4769326      0.36923316
     0.061315015      0.75000000
(out-in)/in:   0.00014753869      0.11706646     0.035621079    -0.015040775
     -0.45227992     -0.92969606
calculating initial guess...
Elapsed time:     0.015321016
Minimization...
Elapsed time:       23.841433
Score R:   1.2789081e-08
R_k    :   7.3001780e-10   9.4487032e-09   3.4919281e-08   3.0746449e-09
   1.0494230e-08   1.8067608e-08

in:      0.61315012      0.50000000       1.4769326      0.36923316
      0.15328753      0.75000000
(out-in)/in:  -7.3001780e-10  -6.6690611e-08   8.6890178e-08  -1.1796733e-07
   3.2413737e-07  -1.2637961e-06
calculating initial guess...
Elapsed time:     0.015213966
Minimization...
Elapsed time:       10.817374
Score R:   8.7174808e-10
R_k    :   1.0620223e-11   6.0604314e-10   2.4325336e-09   1.7838428e-10
   7.8948686e-10   1.2134204e-09

in:      0.61315012      0.50000000       1.4769326      0.36923316
      0.30657506      0.75000000
(out-in)/in:   1.0620223e-11   6.3839927e-07  -6.8852142e-07   8.8602885e-07
  -1.4845361e-06   4.9437140e-06
calculating initial guess...
Elapsed time:     0.015132189
Minimization...
FRPRMN maximum iterations exceeded
Elapsed time:       32.724639
Score R:   1.6013426e-05
R_k    :   2.7430013e-07   3.3001018e-05   2.3067713e-05   1.2609887e-05
   1.6234456e-05   1.0893181e-05

in:      0.61315012      0.50000000       1.4769326      0.73846631
     0.061315015      0.75000000
(out-in)/in:  -2.7430013e-07   -0.0035844310   -0.0043963349   -0.0050324038
    -0.042868312    -0.021325631
calculating initial guess...
Elapsed time:     0.015156031
Minimization...
Elapsed time:       26.323004
Score R:   5.8573619e-09
R_k    :   4.0711670e-11   3.8755559e-09   1.5432536e-08   2.1172151e-09
   6.6378724e-09   7.0402807e-09

in:      0.61315012      0.50000000       1.4769326      0.73846631
      0.15328753      0.75000000
(out-in)/in:   4.0711670e-11  -2.5806549e-07   4.2576444e-07  -2.7830927e-07
   1.4504566e-06  -3.7254941e-06
calculating initial guess...
Elapsed time:     0.014945984
Minimization...
FRPRMN maximum iterations exceeded
Elapsed time:       30.198644
Score R:   4.9313041e-06
R_k    :   1.6978567e-07   3.6495309e-06   1.3301671e-05   1.3460922e-06
   5.3848501e-06   5.7358952e-06

in:      0.61315012      0.50000000       1.4769326      0.73846631
      0.30657506      0.75000000
(out-in)/in:  -1.6978567e-07   0.00025294676  -0.00071943468   0.00046939829
  -0.00048761077    0.0025720625
calculating initial guess...
Elapsed time:     0.015167952
Minimization...
Elapsed time:       28.283625
Score R:   1.8268360e-09
R_k    :   6.8462569e-10   1.9642401e-09   4.7388159e-09   4.0764420e-10
   6.8444378e-10   2.4812462e-09

in:      0.61315012       1.0000000       1.4769326      0.14769327
     0.061315015      0.25000000
(out-in)/in:   6.8462569e-10   1.5710177e-08   1.3327536e-08  -3.6354126e-08
   7.4387860e-07  -3.2847252e-06
calculating initial guess...
Elapsed time:     0.015137911
Minimization...
Elapsed time:       24.315271
Score R:   2.1506421e-09
R_k    :   2.7243725e-10   1.5975375e-09   5.7901732e-09   5.9257929e-10
   1.0383118e-09   3.6128138e-09

in:      0.61315012       1.0000000       1.4769326      0.14769327
      0.15328753      0.25000000
(out-in)/in:  -2.7243725e-10   9.7336572e-07  -5.0517700e-07   1.5001680e-07
  -8.1134918e-06   4.8937585e-05
calculating initial guess...
Elapsed time:     0.015253067
Minimization...
Elapsed time:       12.400507
Score R:   5.7100273e-09
R_k    :   2.7309181e-10   4.5433084e-09   1.5570965e-08   1.4345067e-09
   3.0316498e-09   9.4066417e-09

in:      0.61315012       1.0000000       1.4769326      0.14769327
      0.30657506      0.25000000
(out-in)/in:   2.7309181e-10  -4.7270521e-07   2.5568600e-07  -2.1572233e-07
   1.1549430e-06  -1.3295107e-05
calculating initial guess...
Elapsed time:     0.015116930
Minimization...
Elapsed time:       27.814202
Score R:   2.9427390e-09
R_k    :   1.6711248e-10   2.0085426e-09   7.8114380e-09   8.5388483e-10
   2.2660669e-09   4.5493892e-09

in:      0.61315012       1.0000000       1.4769326      0.36923316
     0.061315015      0.25000000
(out-in)/in:   1.6711248e-10  -1.0088215e-06  -5.6334049e-07   4.3023689e-07
  -2.4642003e-05   4.3758586e-05
calculating initial guess...
Elapsed time:     0.015187979
Minimization...
Elapsed time:       13.813834
Score R:   4.6803970e-09
R_k    :   5.6205177e-10   3.4909625e-09   1.2520376e-08   1.2503151e-09
   3.4195786e-09   6.8390979e-09

in:      0.61315012       1.0000000       1.4769326      0.36923316
      0.15328753      0.25000000
(out-in)/in:   5.6205177e-10   3.1297840e-07  -4.0141617e-07  -1.3756087e-08
  -2.8032016e-06   1.5776196e-05
calculating initial guess...
Elapsed time:     0.015208960
Minimization...
Elapsed time:       10.612015
Score R:   2.6056054e-09
R_k    :   1.0424868e-10   2.1886465e-09   7.0659883e-09   6.4434520e-10
   1.9821714e-09   3.6482325e-09

in:      0.61315012       1.0000000       1.4769326      0.36923316
      0.30657506      0.25000000
(out-in)/in:  -1.0424868e-10   1.3334515e-07  -1.5481752e-07  -2.1734454e-08
  -4.0214621e-07   3.1772858e-06
calculating initial guess...
Elapsed time:     0.015110016
Minimization...
FRPRMN maximum iterations exceeded
Elapsed time:       32.588837
Score R:   3.2250150e-05
R_k    :   1.7001388e-06   1.7755450e-05   8.1550268e-05   1.4284535e-05
   3.6629043e-05   4.1581465e-05

in:      0.61315012       1.0000000       1.4769326      0.73846631
     0.061315015      0.25000000
(out-in)/in:   1.7001388e-06    0.0034427912     0.019412606   -0.0029278104
     -0.30799114     -0.85680543
calculating initial guess...
Elapsed time:     0.015324116
Minimization...
FRPRMN maximum iterations exceeded
Elapsed time:       29.147464
Score R:   5.1905633e-06
R_k    :   4.9806964e-07   3.8321474e-06   1.3282580e-05   2.0577021e-06
   5.4845819e-06   5.9882992e-06

in:      0.61315012       1.0000000       1.4769326      0.73846631
      0.15328753      0.25000000
(out-in)/in:  -4.9806964e-07   0.00029206417  -0.00083033274   0.00010175277
   -0.0024713639     0.016269797
calculating initial guess...
Elapsed time:     0.014950991
Minimization...
Elapsed time:       14.784559
Score R:   5.2788444e-09
R_k    :   3.5445432e-10   4.0173536e-09   1.3641514e-08   2.0554102e-09
   5.5210664e-09   6.0832680e-09

in:      0.61315012       1.0000000       1.4769326      0.73846631
      0.30657506      0.25000000
(out-in)/in:  -3.5445432e-10   1.0938544e-06  -3.5924369e-06   7.0447670e-07
  -2.6764294e-06   3.7173419e-05
calculating initial guess...
Elapsed time:     0.014934063
Minimization...
Elapsed time:       19.100054
Score R:   3.4150824e-09
R_k    :   1.1935821e-09   4.1285268e-09   9.0012046e-09   6.1728409e-10
   1.2801594e-09   4.2697375e-09

in:      0.61315012       1.0000000       1.4769326      0.14769327
     0.061315015      0.50000000
(out-in)/in:   1.1935821e-09  -4.0583715e-07  -8.7725296e-08   2.9636375e-07
  -8.3464675e-06   8.8159395e-06
calculating initial guess...
Elapsed time:     0.014834881
Minimization...
Elapsed time:       11.806897
Score R:   7.0812313e-09
R_k    :   6.2898436e-10   5.5339497e-09   1.9185706e-08   1.7370194e-09
   3.9470699e-09   1.1454659e-08

in:      0.61315012       1.0000000       1.4769326      0.14769327
      0.15328753      0.50000000
(out-in)/in:   6.2898436e-10  -1.3284912e-06   6.8690096e-07  -6.3674962e-07
   1.1339257e-05  -3.8154984e-05
calculating initial guess...
Elapsed time:     0.014976978
Minimization...
Elapsed time:       6.6381729
Score R:   4.3022415e-10
R_k    :   1.4394637e-10   3.4413537e-10   1.1520323e-09   4.2079999e-11
   2.7690459e-10   6.2224630e-10

in:      0.61315012       1.0000000       1.4769326      0.14769327
      0.30657506      0.50000000
(out-in)/in:   1.4394637e-10  -1.7670502e-08   3.9901073e-08  -2.6516885e-08
   1.1775216e-08  -1.0125840e-06
calculating initial guess...
Elapsed time:     0.014723063
Minimization...
Elapsed time:       26.292383
Score R:   1.1308920e-09
R_k    :   3.0846576e-10   1.4583734e-09   2.9859651e-09   2.1551887e-10
   6.0916949e-10   1.2078591e-09

in:      0.61315012       1.0000000       1.4769326      0.36923316
     0.061315015      0.50000000
(out-in)/in:  -3.0846576e-10  -1.6248704e-07  -1.5402993e-07   1.3401934e-07
  -2.5006719e-06   4.6276024e-06
calculating initial guess...
Elapsed time:     0.014838934
Minimization...
Elapsed time:       18.042554
Score R:   5.9089365e-09
R_k    :   4.5607587e-10   4.4864293e-09   1.6017197e-08   1.5162538e-09
   4.4852485e-09   8.4924148e-09

in:      0.61315012       1.0000000       1.4769326      0.36923316
      0.15328753      0.50000000
(out-in)/in:   4.5607587e-10   1.5786218e-07  -1.7956450e-07   1.2002147e-07
  -1.2084712e-06   4.1519644e-06
calculating initial guess...
Elapsed time:     0.014919996
Minimization...
Elapsed time:       17.114033
Score R:   1.0152006e-09
R_k    :   1.0763086e-11   9.8289514e-10   2.7884634e-09   2.0323044e-10
   7.8566954e-10   1.3201822e-09

in:      0.61315012       1.0000000       1.4769326      0.36923316
      0.30657506      0.50000000
(out-in)/in:  -1.0763086e-11   9.2659156e-08  -2.1765162e-08   7.7262787e-08
  -1.9848586e-07   4.6966348e-07
calculating initial guess...
Elapsed time:     0.014759064
Minimization...
FRPRMN maximum iterations exceeded
Elapsed time:       31.329999
Score R:   9.6825988e-06
R_k    :   9.9558127e-07   1.4155501e-05   2.3493982e-05   5.3738048e-06
   4.0319796e-06   1.0044744e-05

in:      0.61315012       1.0000000       1.4769326      0.73846631
     0.061315015      0.50000000
(out-in)/in:   9.9558127e-07   0.00017494065   0.00045119467  -0.00018317717
    0.0040915608   -0.0029782674
calculating initial guess...
Elapsed time:     0.014698982
Minimization...
FRPRMN maximum iterations exceeded
Elapsed time:       28.890023
Score R:   2.7276184e-06
R_k    :   2.3962270e-07   1.8595270e-06   7.1394379e-06   9.2261258e-07
   2.8520598e-06   3.3524504e-06

in:      0.61315012       1.0000000       1.4769326      0.73846631
      0.15328753      0.50000000
(out-in)/in:  -2.3962270e-07   0.00013253345  -0.00038410822   9.0981944e-05
   -0.0011242892    0.0042437921
calculating initial guess...
Elapsed time:     0.014588118
Minimization...
Elapsed time:       20.254459
Score R:   1.0870698e-09
R_k    :   2.1431836e-11   7.5628732e-10   2.8462786e-09   4.0428033e-10
   1.3679204e-09   1.1262205e-09

in:      0.61315012       1.0000000       1.4769326      0.73846631
      0.30657506      0.50000000
(out-in)/in:  -2.1431836e-11   3.6722981e-07  -1.3525500e-06   5.1488914e-07
  -8.8276276e-07   7.0270503e-06
calculating initial guess...
Elapsed time:     0.014710903
Minimization...
Elapsed time:       14.282491
Score R:   5.3988624e-11
R_k    :   3.7011350e-11   9.2822572e-12   1.2196901e-10   2.4631770e-11
   2.8954916e-11   1.0208244e-10

in:      0.61315012       1.0000000       1.4769326      0.14769327
     0.061315015      0.75000000
(out-in)/in:   3.7011350e-11   1.0192855e-07   3.0933803e-09  -1.1878004e-07
   1.5468668e-06  -2.7724148e-07
calculating initial guess...
Elapsed time:     0.014698982
Minimization...
FRPRMN maximum iterations exceeded
Elapsed time:       27.504530
Score R:   8.1658561e-06
R_k    :   3.6935614e-06   3.7670510e-06   1.9929017e-05   7.3333067e-07
   6.5804794e-06   1.4291698e-05

in:      0.61315012       1.0000000       1.4769326      0.14769327
      0.15328753      0.75000000
(out-in)/in:  -3.6935614e-06  -0.00058424020   0.00029987260  -0.00053534005
    0.0050410359    -0.012339133
calculating initial guess...
Elapsed time:     0.014918089
Minimization...
Elapsed time:       13.314898
Score R:   4.8194828e-09
R_k    :   4.0286901e-10   3.5667966e-09   1.3195990e-08   1.1548569e-09
   3.3939732e-09   7.2024106e-09

in:      0.61315012       1.0000000       1.4769326      0.14769327
      0.30657506      0.75000000
(out-in)/in:   4.0286901e-10   5.2499333e-07  -2.8358381e-07   7.9298569e-07
  -1.3447154e-06   4.8297441e-06
calculating initial guess...
Elapsed time:     0.014749050
Minimization...
FRPRMN maximum iterations exceeded
Elapsed time:       29.988912
Score R:   0.00041211475
R_k    :   0.00062299523   0.00068116170   0.00016175985   0.00011965204
   0.00025988110   0.00062723857

in:      0.61315012       1.0000000       1.4769326      0.36923316
     0.061315015      0.75000000
(out-in)/in:  -0.00062299523     0.044637563    -0.028160976    -0.055590343
     -0.38844114     -0.31288029
calculating initial guess...
Elapsed time:     0.014792204
Minimization...
FRPRMN maximum iterations exceeded
Elapsed time:       27.789303
Score R:   4.9288775e-09
R_k    :   2.4104327e-09   3.6469629e-09   1.2195155e-08   1.6046858e-09
   3.1580751e-09   6.5579537e-09

in:      0.61315012       1.0000000       1.4769326      0.36923316
      0.15328753      0.75000000
(out-in)/in:  -2.4104327e-09  -1.2730396e-06   1.3463108e-06  -1.0649108e-06
   1.0420229e-05  -2.3917883e-05
calculating initial guess...
Elapsed time:     0.014748096
Minimization...
FRPRMN maximum iterations exceeded
Elapsed time:       27.494600
Score R:   1.0731515e-07
R_k    :   1.0628308e-07   3.2050378e-08   2.2619070e-07   2.1596923e-08
   1.4472359e-07   1.1304627e-07

in:      0.61315012       1.0000000       1.4769326      0.36923316
      0.30657506      0.75000000
(out-in)/in:  -1.0628308e-07  -8.5161543e-06   8.6039151e-06  -1.1217740e-05
   1.9952465e-05  -6.2870736e-05
calculating initial guess...
Elapsed time:     0.014777899
Minimization...
FRPRMN maximum iterations exceeded
Elapsed time:       32.156211
Score R:   7.1342969e-05
R_k    :   0.00013464735   7.1245200e-05   1.5246712e-05   7.8773816e-05
   0.00011233881   1.5805925e-05

in:      0.61315012       1.0000000       1.4769326      0.73846631
     0.061315015      0.75000000
(out-in)/in:  -0.00013464735    0.0038721691    0.0032795165    0.0043138372
     0.047295299     0.023068222
calculating initial guess...
Elapsed time:     0.014679909
Minimization...
Elapsed time:       25.322525
Score R:   3.3081176e-09
R_k    :   1.3090598e-10   2.3523545e-09   8.6186940e-09   1.2372224e-09
   3.8424564e-09   3.6670723e-09

in:      0.61315012       1.0000000       1.4769326      0.73846631
      0.15328753      0.75000000
(out-in)/in:   1.3090598e-10  -1.4630026e-07   1.0173607e-07  -1.5703004e-07
   5.2344438e-07  -1.0821368e-06
calculating initial guess...
Elapsed time:     0.014765978
Minimization...
FRPRMN maximum iterations exceeded
Elapsed time:       28.975199
Score R:   7.8996251e-06
R_k    :   6.4456296e-07   5.6116559e-06   2.1026934e-05   2.6392183e-06
   9.2098495e-06   8.2655304e-06

in:      0.61315012       1.0000000       1.4769326      0.73846631
      0.30657506      0.75000000
(out-in)/in:   6.4456296e-07  -0.00040236909    0.0011422457  -0.00074670156
   0.00076693555   -0.0040811235


Total elapsed time (whole experiment):       1829.3503
% Program caused arithmetic error: Floating underflow
% Program caused arithmetic error: Floating overflow
% Program caused arithmetic error: Floating illegal operand
