IDL Version 7.1 (linux x86_64 m64). (c) 2009, ITT Visual Information Solutions
Installation number: .
Licensed for use by: IA-BAS

% Compiled module: WRAPPER.
% Compiled module: EXP_CONTRL_V2.
Minimization of cost_function_cs

Downhill simplex Method
% Compiled module: MAKE_GRID.
Created  Ln-Uniform Grid NTe x NNe = :      50    x      50

% Compiled module: XREAD.
% Compiled module: SET_TOMROOT.
% Compiled module: LOAD_TABLES.
% Compiled module: LOAD_G_TABLE.
% Compiled module: MAKE_SK_OVER_FIP_FACTOR.
% Compiled module: S_FUNCTION.
% Compiled module: G_FUNCTION.
% Compiled module: FINDVAL3D_FUNCTION.
% Compiled module: FINDVAL2D_FUNCTION.
% Compiled module: INTERPOL.
% Compiled module: LOAD_UNITS.
% Compiled module: CHANGE_UNITS_GRID.
% Compiled module: MAKE_GUESS_INI_WITH_DEMT.
calculating initial guess...
% Compiled module: COST_FUNCTION_CS.
% Compiled module: E_FUNCTION_CS.
% Compiled module: P_FUNCTION_CS.
% Compiled module: ARRAY_INDICES.
Elapsed time:     0.015201092
Minimization...
% Compiled module: MINIMIZADOR.
% Compiled module: AMOEBA.
Elapsed time:      0.59507108
% Compiled module: SYNTH_Y_VALUES_CS.
% Compiled module: MEAN.
% Compiled module: MOMENT.
Score R:   4.7601762e-05
R_k    :   1.7205006e-06   2.6733284e-05   0.00012851260   1.3741945e-05
   2.5111567e-05   8.9790676e-05

in:      0.61315012      0.25000000       1.4769326      0.14769327
     0.061315015      0.25000000
(out-in)/in:   1.7205006e-06   -0.0072396679   0.00012443729   -0.0023028083
     -0.23528473     -0.30084376
calculating initial guess...
Elapsed time:     0.014827013
Minimization...
Elapsed time:      0.36607409
Score R:   3.4129301e-05
R_k    :   3.2304723e-06   2.6541675e-05   9.2184377e-05   8.6900630e-06
   1.7520436e-05   5.6608786e-05

in:      0.61315012      0.25000000       1.4769326      0.14769327
      0.15328753      0.25000000
(out-in)/in:  -3.2304723e-06    0.0024019631   -0.0012393790   0.00067888696
    -0.020733822      0.12457239
calculating initial guess...
Elapsed time:     0.014852047
Minimization...
Elapsed time:      0.34600520
Score R:   0.00014943071
R_k    :   1.1178343e-05   0.00011823362   0.00040740547   3.2780501e-05
   8.6892500e-05   0.00024009384

in:      0.61315012      0.25000000       1.4769326      0.14769327
      0.30657506      0.25000000
(out-in)/in:  -1.1178343e-05     0.014043662   -0.0077692761    0.0074963728
    -0.036145682      0.40773028
calculating initial guess...
Elapsed time:     0.014626980
Minimization...
Elapsed time:      0.50168586
Score R:   1.5953130e-05
R_k    :   4.5025219e-07   1.2352762e-05   4.3076800e-05   4.7043356e-06
   1.1699730e-05   2.3434903e-05

in:      0.61315012      0.25000000       1.4769326      0.36923316
     0.061315015      0.25000000
(out-in)/in:  -4.5025219e-07   -0.0012711622  -0.00054626201   0.00035300226
    -0.028044197     0.037072077
calculating initial guess...
Elapsed time:     0.014712095
Minimization...
Elapsed time:      0.42167902
Score R:   0.00040969341
R_k    :   5.5850405e-05   0.00032048543    0.0010741731   0.00011588552
   0.00029942760   0.00059233840

in:      0.61315012      0.25000000       1.4769326      0.36923316
      0.15328753      0.25000000
(out-in)/in:   5.5850405e-05    -0.027441209     0.032252676   -0.0031190397
      0.21833826      -1.0785638
calculating initial guess...
Elapsed time:     0.014727116
Minimization...
Elapsed time:      0.35545111
Score R:   0.00034141758
R_k    :   2.0667051e-05   0.00026814350   0.00092241167   9.0423372e-05
   0.00025757831   0.00048928155

in:      0.61315012      0.25000000       1.4769326      0.36923316
      0.30657506      0.25000000
(out-in)/in:   2.0667051e-05    -0.029284119     0.039140722   -0.0076733529
     0.075214216     -0.78609676
calculating initial guess...
Elapsed time:     0.014648914
Minimization...
Elapsed time:      0.60151291
Score R:    0.0045055812
R_k    :    0.0020717741     0.011564951    0.0067978418    0.0011222404
    0.0016006322    0.0038760472

in:      0.61315012      0.25000000       1.4769326      0.73846631
     0.061315015      0.25000000
(out-in)/in:   -0.0020717741      0.10749104     -0.16105364      0.20765240
     0.066573982       2.2256766
calculating initial guess...
Elapsed time:     0.014621973
Minimization...
Elapsed time:      0.97824693
Score R:   3.8721407e-07
R_k    :   8.6576916e-08   7.4618920e-07   5.2152576e-08   2.1620619e-07
   7.4412242e-07   4.7803714e-07

in:      0.61315012      0.25000000       1.4769326      0.73846631
      0.15328753      0.25000000
(out-in)/in:  -8.6576916e-08  -9.5928382e-06   2.7808242e-05  -4.3756911e-06
   8.0867741e-05  -0.00054380957
calculating initial guess...
Elapsed time:     0.014825106
Minimization...
Elapsed time:      0.49852204
Score R:   0.00026339056
R_k    :   1.9651474e-07   0.00018656790   0.00070990121   9.6359669e-05
   0.00031168410   0.00027563396

in:      0.61315012      0.25000000       1.4769326      0.73846631
      0.30657506      0.25000000
(out-in)/in:  -1.9651474e-07     0.016088074    -0.050189336     0.010989856
    -0.040714837      0.53128963
calculating initial guess...
Elapsed time:     0.019235134
Minimization...
Elapsed time:      0.57743716
Score R:   0.00026951454
R_k    :   0.00017780658   0.00049086797   0.00069579167   2.2262595e-05
   5.5908599e-05   0.00017444982

in:      0.61315012      0.25000000       1.4769326      0.14769327
     0.061315015      0.50000000
(out-in)/in:  -0.00017780658   -0.0037825774   -0.0022927863    0.0031762362
    -0.073400509      0.18394114
calculating initial guess...
Elapsed time:     0.014752865
Minimization...
Elapsed time:      0.95620799
Score R:   1.1821965e-05
R_k    :   1.8801701e-05   1.3904191e-05   6.1732479e-06   7.1592734e-06
   3.8069073e-06   2.1086469e-05

in:      0.61315012      0.25000000       1.4769326      0.14769327
      0.15328753      0.50000000
(out-in)/in:  -1.8801701e-05  -0.00036290165   0.00020255292  -0.00019352872
    0.0034602020    -0.011337319
calculating initial guess...
Elapsed time:     0.014880896
Minimization...
Elapsed time:      0.35179996
Score R:   0.00045498516
R_k    :   2.7513818e-05   0.00035830693    0.0012306500   0.00011617176
   0.00029083010   0.00070643833

in:      0.61315012      0.25000000       1.4769326      0.14769327
      0.30657506      0.50000000
(out-in)/in:   2.7513818e-05    -0.042011028     0.026623167    -0.029550416
      0.10750910     -0.67148929
calculating initial guess...
Elapsed time:     0.014790058
Minimization...
Elapsed time:      0.47587681
Score R:   0.00032762910
R_k    :   2.6128814e-05   0.00024598656   0.00087933610   9.0507384e-05
   0.00023906613   0.00048474961

in:      0.61315012      0.25000000       1.4769326      0.36923316
     0.061315015      0.50000000
(out-in)/in:   2.6128814e-05    0.0029504865    0.0083198047   -0.0093614726
      0.23042718     -0.38127386
calculating initial guess...
Elapsed time:     0.014753819
Minimization...
Elapsed time:      0.35806298
Score R:   0.00012538824
R_k    :   9.8534404e-06   9.8658097e-05   0.00033748417   3.2631857e-05
   9.6967044e-05   0.00017673485

in:      0.61315012      0.25000000       1.4769326      0.36923316
      0.15328753      0.50000000
(out-in)/in:   9.8534404e-06   -0.0078151126    0.0085560170   -0.0036831399
     0.065130501     -0.18923317
calculating initial guess...
Elapsed time:     0.014703035
Minimization...
Elapsed time:      0.38886905
Score R:   1.2268937e-05
R_k    :   2.7322111e-07   9.9702499e-06   3.3463559e-05   2.6173777e-06
   1.0569939e-05   1.6719273e-05

in:      0.61315012      0.25000000       1.4769326      0.36923316
      0.30657506      0.50000000
(out-in)/in:  -2.7322111e-07  -0.00094391628    0.0011429883  -0.00082633860
    0.0023632510    -0.012277368
calculating initial guess...
Elapsed time:     0.014627934
Minimization...
Elapsed time:      0.69105005
Score R:   0.00083552133
R_k    :   0.00075422063    0.0020207005    0.0011503454   0.00010285242
   4.2626359e-05   0.00094238270

in:      0.61315012      0.25000000       1.4769326      0.73846631
     0.061315015      0.50000000
(out-in)/in:  -0.00075422063    0.0066366351    -0.019971290     0.014697748
     0.018861221      0.22435107
calculating initial guess...
Elapsed time:     0.014686108
Minimization...
Elapsed time:      0.79763794
Score R:    0.0094374907
R_k    :     0.015280588     0.017821631    0.0013056041    0.0024312981
    0.0074090077     0.012376814

in:      0.61315012      0.25000000       1.4769326      0.73846631
      0.15328753      0.50000000
(out-in)/in:     0.015280588    0.0021674201     -0.17760084      0.21478098
     -0.76108727      0.27153135
calculating initial guess...
Elapsed time:     0.014684916
Minimization...
Elapsed time:       2.9001589
Score R:       182.03234
R_k    :       1087.1940       1.0000000       1.0000000       1.0000000
       1.0000000       1.0000000

in:      0.61315012      0.25000000       1.4769326      0.73846631
      0.30657506      0.50000000
(out-in)/in:      -1087.1940      -2665.0000      -451.93458      -902.86917
      -2173.3881      -1333.0000
calculating initial guess...
Elapsed time:     0.014802933
Minimization...
Elapsed time:      0.49157000
Score R:   6.0669508e-05
R_k    :   2.5367456e-05   8.8593081e-05   0.00016456276   7.0398941e-06
   1.8651870e-05   5.9801989e-05

in:      0.61315012      0.25000000       1.4769326      0.14769327
     0.061315015      0.75000000
(out-in)/in:  -2.5367456e-05  -0.00032013386  -0.00036152599   0.00085824325
   -0.0053099206     0.021994091
calculating initial guess...
Elapsed time:     0.014782906
Minimization...
Elapsed time:      0.34462810
Score R:   0.00051858776
R_k    :   3.0220287e-05   0.00041527013    0.0014087241   0.00011990122
   0.00031750756   0.00081990322

in:      0.61315012      0.25000000       1.4769326      0.14769327
      0.15328753      0.75000000
(out-in)/in:   3.0220287e-05    -0.037293484     0.020966667    -0.025455497
      0.28931528     -0.66268839
calculating initial guess...
Elapsed time:     0.014832973
Minimization...
Elapsed time:      0.31953716
Score R:   0.00083664875
R_k    :   3.6681903e-05   0.00066868999    0.0022928013   0.00020429444
   0.00058828298    0.0012291419

in:      0.61315012      0.25000000       1.4769326      0.14769327
      0.30657506      0.75000000
(out-in)/in:   3.6681903e-05    -0.078922200     0.055491423    -0.079107406
      0.20162904     -0.92242276
calculating initial guess...
Elapsed time:     0.014630079
Minimization...
Elapsed time:      0.81776404
Score R:   0.00048757213
R_k    :    0.0010353184   0.00055344815   0.00050154318   0.00027511484
   0.00052155247   3.8455674e-05

in:      0.61315012      0.25000000       1.4769326      0.36923316
     0.061315015      0.75000000
(out-in)/in:   -0.0010353184    0.0042342390   -0.0014360180    0.0016923466
     0.043853862     0.044605644
calculating initial guess...
Elapsed time:     0.014753103
Minimization...
Elapsed time:      0.32638693
Score R:   0.00096969426
R_k    :   8.0667904e-05   0.00077472035    0.0026484234   0.00022138909
   0.00074574440    0.0013472204

in:      0.61315012      0.25000000       1.4769326      0.36923316
      0.15328753      0.75000000
(out-in)/in:   8.0667904e-05    -0.061974038     0.085126402    -0.030907949
      0.45750165     -0.97822196
calculating initial guess...
Elapsed time:     0.014678955
Minimization...
Elapsed time:      0.32589793
Score R:    0.0010768374
R_k    :   5.4724018e-05   0.00086871451    0.0029841317   0.00022374632
   0.00090657374    0.0014231343

in:      0.61315012      0.25000000       1.4769326      0.36923316
      0.30657506      0.75000000
(out-in)/in:   5.4724018e-05    -0.085655542      0.17511470    -0.082820258
      0.21016522      -1.1757485
calculating initial guess...
Elapsed time:     0.014626026
Minimization...
Elapsed time:       3.0399590
Score R:       182.03234
R_k    :       1087.1940       1.0000000       1.0000000       1.0000000
       1.0000000       1.0000000

in:      0.61315012      0.25000000       1.4769326      0.73846631
     0.061315015      0.75000000
(out-in)/in:      -1087.1940      -2665.0000      -451.93458      -902.86917
      -10862.940      -889.00000
calculating initial guess...
Elapsed time:     0.014678001
Minimization...
Elapsed time:       1.1291940
Score R:   1.6648291e-06
R_k    :   2.1057258e-06   3.3256591e-06   1.9267493e-06   3.3442908e-07
   2.0744235e-08   2.2756673e-06

in:      0.61315012      0.25000000       1.4769326      0.73846631
      0.15328753      0.75000000
(out-in)/in:   2.1057258e-06  -3.8329665e-05   0.00012849078  -4.1305958e-05
   0.00031942454  -0.00099716983
calculating initial guess...
Elapsed time:     0.014533997
Minimization...
Elapsed time:      0.70547581
Score R:     0.014065196
R_k    :    0.0079873075     0.020082954     0.010589044    0.0029914085
     0.016460153     0.026280309

in:      0.61315012      0.25000000       1.4769326      0.73846631
      0.30657506      0.75000000
(out-in)/in:   -0.0079873075      0.17949225     -0.13840604      0.38248116
      0.28462563      0.33189033
calculating initial guess...
Elapsed time:     0.014896154
Minimization...
Elapsed time:       1.1077919
Score R:   5.5963083e-05
R_k    :   7.7564564e-06   2.3568381e-05   0.00014735899   1.6808619e-05
   3.0830876e-05   0.00010945517

in:      0.61315012      0.50000000       1.4769326      0.14769327
     0.061315015      0.25000000
(out-in)/in:   7.7564564e-06   -0.0083536007  -0.00057316510   -0.0012473979
     -0.18740129    -0.093525275
calculating initial guess...
Elapsed time:     0.014887094
Minimization...
Elapsed time:       2.9688258
Score R:       182.03234
R_k    :       1087.1940       1.0000000       1.0000000       1.0000000
       1.0000000       1.0000000

in:      0.61315012      0.50000000       1.4769326      0.14769327
      0.15328753      0.25000000
(out-in)/in:      -1087.1940      -1333.0000      -451.93458      -4510.3458
      -4345.7761      -2665.0000
calculating initial guess...
Elapsed time:     0.014836073
Minimization...
Elapsed time:      0.69609618
Score R:   4.3080135e-07
R_k    :   2.6267349e-07   1.3653818e-07   5.8526663e-07   2.3728449e-07
   1.1746019e-06   1.8844339e-07

in:      0.61315012      0.50000000       1.4769326      0.14769327
      0.30657506      0.25000000
(out-in)/in:  -2.6267349e-07   7.1882742e-06  -4.1987730e-06   2.8742266e-07
  -1.5655730e-05   0.00021212287
calculating initial guess...
Elapsed time:     0.014674902
Minimization...
Elapsed time:       1.0447900
Score R:   9.5366425e-05
R_k    :   0.00012598413   3.4381114e-05   0.00018337912   2.2488949e-05
   7.9500338e-05   0.00012646490

in:      0.61315012      0.50000000       1.4769326      0.36923316
     0.061315015      0.25000000
(out-in)/in:   0.00012598413    0.0025728046    0.0037296126   -0.0020601490
      0.16795452     -0.35242239
calculating initial guess...
Elapsed time:     0.014713049
Minimization...
Elapsed time:      0.34060121
Score R:   0.00026425772
R_k    :   2.4899724e-05   0.00021067369   0.00070342228   7.3607558e-05
   0.00017991334   0.00039302971

in:      0.61315012      0.50000000       1.4769326      0.36923316
      0.15328753      0.25000000
(out-in)/in:   2.4899724e-05    -0.017443174     0.019819060   -0.0028054101
      0.14243664     -0.70644899
calculating initial guess...
Elapsed time:     0.014689207
Minimization...
Elapsed time:      0.32030296
Score R:   0.00012064843
R_k    :   4.8393227e-06   9.3095204e-05   0.00032831220   3.2215766e-05
   9.2645596e-05   0.00017278247

in:      0.61315012      0.50000000       1.4769326      0.36923316
      0.30657506      0.25000000
(out-in)/in:  -4.8393227e-06    0.0096596673    -0.011369720    0.0042045634
    -0.024851811      0.24161085
calculating initial guess...
Elapsed time:     0.014625072
Minimization...
Elapsed time:      0.81408286
Score R:   8.0122596e-06
R_k    :   2.3077371e-07   2.1512895e-06   2.6049534e-05   7.1716410e-06
   4.2392104e-06   8.2311087e-06

in:      0.61315012      0.50000000       1.4769326      0.73846631
     0.061315015      0.25000000
(out-in)/in:  -2.3077371e-07  -0.00087228950  -0.00073529499   0.00030606764
    -0.020936478     0.022060975
calculating initial guess...
Elapsed time:     0.014698029
Minimization...
Elapsed time:      0.40209699
Score R:   6.2620318e-05
R_k    :   6.9723383e-08   4.5754524e-05   0.00016337982   2.1308337e-05
   6.6093118e-05   7.9116390e-05

in:      0.61315012      0.50000000       1.4769326      0.73846631
      0.15328753      0.25000000
(out-in)/in:  -6.9723383e-08   -0.0036317799     0.010644471   -0.0011596679
     0.030582482     -0.20169815
calculating initial guess...
Elapsed time:     0.014701128
Minimization...
Elapsed time:      0.35782409
Score R:   0.00035883585
R_k    :   1.6042944e-05   0.00026858048   0.00092673943   0.00013652666
   0.00040278570   0.00040233987

in:      0.61315012      0.50000000       1.4769326      0.73846631
      0.30657506      0.25000000
(out-in)/in:   1.6042944e-05    -0.027063454      0.11798239   -0.0085291135
     0.068591196      -1.1700382
calculating initial guess...
Elapsed time:     0.014910936
Minimization...
Elapsed time:      0.54288220
Score R:    0.0011466419
R_k    :   8.8895850e-05   0.00088444523    0.0031038724   0.00029005503
   0.00055801751    0.0019545652

in:      0.61315012      0.50000000       1.4769326      0.14769327
     0.061315015      0.50000000
(out-in)/in:   8.8895850e-05     -0.11386626     0.080068903     0.086423339
       2.8472578      -2.9164717
calculating initial guess...
Elapsed time:     0.014837980
Minimization...
Elapsed time:      0.55113196
Score R:   0.00027689518
R_k    :   3.2954604e-05   0.00025265681   0.00058900941   2.4476933e-05
   0.00036672689   0.00039554640

in:      0.61315012      0.50000000       1.4769326      0.14769327
      0.15328753      0.50000000
(out-in)/in:  -3.2954604e-05    -0.016720667    0.0090673146   -0.0087371802
      0.13794604     -0.44514227
calculating initial guess...
Elapsed time:     0.014788151
Minimization...
Elapsed time:      0.32144785
Score R:   0.00030548774
R_k    :   2.1231942e-05   0.00024760805   0.00083071583   7.8386857e-05
   0.00019182815   0.00046315563

in:      0.61315012      0.50000000       1.4769326      0.14769327
      0.30657506      0.50000000
(out-in)/in:   2.1231942e-05    -0.028135091     0.017257891    -0.022722439
     0.071922327     -0.43978589
calculating initial guess...
Elapsed time:     0.014672995
Minimization...
Elapsed time:       2.9690790
Score R:       182.03234
R_k    :       1087.1940       1.0000000       1.0000000       1.0000000
       1.0000000       1.0000000

in:      0.61315012      0.50000000       1.4769326      0.36923316
     0.061315015      0.50000000
(out-in)/in:      -1087.1940      -1333.0000      -451.93458      -1804.7383
      -10862.940      -1333.0000
calculating initial guess...
Elapsed time:     0.014796019
Minimization...
Elapsed time:      0.79889488
Score R:   3.4765690e-07
R_k    :   1.2934147e-08   5.0768354e-07   3.4235470e-07   2.6396563e-07
   1.6196215e-09   9.5738375e-07

in:      0.61315012      0.50000000       1.4769326      0.36923316
      0.15328753      0.50000000
(out-in)/in:   1.2934147e-08  -1.4543743e-05   1.6174156e-05  -6.1105861e-06
   0.00012904180  -0.00038044503
calculating initial guess...
Elapsed time:     0.014688015
Minimization...
Elapsed time:      0.65204787
Score R:   1.6565139e-06
R_k    :   8.7811064e-07   2.3649501e-06   9.4721945e-07   8.1931928e-07
   1.4107502e-06   3.5187338e-06

in:      0.61315012      0.50000000       1.4769326      0.36923316
      0.30657506      0.50000000
(out-in)/in:  -8.7811064e-07  -7.3842350e-05   9.1652791e-05  -6.5026455e-05
   0.00019252190  -0.00098189816
calculating initial guess...
Elapsed time:     0.014674902
Minimization...
Elapsed time:      0.58470702
Score R:   0.00044079425
R_k    :   3.0883179e-06   0.00027356756    0.0011363773   0.00018538807
   0.00049492099   0.00055142323

in:      0.61315012      0.50000000       1.4769326      0.73846631
     0.061315015      0.50000000
(out-in)/in:   3.0883179e-06    -0.041783196      0.24845487     0.018865157
       1.4463180      -2.6629362
calculating initial guess...
Elapsed time:     0.014778137
Minimization...
Elapsed time:      0.38545489
Score R:   0.00018592169
R_k    :   1.3837693e-05   0.00014825320   0.00047480645   6.1833058e-05
   0.00019861913   0.00021818060

in:      0.61315012      0.50000000       1.4769326      0.73846631
      0.15328753      0.50000000
(out-in)/in:   1.3837693e-05   -0.0090255467     0.027911537   -0.0058506248
     0.074214732     -0.28311797
calculating initial guess...
Elapsed time:     0.014725924
Minimization...
Elapsed time:      0.65946698
Score R:   9.4907995e-08
R_k    :   6.0185749e-08   2.1317305e-08   2.1117262e-07   3.4346459e-08
   1.2933064e-07   1.1309519e-07

in:      0.61315012      0.50000000       1.4769326      0.73846631
      0.30657506      0.50000000
(out-in)/in:   6.0185749e-08    -0.025217350      0.43607498    0.0080029619
     0.054777521      -2.1584494
calculating initial guess...
Elapsed time:     0.014807940
Minimization...
Elapsed time:      0.43120599
Score R:    0.0017270859
R_k    :   0.00025683338   0.00071499264    0.0045635600   0.00041971997
   0.00081710485    0.0035903046

in:      0.61315012      0.50000000       1.4769326      0.14769327
     0.061315015      0.75000000
(out-in)/in:  -0.00025683338    -0.094744118     0.089635672     0.072698636
       2.9527542      -2.3093942
calculating initial guess...
Elapsed time:     0.014831066
Minimization...
Elapsed time:       1.0554092
Score R:   1.7118760e-06
R_k    :   1.2134738e-06   2.7364278e-06   6.5655146e-07   7.9454985e-07
   3.9857895e-06   8.8446358e-07

in:      0.61315012      0.50000000       1.4769326      0.14769327
      0.15328753      0.75000000
(out-in)/in:   1.2134738e-06  -5.2142246e-05   2.7691546e-05  -6.1190082e-05
   0.00043825680   -0.0011237512
calculating initial guess...
Elapsed time:     0.014855862
Minimization...
Elapsed time:      0.72926497
Score R:   2.3086368e-07
R_k    :   3.3327666e-07   2.7290465e-07   1.5475335e-07   1.6501209e-07
   1.2031490e-07   3.3892046e-07

in:      0.61315012      0.50000000       1.4769326      0.14769327
      0.30657506      0.75000000
(out-in)/in:  -3.3327666e-07   1.0084505e-07   2.7868405e-07   6.1677779e-07
   1.4069574e-06  -5.0549001e-06
calculating initial guess...
Elapsed time:     0.014756918
Minimization...
Elapsed time:       1.1406510
Score R:   0.00071226420
R_k    :    0.0022785500   0.00039703106   0.00034155944   0.00022422288
   0.00045402179   0.00057819999

in:      0.61315012      0.50000000       1.4769326      0.36923316
     0.061315015      0.75000000
(out-in)/in:   -0.0022785500     0.072454715    -0.028282628    -0.065017850
     -0.40362392     -0.33427883
calculating initial guess...
Elapsed time:     0.014782906
Minimization...
Elapsed time:      0.89936686
Score R:   2.6091728e-07
R_k    :   8.8639521e-08   5.4764641e-07   3.8080235e-08   6.4183769e-07
   8.5913481e-08   1.6338635e-07

in:      0.61315012      0.50000000       1.4769326      0.36923316
      0.15328753      0.75000000
(out-in)/in:   8.8639521e-08  -2.3811117e-06   3.4965955e-06  -1.9194940e-06
   2.0396849e-05  -5.6302464e-05
calculating initial guess...
Elapsed time:     0.014680147
Minimization...
Elapsed time:      0.87486196
Score R:   1.7455382e-07
R_k    :   1.2750410e-07   2.6485366e-07   3.2078137e-09   3.0733732e-07
   3.0432547e-07   4.0094550e-08

in:      0.61315012      0.50000000       1.4769326      0.36923316
      0.30657506      0.75000000
(out-in)/in:   1.2750410e-07  -5.6107686e-06   5.7227612e-06  -8.0175267e-06
   1.1932770e-05  -4.0931749e-05
calculating initial guess...
Elapsed time:     0.014839172
Minimization...
Elapsed time:       1.4645181
Score R:   1.2507348e-05
R_k    :   4.9119468e-06   2.2309463e-05   2.0591451e-05   1.5603285e-06
   1.7630782e-06   2.3907820e-05

in:      0.61315012      0.50000000       1.4769326      0.73846631
     0.061315015      0.75000000
(out-in)/in:  -4.9119468e-06    0.0016454998    0.0013153032    0.0022298948
     0.018438984    0.0094575760
calculating initial guess...
Elapsed time:     0.014721870
Minimization...
Elapsed time:       2.9622989
Score R:       182.03234
R_k    :       1087.1940       1.0000000       1.0000000       1.0000000
       1.0000000       1.0000000

in:      0.61315012      0.50000000       1.4769326      0.73846631
      0.15328753      0.75000000
(out-in)/in:      -1087.1940      -1333.0000      -451.93458      -902.86917
      -4345.7761      -889.00000
calculating initial guess...
Elapsed time:     0.014530897
Minimization...
Elapsed time:       3.0292709
Score R:       182.03234
R_k    :       1087.1940       1.0000000       1.0000000       1.0000000
       1.0000000       1.0000000

in:      0.61315012      0.50000000       1.4769326      0.73846631
      0.30657506      0.75000000
(out-in)/in:      -1087.1940      -1333.0000      -451.93458      -902.86917
      -2173.3881      -889.00000
calculating initial guess...
Elapsed time:     0.014735937
Minimization...
Elapsed time:      0.54236984
Score R:   0.00047798595
R_k    :   0.00040887770    0.0011095910   0.00050192018   0.00018316858
   0.00019292767   0.00047143059

in:      0.61315012       1.0000000       1.4769326      0.14769327
     0.061315015      0.25000000
(out-in)/in:  -0.00040887770   -0.0049865456   -0.0025252222    0.0022308360
     -0.12095450      0.39252545
calculating initial guess...
Elapsed time:     0.014674902
Minimization...
Elapsed time:      0.36407685
Score R:   4.3438729e-05
R_k    :   8.5319061e-06   2.7129237e-05   0.00012008408   1.0266299e-05
   2.1589288e-05   7.3031571e-05

in:      0.61315012       1.0000000       1.4769326      0.14769327
      0.15328753      0.25000000
(out-in)/in:  -8.5319061e-06    0.0030934522   -0.0015867882   0.00087825775
    -0.026690757      0.16046305
calculating initial guess...
Elapsed time:     0.014847994
Minimization...
Elapsed time:      0.38694406
Score R:   4.3500755e-06
R_k    :   3.5448075e-07   3.2838539e-06   1.1427723e-05   1.2562319e-06
   2.5395418e-06   7.2386219e-06

in:      0.61315012       1.0000000       1.4769326      0.14769327
      0.30657506      0.25000000
(out-in)/in:   3.5448075e-07  -0.00040459603   0.00023023421  -0.00018181627
    0.0010396781    -0.011877968
calculating initial guess...
Elapsed time:     0.014601946
Minimization...
Elapsed time:      0.95572901
Score R:   4.4016262e-05
R_k    :   5.0340232e-05   2.1898787e-05   5.5351731e-05   1.0423010e-05
   3.9030571e-05   8.7053239e-05

in:      0.61315012       1.0000000       1.4769326      0.36923316
     0.061315015      0.25000000
(out-in)/in:  -5.0340232e-05    0.0018764575   0.00099703915  -0.00056502623
     0.051654033    -0.085794159
calculating initial guess...
Elapsed time:     0.014781952
Minimization...
Elapsed time:      0.67575407
Score R:   7.0622885e-07
R_k    :   1.3034923e-08   3.1845503e-07   2.0637029e-06   7.6420443e-07
   4.1216150e-07   6.6581426e-07

in:      0.61315012       1.0000000       1.4769326      0.36923316
      0.15328753      0.25000000
(out-in)/in:   1.3034923e-08   2.7612454e-05  -2.9265914e-05   7.8042223e-06
  -0.00023265927    0.0012089289
calculating initial guess...
Elapsed time:     0.014750957
Minimization...
Elapsed time:       3.0263400
Score R:       182.03234
R_k    :       1087.1940       1.0000000       1.0000000       1.0000000
       1.0000000       1.0000000

in:      0.61315012       1.0000000       1.4769326      0.36923316
      0.30657506      0.25000000
(out-in)/in:      -1087.1940      -667.00000      -451.93458      -1804.7383
      -2173.3881      -2665.0000
calculating initial guess...
Elapsed time:     0.014708996
Minimization...
Elapsed time:      0.43149114
Score R:   3.6902461e-05
R_k    :   4.5613614e-06   3.4206730e-05   8.7839932e-05   1.1232023e-05
   4.3553074e-05   4.0021645e-05

in:      0.61315012       1.0000000       1.4769326      0.73846631
     0.061315015      0.25000000
(out-in)/in:   4.5613614e-06    0.0022374784    0.0039314940   -0.0015768274
     0.086432798     -0.16879196
calculating initial guess...
Elapsed time:     0.014836073
Minimization...
Elapsed time:      0.35264111
Score R:   3.4508637e-05
R_k    :   1.1699340e-06   1.8684621e-05   8.9273202e-05   1.6879318e-05
   3.8846595e-05   4.2198150e-05

in:      0.61315012       1.0000000       1.4769326      0.73846631
      0.15328753      0.25000000
(out-in)/in:   1.1699340e-06    0.0019625026   -0.0054924929   0.00070510128
    -0.016747667      0.10933575
calculating initial guess...
Elapsed time:     0.014719963
Minimization...
Elapsed time:      0.79589701
Score R:   5.0691259e-07
R_k    :   8.6824818e-08   2.6976640e-07   7.2470740e-07   6.5052948e-07
   5.9875745e-07   7.1088999e-07

in:      0.61315012       1.0000000       1.4769326      0.73846631
      0.30657506      0.25000000
(out-in)/in:   8.6824818e-08   5.4960835e-06  -2.1517906e-05   3.9381034e-06
  -1.2044977e-05   0.00022101302
calculating initial guess...
Elapsed time:     0.014725924
Minimization...
Elapsed time:      0.74689913
Score R:   0.00015516946
R_k    :   1.6802674e-05   1.6680469e-05   0.00034020387   4.9688081e-05
   0.00016835579   0.00033928587

in:      0.61315012       1.0000000       1.4769326      0.14769327
     0.061315015      0.50000000
(out-in)/in:   1.6802674e-05    0.0030254323    0.0023395134   -0.0068384040
      0.17791402     -0.30191774
calculating initial guess...
Elapsed time:     0.014692068
Minimization...
Elapsed time:      0.72007203
Score R:   4.1368410e-08
R_k    :   8.6531198e-09   7.4927882e-09   1.0973521e-07   7.6580349e-09
   9.5333048e-08   1.9338259e-08

in:      0.61315012       1.0000000       1.4769326      0.14769327
      0.15328753      0.50000000
(out-in)/in:  -8.6531198e-09  -3.3280998e-06   1.7222653e-06  -2.1399776e-06
   2.8785943e-05  -9.6541999e-05
calculating initial guess...
Elapsed time:     0.014853001
Minimization...
Elapsed time:      0.75630498
Score R:   7.7698129e-08
R_k    :   2.1871276e-07   8.1679003e-08   7.1654718e-08   4.9768601e-08
   3.3696162e-10   4.4036728e-08

in:      0.61315012       1.0000000       1.4769326      0.14769327
      0.30657506      0.50000000
(out-in)/in:   2.1871276e-07   1.3609087e-06  -7.7444835e-07   1.2499602e-06
  -4.4471733e-06   2.0858813e-05
calculating initial guess...
Elapsed time:     0.014607906
Minimization...
Elapsed time:      0.97477889
Score R:   3.0029382e-07
R_k    :   1.4944839e-07   5.8302810e-07   1.1455142e-07   6.4563430e-07
   2.4916984e-07   5.9930878e-08

in:      0.61315012       1.0000000       1.4769326      0.36923316
     0.061315015      0.50000000
(out-in)/in:   1.4944839e-07  -9.8961424e-07   4.2400309e-07  -6.1546631e-07
  -1.7300025e-05  -2.3379170e-05
calculating initial guess...
Elapsed time:     0.014709949
Minimization...
Elapsed time:      0.83439779
Score R:   4.2217104e-08
R_k    :   3.3186400e-08   4.0914971e-08   2.4873166e-08   2.4198469e-08
   2.9537748e-08   1.0059187e-07

in:      0.61315012       1.0000000       1.4769326      0.36923316
      0.15328753      0.50000000
(out-in)/in:   3.3186400e-08   3.4618817e-07  -4.5948345e-07   4.6062031e-07
  -2.6399138e-06   1.0638895e-05
calculating initial guess...
Elapsed time:     0.014749050
Minimization...
Elapsed time:       2.9483089
Score R:       182.03234
R_k    :       1087.1940       1.0000000       1.0000000       1.0000000
       1.0000000       1.0000000

in:      0.61315012       1.0000000       1.4769326      0.36923316
      0.30657506      0.50000000
(out-in)/in:      -1087.1940      -667.00000      -451.93458      -1804.7383
      -2173.3881      -1333.0000
calculating initial guess...
Elapsed time:     0.014642954
Minimization...
Elapsed time:       1.2671568
Score R:   4.6701287e-07
R_k    :   2.4591206e-07   8.1408911e-07   8.2092624e-09   6.5761619e-07
   3.7604003e-07   7.0021056e-07

in:      0.61315012       1.0000000       1.4769326      0.73846631
     0.061315015      0.50000000
(out-in)/in:  -2.4591206e-07   3.2663296e-06   4.5064084e-06   1.3239812e-06
   1.3519473e-05  -4.4758253e-05
calculating initial guess...
Elapsed time:     0.014619112
Minimization...
Elapsed time:       2.9554310
Score R:       182.03234
R_k    :       1087.1940       1.0000000       1.0000000       1.0000000
       1.0000000       1.0000000

in:      0.61315012       1.0000000       1.4769326      0.73846631
      0.15328753      0.50000000
(out-in)/in:      -1087.1940      -667.00000      -451.93458      -902.86917
      -4345.7761      -1333.0000
calculating initial guess...
Elapsed time:     0.014601946
Minimization...
Elapsed time:       2.9014070
Score R:       182.03234
R_k    :       1087.1940       1.0000000       1.0000000       1.0000000
       1.0000000       1.0000000

in:      0.61315012       1.0000000       1.4769326      0.73846631
      0.30657506      0.50000000
(out-in)/in:      -1087.1940      -667.00000      -451.93458      -902.86917
      -2173.3881      -1333.0000
calculating initial guess...
Elapsed time:     0.014683962
Minimization...
Elapsed time:      0.51225591
Score R:   5.0021204e-05
R_k    :   6.0241651e-05   9.8424612e-05   7.0406807e-05   1.7458663e-05
   1.4823290e-05   3.8772203e-05

in:      0.61315012       1.0000000       1.4769326      0.14769327
     0.061315015      0.75000000
(out-in)/in:  -6.0241651e-05   0.00013404911  -0.00017950851   0.00047172700
   0.00063650048     0.011471657
calculating initial guess...
Elapsed time:     0.014698029
Minimization...
Elapsed time:      0.28797293
Score R:   0.00028171848
R_k    :   3.4054638e-05   0.00019411943   0.00074346766   7.7917364e-05
   0.00017779844   0.00046295333

in:      0.61315012       1.0000000       1.4769326      0.14769327
      0.15328753      0.75000000
(out-in)/in:   3.4054638e-05    -0.020328888     0.010890566    -0.016176254
      0.16345682     -0.38250173
calculating initial guess...
Elapsed time:     0.014966965
Minimization...
Elapsed time:      0.30754089
Score R:   0.00086311312
R_k    :   0.00010096516   0.00071577638    0.0023380860   0.00020119494
   0.00058712260    0.0012355336

in:      0.61315012       1.0000000       1.4769326      0.14769327
      0.30657506      0.75000000
(out-in)/in:   0.00010096516    -0.080463999     0.056835146    -0.079311198
      0.20537768     -0.94417322
calculating initial guess...
Elapsed time:     0.014728069
Minimization...
Elapsed time:      0.76999617
Score R:   0.00068543486
R_k    :    0.0013632416   0.00095590770   0.00032840394   0.00025072769
   0.00021776478   0.00099656351

in:      0.61315012       1.0000000       1.4769326      0.36923316
     0.061315015      0.75000000
(out-in)/in:   -0.0013632416    0.0073393094   -0.0011527008    0.0054041692
     0.063983954     0.051840518
calculating initial guess...
Elapsed time:     0.014760971
Minimization...
Elapsed time:      0.93471789
Score R:   2.1103462e-06
R_k    :   4.4938311e-07   1.2244677e-06   4.3537903e-06   2.6262840e-06
   8.3559453e-07   3.1725573e-06

in:      0.61315012       1.0000000       1.4769326      0.36923316
      0.15328753      0.75000000
(out-in)/in:   4.4938311e-07   0.00011041944  -0.00011131822   8.2930815e-05
  -0.00093218566    0.0020330150
calculating initial guess...
Elapsed time:     0.014723063
Minimization...
Elapsed time:       3.0080550
Score R:       182.03234
R_k    :       1087.1940       1.0000000       1.0000000       1.0000000
       1.0000000       1.0000000

in:      0.61315012       1.0000000       1.4769326      0.36923316
      0.30657506      0.75000000
(out-in)/in:      -1087.1940      -667.00000      -451.93458      -1804.7383
      -2173.3881      -889.00000
calculating initial guess...
Elapsed time:     0.014740944
Minimization...
Elapsed time:       1.4197600
Score R:   6.6467610e-06
R_k    :   1.0167354e-05   9.3576232e-06   7.6230666e-06   2.0521639e-06
   5.8367012e-07   1.0096688e-05

in:      0.61315012       1.0000000       1.4769326      0.73846631
     0.061315015      0.75000000
(out-in)/in:  -1.0167354e-05   0.00097501251   0.00083997376    0.0012796658
     0.011056791    0.0056176647
calculating initial guess...
Elapsed time:     0.014796972
Minimization...
Elapsed time:       2.9427409
Score R:       182.03234
R_k    :       1087.1940       1.0000000       1.0000000       1.0000000
       1.0000000       1.0000000

in:      0.61315012       1.0000000       1.4769326      0.73846631
      0.15328753      0.75000000
(out-in)/in:      -1087.1940      -667.00000      -451.93458      -902.86917
      -4345.7761      -889.00000
calculating initial guess...
Elapsed time:     0.014760017
Minimization...
Elapsed time:      0.92680812
Score R:   5.9636006e-08
R_k    :   2.0816838e-08   4.3496306e-08   8.2243715e-08   1.0889653e-07
   1.0408271e-08   9.1954372e-08

in:      0.61315012       1.0000000       1.4769326      0.73846631
      0.30657506      0.75000000
(out-in)/in:   2.0816838e-08  -1.8171536e-06   5.2791535e-06  -3.3037107e-06
   3.7206909e-06  -1.8666157e-05


Total elapsed time (whole experiment):       82.487981
% Program caused arithmetic error: Floating underflow
% Program caused arithmetic error: Floating overflow
% Program caused arithmetic error: Floating illegal operand
