IDL Version 7.1 (linux x86_64 m64). (c) 2009, ITT Visual Information Solutions
Installation number: .
Licensed for use by: IA-BAS

% Compiled module: WRAPPER.
% Compiled module: EXP_CONTRL_V2.
Minimization of cost_function_cs

Polak-Ribiere method
cp phi2.pro phi.pro
cp gradphi2.pro gradphi.pro

% Compiled module: MAKE_GRID.
Created  Ln-Uniform Grid NTe x NNe = :      50    x      50

% Compiled module: XREAD.
% Compiled module: SET_TOMROOT.
% Compiled module: LOAD_TABLES.
% Compiled module: LOAD_G_TABLE.
% Compiled module: MAKE_SK_OVER_FIP_FACTOR.
% Compiled module: S_FUNCTION.
% Compiled module: G_FUNCTION.
% Compiled module: FINDVAL3D_FUNCTION.
% Compiled module: FINDVAL2D_FUNCTION.
% Compiled module: INTERPOL.
% Compiled module: LOAD_UNITS.
% Compiled module: CHANGE_UNITS_GRID.
% Compiled module: MAKE_GUESS_INI_WITH_DEMT.
calculating initial guess...
% Compiled module: COST_FUNCTION_CS.
% Compiled module: E_FUNCTION_CS.
% Compiled module: P_FUNCTION_CS.
% Compiled module: F_PENALTY_Q.
% Compiled module: ARRAY_INDICES.
Elapsed time:     0.039208174
Minimization...
% Compiled module: MINIMIZADOR.
% Compiled module: PR_MIN.
% Compiled module: FRPRMN.
% Compiled module: PHI.
% Compiled module: GRADPHI.
% Compiled module: GRAD_E_FUNCTION_CS.
% Compiled module: GRAD_P_FUNCTION_CS.
% Compiled module: DF_PENALTY_Q.
% Compiled module: LINMIN.
% Compiled module: MNBRAK.
% Compiled module: F1DIM.
% Compiled module: DBRENT.
% Compiled module: DF1DIM.
Elapsed time:       36.565937
% Compiled module: SYNTH_Y_VALUES_CS.
% Compiled module: MEAN.
% Compiled module: MOMENT.
Score R:   0.00047439728
R_k    :   0.00020496019   0.00053841076    0.0012190593   0.00010045562
   0.00018484160   0.00059865628

in:      0.61315012      0.25000000       1.4769326      0.14769327
     0.061315015      0.25000000
(out-in)/in:    0.0094498800    -0.030011467     0.015462872   -0.0018292028
     -0.17039433      -3.2323084
calculating initial guess...
Elapsed time:     0.038081169
Minimization...
Elapsed time:       21.060956
Score R:    0.0016850888
R_k    :   0.00010512518    0.0012406012    0.0045690251   0.00044961808
   0.00081726672    0.0029288963

in:      0.61315012      0.25000000       1.4769326      0.14769327
      0.15328753      0.25000000
(out-in)/in:    -0.014122511     0.068488411   -0.0061581212    -0.097986528
     -0.46780823       1.1369044
calculating initial guess...
Elapsed time:     0.038123846
Minimization...
Elapsed time:       23.772835
Score R:    0.0030848361
R_k    :   0.00014735207    0.0024469847    0.0083378039   0.00079063956
    0.0016539831    0.0051322534

in:      0.61315012      0.25000000       1.4769326      0.14769327
      0.30657506      0.25000000
(out-in)/in:   -0.0012119915     -0.10437974     0.067568545  -0.00078581905
      0.26773218      -3.1465681
calculating initial guess...
Elapsed time:     0.037636995
Minimization...
Elapsed time:       86.158632
Score R:   0.00043061315
R_k    :   0.00035370808   0.00099939358    0.0011058756   1.0304796e-05
   6.2195481e-05   5.2201303e-05

in:      0.61315012      0.25000000       1.4769326      0.36923316
     0.061315015      0.25000000
(out-in)/in:    0.0057406562    -0.017369038    -0.019152217   -0.0045816025
    -0.071022224       1.3163099
calculating initial guess...
Elapsed time:     0.037683010
Minimization...
Elapsed time:       39.274911
Score R:    0.0033623995
R_k    :   0.00028680662    0.0026211257    0.0089633595   0.00092168739
    0.0023660667    0.0050153512

in:      0.61315012      0.25000000       1.4769326      0.36923316
      0.15328753      0.25000000
(out-in)/in:   -0.0057732850    -0.072157945      0.10801623    0.0064875344
      0.56072388      -2.8680502
calculating initial guess...
Elapsed time:     0.038063049
Minimization...
Elapsed time:       32.075704
Score R:   0.00087965138
R_k    :   4.6513341e-05   0.00068749341    0.0023916002   0.00022837408
   0.00069776902    0.0012261583

in:      0.61315012      0.25000000       1.4769326      0.36923316
      0.30657506      0.25000000
(out-in)/in:  -0.00094917821     0.042039470    -0.060651633      0.11098737
    -0.040268882       1.2768106
calculating initial guess...
Elapsed time:     0.037358046
Minimization...
Elapsed time:       65.927863
Score R:    0.0030412605
R_k    :    0.0037894608    0.0065808170    0.0032066478   0.00067955388
    0.0023556693    0.0016354141

in:      0.61315012      0.25000000       1.4769326      0.73846631
     0.061315015      0.25000000
(out-in)/in:    0.0091919001     0.037978031      0.11766188      0.10001673
      0.25628096      -3.3839633
calculating initial guess...
Elapsed time:     0.037574053
Minimization...
Elapsed time:       74.430930
Score R:    0.0014522703
R_k    :   7.8664888e-05    0.0010048770    0.0037523003   0.00057604532
    0.0015652637    0.0017364709

in:      0.61315012      0.25000000       1.4769326      0.73846631
      0.15328753      0.25000000
(out-in)/in:    -0.017039208     0.013098635    -0.068692765    -0.026210188
    -0.048282958       1.2510497
calculating initial guess...
Elapsed time:     0.037918091
Minimization...
FRPRMN maximum iterations exceeded
Elapsed time:       75.885167
Score R:    0.0022139367
R_k    :   0.00015982172    0.0017221000    0.0057879691   0.00078318810
    0.0021777890    0.0026527521

in:      0.61315012      0.25000000       1.4769326      0.73846631
      0.30657506      0.25000000
(out-in)/in:   0.00054804318     0.077174960     -0.11957021     0.089139583
     -0.11689586       1.3494778
calculating initial guess...
Elapsed time:     0.038012981
Minimization...
Elapsed time:       23.761279
Score R:   0.00082045834
R_k    :   0.00023689767   0.00084619157    0.0021559276   0.00018337463
   0.00036038397    0.0011399746

in:      0.61315012      0.25000000       1.4769326      0.14769327
     0.061315015      0.50000000
(out-in)/in:     0.023096458    -0.053789613     0.028133761     0.014008694
      0.68803782      -2.1133117
calculating initial guess...
Elapsed time:     0.038123846
Minimization...
Elapsed time:       19.972652
Score R:   4.2176310e-10
R_k    :   9.4177035e-11   1.2509219e-10   1.1300622e-09   1.2659461e-10
   2.9011133e-10   7.6454124e-10

in:      0.61315012      0.25000000       1.4769326      0.14769327
      0.15328753      0.50000000
(out-in)/in:   -0.0070669807    -0.029410359     0.011235289   -0.0015206708
      0.31916354     -0.52449466
calculating initial guess...
Elapsed time:     0.038192034
Minimization...
Elapsed time:       20.056864
Score R:    0.0028433217
R_k    :   0.00013517768    0.0022793468    0.0077247641   0.00069406808
    0.0017896765    0.0044368968

in:      0.61315012      0.25000000       1.4769326      0.14769327
      0.30657506      0.50000000
(out-in)/in:    0.0032932744     -0.11686905     0.088437704    -0.029575732
      0.29046701      -2.0634804
calculating initial guess...
Elapsed time:     0.037788868
Minimization...
FRPRMN maximum iterations exceeded
Elapsed time:       72.447694
Score R:   3.5887727e-07
R_k    :   4.2655263e-07   4.7546571e-07   1.9168764e-07   6.0965700e-08
   3.5904590e-07   6.3954601e-07

in:      0.61315012      0.25000000       1.4769326      0.36923316
     0.061315015      0.50000000
(out-in)/in:    -0.013285063   -0.0081247440     0.046838839    -0.023281259
       1.2492769      -1.3649606
calculating initial guess...
Elapsed time:     0.037606955
Minimization...
Elapsed time:       16.728842
Score R:    0.0033432936
R_k    :   0.00025585720    0.0026137134    0.0089884626   0.00085444767
    0.0024977371    0.0048495438

in:      0.61315012      0.25000000       1.4769326      0.36923316
      0.15328753      0.50000000
(out-in)/in:    -0.010488839    -0.084489549      0.13083166   0.00097683519
      0.69083169      -1.8080576
calculating initial guess...
Elapsed time:     0.037625790
Minimization...
Elapsed time:       27.222843
Score R:   0.00088873414
R_k    :   5.0474581e-05   0.00070700774    0.0024450067   0.00020006099
   0.00071394083    0.0012159140

in:      0.61315012      0.25000000       1.4769326      0.36923316
      0.30657506      0.50000000
(out-in)/in:     0.013041619    -0.013664567    -0.011859445   -0.0076102029
    -0.028438640      0.13219531
calculating initial guess...
Elapsed time:     0.037451029
Minimization...
FRPRMN maximum iterations exceeded
Elapsed time:       77.809169
Score R:   4.4435031e-05
R_k    :   9.3740813e-06   1.1720750e-05   0.00010824306   2.0562888e-05
   4.9311202e-05   6.7398201e-05

in:      0.61315012      0.25000000       1.4769326      0.73846631
     0.061315015      0.50000000
(out-in)/in:    0.0027759536    -0.051160299     0.040038567    -0.084142128
     0.048466265     -0.76602321
calculating initial guess...
Elapsed time:     0.037279129
Minimization...
Elapsed time:       17.737574
Score R:    0.0042226692
R_k    :   0.00023775343    0.0029495436     0.011089497    0.0015501540
    0.0044760036    0.0050330628

in:      0.61315012      0.25000000       1.4769326      0.73846631
      0.15328753      0.50000000
(out-in)/in:   -0.0082356608    -0.029142421    -0.015692292    -0.084038845
     -0.13436927      0.18428211
calculating initial guess...
Elapsed time:     0.037343025
Minimization...
Elapsed time:       21.972498
Score R:    0.0010290036
R_k    :   5.1504344e-05   0.00076845883    0.0027036173   0.00036299518
    0.0012121154    0.0010753307

in:      0.61315012      0.25000000       1.4769326      0.73846631
      0.30657506      0.50000000
(out-in)/in:   0.00018857409     0.011682849    -0.018674668     0.035490112
     0.040966962      0.14813815
calculating initial guess...
Elapsed time:     0.037950039
Minimization...
Elapsed time:       45.838181
Score R:    0.0011980200
R_k    :   0.00017329232   0.00047168337    0.0031607516   0.00035492348
   0.00071316381    0.0023143055

in:      0.61315012      0.25000000       1.4769326      0.14769327
     0.061315015      0.75000000
(out-in)/in:   -0.0094514345     0.018827156    0.0068016206    -0.011682612
     -0.19763235     -0.63526827
calculating initial guess...
Elapsed time:     0.038225174
Minimization...
Elapsed time:       30.283590
Score R:   0.00079580866
R_k    :   6.2899727e-05   0.00061077058    0.0021666166   0.00019287013
   0.00047786937    0.0012638255

in:      0.61315012      0.25000000       1.4769326      0.14769327
      0.15328753      0.75000000
(out-in)/in:    -0.010807227     0.023131636    0.0094433579    -0.042834269
    -0.040029068     -0.28500877
calculating initial guess...
Elapsed time:     0.038279057
Minimization...
Elapsed time:       20.826668
Score R:    0.0028586541
R_k    :   0.00013359683    0.0023199158    0.0077931289   0.00067211583
    0.0020035497    0.0042296174

in:      0.61315012      0.25000000       1.4769326      0.14769327
      0.30657506      0.75000000
(out-in)/in:     0.018662616     -0.15412168      0.10707218    -0.021823834
      0.33318236      -1.6793008
calculating initial guess...
Elapsed time:     0.037729025
Minimization...
Elapsed time:       23.993089
Score R:   0.00033840519
R_k    :   3.6102562e-05   0.00027085102   0.00090950906   8.7102459e-05
   0.00024447795   0.00048238809

in:      0.61315012      0.25000000       1.4769326      0.36923316
     0.061315015      0.75000000
(out-in)/in:     0.011071902    -0.083751645      0.11772522     0.012605144
       2.2628553      -1.6113803
calculating initial guess...
Elapsed time:     0.037533998
Minimization...
Elapsed time:       58.481908
Score R:    0.0028290223
R_k    :   0.00018932794    0.0021236982    0.0077622645   0.00067271082
    0.0022675256    0.0039586066

in:      0.61315012      0.25000000       1.4769326      0.36923316
      0.15328753      0.75000000
(out-in)/in:     0.016027404    -0.040066975     0.021524349    -0.019120016
    -0.027017606     -0.22347647
calculating initial guess...
Elapsed time:     0.037869930
Minimization...
Elapsed time:       18.381659
Score R:    0.0035511314
R_k    :   0.00018698057    0.0028295604    0.0099010123   0.00072786636
    0.0030732863    0.0045880824

in:      0.61315012      0.25000000       1.4769326      0.36923316
      0.30657506      0.75000000
(out-in)/in:   -0.0038081551    -0.019138319     0.028477225    -0.019107218
     0.077986586     -0.19597176
calculating initial guess...
Elapsed time:     0.037434101
Minimization...
Elapsed time:       32.452919
Score R:   0.00037004102
R_k    :   4.5598818e-05   0.00028899787   0.00095029467   0.00013630741
   0.00039568432   0.00040336300

in:      0.61315012      0.25000000       1.4769326      0.73846631
     0.061315015      0.75000000
(out-in)/in:    0.0017548569     0.024401998      0.18629728     0.012287082
      0.94112323      -1.3579643
calculating initial guess...
Elapsed time:     0.037682056
Minimization...
Elapsed time:       62.058658
Score R:    0.0011085740
R_k    :   9.1676007e-05   0.00083800482    0.0028792743   0.00039443312
    0.0012178688    0.0012301872

in:      0.61315012      0.25000000       1.4769326      0.73846631
      0.15328753      0.75000000
(out-in)/in:    -0.016279506    -0.034602684      0.21443670    -0.033698912
      0.46011855      -1.1706471
calculating initial guess...
Elapsed time:     0.037981987
Minimization...
Elapsed time:       33.631661
Score R:    0.0022968168
R_k    :   0.00011926625    0.0017312355    0.0061025625   0.00075529403
    0.0027954237    0.0022771190

in:      0.61315012      0.25000000       1.4769326      0.73846631
      0.30657506      0.75000000
(out-in)/in:     0.015552629    -0.014784148     0.072270754    0.0034403334
     0.074045603     -0.20882279
calculating initial guess...
Elapsed time:     0.038388968
Minimization...
Elapsed time:       26.916702
Score R:   0.00064509622
R_k    :   2.8522329e-05   0.00035682751    0.0017349743   0.00018824261
   0.00033477189    0.0012272387

in:      0.61315012      0.50000000       1.4769326      0.14769327
     0.061315015      0.25000000
(out-in)/in:     0.018917814    -0.035639977    0.0071963202    -0.034768806
     -0.13306837      -1.7020366
calculating initial guess...
Elapsed time:     0.037932158
Minimization...
Elapsed time:       34.011155
Score R:    0.0036718833
R_k    :   0.00026261145    0.0027544368     0.010029963   0.00093033827
    0.0019184646    0.0061354859

in:      0.61315012      0.50000000       1.4769326      0.14769327
      0.15328753      0.25000000
(out-in)/in:   -0.0073484206     0.028643571    -0.011613140     0.044307613
     -0.13132848       1.3194333
calculating initial guess...
Elapsed time:     0.038146973
Minimization...
Elapsed time:       8.6957591
Score R:    0.0019947405
R_k    :   0.00012812564    0.0015795797    0.0054645855   0.00047799876
    0.0011061911    0.0032119623

in:      0.61315012      0.50000000       1.4769326      0.14769327
      0.30657506      0.25000000
(out-in)/in:    0.0081632723     0.037329280    -0.020925877     0.078597045
     -0.15153869       1.3228300
calculating initial guess...
Elapsed time:     0.037716866
Minimization...
Elapsed time:       23.154529
Score R:    0.0019986133
R_k    :   0.00024863860    0.0016230533    0.0052834609   0.00056694719
    0.0013433005    0.0029262792

in:      0.61315012      0.50000000       1.4769326      0.36923316
     0.061315015      0.25000000
(out-in)/in:     0.012991612    -0.072276288     0.086350854     0.036316430
       1.9270510      -3.1608768
calculating initial guess...
Elapsed time:     0.037940025
Minimization...
Elapsed time:       22.842398
Score R:    0.0019363948
R_k    :   0.00023220831    0.0015673693    0.0051495199   0.00052436183
    0.0013499031    0.0027950065

in:      0.61315012      0.50000000       1.4769326      0.36923316
      0.15328753      0.25000000
(out-in)/in:     0.010010147    -0.048323023      0.10224774     0.030011352
      0.16358325      -3.1018663
calculating initial guess...
Elapsed time:     0.037324905
Minimization...
Elapsed time:       23.056232
Score R:    0.0018828327
R_k    :   9.8485069e-05    0.0014870628    0.0050890793   0.00049111661
    0.0013842135    0.0027470391

in:      0.61315012      0.50000000       1.4769326      0.36923316
      0.30657506      0.25000000
(out-in)/in:    0.0093959379    -0.090179190      0.12532566    0.0017469186
      0.19132169      -2.3812993
calculating initial guess...
Elapsed time:     0.037626028
Minimization...
FRPRMN maximum iterations exceeded
Elapsed time:       73.470878
Score R:   0.00020396896
R_k    :   5.5388944e-06   0.00016071111   0.00048361569   0.00011341740
   0.00024409958   0.00021643111

in:      0.61315012      0.50000000       1.4769326      0.73846631
     0.061315015      0.25000000
(out-in)/in:    0.0055949351   0.00037445448    -0.027267746     0.016853693
      0.54003410      0.74676289
calculating initial guess...
Elapsed time:     0.037256002
Minimization...
Elapsed time:       25.512743
Score R:    0.0015348906
R_k    :   8.6467170e-05    0.0010579098    0.0039319510   0.00064099426
    0.0017779890    0.0017140326

in:      0.61315012      0.50000000       1.4769326      0.73846631
      0.15328753      0.25000000
(out-in)/in:   -0.0013488030     0.072365672    -0.043881703     0.096942192
     -0.14370790       1.2421848
calculating initial guess...
Elapsed time:     0.037329912
Minimization...
Elapsed time:       19.954591
Score R:    0.0027447006
R_k    :   0.00014277495    0.0020724060    0.0070597363    0.0010657992
    0.0030057492    0.0031217377

in:      0.61315012      0.50000000       1.4769326      0.73846631
      0.30657506      0.25000000
(out-in)/in:     0.010290700    -0.043512325      0.18118456     0.022309100
      0.13386536      -1.6723506
calculating initial guess...
Elapsed time:     0.038230896
Minimization...
Elapsed time:       15.346149
Score R:    0.0030677702
R_k    :   0.00034394135    0.0024931648    0.0081894640   0.00079094018
    0.0015259258    0.0050631853

in:      0.61315012      0.50000000       1.4769326      0.14769327
     0.061315015      0.50000000
(out-in)/in:   -0.0044540815    -0.080908992     0.045346914   -0.0081092630
       2.3962180      -2.1525871
calculating initial guess...
Elapsed time:     0.038231134
Minimization...
Elapsed time:       28.881709
Score R:   0.00010616155
R_k    :   8.6180103e-06   8.2038418e-05   0.00028811271   2.6153447e-05
   5.8948824e-05   0.00017309789

in:      0.61315012      0.50000000       1.4769326      0.14769327
      0.15328753      0.50000000
(out-in)/in:   -0.0023645896   -0.0027725958  -0.00053989305    -0.010349345
     0.020986109    -0.029817596
calculating initial guess...
Elapsed time:     0.038607121
Minimization...
Elapsed time:       12.818134
Score R:    0.0049742419
R_k    :   0.00028317687    0.0039835851     0.013763194    0.0011555199
    0.0030391906    0.0076207844

in:      0.61315012      0.50000000       1.4769326      0.14769327
      0.30657506      0.50000000
(out-in)/in:     0.011107213    -0.010524794   -0.0075473736    -0.018131873
    0.0058329884      0.21194483
calculating initial guess...
Elapsed time:     0.037732124
Minimization...
FRPRMN maximum iterations exceeded
Elapsed time:       73.141066
Score R:    0.0027495230
R_k    :   0.00024076204    0.0016224626    0.0073182744   0.00084663753
    0.0021041204    0.0043648809

in:      0.61315012      0.50000000       1.4769326      0.36923316
     0.061315015      0.50000000
(out-in)/in:   -0.0078058962      0.41634872    -0.012896792    -0.064867570
     -0.52011130     -0.67309524
calculating initial guess...
Elapsed time:     0.037621021
Minimization...
Elapsed time:       15.589403
Score R:    0.0024405223
R_k    :   0.00015810574    0.0018342036    0.0066587725   0.00061557948
    0.0018651723    0.0035113003

in:      0.61315012      0.50000000       1.4769326      0.36923316
      0.15328753      0.50000000
(out-in)/in:     0.016716865    -0.035626275    -0.014695433    -0.011725714
     0.099155507      0.16737232
calculating initial guess...
Elapsed time:     0.037564993
Minimization...
Elapsed time:       11.812738
Score R:    0.0035720859
R_k    :   0.00019066430    0.0028749785    0.0097278136   0.00082476093
    0.0027605807    0.0050537171

in:      0.61315012      0.50000000       1.4769326      0.36923316
      0.30657506      0.50000000
(out-in)/in:     0.015968039     -0.11343017      0.15305441    -0.063182926
      0.19791668      -1.6265351
calculating initial guess...
Elapsed time:     0.037439108
Minimization...
Elapsed time:       58.469735
Score R:    0.0028898438
R_k    :    0.0018102801    0.0019716582    0.0044765359    0.0013449317
    0.0037577345    0.0039779222

in:      0.61315012      0.50000000       1.4769326      0.73846631
     0.061315015      0.50000000
(out-in)/in:     0.025160682    -0.057223111      0.10741376    -0.036323236
      0.24984833      -2.1924823
calculating initial guess...
Elapsed time:     0.037417889
Minimization...
Elapsed time:       11.231256
Score R:    0.0022629009
R_k    :   0.00022106227    0.0017329696    0.0058467664   0.00080585544
    0.0022391558    0.0027315959

in:      0.61315012      0.50000000       1.4769326      0.73846631
      0.15328753      0.50000000
(out-in)/in:   -0.0048896858    -0.097792848      0.16682924     -0.11410973
      0.25412992      -1.6574183
calculating initial guess...
Elapsed time:     0.037615061
Minimization...
Elapsed time:       10.334980
Score R:    0.0035599588
R_k    :   0.00018880628    0.0025940101    0.0093412519    0.0013079567
    0.0042724293    0.0036552987

in:      0.61315012      0.50000000       1.4769326      0.73846631
      0.30657506      0.50000000
(out-in)/in:   -0.0063103399     0.089037785    -0.024249935     0.079677644
    -0.088785810      0.22326432
calculating initial guess...
Elapsed time:     0.038248062
Minimization...
Elapsed time:       20.708151
Score R:    0.0034102482
R_k    :   0.00053142468    0.0029383906    0.0090509023   0.00085246272
    0.0016822093    0.0054060998

in:      0.61315012      0.50000000       1.4769326      0.14769327
     0.061315015      0.75000000
(out-in)/in:    0.0093679661    -0.062974630     0.040671139    -0.025097804
       1.6922259      -1.7821652
calculating initial guess...
Elapsed time:     0.038310051
Minimization...
Elapsed time:       56.782905
Score R:   0.00012026199
R_k    :   1.0679711e-05   9.6343745e-05   0.00032607346   2.9285238e-05
   7.3193958e-05   0.00018599585

in:      0.61315012      0.50000000       1.4769326      0.14769327
      0.15328753      0.75000000
(out-in)/in:     0.016646988     -0.11453641     0.068769130   -0.0074525524
      0.64584021      -1.6348152
calculating initial guess...
Elapsed time:     0.038737059
Minimization...
Elapsed time:       8.7752192
Score R:    0.0036752151
R_k    :   0.00016457425    0.0029801664    0.0099899080   0.00088085245
    0.0025741363    0.0054616534

in:      0.61315012      0.50000000       1.4769326      0.14769327
      0.30657506      0.75000000
(out-in)/in:    0.0024907168     -0.14464540      0.10264675     -0.10042957
      0.36539949      -1.6862191
calculating initial guess...
Elapsed time:     0.037686110
Minimization...
Elapsed time:       37.017461
Score R:    0.0011542947
R_k    :   8.3144818e-05   0.00058930093    0.0030870356   0.00034137617
   0.00097065417    0.0018542566

in:      0.61315012      0.50000000       1.4769326      0.36923316
     0.061315015      0.75000000
(out-in)/in:    0.0060467854   -0.0011469192     0.058062182     0.016311214
    -0.060461474      -1.2564033
calculating initial guess...
Elapsed time:     0.038179159
Minimization...
Elapsed time:       13.387878
Score R:    0.0040355557
R_k    :   0.00027152565    0.0030139631     0.011097641   0.00095997942
    0.0032299421    0.0056402834

in:      0.61315012      0.50000000       1.4769326      0.36923316
      0.15328753      0.75000000
(out-in)/in:   -0.0061558559    0.0060717506     0.018438710    -0.019647570
    -0.018441364     -0.21159216
calculating initial guess...
Elapsed time:     0.037626028
Minimization...
Elapsed time:       14.209176
Score R:   0.00038451389
R_k    :   1.9857223e-05   0.00030987543    0.0010652263   7.9185315e-05
   0.00033808121   0.00049485782

in:      0.61315012      0.50000000       1.4769326      0.36923316
      0.30657506      0.75000000
(out-in)/in:    0.0017738508    -0.045488404     0.046115892   -0.0096465711
      0.13001494     -0.28666268
calculating initial guess...
Elapsed time:     0.037526131
Minimization...
Elapsed time:       25.508421
Score R:    0.0098083736
R_k    :    0.0056338313    0.0046476848     0.017910733    0.0044032887
     0.013164965     0.013089739

in:      0.61315012      0.50000000       1.4769326      0.73846631
     0.061315015      0.75000000
(out-in)/in:    0.0016382169     0.014668184      0.17449202    -0.029236291
      0.14425929      -1.6255907
calculating initial guess...
Elapsed time:     0.037749052
Minimization...
Elapsed time:       7.2984841
Score R:    0.0020403167
R_k    :   0.00018003607    0.0015496708    0.0052629780   0.00074742599
    0.0023016158    0.0022001737

in:      0.61315012      0.50000000       1.4769326      0.73846631
      0.15328753      0.75000000
(out-in)/in:   -0.0024654595    -0.012610424      0.21584245     0.016300203
      0.39009124      -1.1316583
calculating initial guess...
Elapsed time:     0.037432909
Minimization...
Elapsed time:       11.801141
Score R:    0.0045688640
R_k    :   0.00025548587    0.0034327649     0.012203851    0.0014810599
    0.0054571629    0.0045828600

in:      0.61315012      0.50000000       1.4769326      0.73846631
      0.30657506      0.75000000
(out-in)/in:     0.024159687    -0.038539673     0.064114626    -0.014088303
     0.015314063     -0.18076348
calculating initial guess...
Elapsed time:     0.038203001
Minimization...
Elapsed time:       24.789812
Score R:    0.0010933413
R_k    :   6.3638963e-05   0.00058785257    0.0029393727   0.00031581308
   0.00059104424    0.0020623261

in:      0.61315012       1.0000000       1.4769326      0.14769327
     0.061315015      0.25000000
(out-in)/in:    0.0023860456   -0.0011946425     0.011556629     0.027650677
    -0.056896754      -1.9692076
calculating initial guess...
Elapsed time:     0.038326979
Minimization...
FRPRMN maximum iterations exceeded
Elapsed time:       71.955037
Score R:   0.00011119081
R_k    :   7.0115244e-06   9.4839352e-05   0.00030319990   2.7173937e-05
   5.6886044e-05   0.00017803411

in:      0.61315012       1.0000000       1.4769326      0.14769327
      0.15328753      0.25000000
(out-in)/in:   -0.0021874084    -0.063345723     0.045297428     0.058229053
      0.47957941      -2.9142999
calculating initial guess...
Elapsed time:     0.038072109
Minimization...
Elapsed time:       18.948087
Score R:    0.0052207335
R_k    :   0.00031765901    0.0040974735     0.014406248    0.0012497136
    0.0028777691    0.0083755374

in:      0.61315012       1.0000000       1.4769326      0.14769327
      0.30657506      0.25000000
(out-in)/in:   -0.0060541585     0.063476223    -0.025390399     0.095693921
     -0.14085506       1.4376533
calculating initial guess...
Elapsed time:     0.038001060
Minimization...
FRPRMN maximum iterations exceeded
Elapsed time:       85.171219
Score R:   0.00021118024
R_k    :   0.00017764087   0.00026924069   0.00020353554   7.2769552e-05
   0.00016493359   0.00037896119

in:      0.61315012       1.0000000       1.4769326      0.36923316
     0.061315015      0.25000000
(out-in)/in:    -0.012953971     0.027555047    -0.020319682    -0.020007050
     -0.21653740      0.94110399
calculating initial guess...
Elapsed time:     0.037886858
Minimization...
Elapsed time:       15.929501
Score R:    0.0029092155
R_k    :   0.00016682996    0.0021190223    0.0078829564   0.00080642637
    0.0021522624    0.0043277957

in:      0.61315012       1.0000000       1.4769326      0.36923316
      0.15328753      0.25000000
(out-in)/in:    0.0095258385   -0.0096929683    -0.032548492    0.0095321779
    -0.099307331       1.3185520
calculating initial guess...
Elapsed time:     0.037770033
Minimization...
Elapsed time:       15.004382
Score R:    0.0038729118
R_k    :   0.00020166458    0.0030484183     0.010423341    0.0010140530
    0.0028216925    0.0057283014

in:      0.61315012       1.0000000       1.4769326      0.36923316
      0.30657506      0.25000000
(out-in)/in:   -0.0012479835    -0.071888212      0.12379051    -0.013598064
      0.17292914      -2.4533396
calculating initial guess...
Elapsed time:     0.038056135
Minimization...
Elapsed time:       71.749633
Score R:   0.00092262142
R_k    :   0.00034634833   4.5602713e-05    0.0021312680   0.00046802137
    0.0011686001    0.0013758880

in:      0.61315012       1.0000000       1.4769326      0.73846631
     0.061315015      0.25000000
(out-in)/in:    -0.019702470     0.045564650    -0.027891090    -0.048478943
     -0.23900112      0.45099172
calculating initial guess...
Elapsed time:     0.037925959
Minimization...
Elapsed time:       13.210583
Score R:    0.0048360533
R_k    :   0.00024303222    0.0033212328     0.012612177    0.0018914771
    0.0049920399    0.0059563607

in:      0.61315012       1.0000000       1.4769326      0.73846631
      0.15328753      0.25000000
(out-in)/in:   0.00065353716    -0.039468966    -0.076182170    -0.079879638
     -0.11843476       1.3928075
calculating initial guess...
Elapsed time:     0.037853003
Minimization...
Elapsed time:       32.747786
Score R:   9.6119470e-09
R_k    :   6.8949921e-10   7.0902899e-09   2.4978815e-08   3.5879576e-09
   9.9316543e-09   1.1393466e-08

in:      0.61315012       1.0000000       1.4769326      0.73846631
      0.30657506      0.25000000
(out-in)/in:     0.010541300    -0.074311704     0.059246434    -0.098598872
     0.013569132     -0.78552837
calculating initial guess...
Elapsed time:     0.038218975
Minimization...
Elapsed time:       19.331385
Score R:    0.0073905921
R_k    :    0.0012391315    0.0064953304     0.019438447    0.0018290303
    0.0036267927     0.011714821

in:      0.61315012       1.0000000       1.4769326      0.14769327
     0.061315015      0.50000000
(out-in)/in:    0.0081580638    -0.064558585     0.041867769     0.036260029
       1.5780205      -2.2261611
calculating initial guess...
Elapsed time:     0.039002180
Minimization...
Elapsed time:       19.130713
Score R:    0.0046927638
R_k    :   0.00034086935    0.0035420909     0.012868281    0.0011613669
    0.0026354349    0.0076085402

in:      0.61315012       1.0000000       1.4769326      0.14769327
      0.15328753      0.50000000
(out-in)/in:     0.017543368    -0.021670763   0.00082724247  -0.00052558753
     -0.17858203      0.16673581
calculating initial guess...
Elapsed time:     0.038680077
Minimization...
Elapsed time:       7.7680140
Score R:    0.0011733203
R_k    :   7.1698423e-05   0.00094471251    0.0032177234   0.00027397751
   0.00071283360    0.0018189764

in:      0.61315012       1.0000000       1.4769326      0.14769327
      0.30657506      0.50000000
(out-in)/in:     0.022777587    -0.018041793   -0.0042580410    -0.021006953
    -0.040427387      0.12703352
calculating initial guess...
Elapsed time:     0.037642002
Minimization...
Elapsed time:       22.974619
Score R:    0.0018448805
R_k    :   0.00024138520    0.0015152884    0.0048995867   0.00049640512
    0.0012632157    0.0026534016

in:      0.61315012       1.0000000       1.4769326      0.36923316
     0.061315015      0.50000000
(out-in)/in:    0.0083725001    -0.063555382     0.095880924     0.017676992
       1.7000673      -2.0753364
calculating initial guess...
Elapsed time:     0.038654089
Minimization...
Elapsed time:       36.555851
Score R:    0.0013373943
R_k    :   0.00012700056    0.0010609194    0.0036013560   0.00033770394
   0.00098234416    0.0019150416

in:      0.61315012       1.0000000       1.4769326      0.36923316
      0.15328753      0.50000000
(out-in)/in:    0.0071080898    -0.073870406      0.12816369   -0.0028152513
      0.43837095      -1.8951087
calculating initial guess...
Elapsed time:     0.037936926
Minimization...
Elapsed time:       23.419352
Score R:   1.2617451e-09
R_k    :   1.0677047e-11   9.7852924e-10   3.4392896e-09   3.4918325e-10
   1.1301225e-09   1.6626693e-09

in:      0.61315012       1.0000000       1.4769326      0.36923316
      0.30657506      0.50000000
(out-in)/in:     0.016978615    -0.066976305     0.074530357     0.032134739
      0.15384783     -0.64858622
calculating initial guess...
Elapsed time:     0.038115978
Minimization...
Elapsed time:       29.446347
Score R:    0.0026971815
R_k    :   0.00034856243    0.0021093014    0.0068121820    0.0010714234
    0.0028310960    0.0030105237

in:      0.61315012       1.0000000       1.4769326      0.73846631
     0.061315015      0.50000000
(out-in)/in:   -0.0051407583     0.032124721      0.15037325     0.057022641
      0.79221381      -1.9486466
calculating initial guess...
Elapsed time:     0.037910938
Minimization...
FRPRMN maximum iterations exceeded
Elapsed time:       69.879471
Score R:   5.4549575e-08
R_k    :   1.5581450e-08   6.0641950e-08   1.2149374e-07   2.7426314e-08
   3.7850269e-08   6.4303723e-08

in:      0.61315012       1.0000000       1.4769326      0.73846631
      0.15328753      0.50000000
(out-in)/in:   -0.0020944144     0.028657238     0.084693148     0.059864428
      0.17833596     -0.63802059
calculating initial guess...
Elapsed time:     0.037758827
Minimization...
Elapsed time:       18.437656
Score R:    0.0013977013
R_k    :   7.4470557e-05    0.0010418437    0.0036837243   0.00048221198
    0.0015889554    0.0015150020

in:      0.61315012       1.0000000       1.4769326      0.73846631
      0.30657506      0.50000000
(out-in)/in:    0.0055632579    -0.011859968    -0.027240916    -0.014367306
    -0.035566928      0.16687110
calculating initial guess...
Elapsed time:     0.038367987
Minimization...
Elapsed time:       30.942347
Score R:    0.0028744114
R_k    :   0.00047476940    0.0025056274    0.0076280356   0.00071476856
    0.0014183387    0.0045049290

in:      0.61315012       1.0000000       1.4769326      0.14769327
     0.061315015      0.75000000
(out-in)/in:     0.010198199    -0.066304569     0.039413404    -0.048217516
       1.5663100      -1.7762024
calculating initial guess...
Elapsed time:     0.039263010
Minimization...
Elapsed time:       12.577833
Score R:    0.0020380029
R_k    :   0.00016289346    0.0015715472    0.0055661062   0.00048929871
    0.0012329670    0.0032052047

in:      0.61315012       1.0000000       1.4769326      0.14769327
      0.15328753      0.75000000
(out-in)/in:     0.016696089    -0.029881433    0.0097047191    -0.028379485
    -0.023040050     -0.24642701
calculating initial guess...
Elapsed time:     0.038588047
Minimization...
Elapsed time:       28.888014
Score R:   0.00063250363
R_k    :   2.7462593e-05   0.00051226386    0.0017303528   0.00015112153
   0.00043431275   0.00093950823

in:      0.61315012       1.0000000       1.4769326      0.14769327
      0.30657506      0.75000000
(out-in)/in:    0.0057675007     -0.14812260     0.099102692    -0.077375129
      0.38286427      -1.6526441
calculating initial guess...
Elapsed time:     0.037492990
Minimization...
Elapsed time:       68.761294
Score R:   0.00022003537
R_k    :   3.9425546e-05   0.00019369906   0.00058607322   5.4158425e-05
   0.00014847655   0.00029837940

in:      0.61315012       1.0000000       1.4769326      0.36923316
     0.061315015      0.75000000
(out-in)/in:     0.010638713    -0.027997552     0.088676844   -0.0089817596
      0.88412441      -1.6659218
calculating initial guess...
Elapsed time:     0.037853003
Minimization...
Elapsed time:       44.862148
Score R:   2.4380202e-05
R_k    :   2.6932863e-06   1.9728662e-05   6.6025038e-05   5.7644615e-06
   1.8751953e-05   3.3317810e-05

in:      0.61315012       1.0000000       1.4769326      0.36923316
      0.15328753      0.75000000
(out-in)/in:     0.012174520    -0.053115802      0.14456940    0.0084653215
      0.22635956      -1.5364896
calculating initial guess...
Elapsed time:     0.037751198
Minimization...
Elapsed time:       34.953802
Score R:   1.1156854e-08
R_k    :   5.7964416e-10   9.0095873e-09   3.0833238e-08   2.3161315e-09
   9.5728534e-09   1.4629673e-08

in:      0.61315012       1.0000000       1.4769326      0.36923316
      0.30657506      0.75000000
(out-in)/in:     0.012380002    -0.095923201      0.13338439    -0.078816888
      0.19633300     -0.89506828
calculating initial guess...
Elapsed time:     0.038289785
Minimization...
FRPRMN maximum iterations exceeded
Elapsed time:       77.230358
Score R:    0.0047196539
R_k    :     0.012016358    0.0018199969    0.0068417695    0.0012281560
    0.0028322224    0.0035794210

in:      0.61315012       1.0000000       1.4769326      0.73846631
     0.061315015      0.75000000
(out-in)/in:    -0.011507308      0.13064921     -0.11120138     -0.14118755
     -0.39000534     -0.14354023
calculating initial guess...
Elapsed time:     0.037843943
Minimization...
Elapsed time:       7.2403679
Score R:    0.0035472553
R_k    :   0.00034329099    0.0027411814    0.0091416438    0.0012657886
    0.0039268493    0.0038647774

in:      0.61315012       1.0000000       1.4769326      0.73846631
      0.15328753      0.75000000
(out-in)/in:     0.011889577    -0.037124785      0.21448131    -0.011588703
      0.28668463      -1.1594933
calculating initial guess...
Elapsed time:     0.037580013
Minimization...
Elapsed time:       3.4281130
Score R:    0.0013146492
R_k    :   7.2016977e-05   0.00099788637    0.0034854264   0.00043125451
    0.0015467108    0.0013546003

in:      0.61315012       1.0000000       1.4769326      0.73846631
      0.30657506      0.75000000
(out-in)/in:    -0.017420033     0.013473468      0.27563963    -0.056062374
     0.068410819     -0.90727929


Total elapsed time (whole experiment):       2678.8167

Results are in: 
/data1/DATA/MIT/exp_contrl_v2_ftol1e-8TOL1e-6/con_ruido/mit_exp_contrl_con_ruido_0.01.out
% Program caused arithmetic error: Floating underflow
% Program caused arithmetic error: Floating overflow
% Program caused arithmetic error: Floating illegal operand
