IDL Version 7.1 (linux x86_64 m64). (c) 2009, ITT Visual Information Solutions
Installation number: .
Licensed for use by: IA-BAS

% Compiled module: WRAPPER.
% Compiled module: EXP_CONTRL_V2.
Minimization of cost_function_cs

Downhill simplex Method
% Compiled module: MAKE_GRID.
Created  Ln-Uniform Grid NTe x NNe = :      50    x      50

% Compiled module: XREAD.
% Compiled module: SET_TOMROOT.
% Compiled module: LOAD_TABLES.
% Compiled module: LOAD_G_TABLE.
% Compiled module: MAKE_SK_OVER_FIP_FACTOR.
% Compiled module: S_FUNCTION.
% Compiled module: G_FUNCTION.
% Compiled module: FINDVAL3D_FUNCTION.
% Compiled module: FINDVAL2D_FUNCTION.
% Compiled module: INTERPOL.
% Compiled module: LOAD_UNITS.
% Compiled module: CHANGE_UNITS_GRID.
% Compiled module: MAKE_GUESS_INI_WITH_DEMT.
calculating initial guess...
% Compiled module: COST_FUNCTION_CS.
% Compiled module: E_FUNCTION_CS.
% Compiled module: P_FUNCTION_CS.
% Compiled module: ARRAY_INDICES.
Elapsed time:     0.015118837
Minimization...
% Compiled module: MINIMIZADOR.
% Compiled module: AMOEBA.
Elapsed time:      0.56349611
% Compiled module: SYNTH_Y_VALUES_CS.
% Compiled module: MEAN.
% Compiled module: MOMENT.
Score R:   4.7601801e-05
R_k    :   1.7205591e-06   2.6733224e-05   0.00012851261   1.3742238e-05
   2.5111531e-05   8.9790643e-05

in:      0.61315012      0.25000000       1.4769326      0.14769327
     0.061315015      0.25000000
(out-in)/in:   1.7205591e-06   -0.0072396682   0.00012443732   -0.0023028080
     -0.23528473     -0.30084376
calculating initial guess...
Elapsed time:     0.014830112
Minimization...
Elapsed time:      0.33237100
Score R:   3.4129193e-05
R_k    :   3.2301471e-06   2.6542026e-05   9.2184525e-05   8.6897671e-06
   1.7520163e-05   5.6608527e-05

in:      0.61315012      0.25000000       1.4769326      0.14769327
      0.15328753      0.25000000
(out-in)/in:  -3.2301471e-06    0.0024019622   -0.0012393791   0.00067888640
    -0.020733818      0.12457239
calculating initial guess...
Elapsed time:     0.014875889
Minimization...
Elapsed time:      0.31358099
Score R:   0.00014943054
R_k    :   1.1177294e-05   0.00011823351   0.00040740563   3.2780165e-05
   8.6893128e-05   0.00024009350

in:      0.61315012      0.25000000       1.4769326      0.14769327
      0.30657506      0.25000000
(out-in)/in:  -1.1177294e-05     0.014043660   -0.0077692758    0.0074963750
    -0.036145683      0.40773027
calculating initial guess...
Elapsed time:     0.014630079
Minimization...
Elapsed time:      0.46897793
Score R:   1.5953131e-05
R_k    :   4.5025296e-07   1.2352762e-05   4.3076800e-05   4.7043335e-06
   1.1699734e-05   2.3434903e-05

in:      0.61315012      0.25000000       1.4769326      0.36923316
     0.061315015      0.25000000
(out-in)/in:  -4.5025296e-07   -0.0012711621  -0.00054626201   0.00035300227
    -0.028044197     0.037072077
calculating initial guess...
Elapsed time:     0.014687061
Minimization...
Elapsed time:      0.38988805
Score R:   0.00040969338
R_k    :   5.5850909e-05   0.00032048516    0.0010741724   0.00011588377
   0.00029942815   0.00059233995

in:      0.61315012      0.25000000       1.4769326      0.36923316
      0.15328753      0.25000000
(out-in)/in:   5.5850909e-05    -0.027441209     0.032252675   -0.0031190377
      0.21833827      -1.0785638
calculating initial guess...
Elapsed time:     0.014690876
Minimization...
Elapsed time:      0.32251501
Score R:   0.00034141746
R_k    :   2.0667678e-05   0.00026814255   0.00092241192   9.0422567e-05
   0.00025757838   0.00048928170

in:      0.61315012      0.25000000       1.4769326      0.36923316
      0.30657506      0.25000000
(out-in)/in:   2.0667678e-05    -0.029284121     0.039140722   -0.0076733524
     0.075214219     -0.78609676
calculating initial guess...
Elapsed time:     0.014544964
Minimization...
Elapsed time:      0.56848598
Score R:    0.0045055837
R_k    :    0.0020716990     0.011564955    0.0067978319    0.0011223404
    0.0016005950    0.0038760809

in:      0.61315012      0.25000000       1.4769326      0.73846631
     0.061315015      0.25000000
(out-in)/in:   -0.0020716990      0.10749055     -0.16105301      0.20765199
     0.066574229       2.2256757
calculating initial guess...
Elapsed time:     0.014621019
Minimization...
Elapsed time:      0.90395784
Score R:   3.8721407e-07
R_k    :   8.6576917e-08   7.4618920e-07   5.2152576e-08   2.1620619e-07
   7.4412242e-07   4.7803714e-07

in:      0.61315012      0.25000000       1.4769326      0.73846631
      0.15328753      0.25000000
(out-in)/in:  -8.6576917e-08  -9.5928382e-06   2.7808242e-05  -4.3756912e-06
   8.0867741e-05  -0.00054380957
calculating initial guess...
Elapsed time:     0.014688015
Minimization...
Elapsed time:      0.46610689
Score R:   0.00026339034
R_k    :   1.9478408e-07   0.00018656942   0.00070990066   9.6358255e-05
   0.00031168429   0.00027563463

in:      0.61315012      0.25000000       1.4769326      0.73846631
      0.30657506      0.25000000
(out-in)/in:  -1.9478408e-07     0.016088068    -0.050189336     0.010989854
    -0.040714835      0.53128964
calculating initial guess...
Elapsed time:     0.014780998
Minimization...
Elapsed time:      0.54338908
Score R:   0.00026951472
R_k    :   0.00017780558   0.00049087073   0.00069578954   2.2265741e-05
   5.5904133e-05   0.00017445261

in:      0.61315012      0.25000000       1.4769326      0.14769327
     0.061315015      0.50000000
(out-in)/in:  -0.00017780558   -0.0037825769   -0.0022927871    0.0031762204
    -0.073400494      0.18394115
calculating initial guess...
Elapsed time:     0.014750957
Minimization...
Elapsed time:      0.91763711
Score R:   1.1821965e-05
R_k    :   1.8801701e-05   1.3904191e-05   6.1732479e-06   7.1592734e-06
   3.8069073e-06   2.1086469e-05

in:      0.61315012      0.25000000       1.4769326      0.14769327
      0.15328753      0.50000000
(out-in)/in:  -1.8801701e-05  -0.00036290165   0.00020255292  -0.00019352872
    0.0034602020    -0.011337319
calculating initial guess...
Elapsed time:     0.014866114
Minimization...
Elapsed time:      0.31847000
Score R:   0.00045498619
R_k    :   2.7514390e-05   0.00035831094    0.0012306488   0.00011617250
   0.00029083371   0.00070643675

in:      0.61315012      0.25000000       1.4769326      0.14769327
      0.30657506      0.50000000
(out-in)/in:   2.7514390e-05    -0.042011022     0.026623166    -0.029550432
      0.10750908     -0.67148929
calculating initial guess...
Elapsed time:     0.014631033
Minimization...
Elapsed time:      0.44825888
Score R:   0.00032762876
R_k    :   2.6124762e-05   0.00024598644   0.00087933529   9.0507535e-05
   0.00023906829   0.00048475025

in:      0.61315012      0.25000000       1.4769326      0.36923316
     0.061315015      0.50000000
(out-in)/in:   2.6124762e-05    0.0029504926    0.0083198024   -0.0093614768
      0.23042731     -0.38127387
calculating initial guess...
Elapsed time:     0.014912128
Minimization...
Elapsed time:      0.32504797
Score R:   0.00012538821
R_k    :   9.8521797e-06   9.8658756e-05   0.00033748334   3.2631640e-05
   9.6967318e-05   0.00017673603

in:      0.61315012      0.25000000       1.4769326      0.36923316
      0.15328753      0.50000000
(out-in)/in:   9.8521797e-06   -0.0078151105    0.0085560167   -0.0036831387
     0.065130511     -0.18923317
calculating initial guess...
Elapsed time:     0.014698029
Minimization...
Elapsed time:      0.35041189
Score R:   1.2268936e-05
R_k    :   2.7321916e-07   9.9702467e-06   3.3463561e-05   2.6173829e-06
   1.0569929e-05   1.6719277e-05

in:      0.61315012      0.25000000       1.4769326      0.36923316
      0.30657506      0.50000000
(out-in)/in:  -2.7321916e-07  -0.00094391629    0.0011429883  -0.00082633859
    0.0023632510    -0.012277368
calculating initial guess...
Elapsed time:     0.014620066
Minimization...
Elapsed time:      0.65854692
Score R:   0.00083552168
R_k    :   0.00075421950    0.0020207005    0.0011503461   0.00010285265
   4.2628771e-05   0.00094238256

in:      0.61315012      0.25000000       1.4769326      0.73846631
     0.061315015      0.50000000
(out-in)/in:  -0.00075421950    0.0066366308    -0.019971289     0.014697741
     0.018861255      0.22435108
calculating initial guess...
Elapsed time:     0.014745951
Minimization...
Elapsed time:      0.76907897
Score R:    0.0094374816
R_k    :     0.015280586     0.017821657    0.0013055778    0.0024312837
    0.0074089868     0.012376798

in:      0.61315012      0.25000000       1.4769326      0.73846631
      0.15328753      0.50000000
(out-in)/in:     0.015280586    0.0021675550     -0.17760101      0.21478134
     -0.76108719      0.27153205
calculating initial guess...
Elapsed time:     0.014685869
Minimization...
Elapsed time:       2.8985159
Score R:       182.03234
R_k    :       1087.1940       1.0000000       1.0000000       1.0000000
       1.0000000       1.0000000

in:      0.61315012      0.25000000       1.4769326      0.73846631
      0.30657506      0.50000000
(out-in)/in:      -1087.1940      -2665.0000      -451.93458      -902.86917
      -2173.3881      -1333.0000
calculating initial guess...
Elapsed time:     0.014742136
Minimization...
Elapsed time:      0.45861697
Score R:   6.0669515e-05
R_k    :   2.5367540e-05   8.8593058e-05   0.00016456274   7.0397969e-06
   1.8651928e-05   5.9802024e-05

in:      0.61315012      0.25000000       1.4769326      0.14769327
     0.061315015      0.75000000
(out-in)/in:  -2.5367540e-05  -0.00032013376  -0.00036152599   0.00085824319
   -0.0053099207     0.021994091
calculating initial guess...
Elapsed time:     0.014780045
Minimization...
Elapsed time:      0.31219220
Score R:   0.00051858797
R_k    :   3.0220872e-05   0.00041527041    0.0014087241   0.00011990160
   0.00031750796   0.00081990282

in:      0.61315012      0.25000000       1.4769326      0.14769327
      0.15328753      0.75000000
(out-in)/in:   3.0220872e-05    -0.037293484     0.020966667    -0.025455500
      0.28931528     -0.66268839
calculating initial guess...
Elapsed time:     0.014832973
Minimization...
Elapsed time:      0.29187512
Score R:   0.00083664875
R_k    :   3.6681903e-05   0.00066868999    0.0022928013   0.00020429444
   0.00058828298    0.0012291419

in:      0.61315012      0.25000000       1.4769326      0.14769327
      0.30657506      0.75000000
(out-in)/in:   3.6681903e-05    -0.078922200     0.055491423    -0.079107406
      0.20162904     -0.92242276
calculating initial guess...
Elapsed time:     0.014630079
Minimization...
Elapsed time:      0.78864503
Score R:   0.00048757215
R_k    :    0.0010353184   0.00055344801   0.00050154305   0.00027511493
   0.00052155279   3.8455741e-05

in:      0.61315012      0.25000000       1.4769326      0.36923316
     0.061315015      0.75000000
(out-in)/in:   -0.0010353184    0.0042342386   -0.0014360177    0.0016923453
     0.043853854     0.044605635
calculating initial guess...
Elapsed time:     0.014775991
Minimization...
Elapsed time:      0.29928493
Score R:   0.00096969784
R_k    :   8.0704261e-05   0.00077471795    0.0026484305   0.00022138771
   0.00074573599    0.0013472106

in:      0.61315012      0.25000000       1.4769326      0.36923316
      0.15328753      0.75000000
(out-in)/in:   8.0704261e-05    -0.061974070     0.085126404    -0.030907945
      0.45750142     -0.97822199
calculating initial guess...
Elapsed time:     0.014679909
Minimization...
Elapsed time:      0.29864502
Score R:    0.0010768356
R_k    :   5.4725834e-05   0.00086870998    0.0029841323   0.00022373272
   0.00090657722    0.0014231357

in:      0.61315012      0.25000000       1.4769326      0.36923316
      0.30657506      0.75000000
(out-in)/in:   5.4725834e-05    -0.085655548      0.17511470    -0.082820254
      0.21016524      -1.1757485
calculating initial guess...
Elapsed time:     0.014630079
Minimization...
Elapsed time:      0.88805103
Score R:   3.1030214e-07
R_k    :   1.4549610e-07   5.3318577e-07   2.9497038e-07   3.6385230e-07
   4.1709624e-07   1.0721208e-07

in:      0.61315012      0.25000000       1.4769326      0.73846631
     0.061315015      0.75000000
(out-in)/in:   1.4549610e-07  -3.3942107e-05  -3.4681874e-05  -4.4359162e-05
  -0.00040198725  -0.00019779184
calculating initial guess...
Elapsed time:     0.014687061
Minimization...
Elapsed time:       1.0400980
Score R:   1.6648291e-06
R_k    :   2.1057257e-06   3.3256591e-06   1.9267493e-06   3.3442908e-07
   2.0744244e-08   2.2756673e-06

in:      0.61315012      0.25000000       1.4769326      0.73846631
      0.15328753      0.75000000
(out-in)/in:   2.1057257e-06  -3.8329666e-05   0.00012849078  -4.1305958e-05
   0.00031942455  -0.00099716985
calculating initial guess...
Elapsed time:     0.014466047
Minimization...
Elapsed time:      0.67315388
Score R:     0.014065196
R_k    :    0.0079873075     0.020082954     0.010589044    0.0029914085
     0.016460153     0.026280309

in:      0.61315012      0.25000000       1.4769326      0.73846631
      0.30657506      0.75000000
(out-in)/in:   -0.0079873075      0.17949225     -0.13840604      0.38248116
      0.28462563      0.33189033
calculating initial guess...
Elapsed time:     0.014799833
Minimization...
Elapsed time:       1.0740569
Score R:   5.5963159e-05
R_k    :   7.7565263e-06   2.3568495e-05   0.00014735901   1.6809074e-05
   3.0830769e-05   0.00010945508

in:      0.61315012      0.50000000       1.4769326      0.14769327
     0.061315015      0.25000000
(out-in)/in:   7.7565263e-06   -0.0083536007  -0.00057316523   -0.0012473976
     -0.18740129    -0.093525264
calculating initial guess...
Elapsed time:     0.014920950
Minimization...
Elapsed time:      0.95909595
Score R:   1.9430834e-07
R_k    :   2.4712756e-08   5.6443212e-07   2.5062855e-07   3.5344044e-08
   1.2285264e-07   1.6787993e-07

in:      0.61315012      0.50000000       1.4769326      0.14769327
      0.15328753      0.25000000
(out-in)/in:   2.4712756e-08   4.3470865e-06  -1.8309709e-06   1.0138040e-07
  -3.7208739e-05   0.00018392961
calculating initial guess...
Elapsed time:     0.014830828
Minimization...
Elapsed time:      0.62234807
Score R:   4.3080135e-07
R_k    :   2.6267349e-07   1.3653818e-07   5.8526663e-07   2.3728449e-07
   1.1746019e-06   1.8844340e-07

in:      0.61315012      0.50000000       1.4769326      0.14769327
      0.30657506      0.25000000
(out-in)/in:  -2.6267349e-07   7.1882742e-06  -4.1987730e-06   2.8742268e-07
  -1.5655730e-05   0.00021212287
calculating initial guess...
Elapsed time:     0.014703989
Minimization...
Elapsed time:       1.0122511
Score R:   9.5366432e-05
R_k    :   0.00012598411   3.4381166e-05   0.00018337909   2.2488887e-05
   7.9500462e-05   0.00012646487

in:      0.61315012      0.50000000       1.4769326      0.36923316
     0.061315015      0.25000000
(out-in)/in:   0.00012598411    0.0025728046    0.0037296125   -0.0020601493
      0.16795452     -0.35242239
calculating initial guess...
Elapsed time:     0.014714956
Minimization...
Elapsed time:      0.30707598
Score R:   0.00026425771
R_k    :   2.4899388e-05   0.00021067411   0.00070342194   7.3607415e-05
   0.00017991322   0.00039303021

in:      0.61315012      0.50000000       1.4769326      0.36923316
      0.15328753      0.25000000
(out-in)/in:   2.4899388e-05    -0.017443173     0.019819060   -0.0028054091
      0.14243664     -0.70644898
calculating initial guess...
Elapsed time:     0.014682055
Minimization...
Elapsed time:      0.28776097
Score R:   0.00012064843
R_k    :   4.8393227e-06   9.3095204e-05   0.00032831220   3.2215766e-05
   9.2645596e-05   0.00017278247

in:      0.61315012      0.50000000       1.4769326      0.36923316
      0.30657506      0.25000000
(out-in)/in:  -4.8393227e-06    0.0096596673    -0.011369720    0.0042045634
    -0.024851811      0.24161085
calculating initial guess...
Elapsed time:     0.014607906
Minimization...
Elapsed time:      0.77574301
Score R:   8.0122596e-06
R_k    :   2.3077371e-07   2.1512895e-06   2.6049534e-05   7.1716410e-06
   4.2392104e-06   8.2311087e-06

in:      0.61315012      0.50000000       1.4769326      0.73846631
     0.061315015      0.25000000
(out-in)/in:  -2.3077371e-07  -0.00087228950  -0.00073529499   0.00030606764
    -0.020936478     0.022060975
calculating initial guess...
Elapsed time:     0.014671087
Minimization...
Elapsed time:      0.37347913
Score R:   6.2620281e-05
R_k    :   6.9717667e-08   4.5754330e-05   0.00016337991   2.1308240e-05
   6.6093343e-05   7.9116147e-05

in:      0.61315012      0.50000000       1.4769326      0.73846631
      0.15328753      0.25000000
(out-in)/in:  -6.9717667e-08   -0.0036317809     0.010644471   -0.0011596691
     0.030582484     -0.20169815
calculating initial guess...
Elapsed time:     0.014688015
Minimization...
Elapsed time:      0.33028793
Score R:   0.00035883600
R_k    :   1.6043047e-05   0.00026857940   0.00092673989   0.00013652930
   0.00040278268   0.00040234166

in:      0.61315012      0.50000000       1.4769326      0.73846631
      0.30657506      0.25000000
(out-in)/in:   1.6043047e-05    -0.027063451      0.11798241   -0.0085291024
     0.068591205      -1.1700383
calculating initial guess...
Elapsed time:     0.014840126
Minimization...
Elapsed time:      0.51144505
Score R:    0.0011466466
R_k    :   8.8880219e-05   0.00088447768    0.0031038606   0.00029006019
   0.00055803767    0.0019545635

in:      0.61315012      0.50000000       1.4769326      0.14769327
     0.061315015      0.50000000
(out-in)/in:   8.8880219e-05     -0.11386613     0.080068817     0.086423077
       2.8472560      -2.9164706
calculating initial guess...
Elapsed time:     0.014832020
Minimization...
Elapsed time:      0.51676011
Score R:   0.00027689518
R_k    :   3.2955144e-05   0.00025265665   0.00058900938   2.4476462e-05
   0.00036672700   0.00039554644

in:      0.61315012      0.50000000       1.4769326      0.14769327
      0.15328753      0.50000000
(out-in)/in:  -3.2955144e-05    -0.016720667    0.0090673145   -0.0087371808
      0.13794604     -0.44514226
calculating initial guess...
Elapsed time:     0.014780998
Minimization...
Elapsed time:      0.29288411
Score R:   0.00030548774
R_k    :   2.1231942e-05   0.00024760805   0.00083071583   7.8386857e-05
   0.00019182815   0.00046315563

in:      0.61315012      0.50000000       1.4769326      0.14769327
      0.30657506      0.50000000
(out-in)/in:   2.1231942e-05    -0.028135091     0.017257891    -0.022722439
     0.071922327     -0.43978589
calculating initial guess...
Elapsed time:     0.014667034
Minimization...
Elapsed time:       1.6050649
Score R:   8.7024093e-08
R_k    :   8.8292705e-08   8.4770171e-09   5.1111911e-08   1.8887372e-07
   5.8034343e-08   1.2735486e-07

in:      0.61315012      0.50000000       1.4769326      0.36923316
     0.061315015      0.50000000
(out-in)/in:  -8.8292705e-08   7.5598998e-07   3.3022755e-07  -2.7725145e-07
   1.0301356e-05  -6.4707391e-06
calculating initial guess...
Elapsed time:     0.014767885
Minimization...
Elapsed time:      0.72012687
Score R:   3.4765690e-07
R_k    :   1.2934151e-08   5.0768354e-07   3.4235470e-07   2.6396563e-07
   1.6196259e-09   9.5738374e-07

in:      0.61315012      0.50000000       1.4769326      0.36923316
      0.15328753      0.50000000
(out-in)/in:   1.2934151e-08  -1.4543743e-05   1.6174156e-05  -6.1105862e-06
   0.00012904180  -0.00038044503
calculating initial guess...
Elapsed time:     0.014683008
Minimization...
Elapsed time:      0.57111406
Score R:   1.6565139e-06
R_k    :   8.7811063e-07   2.3649501e-06   9.4721948e-07   8.1931927e-07
   1.4107502e-06   3.5187337e-06

in:      0.61315012      0.50000000       1.4769326      0.36923316
      0.30657506      0.50000000
(out-in)/in:  -8.7811063e-07  -7.3842351e-05   9.1652792e-05  -6.5026456e-05
   0.00019252190  -0.00098189817
calculating initial guess...
Elapsed time:     0.014728069
Minimization...
Elapsed time:      0.54841590
Score R:   0.00044080735
R_k    :   3.1364092e-06   0.00027352138    0.0011363730   0.00018546110
   0.00049493077   0.00055142140

in:      0.61315012      0.50000000       1.4769326      0.73846631
     0.061315015      0.50000000
(out-in)/in:   3.1364092e-06    -0.041783375      0.24845551     0.018865326
       1.4463193      -2.6629409
calculating initial guess...
Elapsed time:     0.014672995
Minimization...
Elapsed time:      0.35719800
Score R:   0.00018592150
R_k    :   1.3837932e-05   0.00014825239   0.00047480709   6.1832599e-05
   0.00019861922   0.00021817979

in:      0.61315012      0.50000000       1.4769326      0.73846631
      0.15328753      0.50000000
(out-in)/in:   1.3837932e-05   -0.0090255490     0.027911538   -0.0058506266
     0.074214736     -0.28311798
calculating initial guess...
Elapsed time:     0.014642954
Minimization...
Elapsed time:      0.61318183
Score R:   9.4907995e-08
R_k    :   6.0185749e-08   2.1317304e-08   2.1117262e-07   3.4346458e-08
   1.2933064e-07   1.1309519e-07

in:      0.61315012      0.50000000       1.4769326      0.73846631
      0.30657506      0.50000000
(out-in)/in:   6.0185749e-08    -0.025217350      0.43607498    0.0080029619
     0.054777521      -2.1584494
calculating initial guess...
Elapsed time:     0.014742136
Minimization...
Elapsed time:      0.39947915
Score R:    0.0017270838
R_k    :   0.00025683432   0.00071498727    0.0045635596   0.00041970927
   0.00081710474    0.0035903074

in:      0.61315012      0.50000000       1.4769326      0.14769327
     0.061315015      0.75000000
(out-in)/in:  -0.00025683432    -0.094744148     0.089635674     0.072698667
       2.9527545      -2.3093942
calculating initial guess...
Elapsed time:     0.014832973
Minimization...
Elapsed time:      0.96648097
Score R:   1.7118760e-06
R_k    :   1.2134738e-06   2.7364279e-06   6.5655146e-07   7.9454986e-07
   3.9857895e-06   8.8446359e-07

in:      0.61315012      0.50000000       1.4769326      0.14769327
      0.15328753      0.75000000
(out-in)/in:   1.2134738e-06  -5.2142246e-05   2.7691546e-05  -6.1190082e-05
   0.00043825680   -0.0011237512
calculating initial guess...
Elapsed time:     0.014848948
Minimization...
Elapsed time:      0.65735602
Score R:   2.3086368e-07
R_k    :   3.3327666e-07   2.7290465e-07   1.5475335e-07   1.6501209e-07
   1.2031490e-07   3.3892046e-07

in:      0.61315012      0.50000000       1.4769326      0.14769327
      0.30657506      0.75000000
(out-in)/in:  -3.3327666e-07   1.0084505e-07   2.7868405e-07   6.1677779e-07
   1.4069574e-06  -5.0549001e-06
calculating initial guess...
Elapsed time:     0.014660120
Minimization...
Elapsed time:       1.1078930
Score R:   0.00071226358
R_k    :    0.0022785514   0.00039703202   0.00034155722   0.00022422488
   0.00045401960   0.00057819639

in:      0.61315012      0.50000000       1.4769326      0.36923316
     0.061315015      0.75000000
(out-in)/in:   -0.0022785514     0.072454764    -0.028282651    -0.065017879
     -0.40362397     -0.33427875
calculating initial guess...
Elapsed time:     0.014776945
Minimization...
Elapsed time:      0.82521105
Score R:   2.6091728e-07
R_k    :   8.8639526e-08   5.4764640e-07   3.8080221e-08   6.4183770e-07
   8.5913487e-08   1.6338635e-07

in:      0.61315012      0.50000000       1.4769326      0.36923316
      0.15328753      0.75000000
(out-in)/in:   8.8639526e-08  -2.3811118e-06   3.4965957e-06  -1.9194940e-06
   2.0396850e-05  -5.6302466e-05
calculating initial guess...
Elapsed time:     0.014677048
Minimization...
Elapsed time:      0.81377912
Score R:   1.7455382e-07
R_k    :   1.2750410e-07   2.6485367e-07   3.2078141e-09   3.0733732e-07
   3.0432547e-07   4.0094552e-08

in:      0.61315012      0.50000000       1.4769326      0.36923316
      0.30657506      0.75000000
(out-in)/in:   1.2750410e-07  -5.6107687e-06   5.7227612e-06  -8.0175267e-06
   1.1932771e-05  -4.0931749e-05
calculating initial guess...
Elapsed time:     0.014652014
Minimization...
Elapsed time:       1.4300499
Score R:   1.2507348e-05
R_k    :   4.9119467e-06   2.2309463e-05   2.0591450e-05   1.5603289e-06
   1.7630783e-06   2.3907820e-05

in:      0.61315012      0.50000000       1.4769326      0.73846631
     0.061315015      0.75000000
(out-in)/in:  -4.9119467e-06    0.0016454998    0.0013153032    0.0022298948
     0.018438984    0.0094575760
calculating initial guess...
Elapsed time:     0.014719009
Minimization...
Elapsed time:       2.9572270
Score R:       182.03234
R_k    :       1087.1940       1.0000000       1.0000000       1.0000000
       1.0000000       1.0000000

in:      0.61315012      0.50000000       1.4769326      0.73846631
      0.15328753      0.75000000
(out-in)/in:      -1087.1940      -1333.0000      -451.93458      -902.86917
      -4345.7761      -889.00000
calculating initial guess...
Elapsed time:     0.014667034
Minimization...
Elapsed time:       3.0259209
Score R:       182.03234
R_k    :       1087.1940       1.0000000       1.0000000       1.0000000
       1.0000000       1.0000000

in:      0.61315012      0.50000000       1.4769326      0.73846631
      0.30657506      0.75000000
(out-in)/in:      -1087.1940      -1333.0000      -451.93458      -902.86917
      -2173.3881      -889.00000
calculating initial guess...
Elapsed time:     0.014703035
Minimization...
Elapsed time:      0.50934100
Score R:   0.00047798627
R_k    :   0.00040887688    0.0011095905   0.00050192037   0.00018316951
   0.00019292891   0.00047143144

in:      0.61315012       1.0000000       1.4769326      0.14769327
     0.061315015      0.25000000
(out-in)/in:  -0.00040887688   -0.0049865292   -0.0025252193    0.0022308415
     -0.12095413      0.39252569
calculating initial guess...
Elapsed time:     0.014673948
Minimization...
Elapsed time:      0.33042288
Score R:   4.3438730e-05
R_k    :   8.5318934e-06   2.7129243e-05   0.00012008407   1.0266319e-05
   2.1589276e-05   7.3031582e-05

in:      0.61315012       1.0000000       1.4769326      0.14769327
      0.15328753      0.25000000
(out-in)/in:  -8.5318934e-06    0.0030934522   -0.0015867882   0.00087825771
    -0.026690758      0.16046305
calculating initial guess...
Elapsed time:     0.014828920
Minimization...
Elapsed time:      0.34821796
Score R:   4.3500755e-06
R_k    :   3.5448075e-07   3.2838539e-06   1.1427723e-05   1.2562319e-06
   2.5395418e-06   7.2386219e-06

in:      0.61315012       1.0000000       1.4769326      0.14769327
      0.30657506      0.25000000
(out-in)/in:   3.5448075e-07  -0.00040459603   0.00023023421  -0.00018181627
    0.0010396781    -0.011877968
calculating initial guess...
Elapsed time:     0.014605999
Minimization...
Elapsed time:      0.92167711
Score R:   4.4016264e-05
R_k    :   5.0340246e-05   2.1898773e-05   5.5351733e-05   1.0423039e-05
   3.9030551e-05   8.7053238e-05

in:      0.61315012       1.0000000       1.4769326      0.36923316
     0.061315015      0.25000000
(out-in)/in:  -5.0340246e-05    0.0018764576   0.00099703918  -0.00056502633
     0.051654037    -0.085794164
calculating initial guess...
Elapsed time:     0.014757872
Minimization...
Elapsed time:      0.59175396
Score R:   7.0622885e-07
R_k    :   1.3034923e-08   3.1845503e-07   2.0637029e-06   7.6420443e-07
   4.1216150e-07   6.6581426e-07

in:      0.61315012       1.0000000       1.4769326      0.36923316
      0.15328753      0.25000000
(out-in)/in:   1.3034923e-08   2.7612454e-05  -2.9265914e-05   7.8042223e-06
  -0.00023265927    0.0012089289
calculating initial guess...
Elapsed time:     0.014740944
Minimization...
Elapsed time:      0.51798606
Score R:   1.0880819e-07
R_k    :   2.0338388e-07   5.8707715e-08   1.7796570e-08   9.1540307e-08
   1.1442025e-07   1.6700042e-07

in:      0.61315012       1.0000000       1.4769326      0.36923316
      0.30657506      0.25000000
(out-in)/in:  -2.0338388e-07  -2.7828176e-06   3.6090720e-06  -1.2155516e-06
   8.2280915e-06  -7.6072825e-05
calculating initial guess...
Elapsed time:     0.014669895
Minimization...
Elapsed time:      0.39859295
Score R:   3.6902456e-05
R_k    :   4.5613499e-06   3.4206706e-05   8.7839948e-05   1.1232024e-05
   4.3553075e-05   4.0021631e-05

in:      0.61315012       1.0000000       1.4769326      0.73846631
     0.061315015      0.25000000
(out-in)/in:   4.5613499e-06    0.0022374784    0.0039314941   -0.0015768274
     0.086432801     -0.16879196
calculating initial guess...
Elapsed time:     0.014834881
Minimization...
Elapsed time:      0.32124400
Score R:   3.4508637e-05
R_k    :   1.1699340e-06   1.8684621e-05   8.9273202e-05   1.6879318e-05
   3.8846595e-05   4.2198150e-05

in:      0.61315012       1.0000000       1.4769326      0.73846631
      0.15328753      0.25000000
(out-in)/in:   1.1699340e-06    0.0019625026   -0.0054924929   0.00070510128
    -0.016747667      0.10933575
calculating initial guess...
Elapsed time:     0.014779091
Minimization...
Elapsed time:      0.71432996
Score R:   5.0691259e-07
R_k    :   8.6824818e-08   2.6976640e-07   7.2470740e-07   6.5052948e-07
   5.9875745e-07   7.1088999e-07

in:      0.61315012       1.0000000       1.4769326      0.73846631
      0.30657506      0.25000000
(out-in)/in:   8.6824818e-08   5.4960835e-06  -2.1517906e-05   3.9381034e-06
  -1.2044977e-05   0.00022101302
calculating initial guess...
Elapsed time:     0.014827013
Minimization...
Elapsed time:      0.71440697
Score R:   0.00015516945
R_k    :   1.6802662e-05   1.6680456e-05   0.00034020386   4.9688082e-05
   0.00016835579   0.00033928588

in:      0.61315012       1.0000000       1.4769326      0.14769327
     0.061315015      0.50000000
(out-in)/in:   1.6802662e-05    0.0030254323    0.0023395134   -0.0068384040
      0.17791402     -0.30191774
calculating initial guess...
Elapsed time:     0.014698029
Minimization...
Elapsed time:      0.67398095
Score R:   4.1368410e-08
R_k    :   8.6531198e-09   7.4927884e-09   1.0973521e-07   7.6580349e-09
   9.5333048e-08   1.9338259e-08

in:      0.61315012       1.0000000       1.4769326      0.14769327
      0.15328753      0.50000000
(out-in)/in:  -8.6531198e-09  -3.3280998e-06   1.7222653e-06  -2.1399776e-06
   2.8785943e-05  -9.6541999e-05
calculating initial guess...
Elapsed time:     0.014841080
Minimization...
Elapsed time:      0.68552494
Score R:   7.7698130e-08
R_k    :   2.1871276e-07   8.1679005e-08   7.1654720e-08   4.9768603e-08
   3.3696198e-10   4.4036727e-08

in:      0.61315012       1.0000000       1.4769326      0.14769327
      0.30657506      0.50000000
(out-in)/in:   2.1871276e-07   1.3609087e-06  -7.7444835e-07   1.2499602e-06
  -4.4471733e-06   2.0858813e-05
calculating initial guess...
Elapsed time:     0.014605999
Minimization...
Elapsed time:      0.91763616
Score R:   3.0029382e-07
R_k    :   1.4944839e-07   5.8302810e-07   1.1455142e-07   6.4563430e-07
   2.4916984e-07   5.9930877e-08

in:      0.61315012       1.0000000       1.4769326      0.36923316
     0.061315015      0.50000000
(out-in)/in:   1.4944839e-07  -9.8961424e-07   4.2400309e-07  -6.1546631e-07
  -1.7300025e-05  -2.3379170e-05
calculating initial guess...
Elapsed time:     0.014707088
Minimization...
Elapsed time:      0.81131601
Score R:   4.2217104e-08
R_k    :   3.3186400e-08   4.0914971e-08   2.4873167e-08   2.4198469e-08
   2.9537748e-08   1.0059187e-07

in:      0.61315012       1.0000000       1.4769326      0.36923316
      0.15328753      0.50000000
(out-in)/in:   3.3186400e-08   3.4618817e-07  -4.5948345e-07   4.6062031e-07
  -2.6399138e-06   1.0638895e-05
calculating initial guess...
Elapsed time:     0.014747858
Minimization...
Elapsed time:      0.66361284
Score R:   2.0447781e-06
R_k    :   2.5367520e-06   2.6143736e-06   2.4651301e-06   2.6047447e-06
   1.5160017e-06   5.3166637e-07

in:      0.61315012       1.0000000       1.4769326      0.36923316
      0.30657506      0.50000000
(out-in)/in:   2.5367520e-06   2.4355591e-05  -2.9061163e-05   1.6399718e-05
  -7.3750676e-05   0.00032223691
calculating initial guess...
Elapsed time:     0.014638901
Minimization...
Elapsed time:       1.1878829
Score R:   4.6701287e-07
R_k    :   2.4591206e-07   8.1408911e-07   8.2092616e-09   6.5761619e-07
   3.7604003e-07   7.0021056e-07

in:      0.61315012       1.0000000       1.4769326      0.73846631
     0.061315015      0.50000000
(out-in)/in:  -2.4591206e-07   3.2663296e-06   4.5064084e-06   1.3239812e-06
   1.3519473e-05  -4.4758253e-05
calculating initial guess...
Elapsed time:     0.014758110
Minimization...
Elapsed time:      0.77985597
Score R:   5.4483676e-08
R_k    :   4.5284837e-08   1.6649664e-08   3.4783364e-08   6.1840396e-08
   1.4813520e-07   2.0208589e-08

in:      0.61315012       1.0000000       1.4769326      0.73846631
      0.15328753      0.50000000
(out-in)/in:   4.5284837e-08  -1.4434629e-06   2.6507808e-06  -1.3549596e-06
   8.1801146e-06  -3.0219336e-05
calculating initial guess...
Elapsed time:     0.014657021
Minimization...
Elapsed time:      0.66409206
Score R:   2.0275386e-07
R_k    :   2.1757882e-07   1.4437464e-08   4.6134646e-07   6.5622063e-08
   2.1266773e-07   2.4487061e-07

in:      0.61315012       1.0000000       1.4769326      0.73846631
      0.30657506      0.50000000
(out-in)/in:  -2.1757882e-07   6.6060000e-06  -2.1327460e-05   8.8482092e-06
  -1.2891593e-05   0.00011300906
calculating initial guess...
Elapsed time:     0.014899969
Minimization...
Elapsed time:      0.47997403
Score R:   5.0021204e-05
R_k    :   6.0241651e-05   9.8424612e-05   7.0406807e-05   1.7458663e-05
   1.4823290e-05   3.8772203e-05

in:      0.61315012       1.0000000       1.4769326      0.14769327
     0.061315015      0.75000000
(out-in)/in:  -6.0241651e-05   0.00013404911  -0.00017950851   0.00047172700
   0.00063650048     0.011471657
calculating initial guess...
Elapsed time:     0.014762878
Minimization...
Elapsed time:      0.25421000
Score R:   0.00028171860
R_k    :   3.4054573e-05   0.00019411971   0.00074346745   7.7917885e-05
   0.00017779861   0.00046295341

in:      0.61315012       1.0000000       1.4769326      0.14769327
      0.15328753      0.75000000
(out-in)/in:   3.4054573e-05    -0.020328888     0.010890566    -0.016176255
      0.16345682     -0.38250173
calculating initial guess...
Elapsed time:     0.014989853
Minimization...
Elapsed time:      0.27494216
Score R:   0.00086311487
R_k    :   0.00010096940   0.00071577821    0.0023380823   0.00020119560
   0.00058712628    0.0012355374

in:      0.61315012       1.0000000       1.4769326      0.14769327
      0.30657506      0.75000000
(out-in)/in:   0.00010096940    -0.080464001     0.056835144    -0.079311202
      0.20537768     -0.94417318
calculating initial guess...
Elapsed time:     0.014798164
Minimization...
Elapsed time:      0.73752618
Score R:   0.00068543479
R_k    :    0.0013632396   0.00095590921   0.00032840218   0.00025072980
   0.00021776269   0.00099656530

in:      0.61315012       1.0000000       1.4769326      0.36923316
     0.061315015      0.75000000
(out-in)/in:   -0.0013632396    0.0073393086   -0.0011526975    0.0054041780
     0.063983954     0.051840486
calculating initial guess...
Elapsed time:     0.014837980
Minimization...
Elapsed time:      0.84444904
Score R:   2.1103462e-06
R_k    :   4.4938310e-07   1.2244677e-06   4.3537903e-06   2.6262840e-06
   8.3559453e-07   3.1725573e-06

in:      0.61315012       1.0000000       1.4769326      0.36923316
      0.15328753      0.75000000
(out-in)/in:   4.4938310e-07   0.00011041944  -0.00011131822   8.2930815e-05
  -0.00093218566    0.0020330150
calculating initial guess...
Elapsed time:     0.014796972
Minimization...
Elapsed time:      0.76981902
Score R:   3.1919397e-06
R_k    :   3.7339902e-08   5.5086428e-06   2.5448371e-06   5.0463140e-06
   2.8475003e-06   3.1670039e-06

in:      0.61315012       1.0000000       1.4769326      0.36923316
      0.30657506      0.75000000
(out-in)/in:  -3.7339902e-08  -0.00019924196   0.00020987164  -0.00027289262
   0.00045447832   -0.0015068288
calculating initial guess...
Elapsed time:     0.014816046
Minimization...
Elapsed time:       1.3665121
Score R:   6.6467612e-06
R_k    :   1.0167355e-05   9.3576228e-06   7.6230669e-06   2.0521637e-06
   5.8367130e-07   1.0096688e-05

in:      0.61315012       1.0000000       1.4769326      0.73846631
     0.061315015      0.75000000
(out-in)/in:  -1.0167355e-05   0.00097501251   0.00083997377    0.0012796658
     0.011056791    0.0056176647
calculating initial guess...
Elapsed time:     0.014719963
Minimization...
Elapsed time:      0.76490092
Score R:   2.4457783e-07
R_k    :   6.1573856e-07   8.7616380e-08   1.1299339e-07   1.4422838e-07
   2.3678586e-07   2.7010440e-07

in:      0.61315012       1.0000000       1.4769326      0.73846631
      0.15328753      0.75000000
(out-in)/in:   6.1573856e-07  -5.3477609e-06   1.2709829e-05  -5.0992812e-06
   3.3562012e-05  -0.00010030560
calculating initial guess...
Elapsed time:     0.014808893
Minimization...
Elapsed time:      0.89266610
Score R:   5.9636006e-08
R_k    :   2.0816838e-08   4.3496306e-08   8.2243716e-08   1.0889653e-07
   1.0408271e-08   9.1954372e-08

in:      0.61315012       1.0000000       1.4769326      0.73846631
      0.30657506      0.75000000
(out-in)/in:   2.0816838e-08  -1.8171536e-06   5.2791535e-06  -3.3037107e-06
   3.7206909e-06  -1.8666157e-05


Total elapsed time (whole experiment):       59.841654
% Program caused arithmetic error: Floating underflow
% Program caused arithmetic error: Floating overflow
% Program caused arithmetic error: Floating illegal operand
