IDL Version 7.1 (linux x86_64 m64). (c) 2009, ITT Visual Information Solutions
Installation number: .
Licensed for use by: IA-BAS

% Compiled module: WRAPPER.
% Compiled module: EXP_CONTRL_V2.
Minimization of cost_function_cs

Polak-Ribiere method
cp phi2.pro phi.pro
cp gradphi2.pro gradphi.pro

% Compiled module: MAKE_GRID.
Created  Ln-Uniform Grid NTe x NNe = :      50    x      50

% Compiled module: XREAD.
% Compiled module: SET_TOMROOT.
% Compiled module: LOAD_TABLES.
% Compiled module: LOAD_G_TABLE.
% Compiled module: MAKE_SK_OVER_FIP_FACTOR.
% Compiled module: S_FUNCTION.
% Compiled module: G_FUNCTION.
% Compiled module: FINDVAL3D_FUNCTION.
% Compiled module: FINDVAL2D_FUNCTION.
% Compiled module: INTERPOL.
% Compiled module: LOAD_UNITS.
% Compiled module: CHANGE_UNITS_GRID.
% Compiled module: MAKE_GUESS_INI_WITH_DEMT.
calculating initial guess...
% Compiled module: COST_FUNCTION_CS.
% Compiled module: E_FUNCTION_CS.
% Compiled module: P_FUNCTION_CS.
% Compiled module: ARRAY_INDICES.
Elapsed time:     0.015218019
Minimization...
% Compiled module: MINIMIZADOR.
% Compiled module: PR_MIN.
% Compiled module: FRPRMN.
% Compiled module: PHI.
% Compiled module: GRADPHI.
% Compiled module: GRAD_E_FUNCTION_CS.
% Compiled module: GRAD_P_FUNCTION_CS.
% Compiled module: LINMIN.
% Compiled module: MNBRAK.
% Compiled module: F1DIM.
% Compiled module: DBRENT.
% Compiled module: DF1DIM.
Elapsed time:       16.349976
% Compiled module: SYNTH_Y_VALUES_CS.
% Compiled module: MEAN.
% Compiled module: MOMENT.
Score R:   7.6415980e-09
R_k    :   1.0822104e-09   6.7708098e-09   2.0506011e-08   1.8329372e-09
   3.4348366e-09   1.2222784e-08

in:      0.61315012      0.25000000       1.4769326      0.14769327
     0.061315015      0.25000000
(out-in)/in:  -1.0822104e-09  -8.5978102e-07  -1.6918037e-07   2.4764446e-07
  -2.0743418e-05   3.4180646e-05
calculating initial guess...
Elapsed time:     0.014988899
Minimization...
Elapsed time:       10.218714
Score R:   8.2936971e-09
R_k    :   8.6980575e-10   6.7676301e-09   2.2375705e-08   2.0573039e-09
   4.0919398e-09   1.3599798e-08

in:      0.61315012      0.25000000       1.4769326      0.14769327
      0.15328753      0.25000000
(out-in)/in:   8.6980575e-10   2.3964762e-07  -1.2456795e-07  -4.6291457e-08
  -1.8331937e-06   1.1448916e-05
calculating initial guess...
Elapsed time:     0.016973019
Minimization...
Elapsed time:       21.803283
Score R:   1.3843730e-10
R_k    :   2.9423666e-13   1.9627658e-10   1.7016935e-10   3.3612977e-11
   5.1637330e-11   3.7863334e-10

in:      0.61315012      0.25000000       1.4769326      0.14769327
      0.30657506      0.25000000
(out-in)/in:   2.9423666e-13   7.8011539e-08  -5.7544825e-08   3.1871624e-08
  -2.6082109e-07   2.8727271e-06
calculating initial guess...
Elapsed time:     0.014735937
Minimization...
FRPRMN maximum iterations exceeded
Elapsed time:       26.161827
Score R:   1.4865663e-07
R_k    :   1.1611585e-07   1.5116749e-07   3.1855690e-07   8.5917064e-09
   1.3112213e-07   1.6638569e-07

in:      0.61315012      0.25000000       1.4769326      0.36923316
     0.061315015      0.25000000
(out-in)/in:   1.1611585e-07   8.1885865e-06   4.1148917e-06  -2.9016143e-06
   0.00020218869  -0.00031360620
calculating initial guess...
Elapsed time:     0.014821053
Minimization...
FRPRMN maximum iterations exceeded
Elapsed time:       25.002830
Score R:   2.8539600e-07
R_k    :   2.5613850e-08   2.2419236e-07   7.6531329e-07   7.7215333e-08
   2.0496620e-07   4.1507496e-07

in:      0.61315012      0.25000000       1.4769326      0.36923316
      0.15328753      0.25000000
(out-in)/in:  -2.5613850e-08   1.8978771e-05  -2.0419375e-05   4.3991625e-06
  -0.00016309716   0.00083210791
calculating initial guess...
Elapsed time:     0.014807940
Minimization...
FRPRMN maximum iterations exceeded
Elapsed time:       25.641654
Score R:   1.9935802e-06
R_k    :   9.8785555e-07   1.3384970e-06   3.7040930e-06   7.0276668e-07
   1.8484207e-06   3.3798481e-06

in:      0.61315012      0.25000000       1.4769326      0.36923316
      0.30657506      0.25000000
(out-in)/in:   9.8785555e-07   0.00011969246  -0.00014056674   4.6143884e-05
  -0.00031429452    0.0029499759
calculating initial guess...
Elapsed time:     0.014634132
Minimization...
FRPRMN maximum iterations exceeded
Elapsed time:       26.027946
Score R:   3.7457542e-05
R_k    :   1.0759657e-05   3.8835285e-05   9.3167704e-05   1.1679945e-05
   2.5560589e-05   4.4742071e-05

in:      0.61315012      0.25000000       1.4769326      0.73846631
     0.061315015      0.25000000
(out-in)/in:   1.0759657e-05    0.0022727318    0.0040188543   -0.0015150365
     0.086881215     -0.17199609
calculating initial guess...
Elapsed time:     0.014733076
Minimization...
Elapsed time:       22.684228
Score R:   9.5799547e-09
R_k    :   1.0192173e-09   7.2251453e-09   2.4469265e-08   3.7725151e-09
   1.0192844e-08   1.0800742e-08

in:      0.61315012      0.25000000       1.4769326      0.73846631
      0.15328753      0.25000000
(out-in)/in:   1.0192173e-09  -5.6313887e-07   1.7879349e-06  -1.8414744e-07
   4.9069817e-06  -3.4894694e-05
calculating initial guess...
Elapsed time:     0.014776945
Minimization...
Elapsed time:       14.103055
Score R:   1.1715302e-09
R_k    :   8.7148914e-11   8.3282596e-10   3.0308878e-09   4.3683362e-10
   1.3284355e-09   1.3130496e-09

in:      0.61315012      0.25000000       1.4769326      0.73846631
      0.30657506      0.25000000
(out-in)/in:  -8.7148914e-11   6.9440146e-07  -2.1999892e-06   4.6631055e-07
  -1.6620943e-06   2.2800706e-05
calculating initial guess...
Elapsed time:     0.015060902
Minimization...
Elapsed time:       12.417910
Score R:   3.2437220e-10
R_k    :   1.9185534e-10   3.7136506e-10   8.3172199e-10   6.6263949e-11
   1.1923674e-10   3.6579012e-10

in:      0.61315012      0.25000000       1.4769326      0.14769327
     0.061315015      0.50000000
(out-in)/in:  -1.9185534e-10  -4.9333731e-07  -1.2647276e-07   3.9154908e-07
  -1.0343808e-05   1.2584054e-05
calculating initial guess...
Elapsed time:     0.014993906
Minimization...
Elapsed time:       13.183989
Score R:   1.4441759e-08
R_k    :   1.2205961e-09   1.1121621e-08   3.9220063e-08   3.5232717e-09
   8.0121936e-09   2.3552811e-08

in:      0.61315012      0.25000000       1.4769326      0.14769327
      0.15328753      0.50000000
(out-in)/in:  -1.2205961e-09   2.0513578e-07  -1.0717181e-07   2.5858296e-07
  -1.7659550e-06   6.0948345e-06
calculating initial guess...
Elapsed time:     0.015146017
Minimization...
FRPRMN maximum iterations exceeded
Elapsed time:       22.796838
Score R:   3.8874321e-08
R_k    :   1.3438464e-08   1.0539126e-07   9.3706505e-08   1.0548721e-09
   4.1898544e-09   1.5464976e-08

in:      0.61315012      0.25000000       1.4769326      0.14769327
      0.30657506      0.50000000
(out-in)/in:   1.3438464e-08  -3.1045592e-06   1.8918327e-06  -3.2120725e-06
   7.8020862e-06  -4.8918530e-05
calculating initial guess...
Elapsed time:     0.015168905
Minimization...
Elapsed time:       23.577487
Score R:   1.7360177e-09
R_k    :   8.9319874e-10   2.5753082e-09   4.5245406e-09   2.5303866e-10
   6.8165188e-10   1.4883684e-09

in:      0.61315012      0.25000000       1.4769326      0.36923316
     0.061315015      0.50000000
(out-in)/in:  -8.9319874e-10  -1.6667094e-07  -1.6280301e-07   1.4040676e-07
  -2.5815251e-06   4.8939341e-06
calculating initial guess...
Elapsed time:     0.014982939
Minimization...
Elapsed time:       18.759412
Score R:   7.7363128e-09
R_k    :   5.7035829e-10   5.7394136e-09   2.0970477e-08   1.9665847e-09
   5.9917020e-09   1.1179342e-08

in:      0.61315012      0.25000000       1.4769326      0.36923316
      0.15328753      0.50000000
(out-in)/in:  -5.7035829e-10   1.0208652e-06  -1.1000885e-06   5.4920373e-07
  -8.5704391e-06   2.5992191e-05
calculating initial guess...
Elapsed time:     0.015000105
Minimization...
Elapsed time:       21.175216
Score R:   3.3988965e-09
R_k    :   2.0006499e-10   2.9345252e-09   9.3129780e-09   7.5400220e-10
   2.6373915e-09   4.5544168e-09

in:      0.61315012      0.25000000       1.4769326      0.36923316
      0.30657506      0.50000000
(out-in)/in:   2.0006499e-10  -9.0606392e-08   1.9912320e-07  -8.3171888e-08
   2.5918003e-07  -1.9049436e-06
calculating initial guess...
Elapsed time:     0.014855146
Minimization...
FRPRMN maximum iterations exceeded
Elapsed time:       26.740463
Score R:   1.9270648e-05
R_k    :   2.0816254e-05   2.8961178e-05   2.7291070e-05   1.2155622e-05
   2.0019756e-05   6.3800099e-06

in:      0.61315012      0.25000000       1.4769326      0.73846631
     0.061315015      0.50000000
(out-in)/in:   2.0816254e-05   6.5316680e-05   0.00047758036  -0.00012125551
    0.0017468769   -0.0047210037
calculating initial guess...
Elapsed time:     0.014904976
Minimization...
FRPRMN maximum iterations exceeded
Elapsed time:       25.059672
Score R:   4.0854646e-06
R_k    :   3.3600865e-07   2.9292834e-06   1.0520781e-05   1.5627364e-06
   4.6110235e-06   4.5529551e-06

in:      0.61315012      0.25000000       1.4769326      0.73846631
      0.15328753      0.50000000
(out-in)/in:  -3.3600865e-07   0.00019803533  -0.00056959531   0.00013762525
   -0.0016662733    0.0062988206
calculating initial guess...
Elapsed time:     0.014918089
Minimization...
FRPRMN maximum iterations exceeded
Elapsed time:       24.704389
Score R:   1.7186949e-06
R_k    :   1.6872136e-07   1.4735727e-06   4.5112400e-06   5.8638690e-07
   1.8013327e-06   1.7709154e-06

in:      0.61315012      0.25000000       1.4769326      0.73846631
      0.30657506      0.50000000
(out-in)/in:  -1.6872136e-07   7.8878457e-05  -0.00028850703   0.00010624102
  -0.00018772369    0.0015162655
calculating initial guess...
Elapsed time:     0.015379906
Minimization...
FRPRMN maximum iterations exceeded
Elapsed time:       25.618632
Score R:   1.1898510e-08
R_k    :   9.1498507e-09   2.4362215e-08   2.5860611e-09   3.3803968e-09
   1.8114305e-08   1.3798234e-08

in:      0.61315012      0.25000000       1.4769326      0.14769327
     0.061315015      0.75000000
(out-in)/in:   9.1498507e-09   2.7097484e-08   1.2343670e-08  -1.0639312e-07
   6.2970651e-07  -9.0157163e-07
calculating initial guess...
Elapsed time:     0.015383005
Minimization...
Elapsed time:       24.075450
Score R:   5.7548588e-09
R_k    :   4.8862786e-10   4.3789245e-09   1.5631017e-08   1.3733359e-09
   3.5321353e-09   9.1251121e-09

in:      0.61315012      0.25000000       1.4769326      0.14769327
      0.15328753      0.75000000
(out-in)/in:   4.8862786e-10  -2.9751518e-07   1.3114344e-07  -4.0941915e-07
   2.7326838e-06  -5.8682722e-06
calculating initial guess...
Elapsed time:     0.015461922
Minimization...
Elapsed time:       17.231062
Score R:   3.2191077e-09
R_k    :   1.0447284e-10   2.4362554e-09   8.8055089e-09   8.0774319e-10
   2.3450550e-09   4.8156107e-09

in:      0.61315012      0.25000000       1.4769326      0.14769327
      0.30657506      0.75000000
(out-in)/in:   1.0447284e-10   7.0155585e-07  -3.8198410e-07   1.0651047e-06
  -1.7893055e-06   6.4818395e-06
calculating initial guess...
Elapsed time:     0.015151024
Minimization...
FRPRMN maximum iterations exceeded
Elapsed time:       28.067344
Score R:   0.00024865750
R_k    :   0.00026382309   0.00059824847   0.00021827425   1.9686234e-05
   0.00010021651   0.00029169644

in:      0.61315012      0.25000000       1.4769326      0.36923316
     0.061315015      0.75000000
(out-in)/in:  -0.00026382309     0.036898955    -0.029308904    -0.055048526
     -0.38316873     -0.29493377
calculating initial guess...
Elapsed time:     0.015290976
Minimization...
Elapsed time:       18.342337
Score R:   8.3964167e-09
R_k    :   3.8894139e-10   6.1215826e-09   2.2945153e-08   2.0592939e-09
   6.9418186e-09   1.1921711e-08

in:      0.61315012      0.25000000       1.4769326      0.36923316
      0.15328753      0.75000000
(out-in)/in:   3.8894139e-10  -1.5520652e-06   1.6334013e-06  -1.2820219e-06
   1.2704167e-05  -2.9066495e-05
calculating initial guess...
Elapsed time:     0.015218973
Minimization...
FRPRMN maximum iterations exceeded
Elapsed time:       23.367003
Score R:   2.3386215e-05
R_k    :   2.7762202e-06   1.9516842e-05   6.5593188e-05   3.7880152e-06
   1.8605153e-05   3.0037870e-05

in:      0.61315012      0.25000000       1.4769326      0.36923316
      0.30657506      0.75000000
(out-in)/in:   2.7762202e-06   -0.0026467179    0.0027673086   -0.0035101311
    0.0060613607    -0.019928357
calculating initial guess...
Elapsed time:     0.015155792
Minimization...
Elapsed time:       14.384597
Score R:    0.0025165405
R_k    :   1.1965461e-06    0.0014912331    0.0065769939    0.0010043701
    0.0029538643    0.0030715848

in:      0.61315012      0.25000000       1.4769326      0.73846631
     0.061315015      0.75000000
(out-in)/in:   1.1965461e-06     0.084353808      0.11895797    -0.023644226
     -0.41731719     -0.95897994
calculating initial guess...
Elapsed time:     0.015208006
Minimization...
FRPRMN maximum iterations exceeded
Elapsed time:       24.279966
Score R:   5.6977815e-07
R_k    :   5.1093574e-08   4.1927931e-07   1.4889987e-06   1.8750443e-07
   6.2383932e-07   6.4795353e-07

in:      0.61315012      0.25000000       1.4769326      0.73846631
      0.15328753      0.75000000
(out-in)/in:   5.1093574e-08  -2.4482174e-05   7.0436061e-05  -2.6710085e-05
   0.00019955343  -0.00057318701
calculating initial guess...
Elapsed time:     0.015105009
Minimization...
FRPRMN maximum iterations exceeded
Elapsed time:       24.415198
Score R:   6.0733411e-07
R_k    :   5.7802269e-08   6.5563276e-08   1.5125816e-06   3.0732543e-07
   9.2868244e-07   7.7204960e-07

in:      0.61315012      0.25000000       1.4769326      0.73846631
      0.30657506      0.75000000
(out-in)/in:   5.7802269e-08   3.1278535e-05  -8.5499637e-05   5.6633512e-05
  -6.0208420e-05   0.00030746153
calculating initial guess...
Elapsed time:     0.015413046
Minimization...
Elapsed time:       18.070176
Score R:   6.9597737e-09
R_k    :   1.4174752e-09   6.3568732e-09   1.8586537e-08   1.6317719e-09
   2.9544864e-09   1.0811499e-08

in:      0.61315012      0.50000000       1.4769326      0.14769327
     0.061315015      0.25000000
(out-in)/in:  -1.4174752e-09  -7.8766309e-07  -1.5497617e-07   2.2516903e-07
  -1.9000622e-05   3.1261472e-05
calculating initial guess...
Elapsed time:     0.015417099
Minimization...
Elapsed time:       9.5648992
Score R:   8.4868229e-10
R_k    :   1.3111982e-10   7.9986890e-10   2.2883523e-09   1.7944466e-10
   3.8929469e-10   1.3040134e-09

in:      0.61315012      0.50000000       1.4769326      0.14769327
      0.15328753      0.25000000
(out-in)/in:   1.3111982e-10   7.6312886e-07  -3.9615565e-07   9.3877957e-08
  -6.3154106e-06   3.8200314e-05
calculating initial guess...
Elapsed time:     0.015370131
Minimization...
Elapsed time:       8.5865591
Score R:   1.3573368e-09
R_k    :   1.1027718e-10   1.0053727e-09   3.6899209e-09   3.3920808e-10
   7.3139770e-10   2.2678441e-09

in:      0.61315012      0.50000000       1.4769326      0.14769327
      0.30657506      0.25000000
(out-in)/in:   1.1027718e-10  -5.9531409e-08   2.0332486e-08  -2.9266244e-08
   9.2802257e-08  -1.1466225e-06
calculating initial guess...
Elapsed time:     0.015242100
Minimization...
Elapsed time:       9.6613359
Score R:   2.6891942e-05
R_k    :   1.4096155e-07   1.6693492e-05   7.2284901e-05   8.3311241e-06
   2.0343819e-05   4.3557354e-05

in:      0.61315012      0.50000000       1.4769326      0.36923316
     0.061315015      0.25000000
(out-in)/in:  -1.4096155e-07     0.016017197    0.0086012819   -0.0027638120
     -0.34445210     -0.83791148
calculating initial guess...
Elapsed time:     0.015290022
Minimization...
Elapsed time:       7.2275589
Score R:   2.8831942e-09
R_k    :   2.6863970e-10   2.2232939e-09   7.7293146e-09   7.8945774e-10
   2.1064788e-09   4.1819803e-09

in:      0.61315012      0.50000000       1.4769326      0.36923316
      0.15328753      0.25000000
(out-in)/in:   2.6863970e-10   4.2832253e-07  -5.2476423e-07   1.3391198e-08
  -3.7919268e-06   2.0806079e-05
calculating initial guess...
Elapsed time:     0.015214920
Minimization...
Elapsed time:       5.8821931
Score R:   3.9964118e-10
R_k    :   3.9983593e-11   2.9747445e-10   1.0725549e-09   1.0415352e-10
   3.0066674e-10   5.8301392e-10

in:      0.61315012      0.50000000       1.4769326      0.36923316
      0.30657506      0.25000000
(out-in)/in:   3.9983593e-11  -1.0874960e-07   1.3952784e-07  -1.1864759e-07
   2.2016215e-07  -2.9877024e-06
calculating initial guess...
Elapsed time:     0.015123129
Minimization...
FRPRMN maximum iterations exceeded
Elapsed time:       27.175654
Score R:   1.4552166e-05
R_k    :   2.4997401e-06   6.7508793e-06   3.5858752e-05   6.3888351e-06
   1.5475572e-05   2.0339219e-05

in:      0.61315012      0.50000000       1.4769326      0.73846631
     0.061315015      0.25000000
(out-in)/in:  -2.4997401e-06    0.0011763687    0.0013739610  -0.00060992986
     0.034523567    -0.053090435
calculating initial guess...
Elapsed time:     0.015245914
Minimization...
FRPRMN maximum iterations exceeded
Elapsed time:       22.956543
Score R:   2.2001625e-08
R_k    :   6.7264329e-10   1.6452173e-08   5.8275153e-08   6.9507307e-09
   2.3111828e-08   2.6547222e-08

in:      0.61315012      0.50000000       1.4769326      0.73846631
      0.15328753      0.25000000
(out-in)/in:   6.7264329e-10  -1.2896687e-06   3.8759717e-06  -4.3084857e-07
   1.1115633e-05  -7.5715568e-05
calculating initial guess...
Elapsed time:     0.015202045
Minimization...
Elapsed time:       16.358232
Score R:   2.2022570e-09
R_k    :   2.0837822e-10   1.7138099e-09   5.7487175e-09   7.4590658e-10
   2.2462346e-09   2.5504955e-09

in:      0.61315012      0.50000000       1.4769326      0.73846631
      0.30657506      0.25000000
(out-in)/in:   2.0837822e-10   6.3067234e-07  -1.9758464e-06   4.2886022e-07
  -1.5000021e-06   2.0488759e-05
calculating initial guess...
Elapsed time:     0.015379906
Minimization...
Elapsed time:       24.205209
Score R:   4.3094178e-05
R_k    :   2.1788631e-06   2.8244368e-05   0.00011646535   1.1780681e-05
   2.2920510e-05   7.6975295e-05

in:      0.61315012      0.50000000       1.4769326      0.14769327
     0.061315015      0.50000000
(out-in)/in:   2.1788631e-06     0.080160072    0.0073041955   -0.0099454779
     -0.43171558     -0.90209643
calculating initial guess...
Elapsed time:     0.015382051
Minimization...
FRPRMN maximum iterations exceeded
Elapsed time:       25.265555
Score R:   6.0149453e-08
R_k    :   6.3121087e-09   1.2551713e-08   1.6745857e-07   1.1579506e-08
   3.8255207e-08   1.2473962e-07

in:      0.61315012      0.50000000       1.4769326      0.14769327
      0.15328753      0.50000000
(out-in)/in:  -6.3121087e-09  -5.3372685e-06   2.7366116e-06  -2.9034284e-06
   4.5871501e-05  -0.00015289749
calculating initial guess...
Elapsed time:     0.015326023
Minimization...
FRPRMN maximum iterations exceeded
Elapsed time:       22.683655
Score R:   1.4956887e-07
R_k    :   4.6239820e-08   1.5448451e-07   3.4717590e-07   4.9606743e-08
   9.7167304e-08   2.0273896e-07

in:      0.61315012      0.50000000       1.4769326      0.14769327
      0.30657506      0.50000000
(out-in)/in:  -4.6239820e-08  -1.2532911e-05   7.2748357e-06  -1.2479286e-05
   3.2227503e-05  -0.00018891029
calculating initial guess...
Elapsed time:     0.015277147
Minimization...
FRPRMN maximum iterations exceeded
Elapsed time:       26.681069
Score R:   4.3449089e-08
R_k    :   1.9857012e-08   5.9144794e-08   1.1240756e-07   8.6944224e-09
   2.1591888e-08   3.8998853e-08

in:      0.61315012      0.50000000       1.4769326      0.36923316
     0.061315015      0.50000000
(out-in)/in:  -1.9857012e-08  -5.9815092e-07  -7.6349800e-07   5.8784810e-07
  -9.9033592e-06   2.2561445e-05
calculating initial guess...
Elapsed time:     0.015451193
Minimization...
Elapsed time:       11.353270
Score R:   3.8695197e-09
R_k    :   2.6629540e-10   3.0162253e-09   1.0473937e-08   1.0209038e-09
   2.9653221e-09   5.4744347e-09

in:      0.61315012      0.50000000       1.4769326      0.36923316
      0.15328753      0.50000000
(out-in)/in:  -2.6629540e-10   7.7532720e-07  -8.3850168e-07   4.2732520e-07
  -6.4752150e-06   1.9783344e-05
calculating initial guess...
Elapsed time:     0.015309095
Minimization...
Elapsed time:       14.345792
Score R:   3.6568519e-09
R_k    :   1.6000644e-10   2.8217457e-09   1.0018114e-08   8.4675128e-10
   3.0988059e-09   4.9956879e-09

in:      0.61315012      0.50000000       1.4769326      0.36923316
      0.30657506      0.50000000
(out-in)/in:   1.6000644e-10  -1.1160593e-07   2.2357725e-07  -1.0135908e-07
   3.1200797e-07  -2.1694071e-06
calculating initial guess...
Elapsed time:     0.015335083
Minimization...
FRPRMN maximum iterations exceeded
Elapsed time:       26.752643
Score R:   1.9140175e-07
R_k    :   3.8360530e-08   3.9257242e-07   4.0603170e-07   8.0943589e-08
   1.3704094e-07   9.3461295e-08

in:      0.61315012      0.50000000       1.4769326      0.73846631
     0.061315015      0.50000000
(out-in)/in:   3.8360530e-08   1.8630867e-06   6.6307454e-06  -2.2696061e-06
   4.0286833e-05  -5.5846892e-05
calculating initial guess...
Elapsed time:     0.015273094
Minimization...
FRPRMN maximum iterations exceeded
Elapsed time:       25.676561
Score R:   8.1318711e-08
R_k    :   3.2266807e-08   2.9783745e-08   1.5703805e-07   1.0127706e-07
   6.2454795e-08   1.0509181e-07

in:      0.61315012      0.50000000       1.4769326      0.73846631
      0.15328753      0.50000000
(out-in)/in:   3.2266807e-08   1.9396288e-06  -6.0496320e-06   1.1279123e-06
  -1.8738196e-05   6.7707417e-05
calculating initial guess...
Elapsed time:     0.015331030
Minimization...
Elapsed time:       18.026863
Score R:   7.0742535e-09
R_k    :   3.3943412e-10   5.3102385e-09   1.8583627e-08   2.4369961e-09
   7.9443155e-09   7.8309102e-09

in:      0.61315012      0.50000000       1.4769326      0.73846631
      0.30657506      0.50000000
(out-in)/in:   3.3943412e-10   9.0679050e-08  -3.4364087e-07   1.4394800e-07
  -2.2208672e-07   1.7229575e-06
calculating initial guess...
Elapsed time:     0.015398979
Minimization...
Elapsed time:       17.396678
Score R:   0.00033099610
R_k    :   1.4305521e-05   0.00019627635   0.00089435514   9.1932095e-05
   0.00018997895   0.00059912854

in:      0.61315012      0.50000000       1.4769326      0.14769327
     0.061315015      0.75000000
(out-in)/in:  -1.4305521e-05      0.19589172     0.010193016    -0.021466206
     -0.50146269     -0.91366610
calculating initial guess...
Elapsed time:     0.015486956
Minimization...
Elapsed time:       16.477086
Score R:   6.0339479e-09
R_k    :   4.2748657e-10   4.6160464e-09   1.6444087e-08   1.4334632e-09
   3.7032966e-09   9.5793078e-09

in:      0.61315012      0.50000000       1.4769326      0.14769327
      0.15328753      0.75000000
(out-in)/in:   4.2748657e-10  -3.2012566e-07   1.4278857e-07  -4.3027666e-07
   2.9261227e-06  -6.3475408e-06
calculating initial guess...
Elapsed time:     0.015465975
Minimization...
Elapsed time:       4.8294508
Score R:   2.2184936e-10
R_k    :   1.5906886e-12   1.4366034e-10   6.1888747e-10   4.5181609e-11
   1.5753030e-10   3.6424577e-10

in:      0.61315012      0.50000000       1.4769326      0.14769327
      0.30657506      0.75000000
(out-in)/in:  -1.5906886e-12   1.0837454e-06  -5.9530536e-07   1.6559448e-06
  -2.7540553e-06   1.0063948e-05
calculating initial guess...
Elapsed time:     0.015403986
Minimization...
FRPRMN maximum iterations exceeded
Elapsed time:       29.457289
Score R:    0.0022184658
R_k    :   7.8642358e-05    0.0014788517    0.0059936040   0.00064410074
    0.0017320217    0.0033835742

in:      0.61315012      0.50000000       1.4769326      0.36923316
     0.061315015      0.75000000
(out-in)/in:   7.8642358e-05      0.11658233     0.034533975    -0.015229082
     -0.45127803     -0.92039682
calculating initial guess...
Elapsed time:     0.015418053
Minimization...
Elapsed time:       10.861416
Score R:   1.8985633e-09
R_k    :   3.4217098e-11   1.4313669e-09   5.1718621e-09   4.5725972e-10
   1.6475934e-09   2.6490809e-09

in:      0.61315012      0.50000000       1.4769326      0.36923316
      0.15328753      0.75000000
(out-in)/in:   3.4217098e-11  -1.0959114e-06   1.1585914e-06  -9.2482618e-07
   8.9020242e-06  -2.0529857e-05
calculating initial guess...
Elapsed time:     0.015308142
Minimization...
Elapsed time:       15.051846
Score R:   1.8933813e-09
R_k    :   4.3956241e-11   1.5700981e-09   5.2887911e-09   3.5704191e-10
   1.5664778e-09   2.5339225e-09

in:      0.61315012      0.50000000       1.4769326      0.36923316
      0.30657506      0.75000000
(out-in)/in:   4.3956241e-11   9.5976011e-07  -1.0196580e-06   1.3117980e-06
  -2.2212357e-06   7.3378994e-06
calculating initial guess...
Elapsed time:     0.015266895
Minimization...
FRPRMN maximum iterations exceeded
Elapsed time:       29.108849
Score R:   1.2861797e-06
R_k    :   2.8014037e-07   3.4486408e-06   1.7524607e-06   2.1699995e-07
   1.5703486e-07   1.8618014e-06

in:      0.61315012      0.50000000       1.4769326      0.73846631
     0.061315015      0.75000000
(out-in)/in:  -2.8014037e-07   -0.0018172511   -0.0019085533   -0.0025349209
    -0.021421991    -0.010867765
calculating initial guess...
Elapsed time:     0.015377998
Minimization...
FRPRMN maximum iterations exceeded
Elapsed time:       24.246824
Score R:   3.6810796e-08
R_k    :   2.1956658e-09   2.6776193e-08   9.3474138e-08   1.5274975e-08
   4.8740488e-08   3.4403314e-08

in:      0.61315012      0.50000000       1.4769326      0.73846631
      0.15328753      0.75000000
(out-in)/in:  -2.1956658e-09  -1.5862613e-06   4.1848811e-06  -1.7482222e-06
   1.2121441e-05  -3.4393318e-05
calculating initial guess...
Elapsed time:     0.015182018
Minimization...
Elapsed time:       9.3940930
Score R:   3.0882523e-10
R_k    :   7.0889668e-11   1.8515857e-10   7.2666075e-10   1.4855025e-10
   5.5995658e-10   1.6173554e-10

in:      0.61315012      0.50000000       1.4769326      0.73846631
      0.30657506      0.75000000
(out-in)/in:   7.0889668e-11  -6.6178055e-08   1.7411408e-08  -5.1563737e-08
   1.1713202e-07  -1.2214487e-07
calculating initial guess...
Elapsed time:     0.015321016
Minimization...
Elapsed time:       22.081799
Score R:   1.7182627e-09
R_k    :   8.4043586e-10   2.2329028e-09   4.4870895e-09   3.1816670e-10
   5.2136736e-10   1.9096141e-09

in:      0.61315012       1.0000000       1.4769326      0.14769327
     0.061315015      0.25000000
(out-in)/in:   8.4043586e-10   6.5919514e-10   1.0881064e-08  -3.2595759e-08
   3.8699904e-07  -2.7850615e-06
calculating initial guess...
Elapsed time:     0.015259027
Minimization...
FRPRMN maximum iterations exceeded
Elapsed time:       24.041519
Score R:   1.6870420e-08
R_k    :   6.1791949e-09   1.0934890e-08   3.9988069e-08   3.8342379e-09
   1.1795154e-08   2.8490976e-08

in:      0.61315012       1.0000000       1.4769326      0.14769327
      0.15328753      0.25000000
(out-in)/in:  -6.1791949e-09  -2.6151664e-07   1.3751739e-07  -1.8804661e-07
   2.6079802e-06  -1.4464827e-05
calculating initial guess...
Elapsed time:     0.015548944
Minimization...
Elapsed time:       5.2759790
Score R:   7.3311384e-10
R_k    :   6.2373826e-11   6.0583860e-10   1.9819560e-09   1.8546911e-10
   3.9016227e-10   1.1728832e-09

in:      0.61315012       1.0000000       1.4769326      0.14769327
      0.30657506      0.25000000
(out-in)/in:   6.2373826e-11   3.7297609e-10  -1.3652780e-08  -2.4607716e-09
  -6.1161749e-08   6.0760613e-07
calculating initial guess...
Elapsed time:     0.015348911
Minimization...
Elapsed time:       14.450282
Score R:   2.0235960e-09
R_k    :   6.1892871e-10   2.1400101e-09   5.2439772e-09   4.5754115e-10
   1.2250124e-09   2.4561062e-09

in:      0.61315012       1.0000000       1.4769326      0.36923316
     0.061315015      0.25000000
(out-in)/in:  -6.1892871e-10  -9.2730340e-07  -5.2844742e-07   4.0482242e-07
  -2.2727967e-05   4.1107806e-05
calculating initial guess...
Elapsed time:     0.015376091
Minimization...
FRPRMN maximum iterations exceeded
Elapsed time:       22.931988
Score R:   2.9333875e-09
R_k    :   2.3375768e-09   1.7987805e-09   7.5164292e-09   6.2587919e-10
   2.1423539e-09   3.1793052e-09

in:      0.61315012       1.0000000       1.4769326      0.36923316
      0.15328753      0.25000000
(out-in)/in:   2.3375768e-09   4.4174708e-07  -5.4127331e-07   1.6525430e-08
  -3.9413076e-06   2.1482843e-05
calculating initial guess...
Elapsed time:     0.015333891
Minimization...
FRPRMN maximum iterations exceeded
Elapsed time:       23.497040
Score R:   2.4775753e-09
R_k    :   1.6467053e-09   1.7708674e-09   6.0931209e-09   1.2965445e-09
   2.7910369e-09   1.2671765e-09

in:      0.61315012       1.0000000       1.4769326      0.36923316
      0.30657506      0.25000000
(out-in)/in:   1.6467053e-09  -2.4680490e-07   3.0502060e-07  -1.7824527e-07
   5.6484597e-07  -6.4619602e-06
calculating initial guess...
Elapsed time:     0.015294790
Minimization...
Elapsed time:       25.250422
Score R:   3.2055709e-05
R_k    :   5.8134584e-07   1.8318268e-05   8.1741713e-05   1.4110083e-05
   3.6450098e-05   4.1132747e-05

in:      0.61315012       1.0000000       1.4769326      0.73846631
     0.061315015      0.25000000
(out-in)/in:   5.8134584e-07    0.0034926858     0.019455472   -0.0029274139
     -0.30815829     -0.85783059
calculating initial guess...
Elapsed time:     0.015428066
Minimization...
FRPRMN maximum iterations exceeded
Elapsed time:       24.503966
Score R:   5.5348023e-07
R_k    :   1.5906802e-07   5.3522487e-07   1.4732251e-06   5.1089580e-08
   3.0765087e-07   7.9462293e-07

in:      0.61315012       1.0000000       1.4769326      0.73846631
      0.15328753      0.25000000
(out-in)/in:  -1.5906802e-07  -2.9609593e-05   8.9125717e-05  -9.0675551e-06
   0.00026286423   -0.0017391336
calculating initial guess...
Elapsed time:     0.015442133
Minimization...
Elapsed time:       20.082163
Score R:   7.7792858e-09
R_k    :   4.4013024e-10   6.0864826e-09   2.0191111e-08   2.8523896e-09
   8.3274139e-09   8.7781878e-09

in:      0.61315012       1.0000000       1.4769326      0.73846631
      0.30657506      0.25000000
(out-in)/in:  -4.4013024e-10   1.2503945e-06  -4.1379813e-06   7.9845955e-07
  -3.0728777e-06   4.2806385e-05
calculating initial guess...
Elapsed time:     0.015402079
Minimization...
FRPRMN maximum iterations exceeded
Elapsed time:       25.961541
Score R:   3.1441461e-06
R_k    :   3.1874768e-07   2.1604337e-06   7.8425767e-06   1.4558538e-06
   1.6326820e-06   5.4545824e-06

in:      0.61315012       1.0000000       1.4769326      0.14769327
     0.061315015      0.50000000
(out-in)/in:  -3.1874768e-07   8.1943837e-05   3.1603528e-05  -7.9535228e-05
    0.0018058694   -0.0030784925
calculating initial guess...
Elapsed time:     0.015313864
Minimization...
Elapsed time:       22.273939
Score R:   5.0447835e-09
R_k    :   4.2109376e-10   3.9134560e-09   1.3689890e-08   1.2037223e-09
   2.8342991e-09   8.2062401e-09

in:      0.61315012       1.0000000       1.4769326      0.14769327
      0.15328753      0.50000000
(out-in)/in:   4.2109376e-10  -1.1843835e-06   6.1225612e-07  -5.5249183e-07
   1.0108606e-05  -3.3996505e-05
calculating initial guess...
Elapsed time:     0.015489817
Minimization...
Elapsed time:       7.7813432
Score R:   5.6559251e-09
R_k    :   4.2295370e-10   4.6173405e-09   1.5485201e-08   1.3134536e-09
   3.4453814e-09   8.6512202e-09

in:      0.61315012       1.0000000       1.4769326      0.14769327
      0.30657506      0.50000000
(out-in)/in:  -4.2295370e-10   4.7830153e-07  -2.4406961e-07   4.5934767e-07
  -1.2546434e-06   6.3633755e-06
calculating initial guess...
Elapsed time:     0.015179157
Minimization...
Elapsed time:       17.959561
Score R:   5.2074246e-10
R_k    :   9.5946500e-11   5.9828870e-10   1.4157878e-09   1.1833389e-10
   3.4770108e-10   5.4839677e-10

in:      0.61315012       1.0000000       1.4769326      0.36923316
     0.061315015      0.50000000
(out-in)/in:  -9.5946500e-11  -1.5573476e-07  -1.4510277e-07   1.2761963e-07
  -2.3893852e-06   4.3666714e-06
calculating initial guess...
Elapsed time:     0.015337944
Minimization...
FRPRMN maximum iterations exceeded
Elapsed time:       23.742704
Score R:   1.1982701e-08
R_k    :   6.4833083e-10   8.4868451e-09   3.2617697e-08   2.9505939e-09
   9.2785939e-09   1.7914144e-08

in:      0.61315012       1.0000000       1.4769326      0.36923316
      0.15328753      0.50000000
(out-in)/in:  -6.4833083e-10   1.2949207e-06  -1.3919440e-06   6.8446651e-07
  -1.0915789e-05   3.2924557e-05
calculating initial guess...
Elapsed time:     0.015393972
Minimization...
Elapsed time:       6.1773298
Score R:   1.6688405e-09
R_k    :   2.4035930e-10   1.1683506e-09   4.5069166e-09   4.2577575e-10
   1.3973736e-09   2.2742673e-09

in:      0.61315012       1.0000000       1.4769326      0.36923316
      0.30657506      0.50000000
(out-in)/in:  -2.4035930e-10   2.9796078e-07  -2.6905532e-07   2.5713406e-07
  -7.1111758e-07   3.1285119e-06
calculating initial guess...
Elapsed time:     0.015316010
Minimization...
FRPRMN maximum iterations exceeded
Elapsed time:       29.900221
Score R:   5.6287647e-05
R_k    :   6.8847605e-05   7.3692732e-05   2.6495366e-05   2.7839919e-05
   7.1254978e-05   6.9595284e-05

in:      0.61315012       1.0000000       1.4769326      0.73846631
     0.061315015      0.50000000
(out-in)/in:  -6.8847605e-05   0.00084535531   0.00043728822  -0.00020910965
     0.015466131    0.0038407063
calculating initial guess...
Elapsed time:     0.015208960
Minimization...
FRPRMN maximum iterations exceeded
Elapsed time:       23.643279
Score R:   1.7925322e-08
R_k    :   1.5647065e-09   1.2786055e-08   4.6262340e-08   6.6899202e-09
   2.0371536e-08   1.9877376e-08

in:      0.61315012       1.0000000       1.4769326      0.73846631
      0.15328753      0.50000000
(out-in)/in:   1.5647065e-09  -1.4053788e-06   3.9279167e-06  -1.0334916e-06
   1.1599978e-05  -4.3572060e-05
calculating initial guess...
Elapsed time:     0.015303135
Minimization...
FRPRMN maximum iterations exceeded
Elapsed time:       22.727801
Score R:   4.7051534e-08
R_k    :   1.0649151e-08   2.9501373e-08   1.1838450e-07   2.1150922e-08
   6.0098949e-08   4.2524308e-08

in:      0.61315012       1.0000000       1.4769326      0.73846631
      0.30657506      0.50000000
(out-in)/in:   1.0649151e-08  -1.7272708e-06   6.0890203e-06  -2.2800067e-06
   3.9942984e-06  -3.2144026e-05
calculating initial guess...
Elapsed time:     0.015502930
Minimization...
Elapsed time:       16.693740
Score R:   1.5533490e-10
R_k    :   6.7859302e-11   1.8481018e-10   3.8270430e-10   4.8352159e-11
   1.6779828e-10   8.0485184e-11

in:      0.61315012       1.0000000       1.4769326      0.14769327
     0.061315015      0.75000000
(out-in)/in:   6.7859302e-11   1.0053882e-07   2.0729742e-09  -1.1588884e-07
   1.5264686e-06  -2.1432209e-07
calculating initial guess...
Elapsed time:     0.015311003
Minimization...
Elapsed time:       14.477149
Score R:   3.3675073e-09
R_k    :   1.4088866e-10   2.6139560e-09   9.2167507e-09   7.9136288e-10
   2.0715941e-09   5.3704913e-09

in:      0.61315012       1.0000000       1.4769326      0.14769327
      0.15328753      0.75000000
(out-in)/in:   1.4088866e-10  -1.1543194e-07   3.7935920e-08  -2.4238085e-07
   1.1877620e-06  -2.0364255e-06
calculating initial guess...
Elapsed time:     0.015563965
Minimization...
Elapsed time:       8.5379071
Score R:   2.0928326e-10
R_k    :   6.8960743e-11   2.1545440e-10   5.2226395e-10   5.3703263e-11
   2.0367161e-10   1.9164559e-10

in:      0.61315012       1.0000000       1.4769326      0.14769327
      0.30657506      0.75000000
(out-in)/in:  -6.8960743e-11   1.0793091e-06  -5.9292061e-07   1.6498702e-06
  -2.7424959e-06   1.0023397e-05
calculating initial guess...
Elapsed time:     0.015375137
Minimization...
Elapsed time:       10.880455
Score R:   4.7704380e-10
R_k    :   3.2259709e-10   1.0494549e-09   1.2494504e-09   2.4080030e-11
   7.4666084e-11   1.4201429e-10

in:      0.61315012       1.0000000       1.4769326      0.36923316
     0.061315015      0.75000000
(out-in)/in:   3.2259709e-10  -5.3394608e-08   7.9271034e-09  -2.3276602e-08
  -6.7319125e-07  -4.9112869e-07
calculating initial guess...
Elapsed time:     0.015383959
Minimization...
FRPRMN maximum iterations exceeded
Elapsed time:       24.618016
Score R:   2.6580648e-07
R_k    :   4.8319844e-08   1.9391123e-07   7.0159405e-07   6.2534270e-08
   2.2395284e-07   3.6452662e-07

in:      0.61315012       1.0000000       1.4769326      0.36923316
      0.15328753      0.75000000
(out-in)/in:   4.8319844e-08  -1.9133559e-05   1.9902482e-05  -1.5053392e-05
   0.00015866475  -0.00035719893
calculating initial guess...
Elapsed time:     0.015358925
Minimization...
Elapsed time:       21.000245
Score R:   2.2976642e-09
R_k    :   3.1607716e-11   1.8192238e-09   6.3887600e-09   4.3986553e-10
   2.0596322e-09   3.0468962e-09

in:      0.61315012       1.0000000       1.4769326      0.36923316
      0.30657506      0.75000000
(out-in)/in:  -3.1607716e-11   4.7372447e-07  -5.1866969e-07   6.6741270e-07
  -1.1072175e-06   3.7157759e-06
calculating initial guess...
Elapsed time:     0.015376091
Minimization...
FRPRMN maximum iterations exceeded
Elapsed time:       28.697444
Score R:   7.2445140e-06
R_k    :   1.0599485e-05   3.8889221e-06   1.0207659e-05   5.5275757e-07
   2.5183591e-06   1.5699901e-05

in:      0.61315012       1.0000000       1.4769326      0.73846631
     0.061315015      0.75000000
(out-in)/in:  -1.0599485e-05   -0.0026480278   -0.0029028857   -0.0038432369
    -0.032172897    -0.016568796
calculating initial guess...
Elapsed time:     0.015255928
Minimization...
FRPRMN maximum iterations exceeded
Elapsed time:       25.178352
Score R:   1.7264703e-06
R_k    :   5.2692063e-08   1.2920647e-06   4.5230418e-06   5.9903401e-07
   1.8818069e-06   2.0101821e-06

in:      0.61315012       1.0000000       1.4769326      0.73846631
      0.15328753      0.75000000
(out-in)/in:  -5.2692063e-08   7.4180438e-05  -0.00021528128   8.1073065e-05
  -0.00061021358    0.0017529764
calculating initial guess...
Elapsed time:     0.015336037
Minimization...
Elapsed time:       12.593185
Score R:   9.9741627e-10
R_k    :   8.7878621e-11   6.6497998e-10   2.5789938e-09   3.9074017e-10
   1.3636321e-09   8.9827303e-10

in:      0.61315012       1.0000000       1.4769326      0.73846631
      0.30657506      0.75000000
(out-in)/in:  -8.7878621e-11   3.7248227e-10  -1.6618284e-07   7.0884553e-08
  -6.5291833e-09   5.3564477e-07


Total elapsed time (whole experiment):       1579.9646
% Program caused arithmetic error: Floating underflow
% Program caused arithmetic error: Floating overflow
% Program caused arithmetic error: Floating illegal operand
