IDL Version 7.1 (linux x86_64 m64). (c) 2009, ITT Visual Information Solutions
Installation number: .
Licensed for use by: IA-BAS

% Compiled module: WRAPPER.
% Compiled module: EXP_CONTRL_V2.
Minimization of cost_function_cs

Polak-Ribiere method
cp phi2.pro phi.pro
cp gradphi2.pro gradphi.pro

% Compiled module: MAKE_GRID.
Created  Ln-Uniform Grid NTe x NNe = :      50    x      50

% Compiled module: XREAD.
% Compiled module: SET_TOMROOT.
% Compiled module: LOAD_TABLES.
% Compiled module: LOAD_G_TABLE.
% Compiled module: MAKE_SK_OVER_FIP_FACTOR.
% Compiled module: S_FUNCTION.
% Compiled module: G_FUNCTION.
% Compiled module: FINDVAL3D_FUNCTION.
% Compiled module: FINDVAL2D_FUNCTION.
% Compiled module: INTERPOL.
% Compiled module: LOAD_UNITS.
% Compiled module: CHANGE_UNITS_GRID.
% Compiled module: MAKE_GUESS_INI_WITH_DEMT.
calculating initial guess...
% Compiled module: COST_FUNCTION_CS.
% Compiled module: E_FUNCTION_CS.
% Compiled module: P_FUNCTION_CS.
% Compiled module: ARRAY_INDICES.
Elapsed time:     0.015252829
Minimization...
% Compiled module: MINIMIZADOR.
% Compiled module: PR_MIN.
% Compiled module: FRPRMN.
% Compiled module: PHI.
% Compiled module: GRADPHI.
% Compiled module: GRAD_E_FUNCTION_CS.
% Compiled module: GRAD_P_FUNCTION_CS.
% Compiled module: LINMIN.
% Compiled module: MNBRAK.
% Compiled module: F1DIM.
% Compiled module: DBRENT.
% Compiled module: DF1DIM.
Elapsed time:       15.591765
% Compiled module: SYNTH_Y_VALUES_CS.
% Compiled module: MEAN.
% Compiled module: MOMENT.
Score R:     0.026759985
R_k    :    0.0036432539     0.040758433     0.064994511    0.0097876295
     0.023689311     0.017686770

in:      0.61315012      0.25000000       1.4769326      0.14769327
     0.061315015      0.25000000
(out-in)/in:    0.0091589244      0.18247120     0.069063412    -0.094818677
     -0.48860721      -4.9322438
calculating initial guess...
Elapsed time:     0.014770031
Minimization...
Elapsed time:       31.491563
Score R:    0.0048843568
R_k    :   3.2431515e-05     0.014360998     0.014357264   7.4719040e-05
   0.00041317268   6.7556024e-05

in:      0.61315012      0.25000000       1.4769326      0.14769327
      0.15328753      0.25000000
(out-in)/in:     0.088861414     -0.39365599     0.018051358    -0.095301853
     -0.85403727     -0.17077435
calculating initial guess...
Elapsed time:     0.014907837
Minimization...
FRPRMN maximum iterations exceeded
Elapsed time:       29.131641
Score R:    0.0083332675
R_k    :   0.00070527416     0.010041883     0.023636151    0.0014127889
   8.1948808e-05     0.014121559

in:      0.61315012      0.25000000       1.4769326      0.14769327
      0.30657506      0.25000000
(out-in)/in:     0.037687378      0.71253078    -0.032407257     -0.39022962
     -0.59988017       2.9522191
calculating initial guess...
Elapsed time:     0.014721155
Minimization...
Elapsed time:       5.3048959
Score R:     0.025408535
R_k    :    0.0013734826    0.0060250684     0.083968935    0.0072307409
     0.023781449     0.030071537

in:      0.61315012      0.25000000       1.4769326      0.36923316
     0.061315015      0.25000000
(out-in)/in:    -0.020646963     0.021824754     -0.11602782     0.074370559
       1.6607321       2.9758689
calculating initial guess...
Elapsed time:     0.014621973
Minimization...
Elapsed time:       6.9824471
Score R:    0.0088101080
R_k    :   0.00051896857    0.0066426065     0.023312096    0.0024367178
    0.0050740532     0.014876206

in:      0.61315012      0.25000000       1.4769326      0.36923316
      0.15328753      0.25000000
(out-in)/in:    -0.091473208    -0.027436665     0.074219728     -0.22169875
      0.81345888      -2.9716877
calculating initial guess...
Elapsed time:     0.014626980
Minimization...
FRPRMN maximum iterations exceeded
Elapsed time:       28.750159
Score R:   6.4912978e-06
R_k    :   8.2906152e-06   1.3998506e-05   1.0347963e-05   5.5765546e-07
   2.9643669e-06   2.7886797e-06

in:      0.61315012      0.25000000       1.4769326      0.36923316
      0.30657506      0.25000000
(out-in)/in:     0.047902581    -0.014059355     0.017722251     0.048513706
     -0.25814594     -0.36084886
calculating initial guess...
Elapsed time:     0.014653921
Minimization...
Elapsed time:       27.282068
Score R:     0.019250330
R_k    :    0.0024130513     0.015361643     0.047621548    0.0071558425
     0.016338678     0.026611217

in:      0.61315012      0.25000000       1.4769326      0.73846631
     0.061315015      0.25000000
(out-in)/in:    -0.016099001     -0.15668390     0.092356573     -0.23314007
       1.4083202      -3.5463103
calculating initial guess...
Elapsed time:     0.014751911
Minimization...
FRPRMN maximum iterations exceeded
Elapsed time:       32.849658
Score R:     0.015226515
R_k    :    0.0013358094    0.0066428023     0.037902077    0.0082488030
     0.024008342     0.013221256

in:      0.61315012      0.25000000       1.4769326      0.73846631
      0.15328753      0.25000000
(out-in)/in:    -0.034222223       2.6865112      0.27645590      0.64986729
     -0.83183375     -0.21291152
calculating initial guess...
Elapsed time:     0.014781952
Minimization...
FRPRMN maximum iterations exceeded
Elapsed time:       29.160022
Score R:     0.011466123
R_k    :   0.00050365421     0.025088699     0.033877631   0.00067662398
   6.2679681e-05    0.0085874514

in:      0.61315012      0.25000000       1.4769326      0.73846631
      0.30657506      0.25000000
(out-in)/in:    -0.022833750      0.97632478     -0.20512762     -0.24659395
     -0.90033975       1.6678265
calculating initial guess...
Elapsed time:     0.015011072
Minimization...
Elapsed time:       9.9896641
Score R:     0.011014306
R_k    :   0.00026164936     0.030630423    0.0074967846    0.0029932313
    0.0047841511     0.019919597

in:      0.61315012      0.25000000       1.4769326      0.14769327
     0.061315015      0.50000000
(out-in)/in:      0.10078334     -0.21363298     0.026956562     0.024968562
     -0.65659541     -0.60460408
calculating initial guess...
Elapsed time:     0.014904976
Minimization...
Elapsed time:       9.2086821
Score R:    0.0050083777
R_k    :   0.00040383314    0.0039639207     0.013360228    0.0013243994
    0.0024054477    0.0085924367

in:      0.61315012      0.25000000       1.4769326      0.14769327
      0.15328753      0.50000000
(out-in)/in:     0.033300166     -0.17292190     0.065060070     -0.12433878
      0.78206447      -2.7192535
calculating initial guess...
Elapsed time:     0.014984846
Minimization...
Elapsed time:       6.2842071
Score R:     0.013244489
R_k    :   0.00041980133    0.0089285336     0.036790610    0.0037069745
    0.0091070910     0.020513923

in:      0.61315012      0.25000000       1.4769326      0.14769327
      0.30657506      0.50000000
(out-in)/in:    -0.028526336      0.10692912    -0.034538385     -0.14087705
    -0.045831970      0.92695444
calculating initial guess...
Elapsed time:     0.014811993
Minimization...
FRPRMN maximum iterations exceeded
Elapsed time:       28.824328
Score R:    0.0045277488
R_k    :    0.0040733010    0.0066736246     0.010991987   0.00046850005
    0.0011060115    0.0038530682

in:      0.61315012      0.25000000       1.4769326      0.36923316
     0.061315015      0.50000000
(out-in)/in:    -0.021263628      0.32503501     0.020254169     -0.26078595
     -0.45622947      -1.4317922
calculating initial guess...
Elapsed time:     0.014789104
Minimization...
Elapsed time:       13.003395
Score R:   3.9713584e-09
R_k    :   4.0435197e-10   3.0881623e-09   1.0675805e-08   1.0323578e-09
   2.8392423e-09   5.7882317e-09

in:      0.61315012      0.25000000       1.4769326      0.36923316
      0.15328753      0.50000000
(out-in)/in:    -0.018597143   -0.0040255481   -0.0036065693    -0.084709456
    -0.024251671    -0.089864550
calculating initial guess...
Elapsed time:     0.014729023
Minimization...
Elapsed time:       3.4500749
Score R:    0.0043215812
R_k    :   0.00015741844    0.0034177690     0.011729530    0.0010577503
    0.0041085179    0.0054585011

in:      0.61315012      0.25000000       1.4769326      0.36923316
      0.30657506      0.50000000
(out-in)/in:    -0.098022575      0.15921085      0.22250082      0.23702993
      0.34652419      -1.2430464
calculating initial guess...
Elapsed time:     0.014733791
Minimization...
FRPRMN maximum iterations exceeded
Elapsed time:       30.258250
Score R:     0.012953424
R_k    :     0.032492649    0.0026831041     0.016826502    0.0055382174
     0.013055569    0.0071245041

in:      0.61315012      0.25000000       1.4769326      0.73846631
     0.061315015      0.50000000
(out-in)/in:    -0.028544229       2.5307442    -0.015620550     -0.21332484
     -0.62597663      -1.7294671
calculating initial guess...
Elapsed time:     0.014642000
Minimization...
Elapsed time:       10.572391
Score R:    0.0038959468
R_k    :   0.00015876189    0.0021341048     0.010169517    0.0027274607
    0.0055726184    0.0026132184

in:      0.61315012      0.25000000       1.4769326      0.73846631
      0.15328753      0.50000000
(out-in)/in:    -0.025391990      0.12414958     -0.30796272      0.41943079
      0.89735690      0.99197768
calculating initial guess...
Elapsed time:     0.014712095
Minimization...
Elapsed time:       6.7749169
Score R:     0.014645530
R_k    :   0.00099931287     0.011579885     0.037562002    0.0048183128
     0.014416126     0.018497541

in:      0.61315012      0.25000000       1.4769326      0.73846631
      0.30657506      0.50000000
(out-in)/in:     0.045619103     -0.22265901      0.17038633     -0.19751505
    -0.013811320      -1.4404802
calculating initial guess...
Elapsed time:     0.014946938
Minimization...
Elapsed time:       17.490018
Score R:     0.038475409
R_k    :   4.3502925e-05    0.0021358733    0.0095008994      0.11545580
     0.064076983     0.039639395

in:      0.61315012      0.25000000       1.4769326      0.14769327
     0.061315015      0.75000000
(out-in)/in:    -0.025159913     -0.53414602   0.00059005796     -0.92434072
       5.3645304     0.036606663
calculating initial guess...
Elapsed time:     0.014848948
Minimization...
Elapsed time:       12.168920
Score R:     0.016250023
R_k    :   0.00081495272     0.013517743     0.043134020    0.0037953281
     0.010773749     0.025464348

in:      0.61315012      0.25000000       1.4769326      0.14769327
      0.15328753      0.75000000
(out-in)/in:     0.053437908     -0.28697626      0.10570036      0.12588733
       1.6317422      -1.7288635
calculating initial guess...
Elapsed time:     0.015028000
Minimization...
Elapsed time:       18.058622
Score R:     0.013561319
R_k    :   8.3129666e-05    0.0083582625     0.037234740    0.0044075469
     0.012059938     0.019224294

in:      0.61315012      0.25000000       1.4769326      0.14769327
      0.30657506      0.75000000
(out-in)/in:     0.041048967     -0.12498845   -0.0088447641     -0.40702747
      0.19905771      0.32355496
calculating initial guess...
Elapsed time:     0.014737129
Minimization...
Elapsed time:       3.0191088
Score R:     0.026280175
R_k    :    0.0010569391     0.012147124     0.081280191     0.014776287
     0.015345793     0.033074713

in:      0.61315012      0.25000000       1.4769326      0.36923316
     0.061315015      0.75000000
(out-in)/in:   -0.0095384145     0.035145976    -0.093944876      0.14787982
       1.7704469      0.32568691
calculating initial guess...
Elapsed time:     0.014794111
Minimization...
Elapsed time:       5.4071031
Score R:    0.0043240026
R_k    :   0.00027558907    0.0031569755     0.011965328   0.00096973060
    0.0037310472    0.0058453456

in:      0.61315012      0.25000000       1.4769326      0.36923316
      0.15328753      0.75000000
(out-in)/in:     0.073159131    -0.095725887     0.011495463     0.043414149
     0.041984649      0.28790407
calculating initial guess...
Elapsed time:     0.014789104
Minimization...
Elapsed time:       8.0781310
Score R:    0.0025277776
R_k    :   0.00015083893    0.0020026740    0.0070440472   0.00049863373
    0.0020842997    0.0033861719

in:      0.61315012      0.25000000       1.4769326      0.36923316
      0.30657506      0.75000000
(out-in)/in:     0.011172706   -0.0021881568    -0.048640716    -0.033021633
    -0.064761323      0.29979603
calculating initial guess...
Elapsed time:     0.014646053
Minimization...
Elapsed time:       15.242832
Score R:    0.0082715054
R_k    :    0.0034436316     0.019125875     0.023553859   0.00032718698
    0.0011079697    0.0020705093

in:      0.61315012      0.25000000       1.4769326      0.73846631
     0.061315015      0.75000000
(out-in)/in:   -0.0095363425    -0.045549698    -0.071344770    -0.038435874
      0.85354281      0.33061736
calculating initial guess...
Elapsed time:     0.014708996
Minimization...
Elapsed time:       7.2697091
Score R:     0.010560982
R_k    :   0.00017251321    0.0065158734     0.027981769    0.0041857161
     0.012423883     0.012086135

in:      0.61315012      0.25000000       1.4769326      0.73846631
      0.15328753      0.75000000
(out-in)/in:    -0.049563855      0.14342202    -0.099137387     0.072983061
      0.10111907      0.21491930
calculating initial guess...
Elapsed time:     0.014708042
Minimization...
Elapsed time:       9.8975370
Score R:    0.0088089620
R_k    :   0.00040151959    0.0064433171     0.024295197    0.0023452085
    0.0090638727     0.010304657

in:      0.61315012      0.25000000       1.4769326      0.73846631
      0.30657506      0.75000000
(out-in)/in:    -0.027406488    -0.045640160    -0.078487689     -0.15427327
     -0.13609146      0.30650033
calculating initial guess...
Elapsed time:     0.014972210
Minimization...
Elapsed time:       6.7276220
Score R:     0.016857433
R_k    :   0.00018888859     0.023325777     0.023479143    0.0049137663
    0.0018459578     0.047391067

in:      0.61315012      0.50000000       1.4769326      0.14769327
     0.061315015      0.25000000
(out-in)/in:     0.033877704    -0.059159107     0.016926935     0.056337388
     0.029243461      -4.9784207
calculating initial guess...
Elapsed time:     0.014801025
Minimization...
Elapsed time:       2.8342021
Score R:     0.025418974
R_k    :     0.011120166     0.015244187     0.059671164    0.0010973884
     0.014215761     0.051165178

in:      0.61315012      0.50000000       1.4769326      0.14769327
      0.15328753      0.25000000
(out-in)/in:   -0.0098212230    0.0077542655    -0.037830921     -0.10542167
    -0.024638170       2.9702259
calculating initial guess...
Elapsed time:     0.014976025
Minimization...
Elapsed time:       20.291048
Score R:     0.019373548
R_k    :   0.00062977132     0.014851310     0.054373649    0.0056276955
    0.0071282789     0.033630583

in:      0.61315012      0.50000000       1.4769326      0.14769327
      0.30657506      0.25000000
(out-in)/in:     0.086462487      0.16171580    -0.023081757     -0.35062692
     -0.56504202       2.9030026
calculating initial guess...
Elapsed time:     0.014744997
Minimization...
Elapsed time:       4.9965549
Score R:     0.013093250
R_k    :   0.00089908233     0.010147749     0.034201820    0.0037403252
    0.0099069578     0.019663565

in:      0.61315012      0.50000000       1.4769326      0.36923316
     0.061315015      0.25000000
(out-in)/in:    -0.034751023    -0.081384941      0.11418896     0.082307412
       3.4231428      -2.5876934
calculating initial guess...
Elapsed time:     0.014749050
Minimization...
Elapsed time:       21.568527
Score R:     0.014069169
R_k    :   1.3988852e-05    0.0032843263     0.034929508    0.0050971397
     0.012773580     0.028316470

in:      0.61315012      0.50000000       1.4769326      0.36923316
      0.15328753      0.25000000
(out-in)/in:     0.081109130     -0.54485717     0.029072127    -0.083666960
     -0.87836264     -0.90003919
calculating initial guess...
Elapsed time:     0.014771938
Minimization...
Elapsed time:       5.4830072
Score R:   0.00028671507
R_k    :   1.1457065e-05   0.00016330671   0.00077671776   7.8124745e-05
   0.00026730363   0.00042338050

in:      0.61315012      0.50000000       1.4769326      0.36923316
      0.30657506      0.25000000
(out-in)/in:     0.044922670     0.013308589     -0.13897316      0.26109740
    -0.062696256       2.9735875
calculating initial guess...
Elapsed time:     0.015636921
Minimization...
Elapsed time:       19.104635
Score R:     0.012203716
R_k    :     0.012360544     0.031218482     0.024253506    0.0016635991
    0.0034318741   0.00029429263

in:      0.61315012      0.50000000       1.4769326      0.73846631
     0.061315015      0.25000000
(out-in)/in:     0.028909005      0.42195414     0.045895807      0.50756094
       1.1532140      -4.8985062
calculating initial guess...
Elapsed time:     0.014807224
Minimization...
Elapsed time:       13.998703
Score R:     0.016554883
R_k    :     0.017379405     0.039738283     0.036872179    0.0015992062
    0.0010304272    0.0027097954

in:      0.61315012      0.50000000       1.4769326      0.73846631
      0.15328753      0.25000000
(out-in)/in:     0.039653700     0.075902700     0.068138732     0.067837142
     -0.39899937      -4.7499157
calculating initial guess...
Elapsed time:     0.014614820
Minimization...
Elapsed time:       8.8917260
Score R:     0.022270116
R_k    :    0.0016232735     0.017227724     0.055163487    0.0084755261
     0.024930703     0.026199982

in:      0.61315012      0.50000000       1.4769326      0.73846631
      0.30657506      0.25000000
(out-in)/in:     0.012600095     0.054444651      0.18087545  -0.00076111762
     -0.12545306      -1.7236709
calculating initial guess...
Elapsed time:     0.014988899
Minimization...
Elapsed time:       26.879927
Score R:     0.025773028
R_k    :     0.026584681     0.031557212     0.064245951    0.0027769974
    0.0046743452     0.024798984

in:      0.61315012      0.50000000       1.4769326      0.14769327
     0.061315015      0.50000000
(out-in)/in:    -0.033073565       1.4796109    -0.013008050     -0.44873213
     -0.59292472      -2.7530621
calculating initial guess...
Elapsed time:     0.014871120
Minimization...
Elapsed time:       6.3579278
Score R:     0.030036118
R_k    :    0.0015455117     0.023945967     0.076617423    0.0078859727
     0.016512528     0.053709307

in:      0.61315012      0.50000000       1.4769326      0.14769327
      0.15328753      0.50000000
(out-in)/in:    -0.039064530     -0.13714126     0.073316772     -0.14973939
       1.2492270      -2.4231960
calculating initial guess...
Elapsed time:     0.014824152
Minimization...
Elapsed time:       3.8368258
Score R:     0.014016485
R_k    :    0.0042940739    0.0048109531     0.039363537    0.0063433030
     0.013385796     0.015901248

in:      0.61315012      0.50000000       1.4769326      0.14769327
      0.30657506      0.50000000
(out-in)/in:   0.00091431343     0.049606905    -0.044527006      0.75729594
     -0.16013009      0.98220071
calculating initial guess...
Elapsed time:     0.014735937
Minimization...
FRPRMN maximum iterations exceeded
Elapsed time:       31.426825
Score R:   0.00017022392
R_k    :   1.1152530e-05   0.00044850936   4.6080449e-05   1.1682001e-06
   0.00017445498   0.00033997801

in:      0.61315012      0.50000000       1.4769326      0.36923316
     0.061315015      0.50000000
(out-in)/in:     0.038448168    -0.042685564     0.087050878      0.18042804
      0.13351643      -2.8667490
calculating initial guess...
Elapsed time:     0.014733076
Minimization...
Elapsed time:       7.6005220
Score R:    0.0039534989
R_k    :   0.00028646564    0.0030865728     0.010601734    0.0010323488
    0.0026059634    0.0061079085

in:      0.61315012      0.50000000       1.4769326      0.36923316
      0.15328753      0.50000000
(out-in)/in:   -0.0010229747     -0.15871266      0.10182146     -0.11704102
      0.81781253      -1.9249688
calculating initial guess...
Elapsed time:     0.014778137
Minimization...
Elapsed time:       4.7024570
Score R:    0.0057991582
R_k    :   0.00049478365    0.0043181413     0.016268839    0.0010691556
    0.0042395269    0.0084045027

in:      0.61315012      0.50000000       1.4769326      0.36923316
      0.30657506      0.50000000
(out-in)/in:     0.038566413    -0.023618105     -0.10062655      0.11707378
    -0.060316179      0.99024692
calculating initial guess...
Elapsed time:     0.014752865
Minimization...
Elapsed time:       22.600805
Score R:    0.0050221668
R_k    :   0.00024099132    0.0024650041     0.012527537    0.0025410272
    0.0069332861    0.0054251554

in:      0.61315012      0.50000000       1.4769326      0.73846631
     0.061315015      0.50000000
(out-in)/in:     0.020162013      0.14996377      0.12425316      0.32246773
     -0.16641290      -1.2040794
calculating initial guess...
Elapsed time:     0.014752150
Minimization...
Elapsed time:       18.667722
Score R:    0.0085024278
R_k    :    0.0018070366     0.023863815     0.017280541    0.0011808366
    0.0029160214    0.0039663157

in:      0.61315012      0.50000000       1.4769326      0.73846631
      0.15328753      0.50000000
(out-in)/in:     0.069114710     -0.26220311     0.083867718    -0.014847647
     -0.76972193      -1.0542140
calculating initial guess...
Elapsed time:     0.014696836
Minimization...
Elapsed time:       10.479714
Score R:    0.0065404348
R_k    :   0.00045711286    0.0048628260     0.016275976    0.0029097132
    0.0096413684    0.0050956125

in:      0.61315012      0.50000000       1.4769326      0.73846631
      0.30657506      0.50000000
(out-in)/in:     0.034803799      0.32540686      0.33443142      0.34421225
    -0.087947620     -0.70539222
calculating initial guess...
Elapsed time:     0.014897108
Minimization...
Elapsed time:       30.588766
Score R:     0.018588406
R_k    :   0.00023127082     0.026490877     0.024201431    0.0065585744
     0.012651917     0.041396367

in:      0.61315012      0.50000000       1.4769326      0.14769327
     0.061315015      0.75000000
(out-in)/in:     0.025750221    -0.029325988     0.010314253    -0.060820205
     -0.75505388     -0.93964095
calculating initial guess...
Elapsed time:     0.014802933
Minimization...
Elapsed time:       11.188441
Score R:    0.0020957500
R_k    :   0.00013611536    0.0016235585    0.0056827543   0.00051275010
    0.0012657975    0.0033535242

in:      0.61315012      0.50000000       1.4769326      0.14769327
      0.15328753      0.75000000
(out-in)/in:    -0.033576488     -0.12392780     0.087537891      0.10098906
      0.88331012      -1.8275157
calculating initial guess...
Elapsed time:     0.014782906
Minimization...
Elapsed time:       2.8048072
Score R:     0.018235288
R_k    :    0.0010127316     0.014190587     0.052215550    0.0038612128
     0.012660701     0.025470943

in:      0.61315012      0.50000000       1.4769326      0.14769327
      0.30657506      0.75000000
(out-in)/in:    -0.015402274     0.050135685    -0.028814076      0.34911370
    -0.094336061      0.28277784
calculating initial guess...
Elapsed time:     0.014763832
Minimization...
FRPRMN maximum iterations exceeded
Elapsed time:       27.274603
Score R:     0.022647342
R_k    :     0.057807903     0.018386308     0.033460246    0.0042474052
    0.0065117246     0.015470467

in:      0.61315012      0.50000000       1.4769326      0.36923316
     0.061315015      0.75000000
(out-in)/in:    -0.031943640      0.80483577    0.0080434110     -0.18758988
     -0.52557700      -1.6038393
calculating initial guess...
Elapsed time:     0.014708042
Minimization...
Elapsed time:       8.3629589
Score R:    0.0052514361
R_k    :   0.00023522935    0.0039924481     0.014612436    0.0011744765
    0.0045391834    0.0069548431

in:      0.61315012      0.50000000       1.4769326      0.36923316
      0.15328753      0.75000000
(out-in)/in:    -0.022967679    -0.060341179     -0.10530454      0.23922898
      0.96507722      0.29519206
calculating initial guess...
Elapsed time:     0.014753103
Minimization...
Elapsed time:       6.8086739
Score R:     0.015696312
R_k    :   0.00072906267     0.012466496     0.042037834    0.0033772102
     0.012856312     0.022710957

in:      0.61315012      0.50000000       1.4769326      0.36923316
      0.30657506      0.75000000
(out-in)/in:    -0.093589810     0.065549135      0.15970051     -0.16714799
      0.12399106      -1.3398274
calculating initial guess...
Elapsed time:     0.014680862
Minimization...
Elapsed time:       7.9512651
Score R:     0.029530602
R_k    :     0.013046558    0.0048495203     0.068059751     0.013106947
     0.037973287     0.040147547

in:      0.61315012      0.50000000       1.4769326      0.73846631
     0.061315015      0.75000000
(out-in)/in:   -0.0034966043    -0.022144063      0.16897666    -0.077665275
     0.092082994      -1.5227219
calculating initial guess...
Elapsed time:     0.014585018
Minimization...
Elapsed time:       8.5269351
Score R:     0.011121647
R_k    :    0.0013130702    0.0088348291     0.027994123    0.0041229828
     0.013100889     0.011363985

in:      0.61315012      0.50000000       1.4769326      0.73846631
      0.15328753      0.75000000
(out-in)/in:     0.044838098    -0.016285278      0.23670783     0.081147961
    -0.022252475      -1.0931381
calculating initial guess...
Elapsed time:     0.014722824
Minimization...
Elapsed time:       2.1357560
Score R:     0.013093302
R_k    :   0.00067122247     0.010545940     0.034179072    0.0039047338
     0.014290449     0.014968393

in:      0.61315012      0.50000000       1.4769326      0.73846631
      0.30657506      0.75000000
(out-in)/in:     0.027639464     -0.17310853      0.24973423     -0.17361213
      0.22803222      -1.0380035
calculating initial guess...
Elapsed time:     0.014935970
Minimization...
FRPRMN maximum iterations exceeded
Elapsed time:       31.441500
Score R:    0.0042736944
R_k    :   0.00063901114    0.0096166469     0.011637536   0.00070005254
    0.0027471378   0.00030178201

in:      0.61315012       1.0000000       1.4769326      0.14769327
     0.061315015      0.25000000
(out-in)/in:   -0.0026605836     0.076577780  -0.00067054376     -0.29964327
     -0.27225009      -4.9041294
calculating initial guess...
Elapsed time:     0.014748096
Minimization...
Elapsed time:       10.121704
Score R:    0.0021054141
R_k    :   0.00017708593    0.0016572497    0.0056593918   0.00054396381
    0.0010320300    0.0035627634

in:      0.61315012       1.0000000       1.4769326      0.14769327
      0.15328753      0.25000000
(out-in)/in:     0.018764805     -0.12535286     0.067875536      0.10802744
      0.66753556      -4.0451626
calculating initial guess...
Elapsed time:     0.014904022
Minimization...
Elapsed time:       8.9219861
Score R:   0.00062434346
R_k    :   2.1207017e-05   0.00049656943    0.0016943157   0.00016609654
   0.00030827154    0.0010596005

in:      0.61315012       1.0000000       1.4769326      0.14769327
      0.30657506      0.25000000
(out-in)/in:    -0.056454281     -0.11493502     0.071019676     -0.24295478
      0.53867558      -3.8883113
calculating initial guess...
Elapsed time:     0.014811993
Minimization...
Elapsed time:       3.8977890
Score R:    0.0038908129
R_k    :   0.00012485493    0.0026046889     0.010594568    0.0010985912
    0.0027026907    0.0062194839

in:      0.61315012       1.0000000       1.4769326      0.36923316
     0.061315015      0.25000000
(out-in)/in:   -0.0076876495    -0.044961911    -0.068195109    -0.077822015
       1.0751746       2.6177570
calculating initial guess...
Elapsed time:     0.015610933
Minimization...
Elapsed time:       6.1086168
Score R:    0.0060351864
R_k    :   9.3046282e-05    0.0039129560     0.016586407    0.0016742043
    0.0044608266    0.0094836783

in:      0.61315012       1.0000000       1.4769326      0.36923316
      0.15328753      0.25000000
(out-in)/in:  -0.00062547431     0.044429603    -0.028857777    -0.069278189
     -0.28979736       2.0514711
calculating initial guess...
Elapsed time:     0.014782906
Minimization...
Elapsed time:       24.668103
Score R:   0.00039784076
R_k    :   1.4480008e-05   0.00030334558    0.0010819772   0.00010521028
   0.00028920228   0.00059282920

in:      0.61315012       1.0000000       1.4769326      0.36923316
      0.30657506      0.25000000
(out-in)/in:     0.073324505    0.0051861400    -0.087155475     0.036118773
     -0.42413627       2.8696647
calculating initial guess...
Elapsed time:     0.014742851
Minimization...
Elapsed time:       10.502365
Score R:    0.0085162730
R_k    :   5.9024931e-05    0.0050406646     0.022046264    0.0038379094
    0.0097462262     0.010367549

in:      0.61315012       1.0000000       1.4769326      0.73846631
     0.061315015      0.25000000
(out-in)/in:    -0.014564554     0.084629604     -0.11913712     0.072296195
      0.87406833       1.9333828
calculating initial guess...
Elapsed time:     0.014787912
Minimization...
Elapsed time:       18.451356
Score R:    0.0093457904
R_k    :   0.00010040085    0.0055878269     0.024508698    0.0039223042
    0.0093548754     0.012600637

in:      0.61315012       1.0000000       1.4769326      0.73846631
      0.15328753      0.25000000
(out-in)/in:    -0.049879067     0.059693399     -0.18765240     -0.11092882
    -0.065836632       2.4997502
calculating initial guess...
Elapsed time:     0.014801979
Minimization...
Elapsed time:       5.0679910
Score R:     0.024428271
R_k    :    0.0011594456     0.019651955     0.060889190    0.0089472021
     0.026918309     0.029003524

in:      0.61315012       1.0000000       1.4769326      0.73846631
      0.30657506      0.25000000
(out-in)/in:     0.042727432     -0.18221601      0.18984922    -0.037526625
      0.31869859      -1.5940418
calculating initial guess...
Elapsed time:     0.014821053
Minimization...
Elapsed time:       21.941669
Score R:     0.010412427
R_k    :    0.0097895256     0.022807540     0.021167855    0.0011114721
    0.0041736539    0.0034245137

in:      0.61315012       1.0000000       1.4769326      0.14769327
     0.061315015      0.50000000
(out-in)/in:     0.030172626      0.10241659     0.017111682   -0.0019696704
     -0.28003219      -2.9806158
calculating initial guess...
Elapsed time:     0.014879942
Minimization...
Elapsed time:       4.3820331
Score R:     0.013454154
R_k    :   0.00074415603    0.0098189467     0.037863837    0.0031488826
    0.0083923781     0.020756723

in:      0.61315012       1.0000000       1.4769326      0.14769327
      0.15328753      0.50000000
(out-in)/in:    -0.043081885     0.039075327    -0.038457928      0.32724818
      0.27004742      0.90879742
calculating initial guess...
Elapsed time:     0.014755964
Minimization...
Elapsed time:       13.050952
Score R:     0.017738512
R_k    :    0.0045463079    0.0077593794     0.048586009    0.0036846349
    0.0085942790     0.033260463

in:      0.61315012       1.0000000       1.4769326      0.14769327
      0.30657506      0.50000000
(out-in)/in:     0.037553899      0.26912094    -0.031824969     -0.15075223
     -0.40460555      0.98289098
calculating initial guess...
Elapsed time:     0.014984846
Minimization...
Elapsed time:       8.7398732
Score R:     0.026022144
R_k    :    0.0011440581    0.0056599342     0.072686783    0.0087995343
     0.021784576     0.046057980

in:      0.61315012       1.0000000       1.4769326      0.36923316
     0.061315015      0.50000000
(out-in)/in:     0.064986757     -0.30926301     0.024323584    -0.046947011
     -0.40767397     -0.97274190
calculating initial guess...
Elapsed time:     0.014734030
Minimization...
Elapsed time:       2.7028999
Score R:    0.0087250524
R_k    :   0.00063879335    0.0068052327     0.023247540    0.0022095841
    0.0067643428     0.012684822

in:      0.61315012       1.0000000       1.4769326      0.36923316
      0.15328753      0.50000000
(out-in)/in:    -0.042710955    -0.036100656      0.13614312     0.011385046
      0.67480139      -1.7307000
calculating initial guess...
Elapsed time:     0.014786959
Minimization...
Elapsed time:       6.3623481
Score R:    0.0037812698
R_k    :   0.00052842428    0.0037678027    0.0099267913    0.0010228887
    0.0034888054    0.0039529066

in:      0.61315012       1.0000000       1.4769326      0.36923316
      0.30657506      0.50000000
(out-in)/in:    0.0052154948     0.079334625    -0.087631437      0.36450555
    -0.082118152      0.98558862
calculating initial guess...
Elapsed time:     0.014657021
Minimization...
Elapsed time:       25.101808
Score R:    0.0049414555
R_k    :    0.0039617337    0.0086632066     0.011852841   0.00087888712
    0.0011100037    0.0031820605

in:      0.61315012       1.0000000       1.4769326      0.73846631
     0.061315015      0.50000000
(out-in)/in:   -0.0062369534      0.22452865      0.20592946      0.31694359
      0.43294056      -2.6970093
calculating initial guess...
Elapsed time:     0.014794827
Minimization...
Elapsed time:       4.8619311
Score R:     0.016654523
R_k    :    0.0033764965    0.0089979914     0.048073025   0.00020647313
     0.017836281     0.021436874

in:      0.61315012       1.0000000       1.4769326      0.73846631
      0.15328753      0.50000000
(out-in)/in:   -0.0079037329      0.16580472     -0.22017411      0.39774566
      0.67160398      0.99076488
calculating initial guess...
Elapsed time:     0.014806032
Minimization...
Elapsed time:       6.9712369
Score R:     0.012140872
R_k    :    0.0043359932     0.014651236     0.031265711    0.0022596009
     0.011244544    0.0090881470

in:      0.61315012       1.0000000       1.4769326      0.73846631
      0.30657506      0.50000000
(out-in)/in:    0.0031812645     0.079887098     -0.16102996     0.097054039
     -0.19639688      0.99766237
calculating initial guess...
Elapsed time:     0.014979124
Minimization...
Elapsed time:       6.0788751
Score R:    0.0093039928
R_k    :   0.00030172977    0.0064605085     0.025856115    0.0023961012
    0.0054461541     0.015363348

in:      0.61315012       1.0000000       1.4769326      0.14769327
     0.061315015      0.75000000
(out-in)/in:     0.051473577     -0.11013483     0.016708636     0.032236403
      0.12741363     -0.54442160
calculating initial guess...
Elapsed time:     0.014915943
Minimization...
Elapsed time:       8.0609422
Score R:    0.0053974800
R_k    :   0.00059485622    0.0051915771     0.015042305    0.0010158883
    0.0024676947    0.0080725583

in:      0.61315012       1.0000000       1.4769326      0.14769327
      0.15328753      0.75000000
(out-in)/in:     0.038933812    0.0083022879   -0.0061233484     0.049583489
     0.064228276      0.31691251
calculating initial guess...
Elapsed time:     0.014783144
Minimization...
Elapsed time:       5.6068170
Score R:    0.0079926284
R_k    :   0.00057879889    0.0066315605     0.022291758    0.0017488028
    0.0051320366     0.011572814

in:      0.61315012       1.0000000       1.4769326      0.14769327
      0.30657506      0.75000000
(out-in)/in:      0.13396419     -0.13223893    0.0083979558     -0.18918515
     -0.15010776      0.23593857
calculating initial guess...
Elapsed time:     0.018961906
Minimization...
Elapsed time:       6.4179518
Score R:    0.0085306152
R_k    :     0.014020948    0.0089251617     0.018123019    0.0011307084
    0.0040509322    0.0049329221

in:      0.61315012       1.0000000       1.4769326      0.36923316
     0.061315015      0.75000000
(out-in)/in:     0.041648023    -0.099291172      0.10018860    0.0049043142
      0.19388512      -2.3276526
calculating initial guess...
Elapsed time:     0.014765978
Minimization...
Elapsed time:       1.7541521
Score R:    0.0055659653
R_k    :   0.00055720391    0.0044791146     0.014960248    0.0012984959
    0.0046211457    0.0074795835

in:      0.61315012       1.0000000       1.4769326      0.36923316
      0.15328753      0.75000000
(out-in)/in:   -0.0065619770    -0.026641144      0.17100189     0.060033782
      0.29528736      -1.4386471
calculating initial guess...
Elapsed time:     0.014738083
Minimization...
Elapsed time:       2.6776040
Score R:    0.0093430998
R_k    :   0.00053062227    0.0078099068     0.024465365    0.0020411188
    0.0090962960     0.012115290

in:      0.61315012       1.0000000       1.4769326      0.36923316
      0.30657506      0.75000000
(out-in)/in:    -0.089758784      0.20982487    -0.062144032     0.071331106
     -0.19948266      0.32502539
calculating initial guess...
Elapsed time:     0.014776945
Minimization...
Elapsed time:       9.9574890
Score R:   0.00045736421
R_k    :   1.2953359e-05   0.00029479506    0.0012170524   0.00014963002
   0.00048548546   0.00058426899

in:      0.61315012       1.0000000       1.4769326      0.73846631
     0.061315015      0.75000000
(out-in)/in:    -0.024982620     -0.11987588     -0.12184551     -0.13286093
       2.4706017      0.30942969
calculating initial guess...
Elapsed time:     0.014909983
Minimization...
Elapsed time:       5.1036379
Score R:    0.0058937219
R_k    :   0.00017211637    0.0039524807     0.015859630    0.0019170763
    0.0060780579    0.0073829700

in:      0.61315012       1.0000000       1.4769326      0.73846631
      0.15328753      0.75000000
(out-in)/in:    -0.053804380    -0.019989212    -0.099067578     -0.14628357
      0.21815532      0.27336739
calculating initial guess...
Elapsed time:     0.018993139
Minimization...
Elapsed time:       1.2028360
Score R:    0.0035564208
R_k    :   0.00019183014    0.0028283648    0.0094367142    0.0010722649
    0.0040807464    0.0037286043

in:      0.61315012       1.0000000       1.4769326      0.73846631
      0.30657506      0.75000000
(out-in)/in:     0.047922553     -0.10401654      0.28586264     -0.12704305
      0.19977288     -0.90838573


Total elapsed time (whole experiment):       1026.7523
% Program caused arithmetic error: Floating underflow
% Program caused arithmetic error: Floating overflow
% Program caused arithmetic error: Floating illegal operand
