IDL Version 7.1 (linux x86_64 m64). (c) 2009, ITT Visual Information Solutions
Installation number: .
Licensed for use by: IA-BAS

% Compiled module: WRAPPER.
% Compiled module: EXP_CONTRL_V2.
Minimization of cost_function_cs

Polak-Ribiere method
cp phi2.pro phi.pro
cp gradphi2.pro gradphi.pro

% Compiled module: MAKE_GRID.
Created  Ln-Uniform Grid NTe x NNe = :      50    x      50

% Compiled module: XREAD.
% Compiled module: SET_TOMROOT.
% Compiled module: LOAD_TABLES.
% Compiled module: LOAD_G_TABLE.
% Compiled module: MAKE_SK_OVER_FIP_FACTOR.
% Compiled module: S_FUNCTION.
% Compiled module: G_FUNCTION.
% Compiled module: FINDVAL3D_FUNCTION.
% Compiled module: FINDVAL2D_FUNCTION.
% Compiled module: INTERPOL.
% Compiled module: LOAD_UNITS.
% Compiled module: CHANGE_UNITS_GRID.
% Compiled module: MAKE_GUESS_INI_WITH_DEMT.
calculating initial guess...
% Compiled module: COST_FUNCTION_CS.
% Compiled module: E_FUNCTION_CS.
% Compiled module: P_FUNCTION_CS.
% Compiled module: F_PENALTY_Q.
% Compiled module: ARRAY_INDICES.
Elapsed time:      0.59089088
Minimization...
% Compiled module: MINIMIZADOR.
% Compiled module: PR_MIN.
% Compiled module: FRPRMN.
% Compiled module: PHI.
% Compiled module: GRADPHI.
% Compiled module: GRAD_E_FUNCTION_CS.
% Compiled module: GRAD_P_FUNCTION_CS.
% Compiled module: DF_PENALTY_Q.
% Compiled module: LINMIN.
% Compiled module: MNBRAK.
% Compiled module: F1DIM.
% Compiled module: DBRENT.
% Compiled module: DF1DIM.
Elapsed time:       5.9146121
% Compiled module: SYNTH_Y_VALUES_CS.
% Compiled module: MEAN.
% Compiled module: MOMENT.
Score R:    0.0096755894
R_k    :   0.00055546154    0.0069020705     0.026759612    0.0025217297
    0.0047824016     0.016532261

in:      0.61315012      0.25000000       1.4769326      0.14769327
     0.061315015      0.25000000
(out-in)/in:     -0.20621665      0.51113492    -0.033296781     0.092393440
       1.5685094       1.4731643
calculating initial guess...
Elapsed time:      0.59554100
Minimization...
Elapsed time:       19.634284
Score R:     0.077568041
R_k    :     0.015969885     0.015266814      0.25537954     0.014664979
    0.0095953130      0.15453171

in:      0.61315012      0.25000000       1.4769326      0.14769327
      0.15328753      0.25000000
(out-in)/in:     -0.15720362       1.2375956    -0.084653593     -0.16981914
     -0.86534707       2.1965518
calculating initial guess...
Elapsed time:      0.59004211
Minimization...
Elapsed time:       2.8804471
Score R:     0.019312886
R_k    :   0.00094486107     0.015448110     0.050273437    0.0051536026
    0.0094274100     0.034629892

in:      0.61315012      0.25000000       1.4769326      0.14769327
      0.30657506      0.25000000
(out-in)/in:    -0.015598601    -0.041119612     0.059322200    -0.029969116
      0.23256913      -3.3586596
calculating initial guess...
Elapsed time:      0.58934999
Minimization...
Elapsed time:       11.210641
Score R:    0.0077287951
R_k    :   0.00088357988    0.0038209475     0.020428517    0.0026289270
    0.0067045505     0.011906249

in:      0.61315012      0.25000000       1.4769326      0.36923316
     0.061315015      0.25000000
(out-in)/in:     0.043054111    -0.071750118     0.067614395      0.18458034
      0.17599001      -3.6042046
calculating initial guess...
Elapsed time:      0.58816791
Minimization...
FRPRMN maximum iterations exceeded
Elapsed time:       25.787666
Score R:     0.035017149
R_k    :     0.044731509     0.046725484     0.083679972    0.0041764116
     0.011809978     0.018979539

in:      0.61315012      0.25000000       1.4769326      0.36923316
      0.15328753      0.25000000
(out-in)/in:    -0.013962097       1.2833884    -0.060630697    -0.041972350
     -0.83471764      0.56200269
calculating initial guess...
Elapsed time:      0.58770013
Minimization...
Elapsed time:       6.4566710
Score R:     0.035820095
R_k    :    0.0013085305     0.028829655      0.10501303    0.0090685003
     0.028231365     0.042469486

in:      0.61315012      0.25000000       1.4769326      0.36923316
      0.30657506      0.25000000
(out-in)/in:      0.10384845     -0.20513285     -0.13528382      0.34501977
      0.48810664       1.8304410
calculating initial guess...
Elapsed time:      0.58678985
Minimization...
Elapsed time:       16.172064
Score R:     0.012783431
R_k    :   0.00053654209     0.010192657     0.031381570    0.0059246813
     0.017052046     0.011613090

in:      0.61315012      0.25000000       1.4769326      0.73846631
     0.061315015      0.25000000
(out-in)/in:      0.11014905     -0.19196484      0.21556265      0.43099933
       6.7400111      -1.3226431
calculating initial guess...
Elapsed time:      0.58738804
Minimization...
Elapsed time:       3.1195300
Score R:    0.0052561923
R_k    :   0.00026584123    0.0039882279     0.013561745    0.0019363019
    0.0055734614    0.0062115764

in:      0.61315012      0.25000000       1.4769326      0.73846631
      0.15328753      0.25000000
(out-in)/in:    -0.013139982     -0.25786665      0.18604715    -0.057614315
       1.2751212      -1.7590658
calculating initial guess...
Elapsed time:      0.58733010
Minimization...
Elapsed time:       2.2390189
Score R:    0.0079349993
R_k    :   0.00043152510    0.0055569920     0.019660815    0.0042387566
     0.012598150    0.0051237568

in:      0.61315012      0.25000000       1.4769326      0.73846631
      0.30657506      0.25000000
(out-in)/in:    0.0074754493      0.55171149      0.34520367      0.68376269
     0.024985387     -0.74410836
calculating initial guess...
Elapsed time:      0.59138012
Minimization...
Elapsed time:       6.0245550
Score R:     0.014041195
R_k    :   0.00050946750     0.010615749     0.039311576    0.0037105190
    0.0056609269     0.024438930

in:      0.61315012      0.25000000       1.4769326      0.14769327
     0.061315015      0.50000000
(out-in)/in:     -0.15871345     0.053577436    -0.050267052     -0.17540641
       4.6881362      0.27658005
calculating initial guess...
Elapsed time:      0.58986402
Minimization...
Elapsed time:       5.0737212
Score R:     0.027681279
R_k    :    0.0019294376     0.020527982     0.079866042    0.0066455238
     0.014494727     0.042623962

in:      0.61315012      0.25000000       1.4769326      0.14769327
      0.15328753      0.50000000
(out-in)/in:     0.055831548     -0.12749236    -0.017946649      0.15169191
     0.081402211      0.30560627
calculating initial guess...
Elapsed time:      0.58897710
Minimization...
FRPRMN maximum iterations exceeded
Elapsed time:       26.490599
Score R:     0.040339382
R_k    :     0.031678984     0.050234888      0.11007775    0.0032476962
     0.011009534     0.035787438

in:      0.61315012      0.25000000       1.4769326      0.14769327
      0.30657506      0.50000000
(out-in)/in:   -0.0032269814       1.3160430    -0.063194468      0.13044866
     -0.92303909      0.52667444
calculating initial guess...
Elapsed time:      0.58821106
Minimization...
Elapsed time:       5.9010229
Score R:     0.038230151
R_k    :    0.0033329652     0.030951904     0.094976689     0.010797048
     0.030177070     0.059145231

in:      0.61315012      0.25000000       1.4769326      0.36923316
     0.061315015      0.50000000
(out-in)/in:    -0.020152846    -0.037203101      0.12319121      0.10946485
       2.7584152      -1.8888783
calculating initial guess...
Elapsed time:      0.59103513
Minimization...
Elapsed time:       3.0390432
Score R:     0.019960642
R_k    :   0.00041085222     0.014778023     0.057364519    0.0045652422
     0.015411058     0.027234157

in:      0.61315012      0.25000000       1.4769326      0.36923316
      0.15328753      0.50000000
(out-in)/in:     -0.34025447      0.27483985     -0.10931442     0.036672459
       1.7722815      0.33068779
calculating initial guess...
Elapsed time:      0.58872604
Minimization...
Elapsed time:       2.9921489
Score R:     0.037042717
R_k    :    0.0046879954     0.031785416     0.092770708    0.0093962545
     0.037537055     0.046078872

in:      0.61315012      0.25000000       1.4769326      0.36923316
      0.30657506      0.50000000
(out-in)/in:     0.032563272      0.23925915      0.23234905      0.37224208
     -0.56815157      -1.3313319
calculating initial guess...
Elapsed time:      0.58622217
Minimization...
FRPRMN maximum iterations exceeded
Elapsed time:       33.551058
Score R:     0.021484593
R_k    :   0.00016310132     0.035417141     0.055959179    0.0059756675
     0.016699980     0.014692492

in:      0.61315012      0.25000000       1.4769326      0.73846631
     0.061315015      0.50000000
(out-in)/in:     0.075957224     -0.28950102     0.052573747     0.082548493
     -0.50459221     -0.91069028
calculating initial guess...
Elapsed time:      0.58485389
Minimization...
Elapsed time:       19.414668
Score R:     0.046223079
R_k    :    0.0012531268     0.026498321      0.12702051     0.022347926
     0.062230068     0.037988527

in:      0.61315012      0.25000000       1.4769326      0.73846631
      0.15328753      0.50000000
(out-in)/in:    -0.046746398      0.62174457      0.44358525      0.43267747
     -0.38203388      -2.2606879
calculating initial guess...
Elapsed time:      0.58642888
Minimization...
Elapsed time:       12.901705
Score R:     0.031358794
R_k    :    0.0049608017     0.081176345     0.072253059    0.0038560552
     0.010855706     0.015050798

in:      0.61315012      0.25000000       1.4769326      0.73846631
      0.30657506      0.50000000
(out-in)/in:    -0.024142148       1.9127385      0.14303044     -0.64880877
     -0.91924366      0.56875926
calculating initial guess...
Elapsed time:      0.58829403
Minimization...
Elapsed time:       4.2745080
Score R:     0.011618239
R_k    :   0.00073313018    0.0090790072     0.032601397    0.0026411180
    0.0070292641     0.017625516

in:      0.61315012      0.25000000       1.4769326      0.14769327
     0.061315015      0.75000000
(out-in)/in:     0.013471025     -0.14923805    -0.016812192      0.22051108
       3.1482895     -0.15006674
calculating initial guess...
Elapsed time:      0.58842111
Minimization...
Elapsed time:       5.6669278
Score R:     0.021106278
R_k    :   0.00071049199     0.016831660     0.055706442    0.0048827339
     0.014985539     0.033520801

in:      0.61315012      0.25000000       1.4769326      0.14769327
      0.15328753      0.75000000
(out-in)/in:     -0.14270022    -0.073549514      0.11385453      0.23205959
       1.7079286      -1.5871714
calculating initial guess...
Elapsed time:      0.59465790
Minimization...
FRPRMN maximum iterations exceeded
Elapsed time:       31.211383
Score R:     0.011037257
R_k    :   0.00035530993    0.0095656510     0.029530619    0.0027518963
    0.0067882372     0.017231829

in:      0.61315012      0.25000000       1.4769326      0.14769327
      0.30657506      0.75000000
(out-in)/in:  -0.00089123611     -0.32179173     0.072267541     -0.50064732
      0.81391975      -1.7598102
calculating initial guess...
Elapsed time:      0.58934093
Minimization...
FRPRMN maximum iterations exceeded
Elapsed time:       26.406708
Score R:     0.013740374
R_k    :     0.032048826     0.021643694     0.024265896   0.00026494635
   0.00088651412    0.0033323662

in:      0.61315012      0.25000000       1.4769326      0.36923316
     0.061315015      0.75000000
(out-in)/in:    -0.021633822      0.97464684      0.10123819     -0.45711212
     -0.55280334      -1.9441505
calculating initial guess...
Elapsed time:      0.58889914
Minimization...
Elapsed time:       5.6976221
Score R:     0.016490508
R_k    :    0.0018179480     0.013501351     0.043351954    0.0038093768
     0.012528957     0.023933460

in:      0.61315012      0.25000000       1.4769326      0.36923316
      0.15328753      0.75000000
(out-in)/in:    -0.031231680     0.014381623      0.14088994    -0.078529985
      0.13694366      -1.6478782
calculating initial guess...
Elapsed time:      0.58904290
Minimization...
Elapsed time:       3.0274069
Score R:     0.021960900
R_k    :   0.00061400315     0.016826198     0.063396782    0.0048731662
     0.020801111     0.025254140

in:      0.61315012      0.25000000       1.4769326      0.36923316
      0.30657506      0.75000000
(out-in)/in:     -0.14389457      0.12934557   -0.0088151917      0.32431378
      0.51796254     -0.11140752
calculating initial guess...
Elapsed time:      0.58574820
Minimization...
FRPRMN maximum iterations exceeded
Elapsed time:       29.482368
Score R:     0.033171602
R_k    :     0.028433064     0.033997969     0.042753665     0.012368829
     0.047204259     0.034271824

in:      0.61315012      0.25000000       1.4769326      0.73846631
     0.061315015      0.75000000
(out-in)/in:    -0.058047160       1.0031134      0.29737252      0.15632663
     -0.66267330     -0.91483723
calculating initial guess...
Elapsed time:      0.58893204
Minimization...
Elapsed time:       8.7157319
Score R:     0.033722718
R_k    :    0.0016086806     0.027919773     0.085348362    0.0093832772
     0.033731221     0.044344994

in:      0.61315012      0.25000000       1.4769326      0.73846631
      0.15328753      0.75000000
(out-in)/in:   -0.0040492393     -0.30816706      0.20374067     -0.30005559
       1.5199329      -1.1884282
calculating initial guess...
Elapsed time:      0.58709502
Minimization...
Elapsed time:       3.8029749
Score R:     0.013608475
R_k    :   0.00055874924     0.010857451     0.037624514    0.0039008652
     0.014711928     0.013997344

in:      0.61315012      0.25000000       1.4769326      0.73846631
      0.30657506      0.75000000
(out-in)/in:     0.084264810     -0.25653208    -0.015501580    -0.093326698
      0.47604233     -0.11458564
calculating initial guess...
Elapsed time:      0.59308910
Minimization...
Elapsed time:       6.3301930
Score R:     0.062375080
R_k    :     0.062430958      0.15461245    0.0045015959     0.016893671
    0.0098318271      0.12597998

in:      0.61315012      0.50000000       1.4769326      0.14769327
     0.061315015      0.25000000
(out-in)/in:     0.019005220     -0.19489744    -0.064311522      0.17826394
     -0.39806098       2.1699667
calculating initial guess...
Elapsed time:      0.58824301
Minimization...
Elapsed time:       3.0073440
Score R:     0.014141202
R_k    :   0.00035386762     0.011356115     0.037795536    0.0033678198
    0.0094353090     0.022538568

in:      0.61315012      0.50000000       1.4769326      0.14769327
      0.15328753      0.25000000
(out-in)/in:     -0.19357353     -0.17522853      0.10157091      0.12861712
       2.1636444      -2.7350199
calculating initial guess...
Elapsed time:      0.58824682
Minimization...
Elapsed time:       2.8274310
Score R:    0.0048483778
R_k    :   0.00019383912    0.0039490306     0.013450015    0.0011300767
    0.0027810881    0.0075862175

in:      0.61315012      0.50000000       1.4769326      0.14769327
      0.30657506      0.25000000
(out-in)/in:    -0.049658885     0.051040278    -0.033120031     0.094040365
      0.29343668       1.4486811
calculating initial guess...
Elapsed time:      0.58852100
Minimization...
FRPRMN maximum iterations exceeded
Elapsed time:       27.882874
Score R:     0.035644856
R_k    :     0.032210980   0.00044706701     0.083946704     0.012666259
     0.022912484     0.061685644

in:      0.61315012      0.50000000       1.4769326      0.36923316
     0.061315015      0.25000000
(out-in)/in:    -0.056961941      0.48056562     0.013555150     -0.12521651
     -0.61937257     -0.44412270
calculating initial guess...
Elapsed time:      0.58767009
Minimization...
Elapsed time:       4.1417370
Score R:    0.0065740504
R_k    :   0.00041760696    0.0052232857     0.017521047    0.0017671012
    0.0058104557    0.0087048053

in:      0.61315012      0.50000000       1.4769326      0.36923316
      0.15328753      0.25000000
(out-in)/in:     0.019505893    -0.068386821      0.17177622      0.25741537
       1.0384103      -1.9205777
calculating initial guess...
Elapsed time:      0.58816004
Minimization...
Elapsed time:       5.4037659
Score R:    0.0085525396
R_k    :   0.00040526473    0.0065808859     0.023413806    0.0024267758
    0.0079566119     0.010531894

in:      0.61315012      0.50000000       1.4769326      0.36923316
      0.30657506      0.25000000
(out-in)/in:     0.018890642      0.14052224    -0.074770599      0.47734181
     0.054643072       1.5854083
calculating initial guess...
Elapsed time:      0.58663487
Minimization...
FRPRMN maximum iterations exceeded
Elapsed time:       28.568045
Score R:     0.016386898
R_k    :     0.024062563     0.015230028     0.014951115    0.0077759585
     0.020408886     0.015892837

in:      0.61315012      0.50000000       1.4769326      0.73846631
     0.061315015      0.25000000
(out-in)/in:    -0.056350193       1.1557169     0.055202579      0.46010075
     -0.58918550     -0.29622751
calculating initial guess...
Elapsed time:      0.58916497
Minimization...
Elapsed time:       5.7165489
Score R:     0.044158339
R_k    :    0.0083571219    0.0070368757      0.11012730     0.021104869
     0.046161656     0.072162213

in:      0.61315012      0.50000000       1.4769326      0.73846631
      0.15328753      0.25000000
(out-in)/in:     0.046950971     -0.21386224     0.045549160     -0.30764628
     -0.46337946      -3.9864664
calculating initial guess...
Elapsed time:      0.58607912
Minimization...
Elapsed time:       1.2741950
Score R:     0.072796563
R_k    :     0.033490051     0.025617688     0.087268600      0.14792467
     0.057195735     0.085282634

in:      0.61315012      0.50000000       1.4769326      0.73846631
      0.30657506      0.25000000
(out-in)/in:    -0.098342407      0.55068474      0.35086251      0.38489948
     -0.99591366     -0.64591676
calculating initial guess...
Elapsed time:      0.58877778
Minimization...
Elapsed time:       21.154497
Score R:     0.079686285
R_k    :     0.040332841      0.12156141      0.17703723     0.013405376
     0.030337144     0.095443710

in:      0.61315012      0.50000000       1.4769326      0.14769327
     0.061315015      0.50000000
(out-in)/in:      0.12387143      0.65830389     0.025628729     -0.11899637
     -0.60789089     -0.83932955
calculating initial guess...
Elapsed time:      0.58930016
Minimization...
Elapsed time:       15.090485
Score R:     0.027208280
R_k    :     0.030151352     0.047335934     0.060873881    0.0024216016
    0.0068373465     0.015629562

in:      0.61315012      0.50000000       1.4769326      0.14769327
      0.15328753      0.50000000
(out-in)/in:      0.13337305       1.8295190     0.035177729     0.096806040
     -0.85228155     -0.94739718
calculating initial guess...
Elapsed time:      0.58904815
Minimization...
Elapsed time:       8.8649180
Score R:      0.13856855
R_k    :     0.027163639      0.13261380      0.27102769     0.036906059
     0.061018482      0.30268166

in:      0.61315012      0.50000000       1.4769326      0.14769327
      0.30657506      0.50000000
(out-in)/in:    -0.056537120      0.87305717   -0.0027756939     -0.57961504
     -0.92800784     -0.90996005
calculating initial guess...
Elapsed time:      0.58881307
Minimization...
Elapsed time:       7.8098381
Score R:     0.012370099
R_k    :   8.7230652e-05    0.0068093851     0.034050154    0.0038613320
     0.010384297     0.019028192

in:      0.61315012      0.50000000       1.4769326      0.36923316
     0.061315015      0.50000000
(out-in)/in:    -0.072574279      0.12706550    0.0055574104     0.099035161
     0.096146455     0.038679112
calculating initial guess...
Elapsed time:      0.58948493
Minimization...
Elapsed time:       2.1292560
Score R:     0.023747012
R_k    :    0.0014376297     0.017851849     0.068315203    0.0054168175
     0.015114663     0.034345912

in:      0.61315012      0.50000000       1.4769326      0.36923316
      0.15328753      0.50000000
(out-in)/in:     0.018694921     -0.14644869    -0.040320062     -0.24507541
      0.46511939      0.33011384
calculating initial guess...
Elapsed time:      0.58929515
Minimization...
Elapsed time:       7.7627139
Score R:     0.025938709
R_k    :   0.00071501403     0.019850368     0.075499490    0.0057634018
     0.022021495     0.031782488

in:      0.61315012      0.50000000       1.4769326      0.36923316
      0.30657506      0.50000000
(out-in)/in:     -0.16090316     0.065351559    -0.070586967      0.20845559
      0.46525406      0.35728867
calculating initial guess...
Elapsed time:      0.58798194
Minimization...
Elapsed time:       8.1819661
Score R:    0.0010644163
R_k    :   8.3085029e-05   0.00078965674    0.0027837562   0.00036213641
   0.00096365194    0.0014042116

in:      0.61315012      0.50000000       1.4769326      0.73846631
     0.061315015      0.50000000
(out-in)/in:    -0.080675834    -0.014536441      0.13785370     -0.24539834
       2.5152975      -1.7078297
calculating initial guess...
Elapsed time:      0.58581209
Minimization...
Elapsed time:       28.485197
Score R:     0.049546283
R_k    :     0.013127074     0.025295016     0.083573162     0.044398877
      0.10913473     0.021748834

in:      0.61315012      0.50000000       1.4769326      0.73846631
      0.15328753      0.50000000
(out-in)/in:    -0.076242249      0.78381340      0.25994799       1.1357988
     -0.89586649      -1.2221838
calculating initial guess...
Elapsed time:      0.58776498
Minimization...
Elapsed time:       4.6858549
Score R:     0.058323182
R_k    :    0.0023174094     0.044552192      0.17969743     0.014349635
     0.049873903     0.059148518

in:      0.61315012      0.50000000       1.4769326      0.73846631
      0.30657506      0.50000000
(out-in)/in:      0.16399547     -0.37977404    -0.084022968     -0.21312862
      0.51141805      0.44642706
calculating initial guess...
Elapsed time:      0.59533620
Minimization...
Elapsed time:       1.6561799
Score R:     0.026768392
R_k    :    0.0013501128     0.019490807     0.076775327    0.0070932500
     0.010850710     0.045050144

in:      0.61315012      0.50000000       1.4769326      0.14769327
     0.061315015      0.75000000
(out-in)/in:     -0.11010073     0.035691573    -0.027808572     -0.38643848
       3.4077433     -0.12853747
calculating initial guess...
Elapsed time:      0.58992505
Minimization...
Elapsed time:       3.1054900
Score R:     0.054401106
R_k    :   0.00086670781     0.039501918      0.13232904     0.014543505
     0.032566582      0.10659888

in:      0.61315012      0.50000000       1.4769326      0.14769327
      0.15328753      0.75000000
(out-in)/in:      0.11271244    -0.023893280     0.022299215     -0.11307076
     -0.74893162     -0.90441079
calculating initial guess...
Elapsed time:      0.56759095
Minimization...
Elapsed time:      0.24195504
Score R:      0.61382225
R_k    :      0.31634810      0.85443821      0.84642875      0.10350535
      0.86102438      0.70118871

in:      0.61315012      0.50000000       1.4769326      0.14769327
      0.30657506      0.75000000
(out-in)/in:      0.49231883       1.1559965      -26.395270       1412.5901
     -0.99758760     -0.93640076
calculating initial guess...
Elapsed time:      0.58708000
Minimization...
FRPRMN maximum iterations exceeded
Elapsed time:       29.030102
Score R:     0.067332856
R_k    :     0.070462801    0.0032476627      0.15248415     0.031371013
     0.074810095     0.071621415

in:      0.61315012      0.50000000       1.4769326      0.36923316
     0.061315015      0.75000000
(out-in)/in:      0.12664174       1.0576640      0.17734522      0.60934091
     -0.59544449     -0.93335526
calculating initial guess...
Elapsed time:      0.59092021
Minimization...
Elapsed time:       3.9747050
Score R:     0.067832784
R_k    :    0.0041859120     0.055386892      0.16316853     0.015404158
     0.057162451      0.11168876

in:      0.61315012      0.50000000       1.4769326      0.36923316
      0.15328753      0.75000000
(out-in)/in:     -0.12395500     0.043217232      0.14683321     -0.12706532
      0.69059270      -1.4302877
calculating initial guess...
Elapsed time:      0.58886600
Minimization...
Elapsed time:       7.5380578
Score R:     0.020309179
R_k    :    0.0014189904     0.015674606     0.058460415    0.0040773589
     0.014998153     0.027225548

in:      0.61315012      0.50000000       1.4769326      0.36923316
      0.30657506      0.75000000
(out-in)/in:     0.028755249     -0.12539247     0.027836501     -0.38464532
     -0.24347164     -0.13396400
calculating initial guess...
Elapsed time:      0.58603382
Minimization...
FRPRMN maximum iterations exceeded
Elapsed time:       31.312997
Score R:     0.014375078
R_k    :     0.044198932     0.020307074     0.016537800   0.00046303019
    0.0046588074   8.4822354e-05

in:      0.61315012      0.50000000       1.4769326      0.73846631
     0.061315015      0.75000000
(out-in)/in:    -0.018088600      0.29871118     0.038612836     -0.20591913
     -0.41009977    -0.042514150
calculating initial guess...
Elapsed time:      0.59028506
Minimization...
Elapsed time:       9.6172900
Score R:     0.017586437
R_k    :    0.0020346687     0.013941030     0.044745060    0.0054818724
     0.015161554     0.024154438

in:      0.61315012      0.50000000       1.4769326      0.73846631
      0.15328753      0.75000000
(out-in)/in:     -0.11118111     0.082610651      0.13325426     -0.31693086
    -0.099919317      -1.6557800
calculating initial guess...
Elapsed time:      0.58817601
Minimization...
Elapsed time:       1.3206141
Score R:     0.017492092
R_k    :    0.0021359850     0.014293554     0.044777268    0.0051408630
     0.018943487     0.019661394

in:      0.61315012      0.50000000       1.4769326      0.73846631
      0.30657506      0.75000000
(out-in)/in:    0.0012313803     0.056410564      0.24771433     -0.17086300
     -0.56816381      -1.0523996
calculating initial guess...
Elapsed time:      0.58939385
Minimization...
FRPRMN maximum iterations exceeded
Elapsed time:       29.143773
Score R:     0.037153934
R_k    :     0.052208314     0.061747815     0.075159926    0.0051314194
     0.011948450     0.016727678

in:      0.61315012       1.0000000       1.4769326      0.14769327
     0.061315015      0.25000000
(out-in)/in:    -0.010432466      0.23306936     0.064976186      0.18761185
     -0.45855570      -3.9703558
calculating initial guess...
Elapsed time:      0.58830500
Minimization...
Elapsed time:       8.1703420
Score R:     0.012050505
R_k    :    0.0010907658    0.0084445519     0.033578547    0.0028306590
    0.0076327729     0.018725731

in:      0.61315012       1.0000000       1.4769326      0.14769327
      0.15328753      0.25000000
(out-in)/in:      0.12119767     -0.19470686     0.018097636      0.36842502
     -0.48992170       1.4749192
calculating initial guess...
Elapsed time:      0.59081388
Minimization...
Elapsed time:       6.8251660
Score R:    0.0039259696
R_k    :   0.00017063269    0.0038170421     0.010974169   0.00080427210
    0.0022208854    0.0055688168

in:      0.61315012       1.0000000       1.4769326      0.14769327
      0.30657506      0.25000000
(out-in)/in:      0.27171517     -0.46410515    -0.039146188      0.30387966
      0.87554836       1.4636012
calculating initial guess...
Elapsed time:      0.58908081
Minimization...
FRPRMN maximum iterations exceeded
Elapsed time:       26.577035
Score R:     0.054394189
R_k    :     0.023344384    0.0044756023      0.14436185     0.018686957
     0.043546934     0.091949410

in:      0.61315012       1.0000000       1.4769326      0.36923316
     0.061315015      0.25000000
(out-in)/in:    -0.057847789      0.59376278     0.088292466    -0.033027852
     -0.66721880     -0.20713253
calculating initial guess...
Elapsed time:      0.58931994
Minimization...
Elapsed time:       1.9205418
Score R:     0.011402865
R_k    :   6.0400985e-05    0.0071111959     0.031249220    0.0037078575
    0.0039505475     0.022337966

in:      0.61315012       1.0000000       1.4769326      0.36923316
      0.15328753      0.25000000
(out-in)/in:     0.078244020    -0.097991948    -0.052260381     -0.46382128
     -0.49972667      0.63342474
calculating initial guess...
Elapsed time:      0.58821487
Minimization...
Elapsed time:       4.0303478
Score R:     0.011593144
R_k    :   0.00059082458    0.0086757938     0.031682929    0.0035073392
     0.011048244     0.014053733

in:      0.61315012       1.0000000       1.4769326      0.36923316
      0.30657506      0.25000000
(out-in)/in:     0.024661137     0.092154374    -0.076706182      0.56589926
    -0.075186309       1.6223737
calculating initial guess...
Elapsed time:      0.58613801
Minimization...
Elapsed time:       11.385627
Score R:     0.037243415
R_k    :     0.046904459     0.092324805     0.080008407   0.00081098710
    0.0027241487   0.00068768227

in:      0.61315012       1.0000000       1.4769326      0.73846631
     0.061315015      0.25000000
(out-in)/in:      0.16398599      0.10402525      0.24675480      0.59076865
      0.12476263      -1.1303893
calculating initial guess...
Elapsed time:      0.58784509
Minimization...
Elapsed time:       3.7219470
Score R:     0.013233014
R_k    :   0.00069409173    0.0096936850     0.035621926    0.0046298030
     0.013418798     0.015339782

in:      0.61315012       1.0000000       1.4769326      0.73846631
      0.15328753      0.25000000
(out-in)/in:     0.071587187     -0.25719907     -0.10181587    -0.086725517
      0.62104466       1.6345349
calculating initial guess...
Elapsed time:      0.58638310
Minimization...
Elapsed time:       4.8466489
Score R:     0.052580014
R_k    :    0.0017268543     0.034974446      0.15200783     0.020096246
     0.057739619     0.048935090

in:      0.61315012       1.0000000       1.4769326      0.73846631
      0.30657506      0.25000000
(out-in)/in:    -0.056771695      0.10209188     -0.20548186      0.21168505
      0.15053696       1.8831183
calculating initial guess...
Elapsed time:      0.58909893
Minimization...
Elapsed time:       2.4586811
Score R:     0.033210761
R_k    :    0.0017840615     0.025568092     0.083662170    0.0090748092
     0.015580332     0.063595101

in:      0.61315012       1.0000000       1.4769326      0.14769327
     0.061315015      0.50000000
(out-in)/in:     -0.11480074     0.022436687     0.054294790      0.18501515
       3.7978364      -2.1581423
calculating initial guess...
Elapsed time:      0.58816409
Minimization...
Elapsed time:       3.2885370
Score R:     0.021130135
R_k    :   0.00073050049     0.018051325     0.055759436    0.0048733117
     0.013854362     0.033511873

in:      0.61315012       1.0000000       1.4769326      0.14769327
      0.15328753      0.50000000
(out-in)/in:    -0.014393445     -0.29563921      0.10524394      0.22898393
       2.2725373      -1.9037824
calculating initial guess...
Elapsed time:      0.58898997
Minimization...
Elapsed time:       3.1007040
Score R:     0.015220328
R_k    :   0.00041910624     0.013804604     0.043647965    0.0031189670
    0.0093651166     0.020966207

in:      0.61315012       1.0000000       1.4769326      0.14769327
      0.30657506      0.50000000
(out-in)/in:    -0.014161051     -0.26342728    -0.039579115      0.27379963
       1.0102308      0.31438059
calculating initial guess...
Elapsed time:      0.58815408
Minimization...
FRPRMN maximum iterations exceeded
Elapsed time:       28.523672
Score R:     0.013170312
R_k    :    0.0056387015    0.0075763059     0.020052323    0.0015112158
    0.0071458952     0.037097429

in:      0.61315012       1.0000000       1.4769326      0.36923316
     0.061315015      0.50000000
(out-in)/in:    -0.038692650       1.7130642     -0.14933987     -0.25518128
     -0.62846678      -2.2184960
calculating initial guess...
Elapsed time:      0.58913016
Minimization...
Elapsed time:       5.9792430
Score R:     0.065260699
R_k    :    0.0063020032     0.061582997      0.15650847     0.015629498
     0.053809737     0.097731492

in:      0.61315012       1.0000000       1.4769326      0.36923316
      0.15328753      0.50000000
(out-in)/in:      0.24704502     -0.43379646      0.15510258     0.069968141
       1.0669497      -1.6874567
calculating initial guess...
Elapsed time:      0.58889389
Minimization...
Elapsed time:       6.4792988
Score R:     0.051279796
R_k    :    0.0040532352     0.042647786      0.12493706     0.013175183
     0.028149475     0.094716043

in:      0.61315012       1.0000000       1.4769326      0.36923316
      0.30657506      0.50000000
(out-in)/in:     0.025796282     -0.12001469     0.073104980     -0.35314145
     -0.10112727      -2.1546792
calculating initial guess...
Elapsed time:      0.58764005
Minimization...
Elapsed time:       6.7173209
Score R:    0.0061832790
R_k    :   0.00033147585    0.0046764768     0.016112510    0.0020770429
    0.0055337136    0.0083684547

in:      0.61315012       1.0000000       1.4769326      0.73846631
     0.061315015      0.50000000
(out-in)/in:    -0.036734631     -0.25590316      0.14075969     -0.27154180
       4.2974276      -1.6278034
calculating initial guess...
Elapsed time:      0.58733702
Minimization...
Elapsed time:       8.8347349
Score R:    0.0041383016
R_k    :   0.00016525884    0.0031993658     0.011226709    0.0011954955
    0.0037613490    0.0052816319

in:      0.61315012       1.0000000       1.4769326      0.73846631
      0.15328753      0.50000000
(out-in)/in:    -0.045458449     -0.27848830     -0.10830070     -0.27836943
       1.3587399      0.24868214
calculating initial guess...
Elapsed time:      0.58750296
Minimization...
Elapsed time:       2.9880991
Score R:     0.037979120
R_k    :    0.0010945276     0.031634112      0.11119495     0.010287215
     0.036872314     0.036791607

in:      0.61315012       1.0000000       1.4769326      0.73846631
      0.30657506      0.50000000
(out-in)/in:      0.10190354     -0.40349743     -0.12086141    -0.066311645
       1.0645628      0.43007622
calculating initial guess...
Elapsed time:      0.59281492
Minimization...
FRPRMN maximum iterations exceeded
Elapsed time:       33.249365
Score R:   0.00020756940
R_k    :   5.8649185e-06   0.00014416811   0.00056443797   5.7952716e-05
   0.00011266546   0.00036032722

in:      0.61315012       1.0000000       1.4769326      0.14769327
     0.061315015      0.75000000
(out-in)/in:      0.10616861    -0.097547709     0.020235923     -0.18659307
     -0.48641814     -0.88701047
calculating initial guess...
Elapsed time:      0.58754301
Minimization...
Elapsed time:       7.1780810
Score R:    0.0029364992
R_k    :   0.00018172881    0.0021669737    0.0081008816   0.00066353341
    0.0020231231    0.0044827544

in:      0.61315012       1.0000000       1.4769326      0.14769327
      0.15328753      0.75000000
(out-in)/in:     -0.16762738      0.23666779    0.0090332786      0.32730054
     0.089558892     -0.22403099
calculating initial guess...
Elapsed time:      0.60382795
Minimization...
Elapsed time:       13.415605
Score R:     0.049808977
R_k    :   0.00070265988     0.029912765      0.14854664     0.015030470
     0.039956136     0.064705189

in:      0.61315012       1.0000000       1.4769326      0.14769327
      0.30657506      0.75000000
(out-in)/in:      0.11206368     -0.15015247     0.034346294     -0.84408867
     -0.77991052     -0.18749333
calculating initial guess...
Elapsed time:      0.58934903
Minimization...
Elapsed time:       1.7669001
Score R:     0.016906390
R_k    :    0.0010159077     0.012646200     0.047587461    0.0042173662
     0.011068538     0.024902865

in:      0.61315012       1.0000000       1.4769326      0.36923316
     0.061315015      0.75000000
(out-in)/in:     0.034974984    -0.081828923    -0.053216104     -0.13448907
       2.2658443     -0.13003850
calculating initial guess...
Elapsed time:      0.58933902
Minimization...
Elapsed time:       3.3328290
Score R:     0.025281973
R_k    :   0.00097786851     0.019964976     0.066098497    0.0059575795
     0.023321446     0.035371474

in:      0.61315012       1.0000000       1.4769326      0.36923316
      0.15328753      0.75000000
(out-in)/in:     -0.15185167     0.044946177      0.19129030     0.080829972
       1.3661067      -1.2240402
calculating initial guess...
Elapsed time:      0.58987999
Minimization...
Elapsed time:       5.1775661
Score R:     0.016153076
R_k    :   0.00056285323     0.013722435     0.046249199    0.0033723410
     0.014819605     0.018192024

in:      0.61315012       1.0000000       1.4769326      0.36923316
      0.30657506      0.75000000
(out-in)/in:     0.064900754     -0.16922473    0.0059853121      0.27012244
      0.77078986     -0.11713283
calculating initial guess...
Elapsed time:      0.58780003
Minimization...
Elapsed time:       2.0759690
Score R:     0.064658161
R_k    :    0.0026482331     0.052996552      0.15296861     0.019577628
     0.059343370      0.10041457

in:      0.61315012       1.0000000       1.4769326      0.73846631
     0.061315015      0.75000000
(out-in)/in:    -0.077258101     -0.31132379      0.14355291     -0.35439161
       5.3316597      -1.3677256
calculating initial guess...
Elapsed time:      0.58639407
Minimization...
FRPRMN maximum iterations exceeded
Elapsed time:       29.126167
Score R:     0.071231139
R_k    :     0.053439325     0.057116355      0.10843258     0.037781500
     0.087503762     0.083113315

in:      0.61315012       1.0000000       1.4769326      0.73846631
      0.15328753      0.75000000
(out-in)/in:      0.10561390    -0.028375393      0.19131061     0.023878954
     -0.83020399     -0.93230448
calculating initial guess...
Elapsed time:      0.58879018
Minimization...
Elapsed time:       9.2715828
Score R:     0.047003070
R_k    :    0.0011117851     0.027404342      0.13722926     0.015710312
     0.046613714     0.053949008

in:      0.61315012       1.0000000       1.4769326      0.73846631
      0.30657506      0.75000000
(out-in)/in:    -0.015188268      0.12547139      0.12470050     -0.18225364
     -0.86689891     -0.82588801


Total elapsed time (whole experiment):       921.72182
% Program caused arithmetic error: Floating underflow
% Program caused arithmetic error: Floating overflow
% Program caused arithmetic error: Floating illegal operand
