IDL Version 7.1 (linux x86_64 m64). (c) 2009, ITT Visual Information Solutions
Installation number: .
Licensed for use by: IA-BAS

% Compiled module: WRAPPER.
% Compiled module: EXP_CONTRL_V2.
Minimization of cost_function_cs

Polak-Ribiere method
cp phi2.pro phi.pro
cp gradphi2.pro gradphi.pro

% Compiled module: MAKE_GRID.
Created  Ln-Uniform Grid NTe x NNe = :      50    x      50

% Compiled module: XREAD.
% Compiled module: SET_TOMROOT.
% Compiled module: LOAD_TABLES.
% Compiled module: LOAD_G_TABLE.
% Compiled module: MAKE_SK_OVER_FIP_FACTOR.
% Compiled module: S_FUNCTION.
% Compiled module: G_FUNCTION.
% Compiled module: FINDVAL3D_FUNCTION.
% Compiled module: FINDVAL2D_FUNCTION.
% Compiled module: INTERPOL.
% Compiled module: LOAD_UNITS.
% Compiled module: CHANGE_UNITS_GRID.
% Compiled module: MAKE_GUESS_INI_WITH_DEMT.
calculating initial guess...
% Compiled module: COST_FUNCTION_CS.
% Compiled module: E_FUNCTION_CS.
% Compiled module: P_FUNCTION_CS.
% Compiled module: ARRAY_INDICES.
Elapsed time:     0.015115976
Minimization...
% Compiled module: MINIMIZADOR.
% Compiled module: PR_MIN.
% Compiled module: FRPRMN.
% Compiled module: PHI.
% Compiled module: GRADPHI.
% Compiled module: GRAD_E_FUNCTION_CS.
% Compiled module: GRAD_P_FUNCTION_CS.
% Compiled module: LINMIN.
% Compiled module: MNBRAK.
% Compiled module: F1DIM.
% Compiled module: DBRENT.
% Compiled module: DF1DIM.
Elapsed time:       5.2745240
% Compiled module: SYNTH_Y_VALUES_CS.
% Compiled module: MEAN.
% Compiled module: MOMENT.
Score R:    0.0089534407
R_k    :    0.0088960627    0.0054169344     0.020052989    0.0031308429
    0.0028385874     0.013385228

in:      0.61315012      0.25000000       1.4769326      0.14769327
     0.061315015      0.25000000
(out-in)/in:     -0.21371495      0.55179170    -0.054293997      0.21267347
       1.1032794       2.9806602
calculating initial guess...
Elapsed time:     0.014932156
Minimization...
Elapsed time:       6.7913520
Score R:     0.081167516
R_k    :    0.0095865193     0.033742235      0.26562961     0.021004757
     0.020920419      0.13612156

in:      0.61315012      0.25000000       1.4769326      0.14769327
      0.15328753      0.25000000
(out-in)/in:     -0.13531522      0.47041775     0.014723567     -0.17749164
     -0.62765632      -4.9637456
calculating initial guess...
Elapsed time:     0.014753819
Minimization...
Elapsed time:       10.883880
Score R:     0.019289483
R_k    :   0.00091181509     0.015402853     0.050238430    0.0051388741
    0.0093584269     0.034686499

in:      0.61315012      0.25000000       1.4769326      0.14769327
      0.30657506      0.25000000
(out-in)/in:    -0.015566040    -0.049043974     0.064684353    -0.020032263
      0.25137429      -3.5543239
calculating initial guess...
Elapsed time:     0.014646053
Minimization...
FRPRMN maximum iterations exceeded
Elapsed time:       33.195885
Score R:    0.0029618877
R_k    :    0.0015598909    0.0064323762    0.0074080164   5.9722864e-05
   0.00064109343    0.0016702263

in:      0.61315012      0.25000000       1.4769326      0.36923316
     0.061315015      0.25000000
(out-in)/in:     0.040507689      0.24484722      0.15496981       1.4134484
      0.75243784      -4.9817119
calculating initial guess...
Elapsed time:     0.014803886
Minimization...
Elapsed time:       5.8918641
Score R:     0.028948394
R_k    :    0.0071893894     0.026366899     0.077931451     0.016043000
     0.019336697     0.026822928

in:      0.61315012      0.25000000       1.4769326      0.36923316
      0.15328753      0.25000000
(out-in)/in:    -0.049395079     0.091433454    -0.081958525      0.22553553
     -0.20353648       2.9927577
calculating initial guess...
Elapsed time:     0.014573097
Minimization...
Elapsed time:       3.2721760
Score R:     0.034258039
R_k    :     0.011505476     0.023046291     0.098765690    0.0047282440
     0.022645376     0.044857157

in:      0.61315012      0.25000000       1.4769326      0.36923316
      0.30657506      0.25000000
(out-in)/in:      0.11508962     -0.14413333     -0.22416377      0.52957154
      0.33852691       2.9877761
calculating initial guess...
Elapsed time:     0.014661074
Minimization...
Elapsed time:       9.8034961
Score R:     0.012784422
R_k    :   0.00052974105     0.010168283     0.031377165    0.0059360945
     0.017050183     0.011645067

in:      0.61315012      0.25000000       1.4769326      0.73846631
     0.061315015      0.25000000
(out-in)/in:      0.11015661     -0.19225716      0.22261674      0.43127195
       6.7432458      -1.3636363
calculating initial guess...
Elapsed time:     0.014552832
Minimization...
Elapsed time:       11.032331
Score R:    0.0052557313
R_k    :   0.00026030601    0.0039803015     0.013559365    0.0019415956
    0.0055768174    0.0062160022

in:      0.61315012      0.25000000       1.4769326      0.73846631
      0.15328753      0.25000000
(out-in)/in:    -0.013134518     -0.25704406      0.17869617    -0.058467884
       1.2698737      -1.6890587
calculating initial guess...
Elapsed time:     0.014524937
Minimization...
Elapsed time:       7.9974539
Score R:    0.0032740002
R_k    :    0.0023199700    0.0071366366    0.0069632143   0.00052522002
   0.00019864227    0.0025003177

in:      0.61315012      0.25000000       1.4769326      0.73846631
      0.30657506      0.25000000
(out-in)/in:    0.0093771905      0.68507541     -0.32424348       1.0862645
    -0.031721632       2.9848966
calculating initial guess...
Elapsed time:     0.014823914
Minimization...
Elapsed time:       11.569445
Score R:     0.012558638
R_k    :    0.0046978824    0.0031001984     0.032901566    0.0030534345
    0.0090605380     0.022538206

in:      0.61315012      0.25000000       1.4769326      0.14769327
     0.061315015      0.50000000
(out-in)/in:     -0.16309210     -0.16606592    -0.097887127     0.084578011
       4.0651092      0.99031781
calculating initial guess...
Elapsed time:     0.014837027
Minimization...
Elapsed time:       6.4190290
Score R:     0.027382993
R_k    :    0.0012871964     0.019201264     0.079092729    0.0067893723
     0.014774975     0.043152422

in:      0.61315012      0.25000000       1.4769326      0.14769327
      0.15328753      0.50000000
(out-in)/in:     0.055154755     -0.11309137    -0.026657316      0.16744168
    -0.055473938      0.80648252
calculating initial guess...
Elapsed time:     0.014842987
Minimization...
FRPRMN maximum iterations exceeded
Elapsed time:       33.717722
Score R:     0.035015656
R_k    :     0.024272941     0.062769593     0.098765297   0.00092063597
    0.0079848609     0.015380610

in:      0.61315012      0.25000000       1.4769326      0.14769327
      0.30657506      0.50000000
(out-in)/in:    0.0043966719      0.67949451    -0.074297236      0.17070115
     -0.91073993      0.98188455
calculating initial guess...
Elapsed time:     0.014834881
Minimization...
Elapsed time:       7.1939240
Score R:     0.038228720
R_k    :    0.0033186698     0.030930764     0.094971662     0.010807078
     0.030179777     0.059164367

in:      0.61315012      0.25000000       1.4769326      0.36923316
     0.061315015      0.50000000
(out-in)/in:    -0.020138792    -0.037876386      0.12465711      0.11016250
       2.7678947      -1.9027581
calculating initial guess...
Elapsed time:     0.014793873
Minimization...
Elapsed time:       4.5797069
Score R:     0.019570693
R_k    :   0.00046340343     0.014249650     0.056320499    0.0043345581
     0.015005618     0.027050428

in:      0.61315012      0.25000000       1.4769326      0.36923316
      0.15328753      0.50000000
(out-in)/in:     -0.34021981      0.43628786     -0.20099485      0.16653855
       1.4375438      0.85614672
calculating initial guess...
Elapsed time:     0.014801979
Minimization...
Elapsed time:       6.1717911
Score R:     0.037052965
R_k    :    0.0047463797     0.031838042     0.092776241    0.0093986697
     0.037567842     0.045990615

in:      0.61315012      0.25000000       1.4769326      0.36923316
      0.30657506      0.50000000
(out-in)/in:     0.032502702      0.23953158      0.22580651      0.37180548
     -0.56780318      -1.2345217
calculating initial guess...
Elapsed time:     0.014696121
Minimization...
Elapsed time:       10.969066
Score R:     0.021454199
R_k    :   0.00020087324     0.035341069     0.056021324    0.0057960070
     0.016091572     0.015274347

in:      0.61315012      0.25000000       1.4769326      0.73846631
     0.061315015      0.50000000
(out-in)/in:     0.075916576     -0.31241091     0.043612634     0.076984777
     -0.52068101      -1.0274857
calculating initial guess...
Elapsed time:     0.014679193
Minimization...
Elapsed time:       2.7089231
Score R:     0.047300391
R_k    :    0.0075950432     0.035899604      0.12912662     0.020368165
     0.057446374     0.033366535

in:      0.61315012      0.25000000       1.4769326      0.73846631
      0.15328753      0.50000000
(out-in)/in:    -0.040708510      0.63099775      0.29155626      0.43951039
     -0.56080215     -0.83277851
calculating initial guess...
Elapsed time:     0.014827967
Minimization...
Elapsed time:       4.4707360
Score R:    0.0031754655
R_k    :   5.4510704e-05    0.0025910202    0.0078132186    0.0017417026
    0.0054872463    0.0013650946

in:      0.61315012      0.25000000       1.4769326      0.73846631
      0.30657506      0.50000000
(out-in)/in:    -0.019330436   -0.0068771257     -0.13854735    -0.058546620
     -0.10251610      0.99155540
calculating initial guess...
Elapsed time:     0.014789820
Minimization...
Elapsed time:       3.8834460
Score R:     0.011053294
R_k    :   0.00094934350     0.010210814     0.029850256    0.0038568550
    0.0069083332     0.014544162

in:      0.61315012      0.25000000       1.4769326      0.14769327
     0.061315015      0.75000000
(out-in)/in:     0.011767136     -0.12099808    -0.040786213      0.33248321
       2.6406637      0.32449933
calculating initial guess...
Elapsed time:     0.014895916
Minimization...
Elapsed time:       3.4394240
Score R:     0.021114672
R_k    :   0.00072505280     0.016837575     0.055711905    0.0048894679
     0.015025461     0.033498569

in:      0.61315012      0.25000000       1.4769326      0.14769327
      0.15328753      0.75000000
(out-in)/in:     -0.14271271    -0.069018371      0.10899629      0.22562786
       1.6893564      -1.5400270
calculating initial guess...
Elapsed time:     0.015088081
Minimization...
Elapsed time:       8.1898282
Score R:     0.010932110
R_k    :   0.00031599612    0.0094744769     0.029291439    0.0026971460
    0.0066315706     0.017182032

in:      0.61315012      0.25000000       1.4769326      0.14769327
      0.30657506      0.75000000
(out-in)/in:  -0.00085194338     -0.34520602     0.096077783     -0.44339244
      0.89297423      -2.1884182
calculating initial guess...
Elapsed time:     0.014752150
Minimization...
Elapsed time:       3.7442472
Score R:     0.017601958
R_k    :    0.0093324203     0.015844656     0.046364202    0.0024836850
     0.010815616     0.020771172

in:      0.61315012      0.25000000       1.4769326      0.36923316
     0.061315015      0.75000000
(out-in)/in:    0.0013270089    -0.078292897      0.13945238     -0.15566848
       1.1836927      -2.3226573
calculating initial guess...
Elapsed time:     0.014992952
Minimization...
Elapsed time:       6.5071859
Score R:     0.016488660
R_k    :    0.0018107771     0.013509982     0.043349238    0.0038057739
     0.012513367     0.023942821

in:      0.61315012      0.25000000       1.4769326      0.36923316
      0.15328753      0.75000000
(out-in)/in:    -0.031224721     0.014387150      0.14080597    -0.078600711
      0.13675994      -1.6471964
calculating initial guess...
Elapsed time:     0.014794111
Minimization...
Elapsed time:       3.2327859
Score R:     0.021490436
R_k    :    0.0018644145     0.016582919     0.063271867    0.0072850995
     0.015822290     0.024116028

in:      0.61315012      0.25000000       1.4769326      0.36923316
      0.30657506      0.75000000
(out-in)/in:     -0.14282475      0.26628586     -0.14828797      0.59066797
      0.36007004      0.32436131
calculating initial guess...
Elapsed time:     0.014820099
Minimization...
Elapsed time:       1.5247650
Score R:      0.15689586
R_k    :      0.29327131      0.26499070      0.12380282      0.15425825
     0.045438756     0.059613308

in:      0.61315012      0.25000000       1.4769326      0.73846631
     0.061315015      0.75000000
(out-in)/in:      0.25385142     -0.35393528     0.054162388      0.82979606
     -0.97334615     -0.80955286
calculating initial guess...
Elapsed time:     0.014889956
Minimization...
Elapsed time:       7.8121831
Score R:     0.033721815
R_k    :    0.0015883171     0.027826214     0.085332158    0.0094059628
     0.033797000     0.044381239

in:      0.61315012      0.25000000       1.4769326      0.73846631
      0.15328753      0.75000000
(out-in)/in:   -0.0040289256     -0.30789933      0.20273185     -0.30006907
       1.5180590      -1.1842525
calculating initial guess...
Elapsed time:     0.014735937
Minimization...
Elapsed time:       3.3812129
Score R:     0.014437504
R_k    :    0.0080047460     0.013934474     0.032675939     0.014976824
    0.0097553239    0.0072777185

in:      0.61315012      0.25000000       1.4769326      0.73846631
      0.30657506      0.75000000
(out-in)/in:     0.092333734     -0.20053352     -0.15064279     0.021047139
      0.31672711      0.32921604
calculating initial guess...
Elapsed time:     0.015052080
Minimization...
FRPRMN maximum iterations exceeded
Elapsed time:       32.215264
Score R:     0.053552622
R_k    :      0.11723392     0.081021457    0.0096789254    0.0072921587
     0.012273139     0.093816133

in:      0.61315012      0.50000000       1.4769326      0.14769327
     0.061315015      0.25000000
(out-in)/in:    -0.040557865       1.5430156    -0.081283237     -0.13933799
     -0.62971883      -3.3992341
calculating initial guess...
Elapsed time:     0.014877081
Minimization...
Elapsed time:       2.0941219
Score R:     0.014142767
R_k    :   0.00035928594     0.011362971     0.037798416    0.0033683271
    0.0094329201     0.022534684

in:      0.61315012      0.50000000       1.4769326      0.14769327
      0.15328753      0.25000000
(out-in)/in:     -0.19357790     -0.17426319      0.10055235      0.12717613
       2.1594140      -2.7055979
calculating initial guess...
Elapsed time:     0.014806986
Minimization...
Elapsed time:       4.0874569
Score R:    0.0043608797
R_k    :   0.00018049650    0.0034761012     0.012073786    0.0010250206
    0.0025524730    0.0068574009

in:      0.61315012      0.50000000       1.4769326      0.14769327
      0.30657506      0.25000000
(out-in)/in:    -0.049671563      0.14074359    -0.071449776      0.21053625
      0.11491088       2.8367481
calculating initial guess...
Elapsed time:     0.014806032
Minimization...
FRPRMN maximum iterations exceeded
Elapsed time:       31.779455
Score R:     0.035103141
R_k    :     0.028705878   0.00083717005     0.083766449     0.012461832
     0.022769105     0.062078410

in:      0.61315012      0.50000000       1.4769326      0.36923316
     0.061315015      0.25000000
(out-in)/in:    -0.053546480      0.62807281    -0.017915188     -0.12932784
     -0.61648519     -0.95823046
calculating initial guess...
Elapsed time:     0.014757872
Minimization...
Elapsed time:       2.6029761
Score R:    0.0065745643
R_k    :   0.00041918730    0.0052218222     0.017520548    0.0017688886
    0.0058148895    0.0087020502

in:      0.61315012      0.50000000       1.4769326      0.36923316
      0.15328753      0.25000000
(out-in)/in:     0.019504281    -0.068853638      0.17384479      0.25802088
       1.0410116      -1.9522235
calculating initial guess...
Elapsed time:     0.014831066
Minimization...
Elapsed time:       4.0834990
Score R:    0.0064332179
R_k    :   0.00016426559    0.0059730897     0.017778993    0.0016016227
    0.0055346624    0.0075466740

in:      0.61315012      0.50000000       1.4769326      0.36923316
      0.30657506      0.25000000
(out-in)/in:     0.018310588      0.21455436     -0.15953571      0.59440111
     -0.11074356       2.9911027
calculating initial guess...
Elapsed time:     0.014699936
Minimization...
FRPRMN maximum iterations exceeded
Elapsed time:       28.420064
Score R:    0.0023597846
R_k    :    0.0083217079    0.0010962647    0.0010443907   0.00073903093
    0.0012757881    0.0016815255

in:      0.61315012      0.50000000       1.4769326      0.73846631
     0.061315015      0.25000000
(out-in)/in:    -0.025037314       1.5761594     -0.25655133     -0.10016469
     -0.52586287      -3.5045483
calculating initial guess...
Elapsed time:     0.014775991
Minimization...
Elapsed time:       4.9945319
Score R:     0.020111712
R_k    :   0.00084993912     0.024822947     0.067909136    0.0014547161
    0.0019134369     0.023720096

in:      0.61315012      0.50000000       1.4769326      0.73846631
      0.15328753      0.25000000
(out-in)/in:     0.054876860     -0.24571635      0.10430421     -0.16143289
     -0.42189180      -4.9938191
calculating initial guess...
Elapsed time:     0.014784098
Minimization...
Elapsed time:       21.053635
Score R:     0.024393671
R_k    :   0.00066514518    0.0086755488     0.029014100     0.022888866
     0.041184055     0.043934311

in:      0.61315012      0.50000000       1.4769326      0.73846631
      0.30657506      0.25000000
(out-in)/in:    -0.067720036       28.284343       4.3003285       18.379051
    -0.020191574       2.2505283
calculating initial guess...
Elapsed time:     0.014997005
Minimization...
FRPRMN maximum iterations exceeded
Elapsed time:       33.242528
Score R:     0.079784205
R_k    :     0.044844580      0.12080038      0.17852425    0.0099992127
     0.029966148     0.094570663

in:      0.61315012      0.50000000       1.4769326      0.14769327
     0.061315015      0.50000000
(out-in)/in:      0.11858771      0.23677881     0.017668744     -0.12353230
     -0.56380857     -0.95641513
calculating initial guess...
Elapsed time:     0.014845848
Minimization...
FRPRMN maximum iterations exceeded
Elapsed time:       30.446823
Score R:     0.027901701
R_k    :     0.034635006     0.048031635     0.060788460    0.0022179123
    0.0058950656     0.015842125

in:      0.61315012      0.50000000       1.4769326      0.14769327
      0.15328753      0.50000000
(out-in)/in:      0.12813342      0.74500897     0.030165127     0.093127971
     -0.83327558     -0.99692509
calculating initial guess...
Elapsed time:     0.014839172
Minimization...
Elapsed time:       19.175599
Score R:      0.13923866
R_k    :     0.033098944      0.13274231      0.27027402     0.036541611
     0.059135801      0.30363926

in:      0.61315012      0.50000000       1.4769326      0.14769327
      0.30657506      0.50000000
(out-in)/in:    -0.062293216      0.53814658   -0.0042624797     -0.59701156
     -0.92607968     -0.94554042
calculating initial guess...
Elapsed time:     0.014776945
Minimization...
Elapsed time:       7.8821158
Score R:     0.012374631
R_k    :   0.00015484989    0.0066376578     0.034008806    0.0038822908
     0.010429474     0.019134706

in:      0.61315012      0.50000000       1.4769326      0.36923316
     0.061315015      0.50000000
(out-in)/in:    -0.072636997      0.12722802    0.0050978446     0.098895061
     0.096343646     0.053008710
calculating initial guess...
Elapsed time:     0.014827967
Minimization...
Elapsed time:       4.2005498
Score R:     0.023368184
R_k    :    0.0012129825     0.017134364     0.067248882    0.0053667140
     0.014957677     0.034288481

in:      0.61315012      0.50000000       1.4769326      0.36923316
      0.15328753      0.50000000
(out-in)/in:     0.018466402     -0.11659257    -0.061468771     -0.22419216
      0.23917264      0.88408531
calculating initial guess...
Elapsed time:     0.014793158
Minimization...
Elapsed time:       2.1366861
Score R:     0.025532764
R_k    :    0.0046216505     0.022429497     0.076228110    0.0057931908
     0.021934709     0.022189425

in:      0.61315012      0.50000000       1.4769326      0.36923316
      0.30657506      0.50000000
(out-in)/in:     -0.15762746      0.20505520     -0.17914552      0.36655320
      0.22915176      0.98989320
calculating initial guess...
Elapsed time:     0.014781952
Minimization...
Elapsed time:       5.9804869
Score R:    0.0010645370
R_k    :   8.3105053e-05   0.00078962613    0.0027842925   0.00036209166
   0.00096345535    0.0014046515

in:      0.61315012      0.50000000       1.4769326      0.73846631
     0.061315015      0.50000000
(out-in)/in:    -0.080675853    -0.013909340      0.13572263     -0.24581390
       2.5065874      -1.6923445
calculating initial guess...
Elapsed time:     0.014729023
Minimization...
FRPRMN maximum iterations exceeded
Elapsed time:       35.482436
Score R:     0.048798753
R_k    :     0.012460827     0.024301970     0.082547726     0.044592768
      0.11180467     0.017084559

in:      0.61315012      0.50000000       1.4769326      0.73846631
      0.15328753      0.50000000
(out-in)/in:    -0.075618612      0.79788369      0.20920015       1.0180575
     -0.90809142      -1.2169244
calculating initial guess...
Elapsed time:     0.014680147
Minimization...
Elapsed time:       3.6228120
Score R:     0.057344140
R_k    :    0.0017400631     0.042415431      0.17698632     0.013838940
     0.049124514     0.059959571

in:      0.61315012      0.50000000       1.4769326      0.73846631
      0.30657506      0.50000000
(out-in)/in:      0.16332499     -0.33829993     -0.17337921     -0.14353375
      0.36147271      0.96439232
calculating initial guess...
Elapsed time:     0.015033007
Minimization...
Elapsed time:       6.0833321
Score R:     0.026294139
R_k    :    0.0013096763     0.018611492     0.075662252    0.0067104342
     0.010086645     0.045384334

in:      0.61315012      0.50000000       1.4769326      0.14769327
     0.061315015      0.75000000
(out-in)/in:     -0.11013666     0.076341361    -0.042569864     -0.33900783
       2.9283548      0.27842320
calculating initial guess...
Elapsed time:     0.014953136
Minimization...
Elapsed time:       4.1411412
Score R:     0.054265256
R_k    :   0.00018125890     0.039271435      0.13226585     0.014576484
     0.032520696      0.10677581

in:      0.61315012      0.50000000       1.4769326      0.14769327
      0.15328753      0.75000000
(out-in)/in:      0.11347581    -0.018513805     0.020361480     -0.11347187
     -0.74947895     -0.97514029
calculating initial guess...
Elapsed time:     0.014684916
Minimization...
Elapsed time:       1.5054040
Score R:      0.18390227
R_k    :     0.062253251      0.22958684      0.25342030      0.20700270
      0.29275128     0.058399223

in:      0.61315012      0.50000000       1.4769326      0.14769327
      0.30657506      0.75000000
(out-in)/in:      0.20425633       2.0875908     -0.37492620       34.018903
    -0.082317407      0.33292757
calculating initial guess...
Elapsed time:     0.014852047
Minimization...
FRPRMN maximum iterations exceeded
Elapsed time:       29.226307
Score R:     0.065780225
R_k    :     0.067412803    0.0033769964      0.15476260     0.023558000
     0.069064943     0.076506012

in:      0.61315012      0.50000000       1.4769326      0.36923316
     0.061315015      0.75000000
(out-in)/in:      0.13033847      0.98834846      0.16403490      0.65628894
     -0.55294067     -0.97713891
calculating initial guess...
Elapsed time:     0.014840841
Minimization...
Elapsed time:       5.3344150
Score R:     0.067833085
R_k    :    0.0041846975     0.055405768      0.16315734     0.015400263
     0.057142646      0.11170780

in:      0.61315012      0.50000000       1.4769326      0.36923316
      0.15328753      0.75000000
(out-in)/in:     -0.12395393     0.043677006      0.14579033     -0.12750530
      0.68854738      -1.4227773
calculating initial guess...
Elapsed time:     0.014880896
Minimization...
Elapsed time:       5.7511311
Score R:     0.020001790
R_k    :    0.0013891562     0.015548403     0.057590471    0.0039720846
     0.014664654     0.026845970

in:      0.61315012      0.50000000       1.4769326      0.36923316
      0.30657506      0.75000000
(out-in)/in:     0.028724601    -0.095264982    0.0046371445     -0.35922134
     -0.35299533      0.28813556
calculating initial guess...
Elapsed time:     0.014738083
Minimization...
FRPRMN maximum iterations exceeded
Elapsed time:       33.306062
Score R:    0.0035134771
R_k    :    0.0016249196    0.0085686290    0.0070369385    0.0010492316
   0.00099278163    0.0018083624

in:      0.61315012      0.50000000       1.4769326      0.73846631
     0.061315015      0.75000000
(out-in)/in:     0.025648439       1.2084031     0.059413485       2.0073597
       3.4409739      0.33066501
calculating initial guess...
Elapsed time:     0.014846087
Minimization...
Elapsed time:       12.785486
Score R:     0.017581286
R_k    :    0.0020052491     0.013905192     0.044734202    0.0054868294
     0.015166465     0.024189781

in:      0.61315012      0.50000000       1.4769326      0.73846631
      0.15328753      0.75000000
(out-in)/in:     -0.11115491     0.081639583      0.13600136     -0.31637436
    -0.094062997      -1.6744696
calculating initial guess...
Elapsed time:     0.014698029
Minimization...
Elapsed time:       1.9431932
Score R:     0.017490814
R_k    :    0.0021342434     0.014299669     0.044781411    0.0051349609
     0.018958505     0.019636092

in:      0.61315012      0.50000000       1.4769326      0.73846631
      0.30657506      0.75000000
(out-in)/in:    0.0012331277     0.056378541      0.24319695     -0.17084882
     -0.56771231      -1.0167947
calculating initial guess...
Elapsed time:     0.014848948
Minimization...
Elapsed time:       4.7795000
Score R:     0.033430683
R_k    :    0.0075086171     0.046875253     0.082308301    0.0067737583
     0.014203614     0.042914555

in:      0.61315012       1.0000000       1.4769326      0.14769327
     0.061315015      0.25000000
(out-in)/in:     0.036237461    -0.094243461     0.049927151      0.28974701
       1.3429317      -4.9733593
calculating initial guess...
Elapsed time:     0.014856100
Minimization...
Elapsed time:       10.945430
Score R:     0.010997827
R_k    :   0.00032721200   8.4512082e-05     0.028945671    0.0047796770
     0.010447297     0.021402596

in:      0.61315012       1.0000000       1.4769326      0.14769327
      0.15328753      0.25000000
(out-in)/in:      0.12034250     -0.20441642   0.00010174029      0.36402811
     -0.43499488       2.9682940
calculating initial guess...
Elapsed time:     0.014819145
Minimization...
Elapsed time:       5.3820820
Score R:    0.0031225062
R_k    :   0.00014182889    0.0030626800    0.0087299902   0.00062145648
    0.0017111960    0.0044678857

in:      0.61315012       1.0000000       1.4769326      0.14769327
      0.30657506      0.25000000
(out-in)/in:      0.27167855     -0.40822084    -0.090020472      0.46610569
      0.59278750       2.9101283
calculating initial guess...
Elapsed time:     0.014755011
Minimization...
Elapsed time:       14.600198
Score R:     0.055509823
R_k    :     0.030383872    0.0044020897      0.14444287     0.018713117
     0.043611704     0.091505285

in:      0.61315012       1.0000000       1.4769326      0.36923316
     0.061315015      0.25000000
(out-in)/in:    -0.064638586      0.20984869     0.042290169    -0.048475934
     -0.64706410     -0.70845097
calculating initial guess...
Elapsed time:     0.014911890
Minimization...
Elapsed time:       5.4252329
Score R:     0.011408429
R_k    :   8.5326362e-05    0.0071454785     0.031258807    0.0037022360
    0.0039429859     0.022315742

in:      0.61315012       1.0000000       1.4769326      0.36923316
      0.15328753      0.25000000
(out-in)/in:     0.078270894    -0.098097753    -0.052206967     -0.46381316
     -0.49914597      0.62405027
calculating initial guess...
Elapsed time:     0.014834881
Minimization...
Elapsed time:       2.4873800
Score R:     0.011560790
R_k    :    0.0052469200    0.0098493027     0.028955632    0.0042526777
    0.0094316843     0.011628522

in:      0.61315012       1.0000000       1.4769326      0.36923316
      0.30657506      0.25000000
(out-in)/in:     0.018682959      0.17037148     -0.14934408      0.66400239
     -0.22321175       2.9784780
calculating initial guess...
Elapsed time:     0.014801025
Minimization...
Elapsed time:       10.374825
Score R:     0.037238100
R_k    :     0.046985054     0.092360786     0.079908746   0.00085509978
    0.0030801172   0.00023879768

in:      0.61315012       1.0000000       1.4769326      0.73846631
     0.061315015      0.25000000
(out-in)/in:      0.16388756      0.10864463      0.24759383      0.59784720
      0.12426883      -1.0963163
calculating initial guess...
Elapsed time:     0.014696836
Minimization...
Elapsed time:       5.3721170
Score R:     0.010546210
R_k    :    0.0018290463     0.011587623     0.035222183    0.0026069504
     0.010106356    0.0019251011

in:      0.61315012       1.0000000       1.4769326      0.73846631
      0.15328753      0.25000000
(out-in)/in:     0.068885300     -0.21847339     -0.16149769    -0.047385918
      0.32356922       2.9877008
calculating initial guess...
Elapsed time:     0.014810085
Minimization...
Elapsed time:       2.2425179
Score R:     0.056604140
R_k    :     0.019862708     0.058974400      0.14237494     0.025608848
     0.054438859     0.038365085

in:      0.61315012       1.0000000       1.4769326      0.73846631
      0.30657506      0.25000000
(out-in)/in:    -0.077100476      0.22872920     -0.31722418      0.28620741
    -0.021547856       2.9907231
calculating initial guess...
Elapsed time:     0.014801979
Minimization...
Elapsed time:       10.683892
Score R:     0.033193308
R_k    :    0.0017490256     0.025478857     0.083631952    0.0090762525
     0.015551997     0.063671766

in:      0.61315012       1.0000000       1.4769326      0.14769327
     0.061315015      0.50000000
(out-in)/in:     -0.11476967     0.019419953     0.056365197      0.18846842
       3.8288519      -2.1919643
calculating initial guess...
Elapsed time:     0.014814854
Minimization...
Elapsed time:       6.5710511
Score R:     0.021132869
R_k    :   0.00073943182     0.018050578     0.055762562    0.0048743419
     0.013861920     0.033508380

in:      0.61315012       1.0000000       1.4769326      0.14769327
      0.15328753      0.50000000
(out-in)/in:    -0.014402254     -0.29410961      0.10326424      0.22616717
       2.2630627      -1.8759496
calculating initial guess...
Elapsed time:     0.014904022
Minimization...
Elapsed time:       4.8827052
Score R:     0.012712770
R_k    :    0.0020530542     0.015865512     0.038127624    0.0021446536
   0.00016915461     0.017916624

in:      0.61315012       1.0000000       1.4769326      0.14769327
      0.30657506      0.50000000
(out-in)/in:    -0.012550916     -0.15546311     -0.11062041      0.55899344
      0.73890912      0.98884242
calculating initial guess...
Elapsed time:     0.014994144
Minimization...
FRPRMN maximum iterations exceeded
Elapsed time:       30.946854
Score R:     0.026609999
R_k    :     0.027079449     0.024497015     0.036029517    0.0083217868
     0.016846810     0.046885414

in:      0.61315012       1.0000000       1.4769326      0.36923316
     0.061315015      0.50000000
(out-in)/in:    -0.059420676      0.43605345     0.018733516     -0.21431930
     -0.64280903     -0.88055511
calculating initial guess...
Elapsed time:     0.014818192
Minimization...
Elapsed time:       9.2640440
Score R:     0.065268565
R_k    :    0.0063246784     0.061573016      0.15651822     0.015640477
     0.053867155     0.097687844

in:      0.61315012       1.0000000       1.4769326      0.36923316
      0.15328753      0.50000000
(out-in)/in:      0.24701657     -0.43344735      0.15371746     0.069619046
       1.0633588      -1.6732789
calculating initial guess...
Elapsed time:     0.014862061
Minimization...
Elapsed time:       5.2186561
Score R:     0.051280090
R_k    :    0.0040716832     0.042575288      0.12492505     0.013196942
     0.028153747     0.094757824

in:      0.61315012       1.0000000       1.4769326      0.36923316
      0.30657506      0.50000000
(out-in)/in:     0.025777281     -0.12087167     0.074096854     -0.35251670
    -0.098400084      -2.1680840
calculating initial guess...
Elapsed time:     0.014830112
Minimization...
Elapsed time:       6.5006480
Score R:    0.0061825295
R_k    :   0.00033440309    0.0046688868     0.016111900    0.0020770985
    0.0055290492    0.0083738396

in:      0.61315012       1.0000000       1.4769326      0.73846631
     0.061315015      0.50000000
(out-in)/in:    -0.036737451     -0.25451585      0.13530086     -0.27261866
       4.2755693      -1.5946082
calculating initial guess...
Elapsed time:     0.014873981
Minimization...
Elapsed time:       6.0598640
Score R:    0.0030048833
R_k    :   9.2725515e-05    0.0022470893    0.0081677475   0.00084811640
    0.0027051222    0.0039684989

in:      0.61315012       1.0000000       1.4769326      0.73846631
      0.15328753      0.50000000
(out-in)/in:    -0.045527674     -0.21245948     -0.20320074     -0.22043215
      0.95488943      0.95828983
calculating initial guess...
Elapsed time:     0.014900923
Minimization...
Elapsed time:       5.7951100
Score R:     0.037684810
R_k    :    0.0034299262     0.037658171      0.10177402     0.013907415
     0.034917700     0.034421634

in:      0.61315012       1.0000000       1.4769326      0.73846631
      0.30657506      0.50000000
(out-in)/in:      0.10447411     -0.34014235     -0.28318032     0.085734958
      0.88934947      0.99441049
calculating initial guess...
Elapsed time:     0.014960051
Minimization...
Elapsed time:       23.002283
Score R:   0.00020855598
R_k    :   9.2599631e-06   0.00014050182   0.00056336322   5.7147177e-05
   0.00011389802   0.00036716570

in:      0.61315012       1.0000000       1.4769326      0.14769327
     0.061315015      0.75000000
(out-in)/in:      0.10615188    -0.097625815     0.019304593     -0.18722549
     -0.48533022     -0.90698828
calculating initial guess...
Elapsed time:     0.014969110
Minimization...
Elapsed time:       9.4352212
Score R:    0.0024878812
R_k    :   0.00053652530    0.0032235506    0.0069657198   0.00026489844
   0.00074418011    0.0031924129

in:      0.61315012       1.0000000       1.4769326      0.14769327
      0.15328753      0.75000000
(out-in)/in:     -0.16733211      0.27707692    -0.011687720      0.35151564
     -0.14676798      0.31166700
calculating initial guess...
Elapsed time:     0.015169859
Minimization...
Elapsed time:       12.732823
Score R:     0.050362945
R_k    :    0.0030809997     0.033626349      0.14920958     0.014938487
     0.038646336     0.062675920

in:      0.61315012       1.0000000       1.4769326      0.14769327
      0.30657506      0.75000000
(out-in)/in:      0.11470669    -0.072111733     0.032366372     -0.86147809
     -0.74157953     -0.64122335
calculating initial guess...
Elapsed time:     0.014929056
Minimization...
Elapsed time:       4.0599871
Score R:     0.016173826
R_k    :   0.00061079075     0.015236342     0.046050837    0.0036424735
    0.0089384746     0.022564038

in:      0.61315012       1.0000000       1.4769326      0.36923316
     0.061315015      0.75000000
(out-in)/in:     0.034556124    -0.049707746    -0.074013171     -0.11730171
       1.5587791      0.32041386
calculating initial guess...
Elapsed time:     0.014858007
Minimization...
Elapsed time:       4.5252151
Score R:     0.025283056
R_k    :   0.00098542531     0.019933278     0.066102328    0.0059674337
     0.023339290     0.035370581

in:      0.61315012       1.0000000       1.4769326      0.36923316
      0.15328753      0.75000000
(out-in)/in:     -0.15185809     0.045461834      0.18937378     0.080460095
       1.3642994      -1.2143608
calculating initial guess...
Elapsed time:     0.014779091
Minimization...
Elapsed time:       4.3640981
Score R:     0.015418503
R_k    :    0.0046149755    0.0096250632     0.045306041    0.0025034511
     0.018813066     0.011648423

in:      0.61315012       1.0000000       1.4769326      0.36923316
      0.30657506      0.75000000
(out-in)/in:     0.069213434    -0.090416681     -0.12566083      0.48644852
      0.58919767      0.32469598
calculating initial guess...
Elapsed time:     0.014800072
Minimization...
Elapsed time:       3.6175821
Score R:     0.064656768
R_k    :    0.0026550674     0.052974220      0.15296769     0.019581714
     0.059322009      0.10043990

in:      0.61315012       1.0000000       1.4769326      0.73846631
     0.061315015      0.75000000
(out-in)/in:    -0.077264424     -0.31165711      0.14483130     -0.35420810
       5.3364451      -1.3731121
calculating initial guess...
Elapsed time:     0.014747858
Minimization...
FRPRMN maximum iterations exceeded
Elapsed time:       33.861033
Score R:     0.070219466
R_k    :     0.052039143     0.059965850      0.11111592     0.029825060
     0.083987903     0.084382923

in:      0.61315012       1.0000000       1.4769326      0.73846631
      0.15328753      0.75000000
(out-in)/in:      0.10724936     0.026796146      0.16928061     0.049057320
     -0.82924536      -1.0020012
calculating initial guess...
Elapsed time:     0.014816999
Minimization...
Elapsed time:       15.563241
Score R:     0.024800759
R_k    :    0.0044049328     0.066191582     0.076185752   8.6864522e-05
   0.00095312206   0.00098230047

in:      0.61315012       1.0000000       1.4769326      0.73846631
      0.30657506      0.75000000
(out-in)/in:    -0.020615163      0.34713999     -0.20208072     -0.50384671
     -0.89845403      0.22609746


Total elapsed time (whole experiment):       859.00703
% Program caused arithmetic error: Floating underflow
% Program caused arithmetic error: Floating overflow
% Program caused arithmetic error: Floating illegal operand
