IDL Version 7.1 (linux x86_64 m64). (c) 2009, ITT Visual Information Solutions
Installation number: .
Licensed for use by: IA-BAS

% Compiled module: WRAPPER.
% Compiled module: EXP_CONTRL_V2.
Minimization of cost_function_cs

Polak-Ribiere method
cp phi2.pro phi.pro
cp gradphi2.pro gradphi.pro

% Compiled module: MAKE_GRID.
Created  Ln-Uniform Grid NTe x NNe = :      50    x      50

% Compiled module: XREAD.
% Compiled module: SET_TOMROOT.
% Compiled module: LOAD_TABLES.
% Compiled module: LOAD_G_TABLE.
% Compiled module: MAKE_SK_OVER_FIP_FACTOR.
% Compiled module: S_FUNCTION.
% Compiled module: G_FUNCTION.
% Compiled module: FINDVAL3D_FUNCTION.
% Compiled module: FINDVAL2D_FUNCTION.
% Compiled module: INTERPOL.
% Compiled module: LOAD_UNITS.
% Compiled module: CHANGE_UNITS_GRID.
% Compiled module: MAKE_GUESS_INI_WITH_DEMT.
calculating initial guess...
% Compiled module: COST_FUNCTION_CS.
% Compiled module: E_FUNCTION_CS.
% Compiled module: P_FUNCTION_CS.
% Compiled module: ARRAY_INDICES.
Elapsed time:     0.015597820
Minimization...
% Compiled module: MINIMIZADOR.
% Compiled module: PR_MIN.
% Compiled module: FRPRMN.
% Compiled module: PHI.
% Compiled module: GRADPHI.
% Compiled module: GRAD_E_FUNCTION_CS.
% Compiled module: GRAD_P_FUNCTION_CS.
% Compiled module: LINMIN.
% Compiled module: MNBRAK.
% Compiled module: F1DIM.
% Compiled module: DBRENT.
% Compiled module: DF1DIM.
Elapsed time:       7.7556121
% Compiled module: SYNTH_Y_VALUES_CS.
% Compiled module: MEAN.
% Compiled module: MOMENT.
Score R:   2.0442923e-08
R_k    :   3.7572933e-09   1.8602244e-08   5.4569969e-08   4.8681955e-09
   9.1089115e-09   3.1750924e-08

in:      0.61315012      0.25000000       1.4769326      0.14769327
     0.061315015      0.25000000
(out-in)/in:  -3.7572933e-09  -2.0363232e-06  -4.1481421e-07   6.3067934e-07
  -4.9629791e-05   8.4603485e-05
calculating initial guess...
Elapsed time:     0.015233040
Minimization...
Elapsed time:       5.2261341
Score R:   8.7502294e-10
R_k    :   2.6783684e-10   8.9223673e-10   2.2904761e-09   2.1682214e-10
   4.0977616e-10   1.1729896e-09

in:      0.61315012      0.25000000       1.4769326      0.14769327
      0.15328753      0.25000000
(out-in)/in:   2.6783684e-10   7.6382753e-07  -3.9649293e-07   9.3672993e-08
  -6.3238909e-06   3.8234838e-05
calculating initial guess...
Elapsed time:     0.015403986
Minimization...
Elapsed time:       6.6326120
Score R:   8.1647438e-09
R_k    :   5.8461420e-10   6.4202721e-09   2.2122393e-08   2.0712659e-09
   4.5043813e-09   1.3285536e-08

in:      0.61315012      0.25000000       1.4769326      0.14769327
      0.30657506      0.25000000
(out-in)/in:  -5.8461420e-10   8.3904686e-07  -4.9107419e-07   3.7660556e-07
  -2.2160516e-06   2.5251874e-05
calculating initial guess...
Elapsed time:     0.015102148
Minimization...
FRPRMN maximum iterations exceeded
Elapsed time:       23.712601
Score R:   6.7457469e-06
R_k    :   8.6428912e-07   5.3790510e-06   1.7787014e-05   2.2207304e-06
   4.5862245e-06   9.6371718e-06

in:      0.61315012      0.25000000       1.4769326      0.36923316
     0.061315015      0.25000000
(out-in)/in:   8.6428912e-07   0.00048534399   0.00024497075  -0.00017657375
     0.012241557    -0.019413107
calculating initial guess...
Elapsed time:     0.015129089
Minimization...
Elapsed time:       16.911176
Score R:   1.9131967e-09
R_k    :   1.1005030e-10   1.4187363e-09   5.1868803e-09   4.8702808e-10
   1.4334220e-09   2.8430633e-09

in:      0.61315012      0.25000000       1.4769326      0.36923316
      0.15328753      0.25000000
(out-in)/in:  -1.1005030e-10   7.3818116e-07  -8.5690442e-07   8.6699384e-08
  -6.4537930e-06   3.4351252e-05
calculating initial guess...
Elapsed time:     0.015107870
Minimization...
Elapsed time:       17.587704
Score R:   2.5566730e-09
R_k    :   1.1986857e-10   2.1979615e-09   6.9178995e-09   6.3703872e-10
   1.9329586e-09   3.5343110e-09

in:      0.61315012      0.25000000       1.4769326      0.36923316
      0.30657506      0.25000000
(out-in)/in:   1.1986857e-10  -2.8207118e-07   3.5054048e-07  -1.8822348e-07
   6.6563471e-07  -7.4073777e-06
calculating initial guess...
Elapsed time:     0.015071869
Minimization...
FRPRMN maximum iterations exceeded
Elapsed time:       23.809783
Score R:   2.9975905e-05
R_k    :   4.1958349e-06   2.5349338e-05   7.5215517e-05   1.2901390e-05
   3.2721380e-05   2.9471971e-05

in:      0.61315012      0.25000000       1.4769326      0.73846631
     0.061315015      0.25000000
(out-in)/in:   4.1958349e-06    0.0019853951    0.0031198914   -0.0013090971
     0.070601480     -0.13093990
calculating initial guess...
Elapsed time:     0.015285969
Minimization...
Elapsed time:       8.1112230
Score R:   6.2875545e-09
R_k    :   4.3131998e-10   4.5455358e-09   1.6132728e-08   2.5354274e-09
   6.6723068e-09   7.4080094e-09

in:      0.61315012      0.25000000       1.4769326      0.73846631
      0.15328753      0.25000000
(out-in)/in:  -4.3131998e-10   3.3098079e-07  -7.5848219e-07   1.2630647e-07
  -2.6499155e-06   1.4874519e-05
calculating initial guess...
Elapsed time:     0.015084982
Minimization...
FRPRMN maximum iterations exceeded
Elapsed time:       20.248461
Score R:   1.6428495e-08
R_k    :   1.2452514e-09   1.2156609e-08   4.1491113e-08   7.0993761e-09
   2.0249901e-08   1.6328720e-08

in:      0.61315012      0.25000000       1.4769326      0.73846631
      0.30657506      0.25000000
(out-in)/in:   1.2452514e-09  -2.4820021e-07   1.0450914e-06  -1.0543837e-07
   7.0206098e-07  -1.0718363e-05
calculating initial guess...
Elapsed time:     0.015197992
Minimization...
Elapsed time:       18.967703
Score R:   5.0380742e-09
R_k    :   1.4076093e-09   5.6371207e-09   1.3443480e-08   9.6578449e-10
   1.9727624e-09   6.8016883e-09

in:      0.61315012      0.25000000       1.4769326      0.14769327
     0.061315015      0.50000000
(out-in)/in:  -1.4076093e-09  -6.0907520e-07  -1.7609128e-07   5.1340690e-07
  -1.2956727e-05   1.7407583e-05
calculating initial guess...
Elapsed time:     0.015187979
Minimization...
Elapsed time:       7.0626519
Score R:   7.7384412e-09
R_k    :   6.1467323e-10   5.9859849e-09   2.1020596e-08   1.8831481e-09
   4.3212307e-09   1.2605015e-08

in:      0.61315012      0.25000000       1.4769326      0.14769327
      0.15328753      0.50000000
(out-in)/in:   6.1467323e-10  -1.3767751e-06   7.1187571e-07  -6.6477240e-07
   1.1753188e-05  -3.9548091e-05
calculating initial guess...
Elapsed time:     0.015326977
Minimization...
Elapsed time:       17.457340
Score R:   3.8827168e-09
R_k    :   3.6917466e-10   3.2746550e-09   1.0536285e-08   8.8613805e-10
   2.3909223e-09   5.8391257e-09

in:      0.61315012      0.25000000       1.4769326      0.14769327
      0.30657506      0.50000000
(out-in)/in:  -3.6917466e-10   3.0767567e-07  -1.4643839e-07   2.9253888e-07
  -8.1836421e-07   3.8269383e-06
calculating initial guess...
Elapsed time:     0.015055180
Minimization...
FRPRMN maximum iterations exceeded
Elapsed time:       24.018241
Score R:   2.4010412e-06
R_k    :   8.0408680e-07   3.1031254e-06   6.2867405e-06   4.6723266e-07
   1.4200950e-06   2.3249668e-06

in:      0.61315012      0.25000000       1.4769326      0.36923316
     0.061315015      0.50000000
(out-in)/in:  -8.0408680e-07  -2.6748136e-05  -3.4879209e-05   2.6159869e-05
  -0.00044289385    0.0010200056
calculating initial guess...
Elapsed time:     0.015170097
Minimization...
FRPRMN maximum iterations exceeded
Elapsed time:       20.427584
Score R:   8.3248894e-08
R_k    :   4.6673762e-08   1.6383517e-07   5.6331436e-08   3.8070039e-08
   1.3891517e-07   5.5667787e-08

in:      0.61315012      0.25000000       1.4769326      0.36923316
      0.15328753      0.50000000
(out-in)/in:  -4.6673762e-08  -9.6659759e-07   7.0227214e-07  -5.1957782e-07
   9.2064293e-06  -1.9947374e-05
calculating initial guess...
Elapsed time:     0.015099049
Minimization...
FRPRMN maximum iterations exceeded
Elapsed time:       20.100157
Score R:   3.3826459e-08
R_k    :   5.7532696e-08   7.8224882e-09   5.2854008e-08   5.7472196e-09
   7.4850106e-09   7.1517329e-08

in:      0.61315012      0.25000000       1.4769326      0.36923316
      0.30657506      0.50000000
(out-in)/in:   5.7532696e-08  -1.7048822e-06   2.0313300e-06  -1.3381123e-06
   4.1587392e-06  -2.1504286e-05
calculating initial guess...
Elapsed time:     0.015034914
Minimization...
FRPRMN maximum iterations exceeded
Elapsed time:       27.804139
Score R:   0.00012974516
R_k    :   2.5075781e-05   5.7050671e-05   0.00032682753   4.9921005e-05
   0.00014238658   0.00017720942

in:      0.61315012      0.25000000       1.4769326      0.73846631
     0.061315015      0.50000000
(out-in)/in:  -2.5075781e-05     0.071947328     0.051723493    -0.016206644
     -0.42617556     -0.96212387
calculating initial guess...
Elapsed time:     0.015008926
Minimization...
Elapsed time:       19.218859
Score R:   3.3373959e-10
R_k    :   7.8839309e-11   1.0941857e-10   7.6299011e-10   1.1053376e-10
   4.9113355e-10   4.4952225e-10

in:      0.61315012      0.25000000       1.4769326      0.73846631
      0.15328753      0.50000000
(out-in)/in:   7.8839309e-11  -5.1756821e-07   1.3746895e-06  -4.1699201e-07
   4.1381547e-06  -1.5384557e-05
calculating initial guess...
Elapsed time:     0.015109062
Minimization...
Elapsed time:       10.307547
Score R:   9.7396794e-10
R_k    :   2.0785240e-11   8.4125701e-10   2.4409419e-09   4.1020110e-10
   1.2116930e-09   9.1892940e-10

in:      0.61315012      0.25000000       1.4769326      0.73846631
      0.30657506      0.50000000
(out-in)/in:  -2.0785240e-11   3.7383709e-07  -1.3759199e-06   5.2332992e-07
  -8.9897974e-07   7.1503746e-06
calculating initial guess...
Elapsed time:     0.015290976
Minimization...
Elapsed time:       21.116115
Score R:   1.2443067e-09
R_k    :   6.9431359e-10   1.9204894e-09   3.2150772e-09   1.4450004e-10
   3.5376131e-10   1.1376983e-09

in:      0.61315012      0.25000000       1.4769326      0.14769327
     0.061315015      0.75000000
(out-in)/in:   6.9431359e-10   1.0765659e-07   1.0243752e-08  -1.3650261e-07
   1.6506338e-06  -7.1677225e-07
calculating initial guess...
Elapsed time:     0.015196085
Minimization...
FRPRMN maximum iterations exceeded
Elapsed time:       21.499882
Score R:   2.8223206e-05
R_k    :   8.9759502e-06   4.3348743e-05   7.8441998e-05   4.9876891e-06
   2.2273407e-06   3.1357512e-05

in:      0.61315012      0.25000000       1.4769326      0.14769327
      0.15328753      0.75000000
(out-in)/in:   8.9759502e-06   -0.0020543049    0.0010753303   -0.0018560686
     0.017137369    -0.043015007
calculating initial guess...
Elapsed time:     0.015287876
Minimization...
Elapsed time:       6.4994559
Score R:   3.1174699e-09
R_k    :   6.9207178e-11   2.3281430e-09   8.6145481e-09   7.3221446e-10
   2.2343389e-09   4.7263678e-09

in:      0.61315012      0.25000000       1.4769326      0.14769327
      0.30657506      0.75000000
(out-in)/in:  -6.9207178e-11   1.4069883e-06  -7.7575558e-07   2.1556183e-06
  -3.5700484e-06   1.3094141e-05
calculating initial guess...
Elapsed time:     0.015094995
Minimization...
FRPRMN maximum iterations exceeded
Elapsed time:       25.462027
Score R:   1.8511876e-06
R_k    :   2.0556729e-06   3.7476190e-06   8.4015276e-07   9.2334976e-07
   1.7889254e-06   1.7514054e-06

in:      0.61315012      0.25000000       1.4769326      0.36923316
     0.061315015      0.75000000
(out-in)/in:   2.0556729e-06     0.014954399    -0.022665342    -0.051170966
     -0.34867862     -0.27537732
calculating initial guess...
Elapsed time:     0.015206099
Minimization...
FRPRMN maximum iterations exceeded
Elapsed time:       21.420128
Score R:   8.9364093e-09
R_k    :   9.4726839e-10   8.7289676e-09   2.3518003e-08   2.6204551e-09
   7.2742672e-09   1.0529495e-08

in:      0.61315012      0.25000000       1.4769326      0.36923316
      0.15328753      0.75000000
(out-in)/in:  -9.4726839e-10  -3.6191224e-07   3.9138950e-07  -3.4432361e-07
   2.8048972e-06  -6.7716730e-06
calculating initial guess...
Elapsed time:     0.015168905
Minimization...
FRPRMN maximum iterations exceeded
Elapsed time:       20.283569
Score R:   7.6559131e-07
R_k    :   1.1155903e-08   7.6144632e-07   1.6345109e-06   4.1538111e-07
   8.8139474e-07   8.8965885e-07

in:      0.61315012      0.25000000       1.4769326      0.36923316
      0.30657506      0.75000000
(out-in)/in:   1.1155903e-08  -7.5324260e-05   7.7655550e-05  -0.00010055737
   0.00017223755  -0.00056125312
calculating initial guess...
Elapsed time:     0.015118122
Minimization...
FRPRMN maximum iterations exceeded
Elapsed time:       29.886451
Score R:    0.0025246205
R_k    :   5.0592360e-05    0.0014770936    0.0065723031    0.0010079630
    0.0029097357    0.0031300350

in:      0.61315012      0.25000000       1.4769326      0.73846631
     0.061315015      0.75000000
(out-in)/in:  -5.0592360e-05     0.086388199      0.11920116    -0.023382236
     -0.41860956     -0.95991088
calculating initial guess...
Elapsed time:     0.015131950
Minimization...
FRPRMN maximum iterations exceeded
Elapsed time:       22.952999
Score R:   7.0072375e-05
R_k    :   1.7115551e-05   4.4931447e-05   0.00017364225   2.4418752e-05
   1.9054714e-05   0.00014127154

in:      0.61315012      0.25000000       1.4769326      0.73846631
      0.15328753      0.75000000
(out-in)/in:  -1.7115551e-05   -0.0027980250    0.0087849138   -0.0029096943
     0.024718724    -0.069436510
calculating initial guess...
Elapsed time:     0.014965057
Minimization...
FRPRMN maximum iterations exceeded
Elapsed time:       22.004059
Score R:   1.3662652e-05
R_k    :   3.2190275e-06   2.5025800e-05   1.8095396e-05   2.1121886e-06
   1.6733030e-05   1.6790468e-05

in:      0.61315012      0.25000000       1.4769326      0.73846631
      0.30657506      0.75000000
(out-in)/in:   3.2190275e-06  -0.00022355300   0.00093704697  -0.00050486736
   0.00053708422   -0.0032137279
calculating initial guess...
Elapsed time:     0.015285015
Minimization...
Elapsed time:       9.9549870
Score R:   3.2785942e-05
R_k    :   1.9539964e-07   2.0309185e-05   8.8927552e-05   9.3238217e-06
   1.7085665e-05   6.0874027e-05

in:      0.61315012      0.50000000       1.4769326      0.14769327
     0.061315015      0.25000000
(out-in)/in:   1.9539964e-07    0.0058527650    0.0034900636   -0.0026045738
     -0.31604616     -0.82909519
calculating initial guess...
Elapsed time:     0.015300989
Minimization...
Elapsed time:       17.388017
Score R:   5.6515696e-09
R_k    :   6.3619035e-10   4.5222819e-09   1.5253398e-08   1.4174207e-09
   2.8039622e-09   9.2761644e-09

in:      0.61315012      0.50000000       1.4769326      0.14769327
      0.15328753      0.25000000
(out-in)/in:   6.3619035e-10   4.2517628e-07  -2.2094225e-07   3.4275826e-09
  -3.4220390e-06   2.0940780e-05
calculating initial guess...
Elapsed time:     0.015232086
Minimization...
Elapsed time:       4.8281889
Score R:   8.1148566e-09
R_k    :   4.7718034e-10   6.6733218e-09   2.2115337e-08   1.9292693e-09
   4.3895541e-09   1.3104478e-08

in:      0.61315012      0.50000000       1.4769326      0.14769327
      0.30657506      0.25000000
(out-in)/in:   4.7718034e-10  -6.9811296e-07   3.8429361e-07  -3.1829427e-07
   1.7339032e-06  -1.9934617e-05
calculating initial guess...
Elapsed time:     0.015076876
Minimization...
FRPRMN maximum iterations exceeded
Elapsed time:       23.640611
Score R:   2.0412036e-07
R_k    :   3.7827572e-07   2.7531991e-07   3.1716933e-07   1.6035781e-07
   4.2749442e-08   5.0849927e-08

in:      0.61315012      0.50000000       1.4769326      0.36923316
     0.061315015      0.25000000
(out-in)/in:  -3.7827572e-07  -7.9876565e-06  -5.0873137e-06   3.5397215e-06
  -0.00021342432   0.00038735326
calculating initial guess...
Elapsed time:     0.015133142
Minimization...
Elapsed time:       18.738412
Score R:   1.8917794e-10
R_k    :   6.9608607e-11   2.5521374e-10   4.6853025e-10   7.6754571e-11
   2.5988856e-11   2.3897161e-10

in:      0.61315012      0.50000000       1.4769326      0.36923316
      0.15328753      0.25000000
(out-in)/in:   6.9608607e-11   6.0256766e-07  -7.1138258e-07   5.4764355e-08
  -5.2889836e-06   2.8418541e-05
calculating initial guess...
Elapsed time:     0.015133142
Minimization...
Elapsed time:       7.8815012
Score R:   5.1418069e-09
R_k    :   2.9915720e-10   4.0251479e-09   1.3955348e-08   1.3060256e-09
   3.8659920e-09   7.3991708e-09

in:      0.61315012      0.50000000       1.4769326      0.36923316
      0.30657506      0.25000000
(out-in)/in:   2.9915720e-10  -4.9214982e-07   6.0524191e-07  -2.7173784e-07
   1.2057883e-06  -1.2741665e-05
calculating initial guess...
Elapsed time:     0.015046120
Minimization...
FRPRMN maximum iterations exceeded
Elapsed time:       25.191404
Score R:   3.1601600e-05
R_k    :   1.9624511e-06   1.8491524e-05   8.1044220e-05   1.2594437e-05
   3.5744863e-05   3.9772105e-05

in:      0.61315012      0.50000000       1.4769326      0.73846631
     0.061315015      0.25000000
(out-in)/in:   1.9624511e-06    0.0089847181     0.026946533   -0.0029003074
     -0.32652919      -1.0218797
calculating initial guess...
Elapsed time:     0.015090942
Minimization...
FRPRMN maximum iterations exceeded
Elapsed time:       19.780704
Score R:   1.2760202e-07
R_k    :   1.6441987e-07   3.6648316e-10   1.3687042e-07   8.0448805e-08
   1.5251458e-07   2.3099200e-07

in:      0.61315012      0.50000000       1.4769326      0.73846631
      0.15328753      0.25000000
(out-in)/in:   1.6441987e-07   1.3759873e-06  -6.4865970e-06  -4.4938486e-07
  -2.0923256e-05   0.00012566854
calculating initial guess...
Elapsed time:     0.015146971
Minimization...
Elapsed time:       8.4828651
Score R:   7.0733172e-10
R_k    :   8.7380682e-11   5.3524598e-10   1.7609968e-09   3.1901821e-10
   8.6939439e-10   6.7195427e-10

in:      0.61315012      0.50000000       1.4769326      0.73846631
      0.30657506      0.25000000
(out-in)/in:  -8.7380682e-11   7.2420803e-07  -2.3046887e-06   4.8373671e-07
  -1.7387006e-06   2.3881051e-05
calculating initial guess...
Elapsed time:     0.015302896
Minimization...
Elapsed time:       14.029523
Score R:   4.2801894e-05
R_k    :   3.3993386e-07   2.7024673e-05   0.00011630485   1.1949253e-05
   2.3294055e-05   7.7898600e-05

in:      0.61315012      0.50000000       1.4769326      0.14769327
     0.061315015      0.50000000
(out-in)/in:   3.3993386e-07     0.080562260    0.0073501970   -0.0099351496
     -0.43205298     -0.90378652
calculating initial guess...
Elapsed time:     0.015256882
Minimization...
Elapsed time:       9.6234190
Score R:   9.5131789e-10
R_k    :   2.2322278e-10   7.7005887e-10   2.5089421e-09   2.3900320e-10
   5.2475543e-10   1.4419250e-09

in:      0.61315012      0.50000000       1.4769326      0.14769327
      0.15328753      0.50000000
(out-in)/in:  -2.2322278e-10  -7.5910230e-07   3.9206030e-07  -3.0396026e-07
   6.4765889e-06  -2.1727593e-05
calculating initial guess...
Elapsed time:     0.015197992
Minimization...
Elapsed time:       5.1955509
Score R:   9.6417452e-10
R_k    :   4.3804143e-11   7.5636643e-10   2.6439762e-09   2.2670406e-10
   5.4018104e-10   1.5740153e-09

in:      0.61315012      0.50000000       1.4769326      0.14769327
      0.30657506      0.50000000
(out-in)/in:  -4.3804143e-11  -1.4904746e-07   1.1524753e-07  -1.5514609e-07
   3.4869688e-07  -2.9704216e-06
calculating initial guess...
Elapsed time:     0.015129089
Minimization...
FRPRMN maximum iterations exceeded
Elapsed time:       26.142612
Score R:   0.00019954478
R_k    :   1.0771997e-05   0.00011768040   0.00053315669   6.0257826e-05
   0.00015298748   0.00032241430

in:      0.61315012      0.50000000       1.4769326      0.36923316
     0.061315015      0.50000000
(out-in)/in:  -1.0771997e-05      0.11689772     0.017129201    -0.011809268
     -0.45932702     -0.88759829
calculating initial guess...
Elapsed time:     0.015190840
Minimization...
Elapsed time:       12.565091
Score R:   2.4270232e-09
R_k    :   1.0999109e-10   1.7376195e-09   6.5533707e-09   6.5454933e-10
   1.9968659e-09   3.5097428e-09

in:      0.61315012      0.50000000       1.4769326      0.36923316
      0.15328753      0.50000000
(out-in)/in:   1.0999109e-10   3.7783312e-07  -4.1445999e-07   2.2920569e-07
  -3.0835091e-06   9.7215026e-06
calculating initial guess...
Elapsed time:     0.015147924
Minimization...
Elapsed time:       16.522726
Score R:   4.4219110e-10
R_k    :   4.6947858e-11   5.6351840e-10   1.2453880e-09   5.4450412e-11
   2.8013069e-10   4.6271119e-10

in:      0.61315012      0.50000000       1.4769326      0.36923316
      0.30657506      0.50000000
(out-in)/in:  -4.6947858e-11   1.3721144e-07  -7.5291843e-08   1.1616241e-07
  -3.0995037e-07   1.0453317e-06
calculating initial guess...
Elapsed time:     0.015104055
Minimization...
Elapsed time:       21.150175
Score R:   0.00012846742
R_k    :   2.0549913e-06   7.6771409e-05   0.00033000660   5.4499956e-05
   0.00014611773   0.00016135381

in:      0.61315012      0.50000000       1.4769326      0.73846631
     0.061315015      0.50000000
(out-in)/in:   2.0549913e-06     0.077962201     0.059169307    -0.016225498
     -0.43198519      -1.0137179
calculating initial guess...
Elapsed time:     0.015064955
Minimization...
FRPRMN maximum iterations exceeded
Elapsed time:       21.184791
Score R:   4.9474106e-07
R_k    :   2.5209247e-08   3.3805397e-07   1.2625354e-06   2.2300417e-07
   6.6684815e-07   4.5279539e-07

in:      0.61315012      0.50000000       1.4769326      0.73846631
      0.15328753      0.50000000
(out-in)/in:  -2.5209247e-08   2.3810015e-05  -6.7411181e-05   1.6834009e-05
  -0.00019714850   0.00074524118
calculating initial guess...
Elapsed time:     0.015063047
Minimization...
Elapsed time:       10.725949
Score R:   1.2262249e-09
R_k    :   1.3522103e-10   1.0434302e-09   3.1317759e-09   4.9192747e-10
   1.4065197e-09   1.1484751e-09

in:      0.61315012      0.50000000       1.4769326      0.73846631
      0.30657506      0.50000000
(out-in)/in:   1.3522103e-10   3.6251117e-07  -1.3344037e-06   5.0822903e-07
  -8.7238860e-07   6.9326073e-06
calculating initial guess...
Elapsed time:     0.015228033
Minimization...
FRPRMN maximum iterations exceeded
Elapsed time:       25.712996
Score R:   0.00039321135
R_k    :   9.3847052e-05   0.00057693576   0.00087732417   0.00023358141
   5.8962422e-05   0.00051861726

in:      0.61315012      0.50000000       1.4769326      0.14769327
     0.061315015      0.75000000
(out-in)/in:   9.3847052e-05      0.18107115     0.010861747    -0.021223275
     -0.49578023     -0.92274658
calculating initial guess...
Elapsed time:     0.015293837
Minimization...
FRPRMN maximum iterations exceeded
Elapsed time:       21.404522
Score R:   2.6736304e-07
R_k    :   3.7082193e-08   2.1266932e-07   4.2106512e-07   1.6490845e-07
   4.0006573e-07   3.6838743e-07

in:      0.61315012      0.50000000       1.4769326      0.14769327
      0.15328753      0.75000000
(out-in)/in:   3.7082193e-08  -1.3321525e-05   6.4848447e-06  -1.2682217e-05
   0.00011429823  -0.00027210281
calculating initial guess...
Elapsed time:     0.015296936
Minimization...
Elapsed time:       15.934444
Score R:   1.6309486e-09
R_k    :   1.5946251e-10   1.4357949e-09   4.4524227e-09   3.4630172e-10
   1.0596032e-09   2.3321066e-09

in:      0.61315012      0.50000000       1.4769326      0.14769327
      0.30657506      0.75000000
(out-in)/in:   1.5946251e-10   8.7916827e-07  -4.8092693e-07   1.3394886e-06
  -2.2382746e-06   8.1439976e-06
calculating initial guess...
Elapsed time:     0.015023947
Minimization...
FRPRMN maximum iterations exceeded
Elapsed time:       25.691822
Score R:   3.0843441e-05
R_k    :   6.6623056e-05   4.1260785e-05   1.2192505e-05   2.4433708e-06
   1.2282340e-05   5.0258586e-05

in:      0.61315012      0.50000000       1.4769326      0.36923316
     0.061315015      0.75000000
(out-in)/in:  -6.6623056e-05     0.017072894    -0.023088753    -0.051678721
     -0.35202753     -0.27852600
calculating initial guess...
Elapsed time:     0.015192986
Minimization...
Elapsed time:       16.340298
Score R:   8.8337619e-09
R_k    :   5.3671211e-10   6.6344513e-09   2.4090279e-08   2.1208005e-09
   7.1716156e-09   1.2448713e-08

in:      0.61315012      0.50000000       1.4769326      0.36923316
      0.15328753      0.75000000
(out-in)/in:   5.3671211e-10  -1.5811511e-06   1.6639674e-06  -1.3048549e-06
   1.2944256e-05  -2.9611857e-05
calculating initial guess...
Elapsed time:     0.015066862
Minimization...
Elapsed time:       14.409100
Score R:   2.7815955e-09
R_k    :   2.4054127e-10   2.3073548e-09   7.6750928e-09   5.7416537e-10
   2.3994599e-09   3.4929590e-09

in:      0.61315012      0.50000000       1.4769326      0.36923316
      0.30657506      0.75000000
(out-in)/in:   2.4054127e-10   4.2177317e-07  -4.6505735e-07   5.9837541e-07
  -9.8967292e-07   3.3292122e-06
calculating initial guess...
Elapsed time:     0.015119076
Minimization...
FRPRMN maximum iterations exceeded
Elapsed time:       24.672503
Score R:   1.1172691e-05
R_k    :   1.3855523e-05   1.6053460e-05   3.8165733e-06   6.7075286e-06
   1.4371242e-05   1.2231822e-05

in:      0.61315012      0.50000000       1.4769326      0.73846631
     0.061315015      0.75000000
(out-in)/in:  -1.3855523e-05   -0.0032576659   -0.0037393586   -0.0047534633
    -0.039520225    -0.020243395
calculating initial guess...
Elapsed time:     0.015166998
Minimization...
FRPRMN maximum iterations exceeded
Elapsed time:       21.162506
Score R:   8.5066485e-07
R_k    :   8.7289219e-07   1.1761016e-06   6.6436921e-08   5.1279198e-07
   9.9078613e-07   1.4849803e-06

in:      0.61315012      0.50000000       1.4769326      0.73846631
      0.15328753      0.75000000
(out-in)/in:  -8.7289219e-07   7.4095085e-06  -1.0823154e-05   1.1073436e-05
  -4.4955752e-06   7.2854323e-05
calculating initial guess...
Elapsed time:     0.014897108
Minimization...
Elapsed time:       10.207910
Score R:   6.8568336e-10
R_k    :   9.8313973e-11   5.1015554e-10   1.8110626e-09   1.7478092e-10
   8.9733795e-10   6.2244914e-10

in:      0.61315012      0.50000000       1.4769326      0.73846631
      0.30657506      0.75000000
(out-in)/in:  -9.8313973e-11  -1.5444121e-08  -1.2290578e-07   4.1933277e-08
   2.3064225e-08   3.8035390e-07
calculating initial guess...
Elapsed time:     0.015149117
Minimization...
FRPRMN maximum iterations exceeded
Elapsed time:       22.756464
Score R:   1.5446930e-06
R_k    :   4.2918357e-08   1.0408216e-06   4.0557512e-06   5.9158774e-07
   4.4158184e-07   3.0954972e-06

in:      0.61315012       1.0000000       1.4769326      0.14769327
     0.061315015      0.25000000
(out-in)/in:   4.2918357e-08   0.00014922082   3.0857739e-05  -4.6664137e-05
    0.0036960798   -0.0063790787
calculating initial guess...
Elapsed time:     0.015131950
Minimization...
Elapsed time:       6.4269130
Score R:   2.0468031e-09
R_k    :   1.2242219e-10   1.6319157e-09   5.5537832e-09   5.1184480e-10
   1.0597398e-09   3.4011130e-09

in:      0.61315012       1.0000000       1.4769326      0.14769327
      0.15328753      0.25000000
(out-in)/in:   1.2242219e-10   6.7742954e-07  -3.5175528e-07   7.0922586e-08
  -5.5790807e-06   3.3824424e-05
calculating initial guess...
Elapsed time:     0.015311956
Minimization...
Elapsed time:       6.8634870
Score R:   1.9173144e-09
R_k    :   2.2711068e-10   1.5233796e-09   5.2039075e-09   4.7015798e-10
   1.0429094e-09   3.0364210e-09

in:      0.61315012       1.0000000       1.4769326      0.14769327
      0.30657506      0.25000000
(out-in)/in:   2.2711068e-10  -1.1066214e-07   4.9525717e-08  -5.2738244e-08
   2.2377167e-07  -2.6538366e-06
calculating initial guess...
Elapsed time:     0.015014887
Minimization...
Elapsed time:       14.645551
Score R:   2.4006457e-09
R_k    :   2.9897903e-10   2.3579029e-09   6.4376935e-09   5.4670891e-10
   1.4997527e-09   3.2628373e-09

in:      0.61315012       1.0000000       1.4769326      0.36923316
     0.061315015      0.25000000
(out-in)/in:  -2.9897903e-10  -9.6277763e-07  -5.4434660e-07   4.1594225e-07
  -2.3563036e-05   4.2316560e-05
calculating initial guess...
Elapsed time:     0.015178919
Minimization...
Elapsed time:       5.0132139
Score R:   3.7654008e-09
R_k    :   3.9990202e-10   2.9661924e-09   1.0066707e-08   1.0448112e-09
   2.6694679e-09   5.4453238e-09

in:      0.61315012       1.0000000       1.4769326      0.36923316
      0.15328753      0.25000000
(out-in)/in:  -3.9990202e-10   8.5532284e-07  -9.8259973e-07   1.1435845e-07
  -7.4572519e-06   3.9473383e-05
calculating initial guess...
Elapsed time:     0.015137911
Minimization...
Elapsed time:       4.2674401
Score R:   4.4571117e-09
R_k    :   2.2628030e-10   3.5814794e-09   1.2105966e-08   1.1484015e-09
   3.3653665e-09   6.3151764e-09

in:      0.61315012       1.0000000       1.4769326      0.36923316
      0.30657506      0.25000000
(out-in)/in:   2.2628030e-10  -4.3639238e-07   5.3774618e-07  -2.4972219e-07
   1.0624013e-06  -1.1328285e-05
calculating initial guess...
Elapsed time:     0.015141964
Minimization...
FRPRMN maximum iterations exceeded
Elapsed time:       24.222542
Score R:   4.0903525e-06
R_k    :   1.3287877e-07   2.5748689e-06   1.0475779e-05   1.6987680e-06
   4.7430956e-06   4.9167244e-06

in:      0.61315012       1.0000000       1.4769326      0.73846631
     0.061315015      0.25000000
(out-in)/in:  -1.3287877e-07   0.00036704573   0.00037386244  -0.00016930470
    0.0098315773    -0.013238317
calculating initial guess...
Elapsed time:     0.015300989
Minimization...
Elapsed time:       16.460988
Score R:   6.3009188e-09
R_k    :   6.2825809e-10   4.9334138e-09   1.6127719e-08   2.4140931e-09
   6.5697417e-09   7.1322870e-09

in:      0.61315012       1.0000000       1.4769326      0.73846631
      0.15328753      0.25000000
(out-in)/in:   6.2825809e-10  -3.7850486e-07   1.2644741e-06  -1.1950225e-07
   3.3520959e-06  -2.4661400e-05
calculating initial guess...
Elapsed time:     0.015251160
Minimization...
FRPRMN maximum iterations exceeded
Elapsed time:       19.217025
Score R:   4.3967738e-09
R_k    :   9.9518877e-10   4.4229046e-09   1.0614236e-08   2.4906022e-09
   4.4428152e-09   3.4148964e-09

in:      0.61315012       1.0000000       1.4769326      0.73846631
      0.30657506      0.25000000
(out-in)/in:   9.9518877e-10   5.1151013e-07  -1.5660947e-06   3.5386433e-07
  -1.2099230e-06   1.6258541e-05
calculating initial guess...
Elapsed time:     0.015177011
Minimization...
FRPRMN maximum iterations exceeded
Elapsed time:       23.748228
Score R:   5.6377833e-07
R_k    :   1.9794468e-07   6.6827964e-07   1.4843465e-06   1.0938492e-07
   2.1736797e-07   7.0534632e-07

in:      0.61315012       1.0000000       1.4769326      0.14769327
     0.061315015      0.50000000
(out-in)/in:  -1.9794468e-07  -1.3748784e-05  -5.9624997e-06   1.4738001e-05
  -0.00031201217   0.00057967130
calculating initial guess...
Elapsed time:     0.015136003
Minimization...
FRPRMN maximum iterations exceeded
Elapsed time:       20.372554
Score R:   7.6955490e-07
R_k    :   2.1150127e-07   4.9368021e-07   2.0457679e-06   2.0671030e-07
   4.3752871e-07   1.2221411e-06

in:      0.61315012       1.0000000       1.4769326      0.14769327
      0.15328753      0.50000000
(out-in)/in:   2.1150127e-07  -5.4508259e-05   2.8082163e-05  -3.1589134e-05
   0.00046338638   -0.0015639075
calculating initial guess...
Elapsed time:     0.015291929
Minimization...
Elapsed time:       5.0406790
Score R:   1.7446358e-11
R_k    :   5.3540207e-12   6.0927541e-12   3.3288387e-11   6.6313299e-12
   1.8708573e-11   3.4603081e-11

in:      0.61315012       1.0000000       1.4769326      0.14769327
      0.30657506      0.50000000
(out-in)/in:   5.3540207e-12  -5.5724317e-08   6.1803802e-08  -6.4195386e-08
   1.0973232e-07  -1.5819709e-06
calculating initial guess...
Elapsed time:     0.014980078
Minimization...
Elapsed time:       19.661076
Score R:   1.2844937e-10
R_k    :   2.6245113e-10   3.2929150e-11   1.6234305e-10   2.1900990e-11
   1.5184059e-10   1.3923128e-10

in:      0.61315012       1.0000000       1.4769326      0.36923316
     0.061315015      0.50000000
(out-in)/in:  -2.6245113e-10  -1.4756289e-07  -1.3676988e-07   1.2113571e-07
  -2.2644398e-06   4.1272790e-06
calculating initial guess...
Elapsed time:     0.015143156
Minimization...
Elapsed time:       9.4603209
Score R:   1.2415169e-09
R_k    :   7.1508018e-11   1.0791160e-09   3.3783694e-09   2.6203040e-10
   9.5326531e-10   1.7048124e-09

in:      0.61315012       1.0000000       1.4769326      0.36923316
      0.15328753      0.50000000
(out-in)/in:   7.1508018e-11   4.5295877e-07  -4.9416472e-07   2.6655093e-07
  -3.7255709e-06   1.1616409e-05
calculating initial guess...
Elapsed time:     0.015202045
Minimization...
Elapsed time:       5.2212141
Score R:   3.0769716e-09
R_k    :   3.0493474e-10   2.4458200e-09   8.4178462e-09   7.2949525e-10
   2.4490127e-09   4.1147205e-09

in:      0.61315012       1.0000000       1.4769326      0.36923316
      0.30657506      0.50000000
(out-in)/in:   3.0493474e-10  -6.5269700e-08   1.6792984e-07  -6.0670707e-08
   1.9536627e-07  -1.5700590e-06
calculating initial guess...
Elapsed time:     0.015091896
Minimization...
FRPRMN maximum iterations exceeded
Elapsed time:       25.675713
Score R:   1.8376684e-05
R_k    :   1.2539688e-06   2.4262368e-05   4.9937500e-05   4.0519375e-06
   1.1787825e-05   1.8966508e-05

in:      0.61315012       1.0000000       1.4769326      0.73846631
     0.061315015      0.50000000
(out-in)/in:  -1.2539688e-06  -0.00039004522  -0.00090764049   0.00032017302
   -0.0084519710    0.0052055854
calculating initial guess...
Elapsed time:     0.015051842
Minimization...
FRPRMN maximum iterations exceeded
Elapsed time:       21.201020
Score R:   6.5510496e-07
R_k    :   4.6018774e-08   5.3118524e-07   1.7235317e-06   2.2953587e-07
   7.2274596e-07   6.7761226e-07

in:      0.61315012       1.0000000       1.4769326      0.73846631
      0.15328753      0.50000000
(out-in)/in:  -4.6018774e-08   3.1479142e-05  -9.1042746e-05   2.1902720e-05
  -0.00026460474    0.0010042617
calculating initial guess...
Elapsed time:     0.015025139
Minimization...
FRPRMN maximum iterations exceeded
Elapsed time:       18.748922
Score R:   9.4782843e-09
R_k    :   1.1335564e-09   2.0063607e-09   2.4530716e-08   4.6462129e-09
   1.2739818e-08   1.1813042e-08

in:      0.61315012       1.0000000       1.4769326      0.73846631
      0.30657506      0.50000000
(out-in)/in:  -1.1335564e-09   8.6835482e-07  -3.1229473e-06   1.1738804e-06
  -2.0714306e-06   1.6353573e-05
calculating initial guess...
Elapsed time:     0.015084982
Minimization...
Elapsed time:       19.955947
Score R:   2.2151291e-09
R_k    :   1.4289280e-09   3.5810798e-09   5.7607309e-09   2.4115774e-10
   3.9826918e-10   1.8806092e-09

in:      0.61315012       1.0000000       1.4769326      0.14769327
     0.061315015      0.75000000
(out-in)/in:   1.4289280e-09   1.1142527e-07   1.6164900e-08  -1.5036166e-07
   1.7281336e-06  -1.0799920e-06
calculating initial guess...
Elapsed time:     0.014823914
Minimization...
Elapsed time:       12.456810
Score R:   6.2220487e-09
R_k    :   2.1445887e-10   4.8129676e-09   1.7039170e-08   1.4437531e-09
   3.8881763e-09   9.9337665e-09

in:      0.61315012       1.0000000       1.4769326      0.14769327
      0.15328753      0.75000000
(out-in)/in:   2.1445887e-10  -3.3690754e-07   1.5152714e-07  -4.4605770e-07
   3.0726814e-06  -6.7086375e-06
calculating initial guess...
Elapsed time:     0.015070915
Minimization...
Elapsed time:       18.747755
Score R:   5.4344153e-09
R_k    :   3.1114359e-10   4.1837124e-09   1.4938764e-08   1.2316414e-09
   3.7945856e-09   8.1466448e-09

in:      0.61315012       1.0000000       1.4769326      0.14769327
      0.30657506      0.75000000
(out-in)/in:  -3.1114359e-10   1.6626399e-06  -9.1853337e-07   2.5506851e-06
  -4.2145393e-06   1.5491073e-05
calculating initial guess...
Elapsed time:     0.014847994
Minimization...
FRPRMN maximum iterations exceeded
Elapsed time:       24.535131
Score R:   1.5127079e-05
R_k    :   3.0046386e-06   3.3446091e-05   7.4816689e-06   2.9052476e-06
   1.5040250e-05   2.8884576e-05

in:      0.61315012       1.0000000       1.4769326      0.36923316
     0.061315015      0.75000000
(out-in)/in:  -3.0046386e-06     0.015895190    -0.022918242    -0.051290205
     -0.35049746     -0.27705297
calculating initial guess...
Elapsed time:     0.014909983
Minimization...
FRPRMN maximum iterations exceeded
Elapsed time:       20.546822
Score R:   2.0009402e-08
R_k    :   1.8562265e-08   1.3754898e-08   4.7054352e-08   7.5522337e-09
   8.4442488e-09   2.4688416e-08

in:      0.61315012       1.0000000       1.4769326      0.36923316
      0.15328753      0.75000000
(out-in)/in:  -1.8562265e-08  -2.1178735e-06   2.2467388e-06  -1.7342676e-06
   1.7728605e-05  -4.0193494e-05
calculating initial guess...
Elapsed time:     0.014844894
Minimization...
Elapsed time:       6.3087969
Score R:   3.9692238e-09
R_k    :   2.3781094e-10   3.1634738e-09   1.0992829e-08   7.6272885e-10
   3.4465913e-09   5.2119093e-09

in:      0.61315012       1.0000000       1.4769326      0.36923316
      0.30657506      0.75000000
(out-in)/in:  -2.3781094e-10   1.1976766e-06  -1.2644341e-06   1.6269031e-06
  -2.7651715e-06   9.1073729e-06
calculating initial guess...
Elapsed time:     0.014850140
Minimization...
FRPRMN maximum iterations exceeded
Elapsed time:       24.124321
Score R:   5.8311164e-07
R_k    :   1.0601393e-06   5.0351290e-07   1.0426048e-06   7.0513136e-08
   1.9792433e-07   6.2397534e-07

in:      0.61315012       1.0000000       1.4769326      0.73846631
     0.061315015      0.75000000
(out-in)/in:   1.0601393e-06  -7.7838259e-05  -7.0317048e-05  -0.00010439087
  -0.00094092020  -0.00049057821
calculating initial guess...
Elapsed time:     0.014883041
Minimization...
FRPRMN maximum iterations exceeded
Elapsed time:       20.998113
Score R:   2.5170236e-06
R_k    :   3.7720092e-07   2.0361731e-06   6.9437939e-06   5.2459827e-07
   1.1119576e-06   4.1084178e-06

in:      0.61315012       1.0000000       1.4769326      0.73846631
      0.15328753      0.75000000
(out-in)/in:   3.7720092e-07  -0.00010502865   0.00032033475  -0.00011209331
   0.00090219336   -0.0025906486
calculating initial guess...
Elapsed time:     0.015005112
Minimization...
FRPRMN maximum iterations exceeded
Elapsed time:       20.188201
Score R:   4.8738796e-09
R_k    :   5.9483426e-11   2.4832602e-09   1.2665670e-08   1.7726892e-09
   6.8264626e-09   5.4357122e-09

in:      0.61315012       1.0000000       1.4769326      0.73846631
      0.30657506      0.75000000
(out-in)/in:   5.9483426e-11  -3.0382230e-07   6.7985879e-07  -4.8797101e-07
   5.7169999e-07  -2.4965006e-06


Total elapsed time (whole experiment):       1373.4548
% Program caused arithmetic error: Floating underflow
% Program caused arithmetic error: Floating overflow
% Program caused arithmetic error: Floating illegal operand
